
> perf@1.0.0 artillery /home/guidobotta/dev/arquitectura/tp1/perf
> NODE_OPTIONS=--max-old-space-size=4096 artillery "run" "./results/multinode/breakpoint/cfg-breakpoint-async.yaml" "-e" "async"

Phase started: Ramp (index: 0, duration: 400s) 19:56:35(-0300)

--------------------------------------
Metrics for period to: 19:56:40(-0300) (width: 4.789s)
--------------------------------------

http.codes.200: ................................................................ 36
http.request_rate: ............................................................. 19/sec
http.requests: ................................................................. 65
http.response_time:
  min: ......................................................................... 1505
  max: ......................................................................... 1818
  median: ...................................................................... 1495.5
  p95: ......................................................................... 1587.9
  p99: ......................................................................... 1686.1
http.responses: ................................................................ 36
vusers.completed: .............................................................. 36
vusers.created: ................................................................ 65
vusers.created_by_name.Root (/): ............................................... 65
vusers.failed: ................................................................. 0
vusers.session_length:
  min: ......................................................................... 1507.4
  max: ......................................................................... 1857.2
  median: ...................................................................... 1525.7
  p95: ......................................................................... 1587.9
  p99: ......................................................................... 1720.2


--------------------------------------
Metrics for period to: 19:56:50(-0300) (width: 9.922s)
--------------------------------------

http.codes.200: ................................................................ 291
http.request_rate: ............................................................. 34/sec
http.requests: ................................................................. 314
http.response_time:
  min: ......................................................................... 1503
  max: ......................................................................... 1536
  median: ...................................................................... 1495.5
  p95: ......................................................................... 1525.7
  p99: ......................................................................... 1525.7
http.responses: ................................................................ 291
vusers.completed: .............................................................. 291
vusers.created: ................................................................ 314
vusers.created_by_name.Root (/): ............................................... 314
vusers.failed: ................................................................. 0
vusers.session_length:
  min: ......................................................................... 1504.4
  max: ......................................................................... 1564.1
  median: ...................................................................... 1525.7
  p95: ......................................................................... 1525.7
  p99: ......................................................................... 1525.7


--------------------------------------
Metrics for period to: 19:57:00(-0300) (width: 9.991s)
--------------------------------------

http.codes.200: ................................................................ 497
http.request_rate: ............................................................. 56/sec
http.requests: ................................................................. 541
http.response_time:
  min: ......................................................................... 1502
  max: ......................................................................... 1540
  median: ...................................................................... 1495.5
  p95: ......................................................................... 1495.5
  p99: ......................................................................... 1525.7
http.responses: ................................................................ 497
vusers.completed: .............................................................. 497
vusers.created: ................................................................ 541
vusers.created_by_name.Root (/): ............................................... 541
vusers.failed: ................................................................. 0
vusers.session_length:
  min: ......................................................................... 1502.9
  max: ......................................................................... 1541.5
  median: ...................................................................... 1495.5
  p95: ......................................................................... 1525.7
  p99: ......................................................................... 1525.7


--------------------------------------
Metrics for period to: 19:57:10(-0300) (width: 9.985s)
--------------------------------------

http.codes.200: ................................................................ 764
http.request_rate: ............................................................. 80/sec
http.requests: ................................................................. 808
http.response_time:
  min: ......................................................................... 1502
  max: ......................................................................... 1547
  median: ...................................................................... 1495.5
  p95: ......................................................................... 1495.5
  p99: ......................................................................... 1525.7
http.responses: ................................................................ 764
vusers.completed: .............................................................. 764
vusers.created: ................................................................ 808
vusers.created_by_name.Root (/): ............................................... 808
vusers.failed: ................................................................. 0
vusers.session_length:
  min: ......................................................................... 1503.1
  max: ......................................................................... 1548.8
  median: ...................................................................... 1495.5
  p95: ......................................................................... 1525.7
  p99: ......................................................................... 1525.7


--------------------------------------
Metrics for period to: 19:57:20(-0300) (width: 9.992s)
--------------------------------------

http.codes.200: ................................................................ 1038
http.request_rate: ............................................................. 109/sec
http.requests: ................................................................. 1064
http.response_time:
  min: ......................................................................... 1502
  max: ......................................................................... 1550
  median: ...................................................................... 1495.5
  p95: ......................................................................... 1495.5
  p99: ......................................................................... 1525.7
http.responses: ................................................................ 1038
vusers.completed: .............................................................. 1038
vusers.created: ................................................................ 1064
vusers.created_by_name.Root (/): ............................................... 1064
vusers.failed: ................................................................. 0
vusers.session_length:
  min: ......................................................................... 1502.6
  max: ......................................................................... 1552.3
  median: ...................................................................... 1495.5
  p95: ......................................................................... 1525.7
  p99: ......................................................................... 1525.7


--------------------------------------
Metrics for period to: 19:57:30(-0300) (width: 9.992s)
--------------------------------------

http.codes.200: ................................................................ 1214
http.request_rate: ............................................................. 126/sec
http.requests: ................................................................. 1249
http.response_time:
  min: ......................................................................... 1501
  max: ......................................................................... 1527
  median: ...................................................................... 1495.5
  p95: ......................................................................... 1495.5
  p99: ......................................................................... 1525.7
http.responses: ................................................................ 1214
vusers.completed: .............................................................. 1214
vusers.created: ................................................................ 1249
vusers.created_by_name.Root (/): ............................................... 1249
vusers.failed: ................................................................. 0
vusers.session_length:
  min: ......................................................................... 1502.5
  max: ......................................................................... 1527.4
  median: ...................................................................... 1495.5
  p95: ......................................................................... 1525.7
  p99: ......................................................................... 1525.7


--------------------------------------
Metrics for period to: 19:57:40(-0300) (width: 9.993s)
--------------------------------------

http.codes.200: ................................................................ 1441
http.request_rate: ............................................................. 150/sec
http.requests: ................................................................. 1468
http.response_time:
  min: ......................................................................... 1502
  max: ......................................................................... 1518
  median: ...................................................................... 1495.5
  p95: ......................................................................... 1495.5
  p99: ......................................................................... 1525.7
http.responses: ................................................................ 1441
vusers.completed: .............................................................. 1441
vusers.created: ................................................................ 1468
vusers.created_by_name.Root (/): ............................................... 1468
vusers.failed: ................................................................. 0
vusers.session_length:
  min: ......................................................................... 1502.7
  max: ......................................................................... 1528.3
  median: ...................................................................... 1495.5
  p95: ......................................................................... 1525.7
  p99: ......................................................................... 1525.7


--------------------------------------
Metrics for period to: 19:57:50(-0300) (width: 9.994s)
--------------------------------------

http.codes.200: ................................................................ 1772
http.request_rate: ............................................................. 185/sec
http.requests: ................................................................. 1838
http.response_time:
  min: ......................................................................... 1501
  max: ......................................................................... 1529
  median: ...................................................................... 1495.5
  p95: ......................................................................... 1495.5
  p99: ......................................................................... 1525.7
http.responses: ................................................................ 1772
vusers.completed: .............................................................. 1772
vusers.created: ................................................................ 1838
vusers.created_by_name.Root (/): ............................................... 1838
vusers.failed: ................................................................. 0
vusers.session_length:
  min: ......................................................................... 1502.2
  max: ......................................................................... 1552
  median: ...................................................................... 1495.5
  p95: ......................................................................... 1525.7
  p99: ......................................................................... 1525.7


--------------------------------------
Metrics for period to: 19:58:00(-0300) (width: 9.992s)
--------------------------------------

http.codes.200: ................................................................ 2036
http.request_rate: ............................................................. 207/sec
http.requests: ................................................................. 2055
http.response_time:
  min: ......................................................................... 1502
  max: ......................................................................... 1542
  median: ...................................................................... 1495.5
  p95: ......................................................................... 1525.7
  p99: ......................................................................... 1525.7
http.responses: ................................................................ 2036
vusers.completed: .............................................................. 2036
vusers.created: ................................................................ 2055
vusers.created_by_name.Root (/): ............................................... 2055
vusers.failed: ................................................................. 0
vusers.session_length:
  min: ......................................................................... 1502.6
  max: ......................................................................... 1544.2
  median: ...................................................................... 1495.5
  p95: ......................................................................... 1525.7
  p99: ......................................................................... 1525.7


--------------------------------------
Metrics for period to: 19:58:10(-0300) (width: 9.996s)
--------------------------------------

http.codes.200: ................................................................ 2202
http.request_rate: ............................................................. 228/sec
http.requests: ................................................................. 2278
http.response_time:
  min: ......................................................................... 1502
  max: ......................................................................... 1555
  median: ...................................................................... 1495.5
  p95: ......................................................................... 1525.7
  p99: ......................................................................... 1525.7
http.responses: ................................................................ 2202
vusers.completed: .............................................................. 2202
vusers.created: ................................................................ 2278
vusers.created_by_name.Root (/): ............................................... 2278
vusers.failed: ................................................................. 0
vusers.session_length:
  min: ......................................................................... 1503.4
  max: ......................................................................... 1558.1
  median: ...................................................................... 1495.5
  p95: ......................................................................... 1525.7
  p99: ......................................................................... 1525.7


--------------------------------------
Metrics for period to: 19:58:20(-0300) (width: 9.998s)
--------------------------------------

http.codes.200: ................................................................ 2604
http.request_rate: ............................................................. 262/sec
http.requests: ................................................................. 2597
http.response_time:
  min: ......................................................................... 1502
  max: ......................................................................... 1545
  median: ...................................................................... 1495.5
  p95: ......................................................................... 1525.7
  p99: ......................................................................... 1525.7
http.responses: ................................................................ 2604
vusers.completed: .............................................................. 2604
vusers.created: ................................................................ 2597
vusers.created_by_name.Root (/): ............................................... 2597
vusers.failed: ................................................................. 0
vusers.session_length:
  min: ......................................................................... 1503.4
  max: ......................................................................... 1548.4
  median: ...................................................................... 1495.5
  p95: ......................................................................... 1525.7
  p99: ......................................................................... 1525.7


--------------------------------------
Metrics for period to: 19:58:30(-0300) (width: 9.996s)
--------------------------------------

http.codes.200: ................................................................ 2790
http.request_rate: ............................................................. 289/sec
http.requests: ................................................................. 2860
http.response_time:
  min: ......................................................................... 1502
  max: ......................................................................... 1531
  median: ...................................................................... 1495.5
  p95: ......................................................................... 1525.7
  p99: ......................................................................... 1525.7
http.responses: ................................................................ 2790
vusers.completed: .............................................................. 2790
vusers.created: ................................................................ 2860
vusers.created_by_name.Root (/): ............................................... 2860
vusers.failed: ................................................................. 0
vusers.session_length:
  min: ......................................................................... 1503.2
  max: ......................................................................... 1538.4
  median: ...................................................................... 1495.5
  p95: ......................................................................... 1525.7
  p99: ......................................................................... 1525.7


--------------------------------------
Metrics for period to: 19:58:40(-0300) (width: 9.998s)
--------------------------------------

http.codes.200: ................................................................ 3059
http.request_rate: ............................................................. 310/sec
http.requests: ................................................................. 3078
http.response_time:
  min: ......................................................................... 1502
  max: ......................................................................... 1564
  median: ...................................................................... 1495.5
  p95: ......................................................................... 1525.7
  p99: ......................................................................... 1525.7
http.responses: ................................................................ 3059
vusers.completed: .............................................................. 3059
vusers.created: ................................................................ 3078
vusers.created_by_name.Root (/): ............................................... 3078
vusers.failed: ................................................................. 0
vusers.session_length:
  min: ......................................................................... 1503
  max: ......................................................................... 1570.4
  median: ...................................................................... 1495.5
  p95: ......................................................................... 1525.7
  p99: ......................................................................... 1525.7


--------------------------------------
Metrics for period to: 19:58:50(-0300) (width: 9.995s)
--------------------------------------

http.codes.200: ................................................................ 3294
http.request_rate: ............................................................. 335/sec
http.requests: ................................................................. 3331
http.response_time:
  min: ......................................................................... 1502
  max: ......................................................................... 1548
  median: ...................................................................... 1495.5
  p95: ......................................................................... 1525.7
  p99: ......................................................................... 1525.7
http.responses: ................................................................ 3294
vusers.completed: .............................................................. 3294
vusers.created: ................................................................ 3331
vusers.created_by_name.Root (/): ............................................... 3331
vusers.failed: ................................................................. 0
vusers.session_length:
  min: ......................................................................... 1502.7
  max: ......................................................................... 1556.9
  median: ...................................................................... 1495.5
  p95: ......................................................................... 1525.7
  p99: ......................................................................... 1525.7


--------------------------------------
Metrics for period to: 19:59:00(-0300) (width: 9.999s)
--------------------------------------

http.codes.200: ................................................................ 3543
http.request_rate: ............................................................. 358/sec
http.requests: ................................................................. 3567
http.response_time:
  min: ......................................................................... 1501
  max: ......................................................................... 1585
  median: ...................................................................... 1495.5
  p95: ......................................................................... 1525.7
  p99: ......................................................................... 1556.5
http.responses: ................................................................ 3543
vusers.completed: .............................................................. 3543
vusers.created: ................................................................ 3567
vusers.created_by_name.Root (/): ............................................... 3567
vusers.failed: ................................................................. 0
vusers.session_length:
  min: ......................................................................... 1502.7
  max: ......................................................................... 1589.5
  median: ...................................................................... 1495.5
  p95: ......................................................................... 1525.7
  p99: ......................................................................... 1556.5


--------------------------------------
Metrics for period to: 19:59:10(-0300) (width: 9.993s)
--------------------------------------

http.codes.200: ................................................................ 3798
http.request_rate: ............................................................. 389/sec
http.requests: ................................................................. 3871
http.response_time:
  min: ......................................................................... 1501
  max: ......................................................................... 1565
  median: ...................................................................... 1495.5
  p95: ......................................................................... 1525.7
  p99: ......................................................................... 1556.5
http.responses: ................................................................ 3798
vusers.completed: .............................................................. 3798
vusers.created: ................................................................ 3871
vusers.created_by_name.Root (/): ............................................... 3871
vusers.failed: ................................................................. 0
vusers.session_length:
  min: ......................................................................... 1502.5
  max: ......................................................................... 1568.4
  median: ...................................................................... 1495.5
  p95: ......................................................................... 1525.7
  p99: ......................................................................... 1556.5


--------------------------------------
Metrics for period to: 19:59:20(-0300) (width: 9.999s)
--------------------------------------

http.codes.200: ................................................................ 4007
http.request_rate: ............................................................. 403/sec
http.requests: ................................................................. 4008
http.response_time:
  min: ......................................................................... 1502
  max: ......................................................................... 1550
  median: ...................................................................... 1495.5
  p95: ......................................................................... 1525.7
  p99: ......................................................................... 1525.7
http.responses: ................................................................ 4007
vusers.completed: .............................................................. 4006
vusers.created: ................................................................ 4008
vusers.created_by_name.Root (/): ............................................... 4008
vusers.failed: ................................................................. 0
vusers.session_length:
  min: ......................................................................... 1503
  max: ......................................................................... 1579.4
  median: ...................................................................... 1495.5
  p95: ......................................................................... 1525.7
  p99: ......................................................................... 1525.7


--------------------------------------
Metrics for period to: 19:59:30(-0300) (width: 9.997s)
--------------------------------------

http.codes.200: ................................................................ 4238
http.request_rate: ............................................................. 431/sec
http.requests: ................................................................. 4276
http.response_time:
  min: ......................................................................... 1501
  max: ......................................................................... 1562
  median: ...................................................................... 1495.5
  p95: ......................................................................... 1525.7
  p99: ......................................................................... 1525.7
http.responses: ................................................................ 4238
vusers.completed: .............................................................. 4239
vusers.created: ................................................................ 4276
vusers.created_by_name.Root (/): ............................................... 4276
vusers.failed: ................................................................. 0
vusers.session_length:
  min: ......................................................................... 1502.5
  max: ......................................................................... 1568.7
  median: ...................................................................... 1495.5
  p95: ......................................................................... 1525.7
  p99: ......................................................................... 1556.5


--------------------------------------
Metrics for period to: 19:59:40(-0300) (width: 9.994s)
--------------------------------------

http.codes.200: ................................................................ 4540
http.request_rate: ............................................................. 465/sec
http.requests: ................................................................. 4645
http.response_time:
  min: ......................................................................... 1501
  max: ......................................................................... 1592
  median: ...................................................................... 1495.5
  p95: ......................................................................... 1525.7
  p99: ......................................................................... 1556.5
http.responses: ................................................................ 4540
vusers.completed: .............................................................. 4540
vusers.created: ................................................................ 4649
vusers.created_by_name.Root (/): ............................................... 4649
vusers.failed: ................................................................. 0
vusers.session_length:
  min: ......................................................................... 1502.2
  max: ......................................................................... 1597
  median: ...................................................................... 1495.5
  p95: ......................................................................... 1525.7
  p99: ......................................................................... 1556.5


--------------------------------------
Metrics for period to: 19:59:50(-0300) (width: 9.997s)
--------------------------------------

http.codes.200: ................................................................ 4680
http.request_rate: ............................................................. 469/sec
http.requests: ................................................................. 4686
http.response_time:
  min: ......................................................................... 1501
  max: ......................................................................... 1589
  median: ...................................................................... 1495.5
  p95: ......................................................................... 1525.7
  p99: ......................................................................... 1556.5
http.responses: ................................................................ 4680
vusers.completed: .............................................................. 4680
vusers.created: ................................................................ 4682
vusers.created_by_name.Root (/): ............................................... 4682
vusers.failed: ................................................................. 0
vusers.session_length:
  min: ......................................................................... 1502.5
  max: ......................................................................... 1592.5
  median: ...................................................................... 1495.5
  p95: ......................................................................... 1556.5
  p99: ......................................................................... 1556.5


--------------------------------------
Metrics for period to: 20:00:00(-0300) (width: 9.995s)
--------------------------------------

errors.ECONNRESET: ............................................................. 818
http.codes.200: ................................................................ 4536
http.request_rate: ............................................................. 512/sec
http.requests: ................................................................. 5115
http.response_time:
  min: ......................................................................... 1502
  max: ......................................................................... 1927
  median: ...................................................................... 1525.7
  p95: ......................................................................... 1556.5
  p99: ......................................................................... 1755
http.responses: ................................................................ 4536
vusers.completed: .............................................................. 4536
vusers.created: ................................................................ 5115
vusers.created_by_name.Root (/): ............................................... 5115
vusers.failed: ................................................................. 818
vusers.session_length:
  min: ......................................................................... 1502.9
  max: ......................................................................... 1936.2
  median: ...................................................................... 1525.7
  p95: ......................................................................... 1587.9
  p99: ......................................................................... 1755


--------------------------------------
Metrics for period to: 20:00:10(-0300) (width: 9.993s)
--------------------------------------

errors.ECONNRESET: ............................................................. 1721
http.codes.200: ................................................................ 3570
http.request_rate: ............................................................. 533/sec
http.requests: ................................................................. 5331
http.response_time:
  min: ......................................................................... 1502
  max: ......................................................................... 2004
  median: ...................................................................... 1525.7
  p95: ......................................................................... 1755
  p99: ......................................................................... 1863.5
http.responses: ................................................................ 3570
vusers.completed: .............................................................. 3570
vusers.created: ................................................................ 5331
vusers.created_by_name.Root (/): ............................................... 5331
vusers.failed: ................................................................. 1721
vusers.session_length:
  min: ......................................................................... 1503.1
  max: ......................................................................... 2009.8
  median: ...................................................................... 1525.7
  p95: ......................................................................... 1755
  p99: ......................................................................... 1863.5


--------------------------------------
Metrics for period to: 20:00:20(-0300) (width: 9.999s)
--------------------------------------

errors.ECONNRESET: ............................................................. 1598
http.codes.200: ................................................................ 3909
http.request_rate: ............................................................. 551/sec
http.requests: ................................................................. 5502
http.response_time:
  min: ......................................................................... 1503
  max: ......................................................................... 2075
  median: ...................................................................... 1525.7
  p95: ......................................................................... 1790.4
  p99: ......................................................................... 1863.5
http.responses: ................................................................ 3909
vusers.completed: .............................................................. 3909
vusers.created: ................................................................ 5502
vusers.created_by_name.Root (/): ............................................... 5502
vusers.failed: ................................................................. 1598
vusers.session_length:
  min: ......................................................................... 1504.8
  max: ......................................................................... 2076.5
  median: ...................................................................... 1525.7
  p95: ......................................................................... 1790.4
  p99: ......................................................................... 1901.1


--------------------------------------
Metrics for period to: 20:00:30(-0300) (width: 9.995s)
--------------------------------------

errors.ECONNRESET: ............................................................. 1653
http.codes.200: ................................................................ 3969
http.request_rate: ............................................................. 576/sec
http.requests: ................................................................. 5729
http.response_time:
  min: ......................................................................... 1502
  max: ......................................................................... 2153
  median: ...................................................................... 1556.5
  p95: ......................................................................... 1863.5
  p99: ......................................................................... 1978.7
http.responses: ................................................................ 3969
vusers.completed: .............................................................. 3969
vusers.created: ................................................................ 5729
vusers.created_by_name.Root (/): ............................................... 5729
vusers.failed: ................................................................. 1653
vusers.session_length:
  min: ......................................................................... 1502.8
  max: ......................................................................... 2156.7
  median: ...................................................................... 1556.5
  p95: ......................................................................... 1901.1
  p99: ......................................................................... 1978.7


--------------------------------------
Metrics for period to: 20:00:40(-0300) (width: 9.997s)
--------------------------------------

errors.ECONNRESET: ............................................................. 1664
http.codes.200: ................................................................ 4370
http.request_rate: ............................................................. 616/sec
http.requests: ................................................................. 6145
http.response_time:
  min: ......................................................................... 1503
  max: ......................................................................... 2502
  median: ...................................................................... 1556.5
  p95: ......................................................................... 1939.5
  p99: ......................................................................... 2143.5
http.responses: ................................................................ 4370
vusers.completed: .............................................................. 4370
vusers.created: ................................................................ 6145
vusers.created_by_name.Root (/): ............................................... 6145
vusers.failed: ................................................................. 1664
vusers.session_length:
  min: ......................................................................... 1503.9
  max: ......................................................................... 2506.4
  median: ...................................................................... 1556.5
  p95: ......................................................................... 1978.7
  p99: ......................................................................... 2143.5


--------------------------------------
Metrics for period to: 20:00:50(-0300) (width: 9.997s)
--------------------------------------

errors.ECONNRESET: ............................................................. 1594
http.codes.200: ................................................................ 4361
http.request_rate: ............................................................. 631/sec
http.requests: ................................................................. 6303
http.response_time:
  min: ......................................................................... 1501
  max: ......................................................................... 2203
  median: ...................................................................... 1556.5
  p95: ......................................................................... 1901.1
  p99: ......................................................................... 2018.7
http.responses: ................................................................ 4361
vusers.completed: .............................................................. 4361
vusers.created: ................................................................ 6303
vusers.created_by_name.Root (/): ............................................... 6303
vusers.failed: ................................................................. 1594
vusers.session_length:
  min: ......................................................................... 1503.6
  max: ......................................................................... 2205.5
  median: ...................................................................... 1556.5
  p95: ......................................................................... 1901.1
  p99: ......................................................................... 2018.7


--------------------------------------
Metrics for period to: 20:01:00(-0300) (width: 9.999s)
--------------------------------------

errors.ECONNRESET: ............................................................. 1640
http.codes.200: ................................................................ 4821
http.request_rate: ............................................................. 654/sec
http.requests: ................................................................. 6522
http.response_time:
  min: ......................................................................... 1504
  max: ......................................................................... 2338
  median: ...................................................................... 1587.9
  p95: ......................................................................... 2059.5
  p99: ......................................................................... 2231
http.responses: ................................................................ 4821
vusers.completed: .............................................................. 4821
vusers.created: ................................................................ 6522
vusers.created_by_name.Root (/): ............................................... 6522
vusers.failed: ................................................................. 1640
vusers.session_length:
  min: ......................................................................... 1505.5
  max: ......................................................................... 2340.3
  median: ...................................................................... 1587.9
  p95: ......................................................................... 2059.5
  p99: ......................................................................... 2231


--------------------------------------
Metrics for period to: 20:01:10(-0300) (width: 9.999s)
--------------------------------------

errors.ECONNRESET: ............................................................. 2895
http.codes.200: ................................................................ 3964
http.request_rate: ............................................................. 677/sec
http.requests: ................................................................. 6739
http.response_time:
  min: ......................................................................... 1506
  max: ......................................................................... 2829
  median: ...................................................................... 1826.6
  p95: ......................................................................... 2465.6
  p99: ......................................................................... 2566.3
http.responses: ................................................................ 3964
vusers.completed: .............................................................. 3964
vusers.created: ................................................................ 6739
vusers.created_by_name.Root (/): ............................................... 6739
vusers.failed: ................................................................. 2895
vusers.session_length:
  min: ......................................................................... 1507.4
  max: ......................................................................... 2829.9
  median: ...................................................................... 1863.5
  p95: ......................................................................... 2465.6
  p99: ......................................................................... 2566.3


--------------------------------------
Metrics for period to: 20:01:20(-0300) (width: 9.996s)
--------------------------------------

errors.ECONNRESET: ............................................................. 2760
http.codes.200: ................................................................ 3732
http.request_rate: ............................................................. 710/sec
http.requests: ................................................................. 7069
http.response_time:
  min: ......................................................................... 1669
  max: ......................................................................... 4347
  median: ...................................................................... 2416.8
  p95: ......................................................................... 3197.8
  p99: ......................................................................... 3605.5
http.responses: ................................................................ 3732
vusers.completed: .............................................................. 3732
vusers.created: ................................................................ 7069
vusers.created_by_name.Root (/): ............................................... 7069
vusers.failed: ................................................................. 2760
vusers.session_length:
  min: ......................................................................... 1669.4
  max: ......................................................................... 4348.3
  median: ...................................................................... 2465.6
  p95: ......................................................................... 3262.4
  p99: ......................................................................... 3678.4


--------------------------------------
Metrics for period to: 20:01:30(-0300) (width: 9.999s)
--------------------------------------

errors.ECONNRESET: ............................................................. 2206
http.codes.200: ................................................................ 3487
http.request_rate: ............................................................. 728/sec
http.requests: ................................................................. 7271
http.response_time:
  min: ......................................................................... 1684
  max: ......................................................................... 9858
  median: ...................................................................... 3072.4
  p95: ......................................................................... 5487.5
  p99: ......................................................................... 7709.8
http.responses: ................................................................ 3487
vusers.completed: .............................................................. 3487
vusers.created: ................................................................ 7271
vusers.created_by_name.Root (/): ............................................... 7271
vusers.failed: ................................................................. 2206
vusers.session_length:
  min: ......................................................................... 1685.3
  max: ......................................................................... 9858.6
  median: ...................................................................... 3072.4
  p95: ......................................................................... 5487.5
  p99: ......................................................................... 7709.8


--------------------------------------
Metrics for period to: 20:01:40(-0300) (width: 9.999s)
--------------------------------------

errors.ECONNRESET: ............................................................. 2279
errors.ETIMEDOUT: .............................................................. 4
http.codes.200: ................................................................ 4044
http.request_rate: ............................................................. 757/sec
http.requests: ................................................................. 7549
http.response_time:
  min: ......................................................................... 3027
  max: ......................................................................... 8918
  median: ...................................................................... 5168
  p95: ......................................................................... 6702.6
  p99: ......................................................................... 7709.8
http.responses: ................................................................ 4044
vusers.completed: .............................................................. 4044
vusers.created: ................................................................ 7551
vusers.created_by_name.Root (/): ............................................... 7551
vusers.failed: ................................................................. 2283
vusers.session_length:
  min: ......................................................................... 3028.5
  max: ......................................................................... 8919
  median: ...................................................................... 5272.4
  p95: ......................................................................... 6838
  p99: ......................................................................... 7709.8


--------------------------------------
Metrics for period to: 20:01:50(-0300) (width: 9.999s)
--------------------------------------

errors.ECONNRESET: ............................................................. 1644
errors.ETIMEDOUT: .............................................................. 3
http.codes.200: ................................................................ 4473
http.request_rate: ............................................................. 783/sec
http.requests: ................................................................. 7820
http.response_time:
  min: ......................................................................... 4642
  max: ......................................................................... 9777
  median: ...................................................................... 6702.6
  p95: ......................................................................... 8186.6
  p99: ......................................................................... 8868.4
http.responses: ................................................................ 4473
vusers.completed: .............................................................. 4473
vusers.created: ................................................................ 7818
vusers.created_by_name.Root (/): ............................................... 7818
vusers.failed: ................................................................. 1647
vusers.session_length:
  min: ......................................................................... 4642
  max: ......................................................................... 9878.5
  median: ...................................................................... 6702.6
  p95: ......................................................................... 8352
  p99: ......................................................................... 8868.4


--------------------------------------
Metrics for period to: 20:02:00(-0300) (width: 9.999s)
--------------------------------------

errors.ECONNRESET: ............................................................. 1682
errors.ETIMEDOUT: .............................................................. 1217
http.codes.200: ................................................................ 3402
http.request_rate: ............................................................. 807/sec
http.requests: ................................................................. 8052
http.response_time:
  min: ......................................................................... 6602
  max: ......................................................................... 10000
  median: ...................................................................... 8520.7
  p95: ......................................................................... 9801.2
  p99: ......................................................................... 9999.2
http.responses: ................................................................ 3402
vusers.completed: .............................................................. 3402
vusers.created: ................................................................ 8053
vusers.created_by_name.Root (/): ............................................... 8053
vusers.failed: ................................................................. 2899
vusers.session_length:
  min: ......................................................................... 6602.8
  max: ......................................................................... 10000.5
  median: ...................................................................... 8692.8
  p95: ......................................................................... 9801.2
  p99: ......................................................................... 9999.2


--------------------------------------
Metrics for period to: 20:02:10(-0300) (width: 9.999s)
--------------------------------------

errors.ECONNRESET: ............................................................. 985
errors.ETIMEDOUT: .............................................................. 6452
http.codes.200: ................................................................ 484
http.request_rate: ............................................................. 829/sec
http.requests: ................................................................. 8281
http.response_time:
  min: ......................................................................... 7776
  max: ......................................................................... 9997
  median: ...................................................................... 9416.8
  p95: ......................................................................... 9999.2
  p99: ......................................................................... 9999.2
http.responses: ................................................................ 484
vusers.completed: .............................................................. 484
vusers.created: ................................................................ 8281
vusers.created_by_name.Root (/): ............................................... 8281
vusers.failed: ................................................................. 7437
vusers.session_length:
  min: ......................................................................... 7873.5
  max: ......................................................................... 10012.2
  median: ...................................................................... 9607.1
  p95: ......................................................................... 9999.2
  p99: ......................................................................... 9999.2


--------------------------------------
Metrics for period to: 20:02:20(-0300) (width: 9.999s)
--------------------------------------

errors.ECONNRESET: ............................................................. 566
errors.ETIMEDOUT: .............................................................. 7545
http.codes.200: ................................................................ 141
http.request_rate: ............................................................. 857/sec
http.requests: ................................................................. 8557
http.response_time:
  min: ......................................................................... 9184
  max: ......................................................................... 10001
  median: ...................................................................... 9607.1
  p95: ......................................................................... 9999.2
  p99: ......................................................................... 9999.2
http.responses: ................................................................ 141
vusers.completed: .............................................................. 141
vusers.created: ................................................................ 8556
vusers.created_by_name.Root (/): ............................................... 8556
vusers.failed: ................................................................. 8111
vusers.session_length:
  min: ......................................................................... 9193.5
  max: ......................................................................... 10001.6
  median: ...................................................................... 9607.1
  p95: ......................................................................... 9999.2
  p99: ......................................................................... 9999.2


--------------------------------------
Metrics for period to: 20:02:30(-0300) (width: 9.999s)
--------------------------------------

errors.ECONNRESET: ............................................................. 823
errors.ETIMEDOUT: .............................................................. 7489
http.codes.200: ................................................................ 244
http.request_rate: ............................................................. 885/sec
http.requests: ................................................................. 8837
http.response_time:
  min: ......................................................................... 8305
  max: ......................................................................... 9999
  median: ...................................................................... 9230.4
  p95: ......................................................................... 9999.2
  p99: ......................................................................... 9999.2
http.responses: ................................................................ 244
vusers.completed: .............................................................. 244
vusers.created: ................................................................ 8839
vusers.created_by_name.Root (/): ............................................... 8839
vusers.failed: ................................................................. 8312
vusers.session_length:
  min: ......................................................................... 8344.3
  max: ......................................................................... 10004.5
  median: ...................................................................... 9416.8
  p95: ......................................................................... 9999.2
  p99: ......................................................................... 9999.2


--------------------------------------
Metrics for period to: 20:02:40(-0300) (width: 9.999s)
--------------------------------------

errors.ECONNRESET: ............................................................. 291
errors.ETIMEDOUT: .............................................................. 8489
http.codes.200: ................................................................ 63
http.request_rate: ............................................................. 903/sec
http.requests: ................................................................. 9016
http.response_time:
  min: ......................................................................... 9659
  max: ......................................................................... 9995
  median: ...................................................................... 9801.2
  p95: ......................................................................... 9999.2
  p99: ......................................................................... 9999.2
http.responses: ................................................................ 63
vusers.completed: .............................................................. 63
vusers.created: ................................................................ 9015
vusers.created_by_name.Root (/): ............................................... 9015
vusers.failed: ................................................................. 8780
vusers.session_length:
  min: ......................................................................... 9660.2
  max: ......................................................................... 9999.2
  median: ...................................................................... 9801.2
  p95: ......................................................................... 9999.2
  p99: ......................................................................... 9999.2


--------------------------------------
Metrics for period to: 20:02:50(-0300) (width: 9.999s)
--------------------------------------

errors.ECONNRESET: ............................................................. 664
errors.ETIMEDOUT: .............................................................. 8171
http.codes.200: ................................................................ 312
http.request_rate: ............................................................. 932/sec
http.requests: ................................................................. 9318
http.response_time:
  min: ......................................................................... 7771
  max: ......................................................................... 9997
  median: ...................................................................... 8868.4
  p95: ......................................................................... 9999.2
  p99: ......................................................................... 9999.2
http.responses: ................................................................ 312
vusers.completed: .............................................................. 312
vusers.created: ................................................................ 9317
vusers.created_by_name.Root (/): ............................................... 9317
vusers.failed: ................................................................. 8835
vusers.session_length:
  min: ......................................................................... 7772.1
  max: ......................................................................... 10001
  median: ...................................................................... 9607.1
  p95: ......................................................................... 9999.2
  p99: ......................................................................... 9999.2


--------------------------------------
Metrics for period to: 20:03:00(-0300) (width: 9.999s)
--------------------------------------

errors.ECONNRESET: ............................................................. 1377
errors.ETIMEDOUT: .............................................................. 7481
http.codes.200: ................................................................ 643
http.request_rate: ............................................................. 953/sec
http.requests: ................................................................. 9523
http.response_time:
  min: ......................................................................... 7291
  max: ......................................................................... 9997
  median: ...................................................................... 9607.1
  p95: ......................................................................... 9999.2
  p99: ......................................................................... 9999.2
http.responses: ................................................................ 643
vusers.completed: .............................................................. 643
vusers.created: ................................................................ 9523
vusers.created_by_name.Root (/): ............................................... 9523
vusers.failed: ................................................................. 8858
vusers.session_length:
  min: ......................................................................... 7295.1
  max: ......................................................................... 9998.9
  median: ...................................................................... 9801.2
  p95: ......................................................................... 9999.2
  p99: ......................................................................... 9999.2


Phase completed: Ramp (index: 0, duration: 400s) 20:03:16(-0300)

Phase started: Reset Line (index: 1, duration: 30s) 20:03:16(-0300)

--------------------------------------
Metrics for period to: 20:03:10(-0300) (width: 9.999s)
--------------------------------------

errors.ECONNRESET: ............................................................. 699
errors.ETIMEDOUT: .............................................................. 6680
http.codes.200: ................................................................ 2162
http.request_rate: ............................................................. 981/sec
http.requests: ................................................................. 9781
http.response_time:
  min: ......................................................................... 6047
  max: ......................................................................... 9998
  median: ...................................................................... 8352
  p95: ......................................................................... 9801.2
  p99: ......................................................................... 9999.2
http.responses: ................................................................ 2162
vusers.completed: .............................................................. 2162
vusers.created: ................................................................ 9781
vusers.created_by_name.Root (/): ............................................... 9781
vusers.failed: ................................................................. 7379
vusers.session_length:
  min: ......................................................................... 6404.5
  max: ......................................................................... 10001.7
  median: ...................................................................... 8868.4
  p95: ......................................................................... 9999.2
  p99: ......................................................................... 9999.2


--------------------------------------
Metrics for period to: 20:03:20(-0300) (width: 9.998s)
--------------------------------------

errors.ECONNRESET: ............................................................. 879
errors.ETIMEDOUT: .............................................................. 6666
http.codes.200: ................................................................ 1903
http.request_rate: ............................................................. 965/sec
http.requests: ................................................................. 6036
http.response_time:
  min: ......................................................................... 7823
  max: ......................................................................... 9994
  median: ...................................................................... 9230.4
  p95: ......................................................................... 9801.2
  p99: ......................................................................... 9999.2
http.responses: ................................................................ 1903
vusers.completed: .............................................................. 1903
vusers.created: ................................................................ 6036
vusers.created_by_name.Root (/): ............................................... 6036
vusers.failed: ................................................................. 7545
vusers.session_length:
  min: ......................................................................... 7885.3
  max: ......................................................................... 10001
  median: ...................................................................... 9416.8
  p95: ......................................................................... 9801.2
  p99: ......................................................................... 9999.2


--------------------------------------
Metrics for period to: 20:03:30(-0300) (width: 9.06s)
--------------------------------------

errors.ECONNRESET: ............................................................. 847
errors.ETIMEDOUT: .............................................................. 4860
http.codes.200: ................................................................ 328
http.request_rate: ............................................................. 1/sec
http.requests: ................................................................. 10
http.response_time:
  min: ......................................................................... 8520
  max: ......................................................................... 9996
  median: ...................................................................... 9416.8
  p95: ......................................................................... 9999.2
  p99: ......................................................................... 9999.2
http.responses: ................................................................ 328
vusers.completed: .............................................................. 328
vusers.created: ................................................................ 10
vusers.created_by_name.Root (/): ............................................... 10
vusers.failed: ................................................................. 5707
vusers.session_length:
  min: ......................................................................... 8561.6
  max: ......................................................................... 10000.4
  median: ...................................................................... 9607.1
  p95: ......................................................................... 9999.2
  p99: ......................................................................... 9999.2


Phase completed: Reset Line (index: 1, duration: 30s) 20:03:46(-0300)

--------------------------------------
Metrics for period to: 20:03:40(-0300) (width: 9.505s)
--------------------------------------

http.codes.200: ................................................................ 10
http.request_rate: ............................................................. 1/sec
http.requests: ................................................................. 10
http.response_time:
  min: ......................................................................... 1504
  max: ......................................................................... 1507
  median: ...................................................................... 1495.5
  p95: ......................................................................... 1495.5
  p99: ......................................................................... 1495.5
http.responses: ................................................................ 10
vusers.completed: .............................................................. 10
vusers.created: ................................................................ 10
vusers.created_by_name.Root (/): ............................................... 10
vusers.failed: ................................................................. 0
vusers.session_length:
  min: ......................................................................... 1505.4
  max: ......................................................................... 1509.2
  median: ...................................................................... 1495.5
  p95: ......................................................................... 1495.5
  p99: ......................................................................... 1495.5


--------------------------------------
Metrics for period to: 20:03:50(-0300) (width: 7.512s)
--------------------------------------

http.codes.200: ................................................................ 8
http.request_rate: ............................................................. 1/sec
http.requests: ................................................................. 7
http.response_time:
  min: ......................................................................... 1506
  max: ......................................................................... 1544
  median: ...................................................................... 1495.5
  p95: ......................................................................... 1525.7
  p99: ......................................................................... 1525.7
http.responses: ................................................................ 8
vusers.completed: .............................................................. 8
vusers.created: ................................................................ 7
vusers.created_by_name.Root (/): ............................................... 7
vusers.failed: ................................................................. 0
vusers.session_length:
  min: ......................................................................... 1507.1
  max: ......................................................................... 1545.9
  median: ...................................................................... 1525.7
  p95: ......................................................................... 1525.7
  p99: ......................................................................... 1525.7


All VUs finished. Total time: 7 minutes, 13 seconds

--------------------------------
Summary report @ 20:03:48(-0300)
--------------------------------

errors.ECONNRESET: ............................................................. 3090
errors.ETIMEDOUT: .............................................................. 6527
http.codes.200: ................................................................ 10740
http.request_rate: ............................................................. 47/sec
http.requests: ................................................................. 20357
http.response_time:
  min: ......................................................................... 1502
  max: ......................................................................... 9995
  median: ...................................................................... 1525.7
  p95: ......................................................................... 8692.8
  p99: ......................................................................... 9801.2
http.responses: ................................................................ 10740
vusers.completed: .............................................................. 10740
vusers.created: ................................................................ 20357
vusers.created_by_name.Root (/): ............................................... 20357
vusers.failed: ................................................................. 9617
vusers.session_length:
  min: ......................................................................... 1502.6
  max: ......................................................................... 9999.6
  median: ...................................................................... 1525.7
  p95: ......................................................................... 8868.4
  p99: ......................................................................... 9801.2
