
> perf@1.0.0 artillery /home/julian/Desktop/FIUBA/Arquitectura_De_Software/tp1/perf
> NODE_OPTIONS=--max-old-space-size=4096 artillery "run" "./results/single-node/2-load/cfg-load.yaml" "-e" "nodeasync"

Phase started: Slow Ramp (index: 0, duration: 60s) 19:50:13(-0300)

--------------------------------------
Metrics for period to: 19:50:20(-0300) (width: 6.885s)
--------------------------------------

http.codes.200: ................................................................ 117
http.request_rate: ............................................................. 30/sec
http.requests: ................................................................. 183
http.response_time:
  min: ......................................................................... 1502
  max: ......................................................................... 1513
  median: ...................................................................... 1495.5
  p95: ......................................................................... 1525.7
  p99: ......................................................................... 1525.7
http.responses: ................................................................ 117
vusers.completed: .............................................................. 117
vusers.created: ................................................................ 183
vusers.created_by_name.Root (/): ............................................... 183
vusers.failed: ................................................................. 0
vusers.session_length:
  min: ......................................................................... 1504.2
  max: ......................................................................... 1552.9
  median: ...................................................................... 1495.5
  p95: ......................................................................... 1525.7
  p99: ......................................................................... 1556.5


--------------------------------------
Metrics for period to: 19:50:30(-0300) (width: 9.97s)
--------------------------------------

http.codes.200: ................................................................ 651
http.request_rate: ............................................................. 75/sec
http.requests: ................................................................. 737
http.response_time:
  min: ......................................................................... 1502
  max: ......................................................................... 1536
  median: ...................................................................... 1495.5
  p95: ......................................................................... 1495.5
  p99: ......................................................................... 1525.7
http.responses: ................................................................ 651
vusers.completed: .............................................................. 651
vusers.created: ................................................................ 737
vusers.created_by_name.Root (/): ............................................... 737
vusers.failed: ................................................................. 0
vusers.session_length:
  min: ......................................................................... 1503.8
  max: ......................................................................... 1538.6
  median: ...................................................................... 1495.5
  p95: ......................................................................... 1525.7
  p99: ......................................................................... 1525.7


--------------------------------------
Metrics for period to: 19:50:40(-0300) (width: 9.991s)
--------------------------------------

http.codes.200: ................................................................ 1221
http.request_rate: ............................................................. 133/sec
http.requests: ................................................................. 1310
http.response_time:
  min: ......................................................................... 1502
  max: ......................................................................... 1550
  median: ...................................................................... 1495.5
  p95: ......................................................................... 1525.7
  p99: ......................................................................... 1525.7
http.responses: ................................................................ 1221
vusers.completed: .............................................................. 1221
vusers.created: ................................................................ 1310
vusers.created_by_name.Root (/): ............................................... 1310
vusers.failed: ................................................................. 0
vusers.session_length:
  min: ......................................................................... 1504
  max: ......................................................................... 1556.4
  median: ...................................................................... 1495.5
  p95: ......................................................................... 1525.7
  p99: ......................................................................... 1525.7


--------------------------------------
Metrics for period to: 19:50:50(-0300) (width: 9.99s)
--------------------------------------

http.codes.200: ................................................................ 1777
http.request_rate: ............................................................. 188/sec
http.requests: ................................................................. 1865
http.response_time:
  min: ......................................................................... 1502
  max: ......................................................................... 1561
  median: ...................................................................... 1495.5
  p95: ......................................................................... 1525.7
  p99: ......................................................................... 1556.5
http.responses: ................................................................ 1777
vusers.completed: .............................................................. 1777
vusers.created: ................................................................ 1865
vusers.created_by_name.Root (/): ............................................... 1865
vusers.failed: ................................................................. 0
vusers.session_length:
  min: ......................................................................... 1503.9
  max: ......................................................................... 1580.4
  median: ...................................................................... 1495.5
  p95: ......................................................................... 1525.7
  p99: ......................................................................... 1556.5


--------------------------------------
Metrics for period to: 19:51:00(-0300) (width: 9.991s)
--------------------------------------

http.codes.200: ................................................................ 2366
http.request_rate: ............................................................. 246/sec
http.requests: ................................................................. 2458
http.response_time:
  min: ......................................................................... 1497
  max: ......................................................................... 1582
  median: ...................................................................... 1495.5
  p95: ......................................................................... 1525.7
  p99: ......................................................................... 1556.5
http.responses: ................................................................ 2366
vusers.completed: .............................................................. 2366
vusers.created: ................................................................ 2458
vusers.created_by_name.Root (/): ............................................... 2458
vusers.failed: ................................................................. 0
vusers.session_length:
  min: ......................................................................... 1504.5
  max: ......................................................................... 1593.5
  median: ...................................................................... 1525.7
  p95: ......................................................................... 1525.7
  p99: ......................................................................... 1556.5


Phase completed: Slow Ramp (index: 0, duration: 60s) 19:51:14(-0300)

Phase started: Plain Line (index: 1, duration: 360s) 19:51:14(-0300)

--------------------------------------
Metrics for period to: 19:51:10(-0300) (width: 9.994s)
--------------------------------------

http.codes.200: ................................................................ 2950
http.request_rate: ............................................................. 303/sec
http.requests: ................................................................. 3016
http.response_time:
  min: ......................................................................... 1495
  max: ......................................................................... 1583
  median: ...................................................................... 1525.7
  p95: ......................................................................... 1525.7
  p99: ......................................................................... 1556.5
http.responses: ................................................................ 2950
vusers.completed: .............................................................. 2950
vusers.created: ................................................................ 3016
vusers.created_by_name.Root (/): ............................................... 3016
vusers.failed: ................................................................. 0
vusers.session_length:
  min: ......................................................................... 1505.1
  max: ......................................................................... 1598.1
  median: ...................................................................... 1525.7
  p95: ......................................................................... 1525.7
  p99: ......................................................................... 1556.5


--------------------------------------
Metrics for period to: 19:51:20(-0300) (width: 9.994s)
--------------------------------------

http.codes.200: ................................................................ 3417
http.request_rate: ............................................................. 346/sec
http.requests: ................................................................. 3458
http.response_time:
  min: ......................................................................... 1500
  max: ......................................................................... 1606
  median: ...................................................................... 1495.5
  p95: ......................................................................... 1525.7
  p99: ......................................................................... 1556.5
http.responses: ................................................................ 3417
vusers.completed: .............................................................. 3417
vusers.created: ................................................................ 3459
vusers.created_by_name.Root (/): ............................................... 3459
vusers.failed: ................................................................. 0
vusers.session_length:
  min: ......................................................................... 1503.4
  max: ......................................................................... 1617.3
  median: ...................................................................... 1525.7
  p95: ......................................................................... 1556.5
  p99: ......................................................................... 1556.5


--------------------------------------
Metrics for period to: 19:51:30(-0300) (width: 9.998s)
--------------------------------------

http.codes.200: ................................................................ 3258
http.request_rate: ............................................................. 346/sec
http.requests: ................................................................. 3454
http.response_time:
  min: ......................................................................... 1502
  max: ......................................................................... 2776
  median: ...................................................................... 1556.5
  p95: ......................................................................... 2186.8
  p99: ......................................................................... 2322.1
http.responses: ................................................................ 3258
vusers.completed: .............................................................. 3257
vusers.created: ................................................................ 3458
vusers.created_by_name.Root (/): ............................................... 3458
vusers.failed: ................................................................. 0
vusers.session_length:
  min: ......................................................................... 1503.5
  max: ......................................................................... 2813.9
  median: ...................................................................... 1556.5
  p95: ......................................................................... 2231
  p99: ......................................................................... 2369


--------------------------------------
Metrics for period to: 19:51:40(-0300) (width: 9.999s)
--------------------------------------

http.codes.200: ................................................................ 2800
http.request_rate: ............................................................. 355/sec
http.requests: ................................................................. 3543
http.response_time:
  min: ......................................................................... 1926
  max: ......................................................................... 4599
  median: ...................................................................... 3395.5
  p95: ......................................................................... 4065.2
  p99: ......................................................................... 4316.6
http.responses: ................................................................ 2800
vusers.completed: .............................................................. 2801
vusers.created: ................................................................ 3538
vusers.created_by_name.Root (/): ............................................... 3538
vusers.failed: ................................................................. 0
vusers.session_length:
  min: ......................................................................... 1976.4
  max: ......................................................................... 4708
  median: ...................................................................... 3464.1
  p95: ......................................................................... 4147.4
  p99: ......................................................................... 4403.8


--------------------------------------
Metrics for period to: 19:51:50(-0300) (width: 9.988s)
--------------------------------------

http.codes.200: ................................................................ 3460
http.request_rate: ............................................................. 350/sec
http.requests: ................................................................. 3479
http.response_time:
  min: ......................................................................... 3237
  max: ......................................................................... 7059
  median: ...................................................................... 4065.2
  p95: ......................................................................... 5272.4
  p99: ......................................................................... 5826.9
http.responses: ................................................................ 3460
vusers.completed: .............................................................. 3460
vusers.created: ................................................................ 3483
vusers.created_by_name.Root (/): ............................................... 3483
vusers.failed: ................................................................. 0
vusers.session_length:
  min: ......................................................................... 3367.6
  max: ......................................................................... 7224.4
  median: ...................................................................... 4147.4
  p95: ......................................................................... 5378.9
  p99: ......................................................................... 5944.6


--------------------------------------
Metrics for period to: 19:52:00(-0300) (width: 9.993s)
--------------------------------------

errors.ETIMEDOUT: .............................................................. 1
http.codes.200: ................................................................ 3500
http.request_rate: ............................................................. 349/sec
http.requests: ................................................................. 3478
http.response_time:
  min: ......................................................................... 2973
  max: ......................................................................... 7778
  median: ...................................................................... 4231.1
  p95: ......................................................................... 5168
  p99: ......................................................................... 6064.7
http.responses: ................................................................ 3500
vusers.completed: .............................................................. 3500
vusers.created: ................................................................ 3480
vusers.created_by_name.Root (/): ............................................... 3480
vusers.failed: ................................................................. 1
vusers.session_length:
  min: ......................................................................... 2975.6
  max: ......................................................................... 7841.1
  median: ...................................................................... 4231.1
  p95: ......................................................................... 5168
  p99: ......................................................................... 6187.2


--------------------------------------
Metrics for period to: 19:52:10(-0300) (width: 9.997s)
--------------------------------------

http.codes.200: ................................................................ 4275
http.request_rate: ............................................................. 355/sec
http.requests: ................................................................. 3538
http.response_time:
  min: ......................................................................... 1533
  max: ......................................................................... 4739
  median: ...................................................................... 2836.2
  p95: ......................................................................... 3984.7
  p99: ......................................................................... 4231.1
http.responses: ................................................................ 4275
vusers.completed: .............................................................. 4275
vusers.created: ................................................................ 3535
vusers.created_by_name.Root (/): ............................................... 3535
vusers.failed: ................................................................. 0
vusers.session_length:
  min: ......................................................................... 1542
  max: ......................................................................... 4742.8
  median: ...................................................................... 2893.5
  p95: ......................................................................... 4065.2
  p99: ......................................................................... 4231.1


--------------------------------------
Metrics for period to: 19:52:20(-0300) (width: 9.992s)
--------------------------------------

http.codes.200: ................................................................ 3659
http.request_rate: ............................................................. 351/sec
http.requests: ................................................................. 3507
http.response_time:
  min: ......................................................................... 1501
  max: ......................................................................... 2763
  median: ...................................................................... 1790.4
  p95: ......................................................................... 2566.3
  p99: ......................................................................... 2725
http.responses: ................................................................ 3659
vusers.completed: .............................................................. 3659
vusers.created: ................................................................ 3504
vusers.created_by_name.Root (/): ............................................... 3504
vusers.failed: ................................................................. 0
vusers.session_length:
  min: ......................................................................... 1503.3
  max: ......................................................................... 2819.7
  median: ...................................................................... 1790.4
  p95: ......................................................................... 2566.3
  p99: ......................................................................... 2725


--------------------------------------
Metrics for period to: 19:52:30(-0300) (width: 9.994s)
--------------------------------------

http.codes.200: ................................................................ 3444
http.request_rate: ............................................................. 350/sec
http.requests: ................................................................. 3498
http.response_time:
  min: ......................................................................... 1495
  max: ......................................................................... 1841
  median: ...................................................................... 1525.7
  p95: ......................................................................... 1686.1
  p99: ......................................................................... 1790.4
http.responses: ................................................................ 3444
vusers.completed: .............................................................. 3444
vusers.created: ................................................................ 3501
vusers.created_by_name.Root (/): ............................................... 3501
vusers.failed: ................................................................. 0
vusers.session_length:
  min: ......................................................................... 1503
  max: ......................................................................... 1852.4
  median: ...................................................................... 1525.7
  p95: ......................................................................... 1720.2
  p99: ......................................................................... 1790.4


--------------------------------------
Metrics for period to: 19:52:40(-0300) (width: 9.998s)
--------------------------------------

http.codes.200: ................................................................ 2687
http.request_rate: ............................................................. 350/sec
http.requests: ................................................................. 3489
http.response_time:
  min: ......................................................................... 1512
  max: ......................................................................... 5100
  median: ...................................................................... 2465.6
  p95: ......................................................................... 3678.4
  p99: ......................................................................... 4403.8
http.responses: ................................................................ 2687
vusers.completed: .............................................................. 2687
vusers.created: ................................................................ 3491
vusers.created_by_name.Root (/): ............................................... 3491
vusers.failed: ................................................................. 0
vusers.session_length:
  min: ......................................................................... 1515.4
  max: ......................................................................... 5135.8
  median: ...................................................................... 2515.5
  p95: ......................................................................... 3752.7
  p99: ......................................................................... 4403.8


--------------------------------------
Metrics for period to: 19:52:50(-0300) (width: 9.991s)
--------------------------------------

http.codes.200: ................................................................ 3121
http.request_rate: ............................................................. 352/sec
http.requests: ................................................................. 3505
http.response_time:
  min: ......................................................................... 3365
  max: ......................................................................... 6771
  median: ...................................................................... 4676.2
  p95: ......................................................................... 5378.9
  p99: ......................................................................... 5711.5
http.responses: ................................................................ 3121
vusers.completed: .............................................................. 3121
vusers.created: ................................................................ 3502
vusers.created_by_name.Root (/): ............................................... 3502
vusers.failed: ................................................................. 0
vusers.session_length:
  min: ......................................................................... 3417.9
  max: ......................................................................... 6800.3
  median: ...................................................................... 4676.2
  p95: ......................................................................... 5378.9
  p99: ......................................................................... 5826.9


--------------------------------------
Metrics for period to: 19:53:00(-0300) (width: 9.998s)
--------------------------------------

errors.ETIMEDOUT: .............................................................. 51
http.codes.200: ................................................................ 3207
http.request_rate: ............................................................. 350/sec
http.requests: ................................................................. 3503
http.response_time:
  min: ......................................................................... 4100
  max: ......................................................................... 9752
  median: ...................................................................... 5272.4
  p95: ......................................................................... 7407.5
  p99: ......................................................................... 8352
http.responses: ................................................................ 3207
vusers.completed: .............................................................. 3207
vusers.created: ................................................................ 3505
vusers.created_by_name.Root (/): ............................................... 3505
vusers.failed: ................................................................. 51
vusers.session_length:
  min: ......................................................................... 4126.7
  max: ......................................................................... 9764.6
  median: ...................................................................... 5378.9
  p95: ......................................................................... 7407.5
  p99: ......................................................................... 8520.7


--------------------------------------
Metrics for period to: 19:53:10(-0300) (width: 9.995s)
--------------------------------------

errors.ETIMEDOUT: .............................................................. 232
http.codes.200: ................................................................ 3554
http.request_rate: ............................................................. 342/sec
http.requests: ................................................................. 3414
http.response_time:
  min: ......................................................................... 4070
  max: ......................................................................... 9880
  median: ...................................................................... 5598.4
  p95: ......................................................................... 7557.1
  p99: ......................................................................... 8692.8
http.responses: ................................................................ 3554
vusers.completed: .............................................................. 3553
vusers.created: ................................................................ 3416
vusers.created_by_name.Root (/): ............................................... 3416
vusers.failed: ................................................................. 232
vusers.session_length:
  min: ......................................................................... 4136.5
  max: ......................................................................... 9892.8
  median: ...................................................................... 5598.4
  p95: ......................................................................... 7709.8
  p99: ......................................................................... 8868.4


--------------------------------------
Metrics for period to: 19:53:20(-0300) (width: 9.993s)
--------------------------------------

http.codes.200: ................................................................ 4654
http.request_rate: ............................................................. 361/sec
http.requests: ................................................................. 3586
http.response_time:
  min: ......................................................................... 1612
  max: ......................................................................... 7581
  median: ...................................................................... 3605.5
  p95: ......................................................................... 5711.5
  p99: ......................................................................... 5826.9
http.responses: ................................................................ 4654
vusers.completed: .............................................................. 4655
vusers.created: ................................................................ 3584
vusers.created_by_name.Root (/): ............................................... 3584
vusers.failed: ................................................................. 0
vusers.session_length:
  min: ......................................................................... 1614.2
  max: ......................................................................... 7598.7
  median: ...................................................................... 3678.4
  p95: ......................................................................... 5711.5
  p99: ......................................................................... 6064.7


--------------------------------------
Metrics for period to: 19:53:30(-0300) (width: 9.996s)
--------------------------------------

http.codes.200: ................................................................ 3596
http.request_rate: ............................................................. 350/sec
http.requests: ................................................................. 3506
http.response_time:
  min: ......................................................................... 1502
  max: ......................................................................... 2580
  median: ...................................................................... 1525.7
  p95: ......................................................................... 2231
  p99: ......................................................................... 2515.5
http.responses: ................................................................ 3596
vusers.completed: .............................................................. 3596
vusers.created: ................................................................ 3502
vusers.created_by_name.Root (/): ............................................... 3502
vusers.failed: ................................................................. 0
vusers.session_length:
  min: ......................................................................... 1503
  max: ......................................................................... 2582.8
  median: ...................................................................... 1525.7
  p95: ......................................................................... 2231
  p99: ......................................................................... 2515.5


--------------------------------------
Metrics for period to: 19:53:40(-0300) (width: 9.998s)
--------------------------------------

http.codes.200: ................................................................ 3325
http.request_rate: ............................................................. 350/sec
http.requests: ................................................................. 3493
http.response_time:
  min: ......................................................................... 1502
  max: ......................................................................... 2497
  median: ...................................................................... 1686.1
  p95: ......................................................................... 2231
  p99: ......................................................................... 2369
http.responses: ................................................................ 3325
vusers.completed: .............................................................. 3325
vusers.created: ................................................................ 3497
vusers.created_by_name.Root (/): ............................................... 3497
vusers.failed: ................................................................. 0
vusers.session_length:
  min: ......................................................................... 1503.2
  max: ......................................................................... 2513.1
  median: ...................................................................... 1720.2
  p95: ......................................................................... 2276.1
  p99: ......................................................................... 2416.8


--------------------------------------
Metrics for period to: 19:53:50(-0300) (width: 9.999s)
--------------------------------------

http.codes.200: ................................................................ 2804
http.request_rate: ............................................................. 349/sec
http.requests: ................................................................. 3466
http.response_time:
  min: ......................................................................... 2061
  max: ......................................................................... 5576
  median: ...................................................................... 3328.3
  p95: ......................................................................... 4403.8
  p99: ......................................................................... 4867
http.responses: ................................................................ 2804
vusers.completed: .............................................................. 2804
vusers.created: ................................................................ 3467
vusers.created_by_name.Root (/): ............................................... 3467
vusers.failed: ................................................................. 0
vusers.session_length:
  min: ......................................................................... 2069.4
  max: ......................................................................... 5607.5
  median: ...................................................................... 3328.3
  p95: ......................................................................... 4403.8
  p99: ......................................................................... 4867


--------------------------------------
Metrics for period to: 19:54:00(-0300) (width: 9.997s)
--------------------------------------

http.codes.200: ................................................................ 3224
http.request_rate: ............................................................. 355/sec
http.requests: ................................................................. 3535
http.response_time:
  min: ......................................................................... 2947
  max: ......................................................................... 7987
  median: ...................................................................... 4676.2
  p95: ......................................................................... 6187.2
  p99: ......................................................................... 6838
http.responses: ................................................................ 3224
vusers.completed: .............................................................. 3224
vusers.created: ................................................................ 3533
vusers.created_by_name.Root (/): ............................................... 3533
vusers.failed: ................................................................. 0
vusers.session_length:
  min: ......................................................................... 3034.5
  max: ......................................................................... 8046.7
  median: ...................................................................... 4676.2
  p95: ......................................................................... 6187.2
  p99: ......................................................................... 6838


--------------------------------------
Metrics for period to: 19:54:10(-0300) (width: 9.999s)
--------------------------------------

http.codes.200: ................................................................ 2954
http.request_rate: ............................................................. 350/sec
http.requests: ................................................................. 3498
http.response_time:
  min: ......................................................................... 3133
  max: ......................................................................... 9070
  median: ...................................................................... 5065.6
  p95: ......................................................................... 6569.8
  p99: ......................................................................... 7557.1
http.responses: ................................................................ 2954
vusers.completed: .............................................................. 2954
vusers.created: ................................................................ 3501
vusers.created_by_name.Root (/): ............................................... 3501
vusers.failed: ................................................................. 0
vusers.session_length:
  min: ......................................................................... 3244.2
  max: ......................................................................... 9086.2
  median: ...................................................................... 5065.6
  p95: ......................................................................... 6569.8
  p99: ......................................................................... 7709.8


--------------------------------------
Metrics for period to: 19:54:20(-0300) (width: 9.961s)
--------------------------------------

errors.ECONNRESET: ............................................................. 21
errors.ETIMEDOUT: .............................................................. 170
http.codes.200: ................................................................ 4791
http.request_rate: ............................................................. 355/sec
http.requests: ................................................................. 3501
http.response_time:
  min: ......................................................................... 2098
  max: ......................................................................... 9967
  median: ...................................................................... 5711.5
  p95: ......................................................................... 8024.5
  p99: ......................................................................... 9416.8
http.responses: ................................................................ 4791
vusers.completed: .............................................................. 4791
vusers.created: ................................................................ 3497
vusers.created_by_name.Root (/): ............................................... 3497
vusers.failed: ................................................................. 191
vusers.session_length:
  min: ......................................................................... 2099.2
  max: ......................................................................... 10018.8
  median: ...................................................................... 5826.9
  p95: ......................................................................... 8024.5
  p99: ......................................................................... 9416.8


--------------------------------------
Metrics for period to: 19:54:30(-0300) (width: 9.999s)
--------------------------------------

http.codes.200: ................................................................ 3710
http.request_rate: ............................................................. 350/sec
http.requests: ................................................................. 3505
http.response_time:
  min: ......................................................................... 1496
  max: ......................................................................... 3322
  median: ...................................................................... 1525.7
  p95: ......................................................................... 2836.2
  p99: ......................................................................... 3134.5
http.responses: ................................................................ 3710
vusers.completed: .............................................................. 3710
vusers.created: ................................................................ 3503
vusers.created_by_name.Root (/): ............................................... 3503
vusers.failed: ................................................................. 0
vusers.session_length:
  min: ......................................................................... 1502.9
  max: ......................................................................... 3323.4
  median: ...................................................................... 1525.7
  p95: ......................................................................... 2836.2
  p99: ......................................................................... 3197.8


--------------------------------------
Metrics for period to: 19:54:40(-0300) (width: 9.997s)
--------------------------------------

http.codes.200: ................................................................ 3489
http.request_rate: ............................................................. 350/sec
http.requests: ................................................................. 3502
http.response_time:
  min: ......................................................................... 1502
  max: ......................................................................... 1779
  median: ...................................................................... 1525.7
  p95: ......................................................................... 1652.8
  p99: ......................................................................... 1720.2
http.responses: ................................................................ 3489
vusers.completed: .............................................................. 3489
vusers.created: ................................................................ 3502
vusers.created_by_name.Root (/): ............................................... 3502
vusers.failed: ................................................................. 0
vusers.session_length:
  min: ......................................................................... 1503.4
  max: ......................................................................... 1790.4
  median: ...................................................................... 1525.7
  p95: ......................................................................... 1652.8
  p99: ......................................................................... 1720.2


--------------------------------------
Metrics for period to: 19:54:50(-0300) (width: 9.997s)
--------------------------------------

http.codes.200: ................................................................ 3288
http.request_rate: ............................................................. 350/sec
http.requests: ................................................................. 3494
http.response_time:
  min: ......................................................................... 1511
  max: ......................................................................... 2299
  median: ...................................................................... 1720.2
  p95: ......................................................................... 2018.7
  p99: ......................................................................... 2143.5
http.responses: ................................................................ 3288
vusers.completed: .............................................................. 3288
vusers.created: ................................................................ 3496
vusers.created_by_name.Root (/): ............................................... 3496
vusers.failed: ................................................................. 0
vusers.session_length:
  min: ......................................................................... 1522.8
  max: ......................................................................... 2326.4
  median: ...................................................................... 1720.2
  p95: ......................................................................... 2018.7
  p99: ......................................................................... 2143.5


--------------------------------------
Metrics for period to: 19:55:00(-0300) (width: 9.998s)
--------------------------------------

http.codes.200: ................................................................ 2766
http.request_rate: ............................................................. 350/sec
http.requests: ................................................................. 3501
http.response_time:
  min: ......................................................................... 1554
  max: ......................................................................... 4981
  median: ...................................................................... 3134.5
  p95: ......................................................................... 4231.1
  p99: ......................................................................... 4676.2
http.responses: ................................................................ 2766
vusers.completed: .............................................................. 2766
vusers.created: ................................................................ 3501
vusers.created_by_name.Root (/): ............................................... 3501
vusers.failed: ................................................................. 0
vusers.session_length:
  min: ......................................................................... 1567.1
  max: ......................................................................... 4989.4
  median: ...................................................................... 3134.5
  p95: ......................................................................... 4231.1
  p99: ......................................................................... 4676.2


--------------------------------------
Metrics for period to: 19:55:10(-0300) (width: 9.998s)
--------------------------------------

http.codes.200: ................................................................ 2919
http.request_rate: ............................................................. 350/sec
http.requests: ................................................................. 3494
http.response_time:
  min: ......................................................................... 2623
  max: ......................................................................... 6684
  median: ...................................................................... 4403.8
  p95: ......................................................................... 5711.5
  p99: ......................................................................... 6064.7
http.responses: ................................................................ 2919
vusers.completed: .............................................................. 2919
vusers.created: ................................................................ 3498
vusers.created_by_name.Root (/): ............................................... 3498
vusers.failed: ................................................................. 0
vusers.session_length:
  min: ......................................................................... 2651
  max: ......................................................................... 6703.3
  median: ...................................................................... 4403.8
  p95: ......................................................................... 5711.5
  p99: ......................................................................... 6064.7


--------------------------------------
Metrics for period to: 19:55:20(-0300) (width: 9.999s)
--------------------------------------

errors.ETIMEDOUT: .............................................................. 168
http.codes.200: ................................................................ 2828
http.request_rate: ............................................................. 351/sec
http.requests: ................................................................. 3508
http.response_time:
  min: ......................................................................... 3958
  max: ......................................................................... 9997
  median: ...................................................................... 6064.7
  p95: ......................................................................... 7865.6
  p99: ......................................................................... 9416.8
http.responses: ................................................................ 2828
vusers.completed: .............................................................. 2828
vusers.created: ................................................................ 3504
vusers.created_by_name.Root (/): ............................................... 3504
vusers.failed: ................................................................. 168
vusers.session_length:
  min: ......................................................................... 4063.3
  max: ......................................................................... 9999
  median: ...................................................................... 6064.7
  p95: ......................................................................... 7865.6
  p99: ......................................................................... 9416.8


--------------------------------------
Metrics for period to: 19:55:30(-0300) (width: 9.998s)
--------------------------------------

errors.ETIMEDOUT: .............................................................. 260
http.codes.200: ................................................................ 5171
http.request_rate: ............................................................. 350/sec
http.requests: ................................................................. 3502
http.response_time:
  min: ......................................................................... 1501
  max: ......................................................................... 9935
  median: ...................................................................... 4403.8
  p95: ......................................................................... 7709.8
  p99: ......................................................................... 9047.6
http.responses: ................................................................ 5171
vusers.completed: .............................................................. 5171
vusers.created: ................................................................ 3501
vusers.created_by_name.Root (/): ............................................... 3501
vusers.failed: ................................................................. 260
vusers.session_length:
  min: ......................................................................... 1503.1
  max: ......................................................................... 9955.5
  median: ...................................................................... 4403.8
  p95: ......................................................................... 7709.8
  p99: ......................................................................... 9230.4


--------------------------------------
Metrics for period to: 19:55:40(-0300) (width: 9.998s)
--------------------------------------

http.codes.200: ................................................................ 3612
http.request_rate: ............................................................. 350/sec
http.requests: ................................................................. 3501
http.response_time:
  min: ......................................................................... 1500
  max: ......................................................................... 1844
  median: ...................................................................... 1525.7
  p95: ......................................................................... 1620
  p99: ......................................................................... 1755
http.responses: ................................................................ 3612
vusers.completed: .............................................................. 3612
vusers.created: ................................................................ 3500
vusers.created_by_name.Root (/): ............................................... 3500
vusers.failed: ................................................................. 0
vusers.session_length:
  min: ......................................................................... 1502.9
  max: ......................................................................... 1845.3
  median: ...................................................................... 1525.7
  p95: ......................................................................... 1652.8
  p99: ......................................................................... 1755


--------------------------------------
Metrics for period to: 19:55:50(-0300) (width: 9.994s)
--------------------------------------

http.codes.200: ................................................................ 3446
http.request_rate: ............................................................. 350/sec
http.requests: ................................................................. 3495
http.response_time:
  min: ......................................................................... 1503
  max: ......................................................................... 2041
  median: ...................................................................... 1620
  p95: ......................................................................... 1901.1
  p99: ......................................................................... 1939.5
http.responses: ................................................................ 3446
vusers.completed: .............................................................. 3446
vusers.created: ................................................................ 3499
vusers.created_by_name.Root (/): ............................................... 3499
vusers.failed: ................................................................. 0
vusers.session_length:
  min: ......................................................................... 1504.4
  max: ......................................................................... 2050
  median: ...................................................................... 1620
  p95: ......................................................................... 1901.1
  p99: ......................................................................... 1978.7


--------------------------------------
Metrics for period to: 19:56:00(-0300) (width: 9.999s)
--------------------------------------

http.codes.200: ................................................................ 3041
http.request_rate: ............................................................. 350/sec
http.requests: ................................................................. 3490
http.response_time:
  min: ......................................................................... 1538
  max: ......................................................................... 3026
  median: ...................................................................... 1826.6
  p95: ......................................................................... 2322.1
  p99: ......................................................................... 2780
http.responses: ................................................................ 3041
vusers.completed: .............................................................. 3041
vusers.created: ................................................................ 3491
vusers.created_by_name.Root (/): ............................................... 3491
vusers.failed: ................................................................. 0
vusers.session_length:
  min: ......................................................................... 1540.1
  max: ......................................................................... 3053.7
  median: ...................................................................... 1826.6
  p95: ......................................................................... 2322.1
  p99: ......................................................................... 2836.2


--------------------------------------
Metrics for period to: 19:56:10(-0300) (width: 9.993s)
--------------------------------------

http.codes.200: ................................................................ 3167
http.request_rate: ............................................................. 351/sec
http.requests: ................................................................. 3511
http.response_time:
  min: ......................................................................... 2133
  max: ......................................................................... 6156
  median: ...................................................................... 3752.7
  p95: ......................................................................... 4965.3
  p99: ......................................................................... 5487.5
http.responses: ................................................................ 3167
vusers.completed: .............................................................. 3167
vusers.created: ................................................................ 3508
vusers.created_by_name.Root (/): ............................................... 3508
vusers.failed: ................................................................. 0
vusers.session_length:
  min: ......................................................................... 2159.9
  max: ......................................................................... 6186.1
  median: ...................................................................... 3828.5
  p95: ......................................................................... 5065.6
  p99: ......................................................................... 5487.5


--------------------------------------
Metrics for period to: 19:56:20(-0300) (width: 9.998s)
--------------------------------------

http.codes.200: ................................................................ 3036
http.request_rate: ............................................................. 350/sec
http.requests: ................................................................. 3500
http.response_time:
  min: ......................................................................... 2618
  max: ......................................................................... 8581
  median: ...................................................................... 4676.2
  p95: ......................................................................... 6569.8
  p99: ......................................................................... 7407.5
http.responses: ................................................................ 3036
vusers.completed: .............................................................. 3036
vusers.created: ................................................................ 3499
vusers.created_by_name.Root (/): ............................................... 3499
vusers.failed: ................................................................. 0
vusers.session_length:
  min: ......................................................................... 2623.2
  max: ......................................................................... 8615.6
  median: ...................................................................... 4770.6
  p95: ......................................................................... 6702.6
  p99: ......................................................................... 7407.5


--------------------------------------
Metrics for period to: 19:56:30(-0300) (width: 9.993s)
--------------------------------------

http.codes.200: ................................................................ 4366
http.request_rate: ............................................................. 350/sec
http.requests: ................................................................. 3494
http.response_time:
  min: ......................................................................... 2301
  max: ......................................................................... 9993
  median: ...................................................................... 4867
  p95: ......................................................................... 7865.6
  p99: ......................................................................... 8868.4
http.responses: ................................................................ 4366
vusers.completed: .............................................................. 4366
vusers.created: ................................................................ 3498
vusers.created_by_name.Root (/): ............................................... 3498
vusers.failed: ................................................................. 0
vusers.session_length:
  min: ......................................................................... 2313.5
  max: ......................................................................... 9997.2
  median: ...................................................................... 4867
  p95: ......................................................................... 7865.6
  p99: ......................................................................... 8868.4


--------------------------------------
Metrics for period to: 19:56:40(-0300) (width: 9.994s)
--------------------------------------

http.codes.200: ................................................................ 3825
http.request_rate: ............................................................. 350/sec
http.requests: ................................................................. 3510
http.response_time:
  min: ......................................................................... 1502
  max: ......................................................................... 3871
  median: ...................................................................... 1939.5
  p95: ......................................................................... 3328.3
  p99: ......................................................................... 3534.1
http.responses: ................................................................ 3825
vusers.completed: .............................................................. 3825
vusers.created: ................................................................ 3506
vusers.created_by_name.Root (/): ............................................... 3506
vusers.failed: ................................................................. 0
vusers.session_length:
  min: ......................................................................... 1505.4
  max: ......................................................................... 3884.4
  median: ...................................................................... 1939.5
  p95: ......................................................................... 3328.3
  p99: ......................................................................... 3534.1


--------------------------------------
Metrics for period to: 19:56:50(-0300) (width: 9.998s)
--------------------------------------

http.codes.200: ................................................................ 3619
http.request_rate: ............................................................. 350/sec
http.requests: ................................................................. 3501
http.response_time:
  min: ......................................................................... 1493
  max: ......................................................................... 1878
  median: ...................................................................... 1525.7
  p95: ......................................................................... 1686.1
  p99: ......................................................................... 1826.6
http.responses: ................................................................ 3619
vusers.completed: .............................................................. 3619
vusers.created: ................................................................ 3500
vusers.created_by_name.Root (/): ............................................... 3500
vusers.failed: ................................................................. 0
vusers.session_length:
  min: ......................................................................... 1502.8
  max: ......................................................................... 1878.5
  median: ...................................................................... 1525.7
  p95: ......................................................................... 1686.1
  p99: ......................................................................... 1863.5


--------------------------------------
Metrics for period to: 19:57:00(-0300) (width: 9.996s)
--------------------------------------

http.codes.200: ................................................................ 3094
http.request_rate: ............................................................. 349/sec
http.requests: ................................................................. 3487
http.response_time:
  min: ......................................................................... 1502
  max: ......................................................................... 3304
  median: ...................................................................... 2101.1
  p95: ......................................................................... 3134.5
  p99: ......................................................................... 3197.8
http.responses: ................................................................ 3094
vusers.completed: .............................................................. 3094
vusers.created: ................................................................ 3491
vusers.created_by_name.Root (/): ............................................... 3491
vusers.failed: ................................................................. 0
vusers.session_length:
  min: ......................................................................... 1504.4
  max: ......................................................................... 3363.9
  median: ...................................................................... 2143.5
  p95: ......................................................................... 3134.5
  p99: ......................................................................... 3262.4


Phase completed: Plain Line (index: 1, duration: 360s) 19:57:14(-0300)

Phase started: Reduce Line 1 (index: 2, duration: 10s) 19:57:14(-0300)

--------------------------------------
Metrics for period to: 19:57:10(-0300) (width: 9.999s)
--------------------------------------

http.codes.200: ................................................................ 3281
http.request_rate: ............................................................. 351/sec
http.requests: ................................................................. 3506
http.response_time:
  min: ......................................................................... 2015
  max: ......................................................................... 3591
  median: ...................................................................... 2780
  p95: ......................................................................... 3072.4
  p99: ......................................................................... 3328.3
http.responses: ................................................................ 3281
vusers.completed: .............................................................. 3281
vusers.created: ................................................................ 3505
vusers.created_by_name.Root (/): ............................................... 3505
vusers.failed: ................................................................. 0
vusers.session_length:
  min: ......................................................................... 2017.7
  max: ......................................................................... 3678
  median: ...................................................................... 2780
  p95: ......................................................................... 3072.4
  p99: ......................................................................... 3328.3


Phase completed: Reduce Line 1 (index: 2, duration: 10s) 19:57:24(-0300)

Phase started: Reduce Line 2 (index: 3, duration: 10s) 19:57:24(-0300)

--------------------------------------
Metrics for period to: 19:57:20(-0300) (width: 9.994s)
--------------------------------------

http.codes.200: ................................................................ 3141
http.request_rate: ............................................................. 320/sec
http.requests: ................................................................. 3178
http.response_time:
  min: ......................................................................... 2920
  max: ......................................................................... 6356
  median: ...................................................................... 3828.5
  p95: ......................................................................... 4965.3
  p99: ......................................................................... 5598.4
http.responses: ................................................................ 3141
vusers.completed: .............................................................. 3141
vusers.created: ................................................................ 3179
vusers.created_by_name.Root (/): ............................................... 3179
vusers.failed: ................................................................. 0
vusers.session_length:
  min: ......................................................................... 3036.4
  max: ......................................................................... 6424
  median: ...................................................................... 3828.5
  p95: ......................................................................... 4965.3
  p99: ......................................................................... 5598.4


Phase completed: Reduce Line 2 (index: 3, duration: 10s) 19:57:34(-0300)

Phase started: Reduce Line 3 (index: 4, duration: 10s) 19:57:34(-0300)

--------------------------------------
Metrics for period to: 19:57:30(-0300) (width: 9.997s)
--------------------------------------

http.codes.200: ................................................................ 2537
http.request_rate: ............................................................. 271/sec
http.requests: ................................................................. 2695
http.response_time:
  min: ......................................................................... 3335
  max: ......................................................................... 8385
  median: ...................................................................... 4403.8
  p95: ......................................................................... 5598.4
  p99: ......................................................................... 7260.8
http.responses: ................................................................ 2537
vusers.completed: .............................................................. 2537
vusers.created: ................................................................ 2692
vusers.created_by_name.Root (/): ............................................... 2692
vusers.failed: ................................................................. 0
vusers.session_length:
  min: ......................................................................... 3337.3
  max: ......................................................................... 8457.7
  median: ...................................................................... 4403.8
  p95: ......................................................................... 5598.4
  p99: ......................................................................... 7260.8


Phase completed: Reduce Line 3 (index: 4, duration: 10s) 19:57:44(-0300)

Phase started: Reduce Line 4 (index: 5, duration: 10s) 19:57:44(-0300)

--------------------------------------
Metrics for period to: 19:57:40(-0300) (width: 9.993s)
--------------------------------------

errors.ETIMEDOUT: .............................................................. 14
http.codes.200: ................................................................ 3024
http.request_rate: ............................................................. 193/sec
http.requests: ................................................................. 1922
http.response_time:
  min: ......................................................................... 1501
  max: ......................................................................... 9918
  median: ...................................................................... 2101.1
  p95: ......................................................................... 7260.8
  p99: ......................................................................... 9607.1
http.responses: ................................................................ 3024
vusers.completed: .............................................................. 3024
vusers.created: ................................................................ 1921
vusers.created_by_name.Root (/): ............................................... 1921
vusers.failed: ................................................................. 14
vusers.session_length:
  min: ......................................................................... 1502.5
  max: ......................................................................... 10000.6
  median: ...................................................................... 2143.5
  p95: ......................................................................... 7260.8
  p99: ......................................................................... 9607.1


Phase completed: Reduce Line 4 (index: 5, duration: 10s) 19:57:54(-0300)

Phase started: Reset Line (index: 6, duration: 60s) 19:57:54(-0300)

--------------------------------------
Metrics for period to: 19:57:50(-0300) (width: 9.989s)
--------------------------------------

http.codes.200: ................................................................ 1072
http.request_rate: ............................................................. 93/sec
http.requests: ................................................................. 920
http.response_time:
  min: ......................................................................... 1502
  max: ......................................................................... 1514
  median: ...................................................................... 1495.5
  p95: ......................................................................... 1495.5
  p99: ......................................................................... 1525.7
http.responses: ................................................................ 1072
vusers.completed: .............................................................. 1072
vusers.created: ................................................................ 920
vusers.created_by_name.Root (/): ............................................... 920
vusers.failed: ................................................................. 0
vusers.session_length:
  min: ......................................................................... 1502.4
  max: ......................................................................... 1524.8
  median: ...................................................................... 1495.5
  p95: ......................................................................... 1495.5
  p99: ......................................................................... 1525.7


--------------------------------------
Metrics for period to: 19:58:00(-0300) (width: 9.66s)
--------------------------------------

http.codes.200: ................................................................ 293
http.request_rate: ............................................................. 46/sec
http.requests: ................................................................. 219
http.response_time:
  min: ......................................................................... 1503
  max: ......................................................................... 1514
  median: ...................................................................... 1495.5
  p95: ......................................................................... 1495.5
  p99: ......................................................................... 1525.7
http.responses: ................................................................ 293
vusers.completed: .............................................................. 293
vusers.created: ................................................................ 219
vusers.created_by_name.Root (/): ............................................... 219
vusers.failed: ................................................................. 0
vusers.session_length:
  min: ......................................................................... 1503.6
  max: ......................................................................... 1516.6
  median: ...................................................................... 1495.5
  p95: ......................................................................... 1525.7
  p99: ......................................................................... 1525.7


--------------------------------------
Metrics for period to: 19:58:10(-0300) (width: 9.509s)
--------------------------------------

http.codes.200: ................................................................ 10
http.request_rate: ............................................................. 1/sec
http.requests: ................................................................. 10
http.response_time:
  min: ......................................................................... 1504
  max: ......................................................................... 1512
  median: ...................................................................... 1495.5
  p95: ......................................................................... 1495.5
  p99: ......................................................................... 1495.5
http.responses: ................................................................ 10
vusers.completed: .............................................................. 10
vusers.created: ................................................................ 10
vusers.created_by_name.Root (/): ............................................... 10
vusers.failed: ................................................................. 0
vusers.session_length:
  min: ......................................................................... 1505.1
  max: ......................................................................... 1513.8
  median: ...................................................................... 1495.5
  p95: ......................................................................... 1525.7
  p99: ......................................................................... 1525.7


--------------------------------------
Metrics for period to: 19:58:20(-0300) (width: 9.507s)
--------------------------------------

http.codes.200: ................................................................ 10
http.request_rate: ............................................................. 1/sec
http.requests: ................................................................. 10
http.response_time:
  min: ......................................................................... 1506
  max: ......................................................................... 1510
  median: ...................................................................... 1495.5
  p95: ......................................................................... 1495.5
  p99: ......................................................................... 1495.5
http.responses: ................................................................ 10
vusers.completed: .............................................................. 10
vusers.created: ................................................................ 10
vusers.created_by_name.Root (/): ............................................... 10
vusers.failed: ................................................................. 0
vusers.session_length:
  min: ......................................................................... 1506.7
  max: ......................................................................... 1513.1
  median: ...................................................................... 1495.5
  p95: ......................................................................... 1525.7
  p99: ......................................................................... 1525.7


--------------------------------------
Metrics for period to: 19:58:30(-0300) (width: 9.507s)
--------------------------------------

http.codes.200: ................................................................ 10
http.request_rate: ............................................................. 1/sec
http.requests: ................................................................. 10
http.response_time:
  min: ......................................................................... 1504
  max: ......................................................................... 1510
  median: ...................................................................... 1495.5
  p95: ......................................................................... 1495.5
  p99: ......................................................................... 1495.5
http.responses: ................................................................ 10
vusers.completed: .............................................................. 10
vusers.created: ................................................................ 10
vusers.created_by_name.Root (/): ............................................... 10
vusers.failed: ................................................................. 0
vusers.session_length:
  min: ......................................................................... 1505.4
  max: ......................................................................... 1511.9
  median: ...................................................................... 1495.5
  p95: ......................................................................... 1495.5
  p99: ......................................................................... 1495.5


--------------------------------------
Metrics for period to: 19:58:40(-0300) (width: 9.51s)
--------------------------------------

http.codes.200: ................................................................ 10
http.request_rate: ............................................................. 1/sec
http.requests: ................................................................. 10
http.response_time:
  min: ......................................................................... 1505
  max: ......................................................................... 1509
  median: ...................................................................... 1495.5
  p95: ......................................................................... 1495.5
  p99: ......................................................................... 1495.5
http.responses: ................................................................ 10
vusers.completed: .............................................................. 10
vusers.created: ................................................................ 10
vusers.created_by_name.Root (/): ............................................... 10
vusers.failed: ................................................................. 0
vusers.session_length:
  min: ......................................................................... 1505.7
  max: ......................................................................... 1510.8
  median: ...................................................................... 1495.5
  p95: ......................................................................... 1495.5
  p99: ......................................................................... 1495.5


Phase completed: Reset Line (index: 6, duration: 60s) 19:58:54(-0300)

--------------------------------------
Metrics for period to: 19:58:50(-0300) (width: 9.509s)
--------------------------------------

http.codes.200: ................................................................ 10
http.request_rate: ............................................................. 1/sec
http.requests: ................................................................. 10
http.response_time:
  min: ......................................................................... 1506
  max: ......................................................................... 1512
  median: ...................................................................... 1495.5
  p95: ......................................................................... 1495.5
  p99: ......................................................................... 1495.5
http.responses: ................................................................ 10
vusers.completed: .............................................................. 10
vusers.created: ................................................................ 10
vusers.created_by_name.Root (/): ............................................... 10
vusers.failed: ................................................................. 0
vusers.session_length:
  min: ......................................................................... 1507.1
  max: ......................................................................... 1514.6
  median: ...................................................................... 1495.5
  p95: ......................................................................... 1525.7
  p99: ......................................................................... 1525.7


--------------------------------------
Metrics for period to: 19:59:00(-0300) (width: 5.51s)
--------------------------------------

http.codes.200: ................................................................ 6
http.request_rate: ............................................................. 1/sec
http.requests: ................................................................. 5
http.response_time:
  min: ......................................................................... 1503
  max: ......................................................................... 1506
  median: ...................................................................... 1495.5
  p95: ......................................................................... 1495.5
  p99: ......................................................................... 1495.5
http.responses: ................................................................ 6
vusers.completed: .............................................................. 6
vusers.created: ................................................................ 5
vusers.created_by_name.Root (/): ............................................... 5
vusers.failed: ................................................................. 0
vusers.session_length:
  min: ......................................................................... 1504.6
  max: ......................................................................... 1509.4
  median: ...................................................................... 1495.5
  p95: ......................................................................... 1495.5
  p99: ......................................................................... 1495.5


All VUs finished. Total time: 8 minutes, 44 seconds

--------------------------------
Summary report @ 19:58:56(-0300)
--------------------------------

errors.ECONNRESET: ............................................................. 2
errors.ETIMEDOUT: .............................................................. 123
http.codes.200: ................................................................ 20618
http.request_rate: ............................................................. 39/sec
http.requests: ................................................................. 20743
http.response_time:
  min: ......................................................................... 1500
  max: ......................................................................... 9935
  median: ...................................................................... 2566.3
  p95: ......................................................................... 6187.2
  p99: ......................................................................... 7709.8
http.responses: ................................................................ 20618
vusers.completed: .............................................................. 20618
vusers.created: ................................................................ 20743
vusers.created_by_name.Root (/): ............................................... 20743
vusers.failed: ................................................................. 125
vusers.session_length:
  min: ......................................................................... 1502.7
  max: ......................................................................... 9955.5
  median: ...................................................................... 2618.1
  p95: ......................................................................... 6187.2
  p99: ......................................................................... 7865.6
