
> perf@1.0.0 artillery /home/julian/Desktop/FIUBA/Arquitectura_De_Software/tp1/perf
> NODE_OPTIONS=--max-old-space-size=4096 artillery "run" "./results/section-two/sync/cfg-sync.yaml" "-e" "sync"

Phase started: Steady (index: 0, duration: 30s) 17:04:35(-0300)

--------------------------------------
Metrics for period to: 17:04:40(-0300) (width: 2.997s)
--------------------------------------

http.codes.200: ................................................................ 2
http.request_rate: ............................................................. 1/sec
http.requests: ................................................................. 4
http.response_time:
  min: ......................................................................... 1469
  max: ......................................................................... 1587
  median: ...................................................................... 1465.9
  p95: ......................................................................... 1465.9
  p99: ......................................................................... 1465.9
http.responses: ................................................................ 2
vusers.completed: .............................................................. 2
vusers.created: ................................................................ 4
vusers.created_by_name.Root (/): ............................................... 4
vusers.failed: ................................................................. 0
vusers.session_length:
  min: ......................................................................... 1475.9
  max: ......................................................................... 1616.8
  median: ...................................................................... 1465.9
  p95: ......................................................................... 1465.9
  p99: ......................................................................... 1465.9


--------------------------------------
Metrics for period to: 17:04:50(-0300) (width: 9.535s)
--------------------------------------

http.codes.200: ................................................................ 10
http.request_rate: ............................................................. 1/sec
http.requests: ................................................................. 10
http.response_time:
  min: ......................................................................... 1460
  max: ......................................................................... 1476
  median: ...................................................................... 1465.9
  p95: ......................................................................... 1465.9
  p99: ......................................................................... 1465.9
http.responses: ................................................................ 10
vusers.completed: .............................................................. 10
vusers.created: ................................................................ 10
vusers.created_by_name.Root (/): ............................................... 10
vusers.failed: ................................................................. 0
vusers.session_length:
  min: ......................................................................... 1462.8
  max: ......................................................................... 1481
  median: ...................................................................... 1465.9
  p95: ......................................................................... 1465.9
  p99: ......................................................................... 1465.9


Phase completed: Steady (index: 0, duration: 30s) 17:05:05(-0300)

Phase started: SlowIncrease (index: 1, duration: 240s) 17:05:05(-0300)

--------------------------------------
Metrics for period to: 17:05:00(-0300) (width: 9.543s)
--------------------------------------

http.codes.200: ................................................................ 10
http.request_rate: ............................................................. 1/sec
http.requests: ................................................................. 10
http.response_time:
  min: ......................................................................... 1455
  max: ......................................................................... 1463
  median: ...................................................................... 1465.9
  p95: ......................................................................... 1465.9
  p99: ......................................................................... 1465.9
http.responses: ................................................................ 10
vusers.completed: .............................................................. 10
vusers.created: ................................................................ 10
vusers.created_by_name.Root (/): ............................................... 10
vusers.failed: ................................................................. 0
vusers.session_length:
  min: ......................................................................... 1456.6
  max: ......................................................................... 1467.6
  median: ...................................................................... 1465.9
  p95: ......................................................................... 1465.9
  p99: ......................................................................... 1465.9


--------------------------------------
Metrics for period to: 17:05:10(-0300) (width: 9.258s)
--------------------------------------

http.codes.200: ................................................................ 12
http.request_rate: ............................................................. 1/sec
http.requests: ................................................................. 10
http.response_time:
  min: ......................................................................... 1457
  max: ......................................................................... 1464
  median: ...................................................................... 1465.9
  p95: ......................................................................... 1465.9
  p99: ......................................................................... 1465.9
http.responses: ................................................................ 12
vusers.completed: .............................................................. 12
vusers.created: ................................................................ 10
vusers.created_by_name.Root (/): ............................................... 10
vusers.failed: ................................................................. 0
vusers.session_length:
  min: ......................................................................... 1459.9
  max: ......................................................................... 1469.2
  median: ...................................................................... 1465.9
  p95: ......................................................................... 1465.9
  p99: ......................................................................... 1465.9


--------------------------------------
Metrics for period to: 17:05:20(-0300) (width: 8.716s)
--------------------------------------

http.codes.200: ................................................................ 11
http.request_rate: ............................................................. 1/sec
http.requests: ................................................................. 12
http.response_time:
  min: ......................................................................... 1460
  max: ......................................................................... 1464
  median: ...................................................................... 1465.9
  p95: ......................................................................... 1465.9
  p99: ......................................................................... 1465.9
http.responses: ................................................................ 11
vusers.completed: .............................................................. 11
vusers.created: ................................................................ 12
vusers.created_by_name.Root (/): ............................................... 12
vusers.failed: ................................................................. 0
vusers.session_length:
  min: ......................................................................... 1464.6
  max: ......................................................................... 1469.9
  median: ...................................................................... 1465.9
  p95: ......................................................................... 1465.9
  p99: ......................................................................... 1465.9


--------------------------------------
Metrics for period to: 17:05:30(-0300) (width: 9.347s)
--------------------------------------

http.codes.200: ................................................................ 7
http.request_rate: ............................................................. 1/sec
http.requests: ................................................................. 6
http.response_time:
  min: ......................................................................... 1454
  max: ......................................................................... 1467
  median: ...................................................................... 1465.9
  p95: ......................................................................... 1465.9
  p99: ......................................................................... 1465.9
http.responses: ................................................................ 7
vusers.completed: .............................................................. 7
vusers.created: ................................................................ 6
vusers.created_by_name.Root (/): ............................................... 6
vusers.failed: ................................................................. 0
vusers.session_length:
  min: ......................................................................... 1456.2
  max: ......................................................................... 1471.5
  median: ...................................................................... 1465.9
  p95: ......................................................................... 1465.9
  p99: ......................................................................... 1465.9


--------------------------------------
Metrics for period to: 17:05:40(-0300) (width: 8.466s)
--------------------------------------

http.codes.200: ................................................................ 11
http.request_rate: ............................................................. 2/sec
http.requests: ................................................................. 12
http.response_time:
  min: ......................................................................... 1457
  max: ......................................................................... 1465
  median: ...................................................................... 1465.9
  p95: ......................................................................... 1465.9
  p99: ......................................................................... 1465.9
http.responses: ................................................................ 11
vusers.completed: .............................................................. 11
vusers.created: ................................................................ 12
vusers.created_by_name.Root (/): ............................................... 12
vusers.failed: ................................................................. 0
vusers.session_length:
  min: ......................................................................... 1460.2
  max: ......................................................................... 1469.6
  median: ...................................................................... 1465.9
  p95: ......................................................................... 1465.9
  p99: ......................................................................... 1465.9


--------------------------------------
Metrics for period to: 17:05:50(-0300) (width: 9.252s)
--------------------------------------

http.codes.200: ................................................................ 15
http.request_rate: ............................................................. 2/sec
http.requests: ................................................................. 16
http.response_time:
  min: ......................................................................... 1456
  max: ......................................................................... 1465
  median: ...................................................................... 1465.9
  p95: ......................................................................... 1465.9
  p99: ......................................................................... 1465.9
http.responses: ................................................................ 15
vusers.completed: .............................................................. 15
vusers.created: ................................................................ 16
vusers.created_by_name.Root (/): ............................................... 16
vusers.failed: ................................................................. 0
vusers.session_length:
  min: ......................................................................... 1460.8
  max: ......................................................................... 1470.2
  median: ...................................................................... 1465.9
  p95: ......................................................................... 1465.9
  p99: ......................................................................... 1465.9


--------------------------------------
Metrics for period to: 17:06:00(-0300) (width: 9.752s)
--------------------------------------

http.codes.200: ................................................................ 18
http.request_rate: ............................................................. 2/sec
http.requests: ................................................................. 20
http.response_time:
  min: ......................................................................... 1457
  max: ......................................................................... 1462
  median: ...................................................................... 1465.9
  p95: ......................................................................... 1465.9
  p99: ......................................................................... 1465.9
http.responses: ................................................................ 18
vusers.completed: .............................................................. 18
vusers.created: ................................................................ 20
vusers.created_by_name.Root (/): ............................................... 20
vusers.failed: ................................................................. 0
vusers.session_length:
  min: ......................................................................... 1461
  max: ......................................................................... 1466.8
  median: ...................................................................... 1465.9
  p95: ......................................................................... 1465.9
  p99: ......................................................................... 1465.9


--------------------------------------
Metrics for period to: 17:06:10(-0300) (width: 9.751s)
--------------------------------------

http.codes.200: ................................................................ 26
http.request_rate: ............................................................. 3/sec
http.requests: ................................................................. 27
http.response_time:
  min: ......................................................................... 1456
  max: ......................................................................... 1467
  median: ...................................................................... 1465.9
  p95: ......................................................................... 1465.9
  p99: ......................................................................... 1465.9
http.responses: ................................................................ 26
vusers.completed: .............................................................. 26
vusers.created: ................................................................ 27
vusers.created_by_name.Root (/): ............................................... 27
vusers.failed: ................................................................. 0
vusers.session_length:
  min: ......................................................................... 1458.2
  max: ......................................................................... 1472.4
  median: ...................................................................... 1465.9
  p95: ......................................................................... 1465.9
  p99: ......................................................................... 1465.9


--------------------------------------
Metrics for period to: 17:06:20(-0300) (width: 9.418s)
--------------------------------------

http.codes.200: ................................................................ 32
http.request_rate: ............................................................. 3/sec
http.requests: ................................................................. 30
http.response_time:
  min: ......................................................................... 1456
  max: ......................................................................... 1482
  median: ...................................................................... 1465.9
  p95: ......................................................................... 1465.9
  p99: ......................................................................... 1465.9
http.responses: ................................................................ 32
vusers.completed: .............................................................. 32
vusers.created: ................................................................ 30
vusers.created_by_name.Root (/): ............................................... 30
vusers.failed: ................................................................. 0
vusers.session_length:
  min: ......................................................................... 1457.1
  max: ......................................................................... 1485.8
  median: ...................................................................... 1465.9
  p95: ......................................................................... 1465.9
  p99: ......................................................................... 1465.9


--------------------------------------
Metrics for period to: 17:06:30(-0300) (width: 9.751s)
--------------------------------------

http.codes.200: ................................................................ 26
http.request_rate: ............................................................. 3/sec
http.requests: ................................................................. 26
http.response_time:
  min: ......................................................................... 1456
  max: ......................................................................... 1462
  median: ...................................................................... 1465.9
  p95: ......................................................................... 1465.9
  p99: ......................................................................... 1465.9
http.responses: ................................................................ 26
vusers.completed: .............................................................. 26
vusers.created: ................................................................ 26
vusers.created_by_name.Root (/): ............................................... 26
vusers.failed: ................................................................. 0
vusers.session_length:
  min: ......................................................................... 1459.1
  max: ......................................................................... 1469.2
  median: ...................................................................... 1465.9
  p95: ......................................................................... 1465.9
  p99: ......................................................................... 1465.9


--------------------------------------
Metrics for period to: 17:06:40(-0300) (width: 9.838s)
--------------------------------------

http.codes.200: ................................................................ 31
http.request_rate: ............................................................. 3/sec
http.requests: ................................................................. 32
http.response_time:
  min: ......................................................................... 1455
  max: ......................................................................... 1463
  median: ...................................................................... 1465.9
  p95: ......................................................................... 1465.9
  p99: ......................................................................... 1465.9
http.responses: ................................................................ 31
vusers.completed: .............................................................. 31
vusers.created: ................................................................ 32
vusers.created_by_name.Root (/): ............................................... 32
vusers.failed: ................................................................. 0
vusers.session_length:
  min: ......................................................................... 1457.8
  max: ......................................................................... 1468.5
  median: ...................................................................... 1465.9
  p95: ......................................................................... 1465.9
  p99: ......................................................................... 1465.9


--------------------------------------
Metrics for period to: 17:06:50(-0300) (width: 9.84s)
--------------------------------------

http.codes.200: ................................................................ 42
http.request_rate: ............................................................. 5/sec
http.requests: ................................................................. 42
http.response_time:
  min: ......................................................................... 1455
  max: ......................................................................... 1463
  median: ...................................................................... 1465.9
  p95: ......................................................................... 1465.9
  p99: ......................................................................... 1465.9
http.responses: ................................................................ 42
vusers.completed: .............................................................. 42
vusers.created: ................................................................ 42
vusers.created_by_name.Root (/): ............................................... 42
vusers.failed: ................................................................. 0
vusers.session_length:
  min: ......................................................................... 1457.9
  max: ......................................................................... 1468.1
  median: ...................................................................... 1465.9
  p95: ......................................................................... 1465.9
  p99: ......................................................................... 1465.9


--------------------------------------
Metrics for period to: 17:07:00(-0300) (width: 9.877s)
--------------------------------------

http.codes.200: ................................................................ 35
http.request_rate: ............................................................. 4/sec
http.requests: ................................................................. 36
http.response_time:
  min: ......................................................................... 1456
  max: ......................................................................... 1462
  median: ...................................................................... 1465.9
  p95: ......................................................................... 1465.9
  p99: ......................................................................... 1465.9
http.responses: ................................................................ 35
vusers.completed: .............................................................. 35
vusers.created: ................................................................ 36
vusers.created_by_name.Root (/): ............................................... 36
vusers.failed: ................................................................. 0
vusers.session_length:
  min: ......................................................................... 1457.4
  max: ......................................................................... 1467.3
  median: ...................................................................... 1465.9
  p95: ......................................................................... 1465.9
  p99: ......................................................................... 1465.9


--------------------------------------
Metrics for period to: 17:07:10(-0300) (width: 9.792s)
--------------------------------------

http.codes.200: ................................................................ 42
http.request_rate: ............................................................. 5/sec
http.requests: ................................................................. 44
http.response_time:
  min: ......................................................................... 1456
  max: ......................................................................... 1462
  median: ...................................................................... 1465.9
  p95: ......................................................................... 1465.9
  p99: ......................................................................... 1465.9
http.responses: ................................................................ 42
vusers.completed: .............................................................. 42
vusers.created: ................................................................ 44
vusers.created_by_name.Root (/): ............................................... 44
vusers.failed: ................................................................. 0
vusers.session_length:
  min: ......................................................................... 1457.7
  max: ......................................................................... 1466
  median: ...................................................................... 1465.9
  p95: ......................................................................... 1465.9
  p99: ......................................................................... 1465.9


--------------------------------------
Metrics for period to: 17:07:20(-0300) (width: 9.755s)
--------------------------------------

http.codes.200: ................................................................ 54
http.request_rate: ............................................................. 5/sec
http.requests: ................................................................. 52
http.response_time:
  min: ......................................................................... 1455
  max: ......................................................................... 1659
  median: ...................................................................... 1465.9
  p95: ......................................................................... 1525.7
  p99: ......................................................................... 1652.8
http.responses: ................................................................ 54
vusers.completed: .............................................................. 54
vusers.created: ................................................................ 52
vusers.created_by_name.Root (/): ............................................... 52
vusers.failed: ................................................................. 0
vusers.session_length:
  min: ......................................................................... 1456.7
  max: ......................................................................... 1662.7
  median: ...................................................................... 1465.9
  p95: ......................................................................... 1525.7
  p99: ......................................................................... 1652.8


--------------------------------------
Metrics for period to: 17:07:30(-0300) (width: 9.753s)
--------------------------------------

http.codes.200: ................................................................ 47
http.request_rate: ............................................................. 5/sec
http.requests: ................................................................. 49
http.response_time:
  min: ......................................................................... 1454
  max: ......................................................................... 1464
  median: ...................................................................... 1465.9
  p95: ......................................................................... 1465.9
  p99: ......................................................................... 1465.9
http.responses: ................................................................ 47
vusers.completed: .............................................................. 47
vusers.created: ................................................................ 49
vusers.created_by_name.Root (/): ............................................... 49
vusers.failed: ................................................................. 0
vusers.session_length:
  min: ......................................................................... 1455.4
  max: ......................................................................... 1467.3
  median: ...................................................................... 1465.9
  p95: ......................................................................... 1465.9
  p99: ......................................................................... 1465.9


--------------------------------------
Metrics for period to: 17:07:40(-0300) (width: 9.964s)
--------------------------------------

http.codes.200: ................................................................ 57
http.request_rate: ............................................................. 6/sec
http.requests: ................................................................. 56
http.response_time:
  min: ......................................................................... 1454
  max: ......................................................................... 1462
  median: ...................................................................... 1465.9
  p95: ......................................................................... 1465.9
  p99: ......................................................................... 1465.9
http.responses: ................................................................ 57
vusers.completed: .............................................................. 57
vusers.created: ................................................................ 56
vusers.created_by_name.Root (/): ............................................... 56
vusers.failed: ................................................................. 0
vusers.session_length:
  min: ......................................................................... 1456.1
  max: ......................................................................... 1485.2
  median: ...................................................................... 1465.9
  p95: ......................................................................... 1465.9
  p99: ......................................................................... 1465.9


--------------------------------------
Metrics for period to: 17:07:50(-0300) (width: 9.962s)
--------------------------------------

http.codes.200: ................................................................ 59
http.request_rate: ............................................................. 6/sec
http.requests: ................................................................. 61
http.response_time:
  min: ......................................................................... 1455
  max: ......................................................................... 1655
  median: ...................................................................... 1465.9
  p95: ......................................................................... 1525.7
  p99: ......................................................................... 1525.7
http.responses: ................................................................ 59
vusers.completed: .............................................................. 59
vusers.created: ................................................................ 61
vusers.created_by_name.Root (/): ............................................... 61
vusers.failed: ................................................................. 0
vusers.session_length:
  min: ......................................................................... 1456.7
  max: ......................................................................... 1658.7
  median: ...................................................................... 1465.9
  p95: ......................................................................... 1525.7
  p99: ......................................................................... 1556.5


--------------------------------------
Metrics for period to: 17:08:00(-0300) (width: 9.878s)
--------------------------------------

http.codes.200: ................................................................ 62
http.request_rate: ............................................................. 6/sec
http.requests: ................................................................. 63
http.response_time:
  min: ......................................................................... 1455
  max: ......................................................................... 1659
  median: ...................................................................... 1465.9
  p95: ......................................................................... 1525.7
  p99: ......................................................................... 1620
http.responses: ................................................................ 62
vusers.completed: .............................................................. 62
vusers.created: ................................................................ 63
vusers.created_by_name.Root (/): ............................................... 63
vusers.failed: ................................................................. 0
vusers.session_length:
  min: ......................................................................... 1457.1
  max: ......................................................................... 1662.9
  median: ...................................................................... 1465.9
  p95: ......................................................................... 1525.7
  p99: ......................................................................... 1620


--------------------------------------
Metrics for period to: 17:08:10(-0300) (width: 9.876s)
--------------------------------------

http.codes.200: ................................................................ 61
http.request_rate: ............................................................. 6/sec
http.requests: ................................................................. 62
http.response_time:
  min: ......................................................................... 1454
  max: ......................................................................... 1542
  median: ...................................................................... 1465.9
  p95: ......................................................................... 1525.7
  p99: ......................................................................... 1525.7
http.responses: ................................................................ 61
vusers.completed: .............................................................. 61
vusers.created: ................................................................ 62
vusers.created_by_name.Root (/): ............................................... 62
vusers.failed: ................................................................. 0
vusers.session_length:
  min: ......................................................................... 1456.4
  max: ......................................................................... 1544.3
  median: ...................................................................... 1465.9
  p95: ......................................................................... 1525.7
  p99: ......................................................................... 1525.7


--------------------------------------
Metrics for period to: 17:08:20(-0300) (width: 9.888s)
--------------------------------------

http.codes.200: ................................................................ 66
http.request_rate: ............................................................. 7/sec
http.requests: ................................................................. 67
http.response_time:
  min: ......................................................................... 1455
  max: ......................................................................... 1811
  median: ...................................................................... 1620
  p95: ......................................................................... 1720.2
  p99: ......................................................................... 1826.6
http.responses: ................................................................ 66
vusers.completed: .............................................................. 66
vusers.created: ................................................................ 67
vusers.created_by_name.Root (/): ............................................... 67
vusers.failed: ................................................................. 0
vusers.session_length:
  min: ......................................................................... 1459.2
  max: ......................................................................... 1815.6
  median: ...................................................................... 1620
  p95: ......................................................................... 1755
  p99: ......................................................................... 1826.6


--------------------------------------
Metrics for period to: 17:08:30(-0300) (width: 9.865s)
--------------------------------------

http.codes.200: ................................................................ 69
http.request_rate: ............................................................. 7/sec
http.requests: ................................................................. 70
http.response_time:
  min: ......................................................................... 1455
  max: ......................................................................... 1758
  median: ...................................................................... 1495.5
  p95: ......................................................................... 1720.2
  p99: ......................................................................... 1720.2
http.responses: ................................................................ 69
vusers.completed: .............................................................. 69
vusers.created: ................................................................ 70
vusers.created_by_name.Root (/): ............................................... 70
vusers.failed: ................................................................. 0
vusers.session_length:
  min: ......................................................................... 1456.9
  max: ......................................................................... 1761.9
  median: ...................................................................... 1525.7
  p95: ......................................................................... 1720.2
  p99: ......................................................................... 1720.2


--------------------------------------
Metrics for period to: 17:08:40(-0300) (width: 9.889s)
--------------------------------------

http.codes.200: ................................................................ 69
http.request_rate: ............................................................. 7/sec
http.requests: ................................................................. 73
http.response_time:
  min: ......................................................................... 1608
  max: ......................................................................... 2085
  median: ...................................................................... 1901.1
  p95: ......................................................................... 2018.7
  p99: ......................................................................... 2101.1
http.responses: ................................................................ 69
vusers.completed: .............................................................. 69
vusers.created: ................................................................ 73
vusers.created_by_name.Root (/): ............................................... 73
vusers.failed: ................................................................. 0
vusers.session_length:
  min: ......................................................................... 1611.2
  max: ......................................................................... 2088.8
  median: ...................................................................... 1901.1
  p95: ......................................................................... 2018.7
  p99: ......................................................................... 2101.1


--------------------------------------
Metrics for period to: 17:08:50(-0300) (width: 9.922s)
--------------------------------------

http.codes.200: ................................................................ 69
http.request_rate: ............................................................. 8/sec
http.requests: ................................................................. 80
http.response_time:
  min: ......................................................................... 2012
  max: ......................................................................... 3419
  median: ...................................................................... 2836.2
  p95: ......................................................................... 3395.5
  p99: ......................................................................... 3395.5
http.responses: ................................................................ 69
vusers.completed: .............................................................. 69
vusers.created: ................................................................ 80
vusers.created_by_name.Root (/): ............................................... 80
vusers.failed: ................................................................. 0
vusers.session_length:
  min: ......................................................................... 2015.7
  max: ......................................................................... 3421.7
  median: ...................................................................... 2836.2
  p95: ......................................................................... 3395.5
  p99: ......................................................................... 3395.5


Phase completed: SlowIncrease (index: 1, duration: 240s) 17:09:06(-0300)

Phase started: Reset Line (index: 2, duration: 60s) 17:09:06(-0300)

--------------------------------------
Metrics for period to: 17:09:00(-0300) (width: 9.945s)
--------------------------------------

http.codes.200: ................................................................ 69
http.request_rate: ............................................................. 8/sec
http.requests: ................................................................. 80
http.response_time:
  min: ......................................................................... 3414
  max: ......................................................................... 4818
  median: ...................................................................... 4231.1
  p95: ......................................................................... 4770.6
  p99: ......................................................................... 4770.6
http.responses: ................................................................ 69
vusers.completed: .............................................................. 69
vusers.created: ................................................................ 80
vusers.created_by_name.Root (/): ............................................... 80
vusers.failed: ................................................................. 0
vusers.session_length:
  min: ......................................................................... 3416.9
  max: ......................................................................... 4821
  median: ...................................................................... 4231.1
  p95: ......................................................................... 4770.6
  p99: ......................................................................... 4867


--------------------------------------
Metrics for period to: 17:09:10(-0300) (width: 9.972s)
--------------------------------------

http.codes.200: ................................................................ 69
http.request_rate: ............................................................. 6/sec
http.requests: ................................................................. 58
http.response_time:
  min: ......................................................................... 4816
  max: ......................................................................... 6221
  median: ...................................................................... 5487.5
  p95: ......................................................................... 6187.2
  p99: ......................................................................... 6187.2
http.responses: ................................................................ 69
vusers.completed: .............................................................. 69
vusers.created: ................................................................ 58
vusers.created_by_name.Root (/): ............................................... 58
vusers.failed: ................................................................. 0
vusers.session_length:
  min: ......................................................................... 4819.5
  max: ......................................................................... 6223
  median: ...................................................................... 5598.4
  p95: ......................................................................... 6187.2
  p99: ......................................................................... 6187.2


--------------------------------------
Metrics for period to: 17:09:20(-0300) (width: 9.782s)
--------------------------------------

http.codes.200: ................................................................ 35
http.request_rate: ............................................................. 1/sec
http.requests: ................................................................. 10
http.response_time:
  min: ......................................................................... 1455
  max: ......................................................................... 6625
  median: ...................................................................... 6439.7
  p95: ......................................................................... 6569.8
  p99: ......................................................................... 6569.8
http.responses: ................................................................ 35
vusers.completed: .............................................................. 35
vusers.created: ................................................................ 10
vusers.created_by_name.Root (/): ............................................... 10
vusers.failed: ................................................................. 0
vusers.session_length:
  min: ......................................................................... 1455.9
  max: ......................................................................... 6628.1
  median: ...................................................................... 6439.7
  p95: ......................................................................... 6569.8
  p99: ......................................................................... 6569.8


--------------------------------------
Metrics for period to: 17:09:30(-0300) (width: 9.546s)
--------------------------------------

http.codes.200: ................................................................ 10
http.request_rate: ............................................................. 1/sec
http.requests: ................................................................. 10
http.response_time:
  min: ......................................................................... 1454
  max: ......................................................................... 1459
  median: ...................................................................... 1465.9
  p95: ......................................................................... 1465.9
  p99: ......................................................................... 1465.9
http.responses: ................................................................ 10
vusers.completed: .............................................................. 10
vusers.created: ................................................................ 10
vusers.created_by_name.Root (/): ............................................... 10
vusers.failed: ................................................................. 0
vusers.session_length:
  min: ......................................................................... 1454.5
  max: ......................................................................... 1462
  median: ...................................................................... 1465.9
  p95: ......................................................................... 1465.9
  p99: ......................................................................... 1465.9


--------------------------------------
Metrics for period to: 17:09:40(-0300) (width: 9.546s)
--------------------------------------

http.codes.200: ................................................................ 10
http.request_rate: ............................................................. 1/sec
http.requests: ................................................................. 10
http.response_time:
  min: ......................................................................... 1453
  max: ......................................................................... 1458
  median: ...................................................................... 1465.9
  p95: ......................................................................... 1465.9
  p99: ......................................................................... 1465.9
http.responses: ................................................................ 10
vusers.completed: .............................................................. 10
vusers.created: ................................................................ 10
vusers.created_by_name.Root (/): ............................................... 10
vusers.failed: ................................................................. 0
vusers.session_length:
  min: ......................................................................... 1454.2
  max: ......................................................................... 1462.3
  median: ...................................................................... 1465.9
  p95: ......................................................................... 1465.9
  p99: ......................................................................... 1465.9


--------------------------------------
Metrics for period to: 17:09:50(-0300) (width: 9.543s)
--------------------------------------

http.codes.200: ................................................................ 10
http.request_rate: ............................................................. 1/sec
http.requests: ................................................................. 10
http.response_time:
  min: ......................................................................... 1455
  max: ......................................................................... 1458
  median: ...................................................................... 1465.9
  p95: ......................................................................... 1465.9
  p99: ......................................................................... 1465.9
http.responses: ................................................................ 10
vusers.completed: .............................................................. 10
vusers.created: ................................................................ 10
vusers.created_by_name.Root (/): ............................................... 10
vusers.failed: ................................................................. 0
vusers.session_length:
  min: ......................................................................... 1456.5
  max: ......................................................................... 1461.4
  median: ...................................................................... 1465.9
  p95: ......................................................................... 1465.9
  p99: ......................................................................... 1465.9


Phase completed: Reset Line (index: 2, duration: 60s) 17:10:06(-0300)

--------------------------------------
Metrics for period to: 17:10:00(-0300) (width: 9.544s)
--------------------------------------

http.codes.200: ................................................................ 10
http.request_rate: ............................................................. 1/sec
http.requests: ................................................................. 10
http.response_time:
  min: ......................................................................... 1455
  max: ......................................................................... 1458
  median: ...................................................................... 1465.9
  p95: ......................................................................... 1465.9
  p99: ......................................................................... 1465.9
http.responses: ................................................................ 10
vusers.completed: .............................................................. 10
vusers.created: ................................................................ 10
vusers.created_by_name.Root (/): ............................................... 10
vusers.failed: ................................................................. 0
vusers.session_length:
  min: ......................................................................... 1456
  max: ......................................................................... 1461.5
  median: ...................................................................... 1465.9
  p95: ......................................................................... 1465.9
  p99: ......................................................................... 1465.9


--------------------------------------
Metrics for period to: 17:10:10(-0300) (width: 8.002s)
--------------------------------------

http.codes.200: ................................................................ 9
http.request_rate: ............................................................. 1/sec
http.requests: ................................................................. 7
http.response_time:
  min: ......................................................................... 1455
  max: ......................................................................... 1457
  median: ...................................................................... 1465.9
  p95: ......................................................................... 1465.9
  p99: ......................................................................... 1465.9
http.responses: ................................................................ 9
vusers.completed: .............................................................. 9
vusers.created: ................................................................ 7
vusers.created_by_name.Root (/): ............................................... 7
vusers.failed: ................................................................. 0
vusers.session_length:
  min: ......................................................................... 1456.2
  max: ......................................................................... 1462
  median: ...................................................................... 1465.9
  p95: ......................................................................... 1465.9
  p99: ......................................................................... 1465.9


All VUs finished. Total time: 5 minutes, 33 seconds

--------------------------------
Summary report @ 17:10:08(-0300)
--------------------------------

http.codes.200: ................................................................ 1165
http.request_rate: ............................................................. 4/sec
http.requests: ................................................................. 1165
http.response_time:
  min: ......................................................................... 1453
  max: ......................................................................... 6625
  median: ...................................................................... 1465.9
  p95: ......................................................................... 5487.5
  p99: ......................................................................... 6439.7
http.responses: ................................................................ 1165
vusers.completed: .............................................................. 1165
vusers.created: ................................................................ 1165
vusers.created_by_name.Root (/): ............................................... 1165
vusers.failed: ................................................................. 0
vusers.session_length:
  min: ......................................................................... 1454.2
  max: ......................................................................... 6628.1
  median: ...................................................................... 1465.9
  p95: ......................................................................... 5598.4
  p99: ......................................................................... 6439.7
