
> perf@1.0.0 artillery
> NODE_OPTIONS=--max-old-space-size=4096 artillery "run" "./results/multinode/spike/cfg-spike-ping.yaml" "-e" "ping"

Phase started: Slow Ramp (index: 0, duration: 10s) 20:05:51(-0300)

Phase completed: Slow Ramp (index: 0, duration: 10s) 20:06:01(-0300)

Phase started: Plain Line (index: 1, duration: 45s) 20:06:01(-0300)

--------------------------------------
Metrics for period to: 20:06:00(-0300) (width: 8.119s)
--------------------------------------

http.codes.200: ................................................................ 996
http.request_rate: ............................................................. 130/sec
http.requests: ................................................................. 999
http.response_time:
  min: ......................................................................... 0
  max: ......................................................................... 53
  median: ...................................................................... 4
  p95: ......................................................................... 8.9
  p99: ......................................................................... 34.8
http.responses: ................................................................ 996
vusers.completed: .............................................................. 996
vusers.created: ................................................................ 999
vusers.created_by_name.Root (/): ............................................... 999
vusers.failed: ................................................................. 0
vusers.session_length:
  min: ......................................................................... 2.2
  max: ......................................................................... 71
  median: ...................................................................... 8.6
  p95: ......................................................................... 19.5
  p99: ......................................................................... 45.2


--------------------------------------
Metrics for period to: 20:06:10(-0300) (width: 9.997s)
--------------------------------------

http.codes.200: ................................................................ 2909
http.request_rate: ............................................................. 292/sec
http.requests: ................................................................. 2906
http.response_time:
  min: ......................................................................... 0
  max: ......................................................................... 21
  median: ...................................................................... 2
  p95: ......................................................................... 7
  p99: ......................................................................... 10.9
http.responses: ................................................................ 2909
vusers.completed: .............................................................. 2909
vusers.created: ................................................................ 2908
vusers.created_by_name.Root (/): ............................................... 2908
vusers.failed: ................................................................. 0
vusers.session_length:
  min: ......................................................................... 1.7
  max: ......................................................................... 56.3
  median: ...................................................................... 4.4
  p95: ......................................................................... 13.9
  p99: ......................................................................... 20.7


--------------------------------------
Metrics for period to: 20:06:20(-0300) (width: 9.998s)
--------------------------------------

http.codes.200: ................................................................ 2997
http.request_rate: ............................................................. 300/sec
http.requests: ................................................................. 3002
http.response_time:
  min: ......................................................................... 0
  max: ......................................................................... 47
  median: ...................................................................... 2
  p95: ......................................................................... 6
  p99: ......................................................................... 13.9
http.responses: ................................................................ 2997
vusers.completed: .............................................................. 2997
vusers.created: ................................................................ 3001
vusers.created_by_name.Root (/): ............................................... 3001
vusers.failed: ................................................................. 0
vusers.session_length:
  min: ......................................................................... 2
  max: ......................................................................... 78.3
  median: ...................................................................... 4.4
  p95: ......................................................................... 13.1
  p99: ......................................................................... 22.9


--------------------------------------
Metrics for period to: 20:06:30(-0300) (width: 9.997s)
--------------------------------------

http.codes.200: ................................................................ 3000
http.request_rate: ............................................................. 300/sec
http.requests: ................................................................. 3000
http.response_time:
  min: ......................................................................... 0
  max: ......................................................................... 24
  median: ...................................................................... 2
  p95: ......................................................................... 7
  p99: ......................................................................... 13.1
http.responses: ................................................................ 3000
vusers.completed: .............................................................. 3000
vusers.created: ................................................................ 3000
vusers.created_by_name.Root (/): ............................................... 3000
vusers.failed: ................................................................. 0
vusers.session_length:
  min: ......................................................................... 2.4
  max: ......................................................................... 62.2
  median: ...................................................................... 5.1
  p95: ......................................................................... 14.2
  p99: ......................................................................... 23.3


Phase completed: Plain Line (index: 1, duration: 45s) 20:06:46(-0300)

Phase started: Soft Spike (index: 2, duration: 5s) 20:06:46(-0300)

--------------------------------------
Metrics for period to: 20:06:40(-0300) (width: 9.998s)
--------------------------------------

http.codes.200: ................................................................ 3004
http.request_rate: ............................................................. 300/sec
http.requests: ................................................................. 3000
http.response_time:
  min: ......................................................................... 0
  max: ......................................................................... 41
  median: ...................................................................... 2
  p95: ......................................................................... 7.9
  p99: ......................................................................... 13.1
http.responses: ................................................................ 3004
vusers.completed: .............................................................. 3004
vusers.created: ................................................................ 3000
vusers.created_by_name.Root (/): ............................................... 3000
vusers.failed: ................................................................. 0
vusers.session_length:
  min: ......................................................................... 2.3
  max: ......................................................................... 61.4
  median: ...................................................................... 4.9
  p95: ......................................................................... 13.6
  p99: ......................................................................... 22.9


Phase completed: Soft Spike (index: 2, duration: 5s) 20:06:51(-0300)

Phase started: Soft Spike Plateau (index: 3, duration: 25s) 20:06:51(-0300)

--------------------------------------
Metrics for period to: 20:06:50(-0300) (width: 9.999s)
--------------------------------------

http.codes.200: ................................................................ 3129
http.request_rate: ............................................................. 314/sec
http.requests: ................................................................. 3129
http.response_time:
  min: ......................................................................... 0
  max: ......................................................................... 88
  median: ...................................................................... 6
  p95: ......................................................................... 37
  p99: ......................................................................... 58.6
http.responses: ................................................................ 3129
vusers.completed: .............................................................. 3129
vusers.created: ................................................................ 3131
vusers.created_by_name.Root (/): ............................................... 3131
vusers.failed: ................................................................. 0
vusers.session_length:
  min: ......................................................................... 2.3
  max: ......................................................................... 130
  median: ...................................................................... 8.2
  p95: ......................................................................... 42.5
  p99: ......................................................................... 67.4


--------------------------------------
Metrics for period to: 20:07:00(-0300) (width: 9.999s)
--------------------------------------

http.codes.200: ................................................................ 4711
http.request_rate: ............................................................. 485/sec
http.requests: ................................................................. 4852
http.response_time:
  min: ......................................................................... 1
  max: ......................................................................... 873
  median: ...................................................................... 66
  p95: ......................................................................... 407.5
  p99: ......................................................................... 561.2
http.responses: ................................................................ 4711
vusers.completed: .............................................................. 4711
vusers.created: ................................................................ 4852
vusers.created_by_name.Root (/): ............................................... 4852
vusers.failed: ................................................................. 0
vusers.session_length:
  min: ......................................................................... 2.9
  max: ......................................................................... 923.6
  median: ...................................................................... 76
  p95: ......................................................................... 424.2
  p99: ......................................................................... 584.2


Phase completed: Soft Spike Plateau (index: 3, duration: 25s) 20:07:16(-0300)

Phase started: Cooldown 1 (index: 4, duration: 100s) 20:07:16(-0300)

--------------------------------------
Metrics for period to: 20:07:10(-0300) (width: 9.999s)
--------------------------------------

http.codes.200: ................................................................ 5091
http.request_rate: ............................................................. 501/sec
http.requests: ................................................................. 4999
http.response_time:
  min: ......................................................................... 0
  max: ......................................................................... 617
  median: ...................................................................... 30.3
  p95: ......................................................................... 198.4
  p99: ......................................................................... 361.5
http.responses: ................................................................ 5091
vusers.completed: .............................................................. 5091
vusers.created: ................................................................ 5000
vusers.created_by_name.Root (/): ............................................... 5000
vusers.failed: ................................................................. 0
vusers.session_length:
  min: ......................................................................... 1.7
  max: ......................................................................... 652.6
  median: ...................................................................... 37.7
  p95: ......................................................................... 223.7
  p99: ......................................................................... 383.8


--------------------------------------
Metrics for period to: 20:07:20(-0300) (width: 9.998s)
--------------------------------------

http.codes.200: ................................................................ 4615
http.request_rate: ............................................................. 458/sec
http.requests: ................................................................. 4567
http.response_time:
  min: ......................................................................... 0
  max: ......................................................................... 632
  median: ...................................................................... 7.9
  p95: ......................................................................... 247.2
  p99: ......................................................................... 415.8
http.responses: ................................................................ 4615
vusers.completed: .............................................................. 4615
vusers.created: ................................................................ 4563
vusers.created_by_name.Root (/): ............................................... 4563
vusers.failed: ................................................................. 0
vusers.session_length:
  min: ......................................................................... 1.8
  max: ......................................................................... 650.8
  median: ...................................................................... 12.6
  p95: ......................................................................... 267.8
  p99: ......................................................................... 441.5


--------------------------------------
Metrics for period to: 20:07:30(-0300) (width: 9.998s)
--------------------------------------

http.codes.200: ................................................................ 2998
http.request_rate: ............................................................. 300/sec
http.requests: ................................................................. 2998
http.response_time:
  min: ......................................................................... 0
  max: ......................................................................... 18
  median: ...................................................................... 1
  p95: ......................................................................... 4
  p99: ......................................................................... 7.9
http.responses: ................................................................ 2998
vusers.completed: .............................................................. 2998
vusers.created: ................................................................ 2999
vusers.created_by_name.Root (/): ............................................... 2999
vusers.failed: ................................................................. 0
vusers.session_length:
  min: ......................................................................... 1.8
  max: ......................................................................... 46.7
  median: ...................................................................... 2.9
  p95: ......................................................................... 7.8
  p99: ......................................................................... 16.6


--------------------------------------
Metrics for period to: 20:07:40(-0300) (width: 9.998s)
--------------------------------------

http.codes.200: ................................................................ 3002
http.request_rate: ............................................................. 300/sec
http.requests: ................................................................. 3002
http.response_time:
  min: ......................................................................... 0
  max: ......................................................................... 33
  median: ...................................................................... 1
  p95: ......................................................................... 5
  p99: ......................................................................... 8.9
http.responses: ................................................................ 3002
vusers.completed: .............................................................. 3002
vusers.created: ................................................................ 3001
vusers.created_by_name.Root (/): ............................................... 3001
vusers.failed: ................................................................. 0
vusers.session_length:
  min: ......................................................................... 1.9
  max: ......................................................................... 49.7
  median: ...................................................................... 2.9
  p95: ......................................................................... 9.3
  p99: ......................................................................... 18.7


--------------------------------------
Metrics for period to: 20:07:50(-0300) (width: 9.998s)
--------------------------------------

http.codes.200: ................................................................ 3001
http.request_rate: ............................................................. 300/sec
http.requests: ................................................................. 3000
http.response_time:
  min: ......................................................................... 0
  max: ......................................................................... 16
  median: ...................................................................... 1
  p95: ......................................................................... 3
  p99: ......................................................................... 7
http.responses: ................................................................ 3001
vusers.completed: .............................................................. 3000
vusers.created: ................................................................ 3000
vusers.created_by_name.Root (/): ............................................... 3000
vusers.failed: ................................................................. 0
vusers.session_length:
  min: ......................................................................... 1.9
  max: ......................................................................... 42.6
  median: ...................................................................... 2.8
  p95: ......................................................................... 7.9
  p99: ......................................................................... 15.6


--------------------------------------
Metrics for period to: 20:08:00(-0300) (width: 9.999s)
--------------------------------------

http.codes.200: ................................................................ 2970
http.request_rate: ............................................................. 300/sec
http.requests: ................................................................. 2998
http.response_time:
  min: ......................................................................... 0
  max: ......................................................................... 155
  median: ...................................................................... 15
  p95: ......................................................................... 50.9
  p99: ......................................................................... 96.6
http.responses: ................................................................ 2970
vusers.completed: .............................................................. 2971
vusers.created: ................................................................ 2999
vusers.created_by_name.Root (/): ............................................... 2999
vusers.failed: ................................................................. 0
vusers.session_length:
  min: ......................................................................... 2
  max: ......................................................................... 159.1
  median: ...................................................................... 18
  p95: ......................................................................... 59.7
  p99: ......................................................................... 100.5


--------------------------------------
Metrics for period to: 20:08:10(-0300) (width: 9.996s)
--------------------------------------

http.codes.200: ................................................................ 2991
http.request_rate: ............................................................. 300/sec
http.requests: ................................................................. 3001
http.response_time:
  min: ......................................................................... 0
  max: ......................................................................... 141
  median: ...................................................................... 16
  p95: ......................................................................... 56.3
  p99: ......................................................................... 96.6
http.responses: ................................................................ 2991
vusers.completed: .............................................................. 2991
vusers.created: ................................................................ 3000
vusers.created_by_name.Root (/): ............................................... 3000
vusers.failed: ................................................................. 0
vusers.session_length:
  min: ......................................................................... 2
  max: ......................................................................... 162.4
  median: ...................................................................... 18.7
  p95: ......................................................................... 70.1
  p99: ......................................................................... 108.9


--------------------------------------
Metrics for period to: 20:08:20(-0300) (width: 9.996s)
--------------------------------------

http.codes.200: ................................................................ 3040
http.request_rate: ............................................................. 300/sec
http.requests: ................................................................. 3001
http.response_time:
  min: ......................................................................... 0
  max: ......................................................................... 196
  median: ...................................................................... 2
  p95: ......................................................................... 22
  p99: ......................................................................... 96.6
http.responses: ................................................................ 3040
vusers.completed: .............................................................. 3040
vusers.created: ................................................................ 3001
vusers.created_by_name.Root (/): ............................................... 3001
vusers.failed: ................................................................. 0
vusers.session_length:
  min: ......................................................................... 2
  max: ......................................................................... 244.3
  median: ...................................................................... 3
  p95: ......................................................................... 25.8
  p99: ......................................................................... 111.1


--------------------------------------
Metrics for period to: 20:08:30(-0300) (width: 9.997s)
--------------------------------------

http.codes.200: ................................................................ 3000
http.request_rate: ............................................................. 300/sec
http.requests: ................................................................. 3000
http.response_time:
  min: ......................................................................... 0
  max: ......................................................................... 44
  median: ...................................................................... 2
  p95: ......................................................................... 18
  p99: ......................................................................... 26.8
http.responses: ................................................................ 3000
vusers.completed: .............................................................. 3000
vusers.created: ................................................................ 3000
vusers.created_by_name.Root (/): ............................................... 3000
vusers.failed: ................................................................. 0
vusers.session_length:
  min: ......................................................................... 1.8
  max: ......................................................................... 47.3
  median: ...................................................................... 3.6
  p95: ......................................................................... 22.4
  p99: ......................................................................... 34.1


--------------------------------------
Metrics for period to: 20:08:40(-0300) (width: 9.998s)
--------------------------------------

http.codes.200: ................................................................ 3000
http.request_rate: ............................................................. 300/sec
http.requests: ................................................................. 3000
http.response_time:
  min: ......................................................................... 0
  max: ......................................................................... 35
  median: ...................................................................... 1
  p95: ......................................................................... 6
  p99: ......................................................................... 10.9
http.responses: ................................................................ 3000
vusers.completed: .............................................................. 3000
vusers.created: ................................................................ 3000
vusers.created_by_name.Root (/): ............................................... 3000
vusers.failed: ................................................................. 0
vusers.session_length:
  min: ......................................................................... 1.9
  max: ......................................................................... 41
  median: ...................................................................... 2.9
  p95: ......................................................................... 11.1
  p99: ......................................................................... 19.9


Phase completed: Cooldown 1 (index: 4, duration: 100s) 20:08:56(-0300)

Phase started: Strong Spike (index: 5, duration: 5s) 20:08:56(-0300)

--------------------------------------
Metrics for period to: 20:08:50(-0300) (width: 9.995s)
--------------------------------------

http.codes.200: ................................................................ 2996
http.request_rate: ............................................................. 300/sec
http.requests: ................................................................. 3000
http.response_time:
  min: ......................................................................... 0
  max: ......................................................................... 61
  median: ...................................................................... 2
  p95: ......................................................................... 13.9
  p99: ......................................................................... 26.8
http.responses: ................................................................ 2996
vusers.completed: .............................................................. 2996
vusers.created: ................................................................ 3000
vusers.created_by_name.Root (/): ............................................... 3000
vusers.failed: ................................................................. 0
vusers.session_length:
  min: ......................................................................... 1.9
  max: ......................................................................... 63
  median: ...................................................................... 2.9
  p95: ......................................................................... 18
  p99: ......................................................................... 30.9


Phase completed: Strong Spike (index: 5, duration: 5s) 20:09:02(-0300)

Phase started: Strong Spike Plateau (index: 6, duration: 25s) 20:09:02(-0300)

--------------------------------------
Metrics for period to: 20:09:00(-0300) (width: 9.999s)
--------------------------------------

http.codes.200: ................................................................ 3169
http.request_rate: ............................................................. 319/sec
http.requests: ................................................................. 3178
http.response_time:
  min: ......................................................................... 0
  max: ......................................................................... 87
  median: ...................................................................... 2
  p95: ......................................................................... 19.1
  p99: ......................................................................... 40.9
http.responses: ................................................................ 3169
vusers.completed: .............................................................. 3169
vusers.created: ................................................................ 3181
vusers.created_by_name.Root (/): ............................................... 3181
vusers.failed: ................................................................. 0
vusers.session_length:
  min: ......................................................................... 1.5
  max: ......................................................................... 113.1
  median: ...................................................................... 3.2
  p95: ......................................................................... 23.3
  p99: ......................................................................... 53


--------------------------------------
Metrics for period to: 20:09:10(-0300) (width: 9.997s)
--------------------------------------

http.codes.200: ................................................................ 5147
http.request_rate: ............................................................. 605/sec
http.requests: ................................................................. 6033
http.response_time:
  min: ......................................................................... 2
  max: ......................................................................... 3602
  median: ...................................................................... 432.7
  p95: ......................................................................... 1826.6
  p99: ......................................................................... 2369
http.responses: ................................................................ 5147
vusers.completed: .............................................................. 5147
vusers.created: ................................................................ 6036
vusers.created_by_name.Root (/): ............................................... 6036
vusers.failed: ................................................................. 0
vusers.session_length:
  min: ......................................................................... 5.3
  max: ......................................................................... 3624.5
  median: ...................................................................... 468.8
  p95: ......................................................................... 1826.6
  p99: ......................................................................... 2369


Phase completed: Strong Spike Plateau (index: 6, duration: 25s) 20:09:27(-0300)

Phase started: Cooldown 2 (index: 7, duration: 70s) 20:09:27(-0300)

--------------------------------------
Metrics for period to: 20:09:20(-0300) (width: 9.99s)
--------------------------------------

http.codes.200: ................................................................ 6523
http.request_rate: ............................................................. 653/sec
http.requests: ................................................................. 6493
http.response_time:
  min: ......................................................................... 59
  max: ......................................................................... 4291
  median: ...................................................................... 1436.8
  p95: ......................................................................... 2618.1
  p99: ......................................................................... 3072.4
http.responses: ................................................................ 6523
vusers.completed: .............................................................. 6523
vusers.created: ................................................................ 6493
vusers.created_by_name.Root (/): ............................................... 6493
vusers.failed: ................................................................. 0
vusers.session_length:
  min: ......................................................................... 108.1
  max: ......................................................................... 4364.6
  median: ...................................................................... 1465.9
  p95: ......................................................................... 2618.1
  p99: ......................................................................... 3072.4


--------------------------------------
Metrics for period to: 20:09:30(-0300) (width: 9.994s)
--------------------------------------

http.codes.200: ................................................................ 6883
http.request_rate: ............................................................. 602/sec
http.requests: ................................................................. 6017
http.response_time:
  min: ......................................................................... 0
  max: ......................................................................... 2711
  median: ...................................................................... 71.5
  p95: ......................................................................... 1224.4
  p99: ......................................................................... 1863.5
http.responses: ................................................................ 6883
vusers.completed: .............................................................. 6883
vusers.created: ................................................................ 6011
vusers.created_by_name.Root (/): ............................................... 6011
vusers.failed: ................................................................. 0
vusers.session_length:
  min: ......................................................................... 1.4
  max: ......................................................................... 2735.8
  median: ...................................................................... 83.9
  p95: ......................................................................... 1249.1
  p99: ......................................................................... 1901.1


--------------------------------------
Metrics for period to: 20:09:40(-0300) (width: 9.999s)
--------------------------------------

http.codes.200: ................................................................ 3003
http.request_rate: ............................................................. 300/sec
http.requests: ................................................................. 3001
http.response_time:
  min: ......................................................................... 0
  max: ......................................................................... 20
  median: ...................................................................... 1
  p95: ......................................................................... 5
  p99: ......................................................................... 8.9
http.responses: ................................................................ 3003
vusers.completed: .............................................................. 3003
vusers.created: ................................................................ 3003
vusers.created_by_name.Root (/): ............................................... 3003
vusers.failed: ................................................................. 0
vusers.session_length:
  min: ......................................................................... 1.8
  max: ......................................................................... 32.9
  median: ...................................................................... 2.9
  p95: ......................................................................... 9.1
  p99: ......................................................................... 16.3


--------------------------------------
Metrics for period to: 20:09:50(-0300) (width: 9.999s)
--------------------------------------

http.codes.200: ................................................................ 3000
http.request_rate: ............................................................. 300/sec
http.requests: ................................................................. 3000
http.response_time:
  min: ......................................................................... 0
  max: ......................................................................... 38
  median: ...................................................................... 1
  p95: ......................................................................... 5
  p99: ......................................................................... 10.1
http.responses: ................................................................ 3000
vusers.completed: .............................................................. 3000
vusers.created: ................................................................ 3000
vusers.created_by_name.Root (/): ............................................... 3000
vusers.failed: ................................................................. 0
vusers.session_length:
  min: ......................................................................... 1.9
  max: ......................................................................... 51.8
  median: ...................................................................... 2.8
  p95: ......................................................................... 9.1
  p99: ......................................................................... 16.9


--------------------------------------
Metrics for period to: 20:10:00(-0300) (width: 9.999s)
--------------------------------------

http.codes.200: ................................................................ 3001
http.request_rate: ............................................................. 300/sec
http.requests: ................................................................. 3000
http.response_time:
  min: ......................................................................... 0
  max: ......................................................................... 34
  median: ...................................................................... 1
  p95: ......................................................................... 6
  p99: ......................................................................... 13.1
http.responses: ................................................................ 3001
vusers.completed: .............................................................. 3001
vusers.created: ................................................................ 3000
vusers.created_by_name.Root (/): ............................................... 3000
vusers.failed: ................................................................. 0
vusers.session_length:
  min: ......................................................................... 1.8
  max: ......................................................................... 53.7
  median: ...................................................................... 2.8
  p95: ......................................................................... 9.9
  p99: ......................................................................... 19.9


--------------------------------------
Metrics for period to: 20:10:10(-0300) (width: 9.999s)
--------------------------------------

http.codes.200: ................................................................ 2987
http.request_rate: ............................................................. 300/sec
http.requests: ................................................................. 3000
http.response_time:
  min: ......................................................................... 0
  max: ......................................................................... 120
  median: ...................................................................... 2
  p95: ......................................................................... 26.8
  p99: ......................................................................... 68.7
http.responses: ................................................................ 2987
vusers.completed: .............................................................. 2987
vusers.created: ................................................................ 2998
vusers.created_by_name.Root (/): ............................................... 2998
vusers.failed: ................................................................. 0
vusers.session_length:
  min: ......................................................................... 1.9
  max: ......................................................................... 156.1
  median: ...................................................................... 2.9
  p95: ......................................................................... 32.1
  p99: ......................................................................... 82.3


--------------------------------------
Metrics for period to: 20:10:20(-0300) (width: 9.998s)
--------------------------------------

http.codes.200: ................................................................ 3013
http.request_rate: ............................................................. 300/sec
http.requests: ................................................................. 3002
http.response_time:
  min: ......................................................................... 0
  max: ......................................................................... 144
  median: ...................................................................... 16
  p95: ......................................................................... 39.3
  p99: ......................................................................... 67.4
http.responses: ................................................................ 3013
vusers.completed: .............................................................. 3013
vusers.created: ................................................................ 3002
vusers.created_by_name.Root (/): ............................................... 3002
vusers.failed: ................................................................. 0
vusers.session_length:
  min: ......................................................................... 1.9
  max: ......................................................................... 172.5
  median: ...................................................................... 18.7
  p95: ......................................................................... 45.2
  p99: ......................................................................... 79.1


Phase completed: Cooldown 2 (index: 7, duration: 70s) 20:10:37(-0300)

Phase started: Strong Long Spike (index: 8, duration: 5s) 20:10:37(-0300)

--------------------------------------
Metrics for period to: 20:10:30(-0300) (width: 9.998s)
--------------------------------------

http.codes.200: ................................................................ 2999
http.request_rate: ............................................................. 300/sec
http.requests: ................................................................. 3000
http.response_time:
  min: ......................................................................... 0
  max: ......................................................................... 385
  median: ...................................................................... 10.9
  p95: ......................................................................... 117.9
  p99: ......................................................................... 232.8
http.responses: ................................................................ 2999
vusers.completed: .............................................................. 2999
vusers.created: ................................................................ 3000
vusers.created_by_name.Root (/): ............................................... 3000
vusers.failed: ................................................................. 0
vusers.session_length:
  min: ......................................................................... 1.8
  max: ......................................................................... 415.6
  median: ...................................................................... 14.2
  p95: ......................................................................... 135.7
  p99: ......................................................................... 257.3


Phase completed: Strong Long Spike (index: 8, duration: 5s) 20:10:42(-0300)

Phase started: Strong Long Spike Plateau (index: 9, duration: 60s) 20:10:42(-0300)

--------------------------------------
Metrics for period to: 20:10:40(-0300) (width: 9.999s)
--------------------------------------

http.codes.200: ................................................................ 3122
http.request_rate: ............................................................. 312/sec
http.requests: ................................................................. 3119
http.response_time:
  min: ......................................................................... 0
  max: ......................................................................... 37
  median: ...................................................................... 1
  p95: ......................................................................... 12.1
  p99: ......................................................................... 23.8
http.responses: ................................................................ 3122
vusers.completed: .............................................................. 3122
vusers.created: ................................................................ 3119
vusers.created_by_name.Root (/): ............................................... 3119
vusers.failed: ................................................................. 0
vusers.session_length:
  min: ......................................................................... 1.5
  max: ......................................................................... 54
  median: ...................................................................... 2.9
  p95: ......................................................................... 15.6
  p99: ......................................................................... 28.5


--------------------------------------
Metrics for period to: 20:10:50(-0300) (width: 9.999s)
--------------------------------------

http.codes.200: ................................................................ 5775
http.request_rate: ............................................................. 595/sec
http.requests: ................................................................. 5925
http.response_time:
  min: ......................................................................... 0
  max: ......................................................................... 1105
  median: ...................................................................... 32.1
  p95: ......................................................................... 550.1
  p99: ......................................................................... 837.3
http.responses: ................................................................ 5775
vusers.completed: .............................................................. 5775
vusers.created: ................................................................ 5932
vusers.created_by_name.Root (/): ............................................... 5932
vusers.failed: ................................................................. 0
vusers.session_length:
  min: ......................................................................... 1.2
  max: ......................................................................... 1115.9
  median: ...................................................................... 40
  p95: ......................................................................... 550.1
  p99: ......................................................................... 854.2


--------------------------------------
Metrics for period to: 20:11:00(-0300) (width: 9.995s)
--------------------------------------

http.codes.200: ................................................................ 6549
http.request_rate: ............................................................. 656/sec
http.requests: ................................................................. 6527
http.response_time:
  min: ......................................................................... 0
  max: ......................................................................... 859
  median: ...................................................................... 100.5
  p95: ......................................................................... 383.8
  p99: ......................................................................... 539.2
http.responses: ................................................................ 6549
vusers.completed: .............................................................. 6549
vusers.created: ................................................................ 6526
vusers.created_by_name.Root (/): ............................................... 6526
vusers.failed: ................................................................. 0
vusers.session_length:
  min: ......................................................................... 1.5
  max: ......................................................................... 907.9
  median: ...................................................................... 115.6
  p95: ......................................................................... 399.5
  p99: ......................................................................... 561.2


--------------------------------------
Metrics for period to: 20:11:10(-0300) (width: 9.99s)
--------------------------------------

http.codes.200: ................................................................ 6363
http.request_rate: ............................................................. 652/sec
http.requests: ................................................................. 6472
http.response_time:
  min: ......................................................................... 0
  max: ......................................................................... 873
  median: ...................................................................... 117.9
  p95: ......................................................................... 415.8
  p99: ......................................................................... 561.2
http.responses: ................................................................ 6363
vusers.completed: .............................................................. 6363
vusers.created: ................................................................ 6472
vusers.created_by_name.Root (/): ............................................... 6472
vusers.failed: ................................................................. 0
vusers.session_length:
  min: ......................................................................... 1.4
  max: ......................................................................... 892
  median: ...................................................................... 130.3
  p95: ......................................................................... 432.7
  p99: ......................................................................... 572.6


--------------------------------------
Metrics for period to: 20:11:20(-0300) (width: 9.999s)
--------------------------------------

http.codes.200: ................................................................ 6122
http.request_rate: ............................................................. 660/sec
http.requests: ................................................................. 6551
http.response_time:
  min: ......................................................................... 0
  max: ......................................................................... 1843
  median: ...................................................................... 376.2
  p95: ......................................................................... 1107.9
  p99: ......................................................................... 1380.5
http.responses: ................................................................ 6122
vusers.completed: .............................................................. 6122
vusers.created: ................................................................ 6552
vusers.created_by_name.Root (/): ............................................... 6552
vusers.failed: ................................................................. 0
vusers.session_length:
  min: ......................................................................... 1.5
  max: ......................................................................... 1861
  median: ...................................................................... 391.6
  p95: ......................................................................... 1130.2
  p99: ......................................................................... 1408.4


--------------------------------------
Metrics for period to: 20:11:30(-0300) (width: 9.992s)
--------------------------------------

http.codes.200: ................................................................ 4518
http.request_rate: ............................................................. 651/sec
http.requests: ................................................................. 6485
http.response_time:
  min: ......................................................................... 240
  max: ......................................................................... 5178
  median: ...................................................................... 2186.8
  p95: ......................................................................... 3605.5
  p99: ......................................................................... 4065.2
http.responses: ................................................................ 4518
vusers.completed: .............................................................. 4518
vusers.created: ................................................................ 6485
vusers.created_by_name.Root (/): ............................................... 6485
vusers.failed: ................................................................. 0
vusers.session_length:
  min: ......................................................................... 243.1
  max: ......................................................................... 5179.7
  median: ...................................................................... 2231
  p95: ......................................................................... 3605.5
  p99: ......................................................................... 4147.4


Phase completed: Strong Long Spike Plateau (index: 9, duration: 60s) 20:11:42(-0300)

Phase started: Cooldown 3 (index: 10, duration: 100s) 20:11:42(-0300)

--------------------------------------
Metrics for period to: 20:11:40(-0300) (width: 9.996s)
--------------------------------------

errors.ECONNRESET: ............................................................. 129
errors.ETIMEDOUT: .............................................................. 215
http.codes.200: ................................................................ 4840
http.request_rate: ............................................................. 646/sec
http.requests: ................................................................. 6429
http.response_time:
  min: ......................................................................... 2083
  max: ......................................................................... 9997
  median: ...................................................................... 5711.5
  p95: ......................................................................... 7709.8
  p99: ......................................................................... 8692.8
http.responses: ................................................................ 4840
vusers.completed: .............................................................. 4840
vusers.created: ................................................................ 6429
vusers.created_by_name.Root (/): ............................................... 6429
vusers.failed: ................................................................. 344
vusers.session_length:
  min: ......................................................................... 2088.4
  max: ......................................................................... 9997.5
  median: ...................................................................... 5711.5
  p95: ......................................................................... 7709.8
  p99: ......................................................................... 8868.4


--------------------------------------
Metrics for period to: 20:11:50(-0300) (width: 9.995s)
--------------------------------------

errors.ECONNRESET: ............................................................. 84
errors.ETIMEDOUT: .............................................................. 553
http.codes.200: ................................................................ 3263
http.request_rate: ............................................................. 448/sec
http.requests: ................................................................. 4459
http.response_time:
  min: ......................................................................... 5824
  max: ......................................................................... 10038
  median: ...................................................................... 8868.4
  p95: ......................................................................... 9801.2
  p99: ......................................................................... 9999.2
http.responses: ................................................................ 3263
vusers.completed: .............................................................. 3263
vusers.created: ................................................................ 4457
vusers.created_by_name.Root (/): ............................................... 4457
vusers.failed: ................................................................. 637
vusers.session_length:
  min: ......................................................................... 5865.6
  max: ......................................................................... 10213.2
  median: ...................................................................... 8868.4
  p95: ......................................................................... 9801.2
  p99: ......................................................................... 9999.2


--------------------------------------
Metrics for period to: 20:12:00(-0300) (width: 9.994s)
--------------------------------------

errors.ETIMEDOUT: .............................................................. 771
http.codes.200: ................................................................ 6698
http.request_rate: ............................................................. 305/sec
http.requests: ................................................................. 3033
http.response_time:
  min: ......................................................................... 0
  max: ......................................................................... 9998
  median: ...................................................................... 6064.7
  p95: ......................................................................... 9801.2
  p99: ......................................................................... 9999.2
http.responses: ................................................................ 6698
vusers.completed: .............................................................. 6698
vusers.created: ................................................................ 3028
vusers.created_by_name.Root (/): ............................................... 3028
vusers.failed: ................................................................. 771
vusers.session_length:
  min: ......................................................................... 2.1
  max: ......................................................................... 10123.5
  median: ...................................................................... 6064.7
  p95: ......................................................................... 9801.2
  p99: ......................................................................... 9999.2


--------------------------------------
Metrics for period to: 20:12:10(-0300) (width: 9.991s)
--------------------------------------

http.codes.200: ................................................................ 2998
http.request_rate: ............................................................. 300/sec
http.requests: ................................................................. 3000
http.response_time:
  min: ......................................................................... 0
  max: ......................................................................... 89
  median: ...................................................................... 2
  p95: ......................................................................... 19.9
  p99: ......................................................................... 54.1
http.responses: ................................................................ 2998
vusers.completed: .............................................................. 2998
vusers.created: ................................................................ 3000
vusers.created_by_name.Root (/): ............................................... 3000
vusers.failed: ................................................................. 0
vusers.session_length:
  min: ......................................................................... 1.5
  max: ......................................................................... 114.9
  median: ...................................................................... 3
  p95: ......................................................................... 25.8
  p99: ......................................................................... 63.4


--------------------------------------
Metrics for period to: 20:12:20(-0300) (width: 9.994s)
--------------------------------------

http.codes.200: ................................................................ 3000
http.request_rate: ............................................................. 300/sec
http.requests: ................................................................. 2998
http.response_time:
  min: ......................................................................... 0
  max: ......................................................................... 136
  median: ...................................................................... 2
  p95: ......................................................................... 40
  p99: ......................................................................... 87.4
http.responses: ................................................................ 3000
vusers.completed: .............................................................. 3000
vusers.created: ................................................................ 3000
vusers.created_by_name.Root (/): ............................................... 3000
vusers.failed: ................................................................. 0
vusers.session_length:
  min: ......................................................................... 1.9
  max: ......................................................................... 148.3
  median: ...................................................................... 3.9
  p95: ......................................................................... 46.1
  p99: ......................................................................... 100.5


--------------------------------------
Metrics for period to: 20:12:30(-0300) (width: 9.992s)
--------------------------------------

http.codes.200: ................................................................ 2960
http.request_rate: ............................................................. 300/sec
http.requests: ................................................................. 2999
http.response_time:
  min: ......................................................................... 0
  max: ......................................................................... 219
  median: ...................................................................... 16.9
  p95: ......................................................................... 74.4
  p99: ......................................................................... 125.2
http.responses: ................................................................ 2960
vusers.completed: .............................................................. 2960
vusers.created: ................................................................ 2997
vusers.created_by_name.Root (/): ............................................... 2997
vusers.failed: ................................................................. 0
vusers.session_length:
  min: ......................................................................... 1.9
  max: ......................................................................... 228.2
  median: ...................................................................... 20.3
  p95: ......................................................................... 87.4
  p99: ......................................................................... 153


--------------------------------------
Metrics for period to: 20:12:40(-0300) (width: 9.998s)
--------------------------------------

http.codes.200: ................................................................ 3042
http.request_rate: ............................................................. 300/sec
http.requests: ................................................................. 3003
http.response_time:
  min: ......................................................................... 0
  max: ......................................................................... 260
  median: ...................................................................... 15
  p95: ......................................................................... 51.9
  p99: ......................................................................... 106.7
http.responses: ................................................................ 3042
vusers.completed: .............................................................. 3042
vusers.created: ................................................................ 3003
vusers.created_by_name.Root (/): ............................................... 3003
vusers.failed: ................................................................. 0
vusers.session_length:
  min: ......................................................................... 1.8
  max: ......................................................................... 270.7
  median: ...................................................................... 17.3
  p95: ......................................................................... 57.4
  p99: ......................................................................... 120.3


--------------------------------------
Metrics for period to: 20:12:50(-0300) (width: 9.998s)
--------------------------------------

http.codes.200: ................................................................ 2998
http.request_rate: ............................................................. 300/sec
http.requests: ................................................................. 3000
http.response_time:
  min: ......................................................................... 0
  max: ......................................................................... 99
  median: ...................................................................... 2
  p95: ......................................................................... 23.8
  p99: ......................................................................... 44.3
http.responses: ................................................................ 2998
vusers.completed: .............................................................. 2998
vusers.created: ................................................................ 3000
vusers.created_by_name.Root (/): ............................................... 3000
vusers.failed: ................................................................. 0
vusers.session_length:
  min: ......................................................................... 1.8
  max: ......................................................................... 100.6
  median: ...................................................................... 3.6
  p95: ......................................................................... 26.8
  p99: ......................................................................... 48.9


--------------------------------------
Metrics for period to: 20:13:00(-0300) (width: 9.998s)
--------------------------------------

http.codes.200: ................................................................ 3003
http.request_rate: ............................................................. 300/sec
http.requests: ................................................................. 3000
http.response_time:
  min: ......................................................................... 0
  max: ......................................................................... 23
  median: ...................................................................... 2
  p95: ......................................................................... 5
  p99: ......................................................................... 8.9
http.responses: ................................................................ 3003
vusers.completed: .............................................................. 3002
vusers.created: ................................................................ 3000
vusers.created_by_name.Root (/): ............................................... 3000
vusers.failed: ................................................................. 0
vusers.session_length:
  min: ......................................................................... 1.9
  max: ......................................................................... 36.3
  median: ...................................................................... 3
  p95: ......................................................................... 9.5
  p99: ......................................................................... 16.3


--------------------------------------
Metrics for period to: 20:13:10(-0300) (width: 9.998s)
--------------------------------------

http.codes.200: ................................................................ 2997
http.request_rate: ............................................................. 300/sec
http.requests: ................................................................. 3000
http.response_time:
  min: ......................................................................... 0
  max: ......................................................................... 27
  median: ...................................................................... 2
  p95: ......................................................................... 7.9
  p99: ......................................................................... 18
http.responses: ................................................................ 2997
vusers.completed: .............................................................. 2998
vusers.created: ................................................................ 3000
vusers.created_by_name.Root (/): ............................................... 3000
vusers.failed: ................................................................. 0
vusers.session_length:
  min: ......................................................................... 1.9
  max: ......................................................................... 65.4
  median: ...................................................................... 3
  p95: ......................................................................... 12.8
  p99: ......................................................................... 22.9


Phase completed: Cooldown 3 (index: 10, duration: 100s) 20:13:22(-0300)

Phase started: Reset Line (index: 11, duration: 60s) 20:13:22(-0300)

--------------------------------------
Metrics for period to: 20:13:20(-0300) (width: 9.997s)
--------------------------------------

http.codes.200: ................................................................ 3002
http.request_rate: ............................................................. 300/sec
http.requests: ................................................................. 3000
http.response_time:
  min: ......................................................................... 0
  max: ......................................................................... 50
  median: ...................................................................... 2
  p95: ......................................................................... 16
  p99: ......................................................................... 29.1
http.responses: ................................................................ 3002
vusers.completed: .............................................................. 3002
vusers.created: ................................................................ 3000
vusers.created_by_name.Root (/): ............................................... 3000
vusers.failed: ................................................................. 0
vusers.session_length:
  min: ......................................................................... 1.9
  max: ......................................................................... 52.1
  median: ...................................................................... 3
  p95: ......................................................................... 19.1
  p99: ......................................................................... 32.8


--------------------------------------
Metrics for period to: 20:13:30(-0300) (width: 9.733s)
--------------------------------------

http.codes.200: ................................................................ 1139
http.request_rate: ............................................................. 274/sec
http.requests: ................................................................. 1138
http.response_time:
  min: ......................................................................... 0
  max: ......................................................................... 35
  median: ...................................................................... 2
  p95: ......................................................................... 16.9
  p99: ......................................................................... 24.8
http.responses: ................................................................ 1139
vusers.completed: .............................................................. 1139
vusers.created: ................................................................ 1138
vusers.created_by_name.Root (/): ............................................... 1138
vusers.failed: ................................................................. 0
vusers.session_length:
  min: ......................................................................... 1.7
  max: ......................................................................... 39.8
  median: ...................................................................... 3.1
  p95: ......................................................................... 20.3
  p99: ......................................................................... 27.9


--------------------------------------
Metrics for period to: 20:13:40(-0300) (width: 9.002s)
--------------------------------------

http.codes.200: ................................................................ 10
http.request_rate: ............................................................. 1/sec
http.requests: ................................................................. 10
http.response_time:
  min: ......................................................................... 1
  max: ......................................................................... 3
  median: ...................................................................... 3
  p95: ......................................................................... 3
  p99: ......................................................................... 3
http.responses: ................................................................ 10
vusers.completed: .............................................................. 10
vusers.created: ................................................................ 10
vusers.created_by_name.Root (/): ............................................... 10
vusers.failed: ................................................................. 0
vusers.session_length:
  min: ......................................................................... 2.5
  max: ......................................................................... 6.7
  median: ...................................................................... 4.9
  p95: ......................................................................... 5.5
  p99: ......................................................................... 5.5


--------------------------------------
Metrics for period to: 20:13:50(-0300) (width: 9.002s)
--------------------------------------

http.codes.200: ................................................................ 10
http.request_rate: ............................................................. 1/sec
http.requests: ................................................................. 10
http.response_time:
  min: ......................................................................... 1
  max: ......................................................................... 3
  median: ...................................................................... 3
  p95: ......................................................................... 3
  p99: ......................................................................... 3
http.responses: ................................................................ 10
vusers.completed: .............................................................. 10
vusers.created: ................................................................ 10
vusers.created_by_name.Root (/): ............................................... 10
vusers.failed: ................................................................. 0
vusers.session_length:
  min: ......................................................................... 2
  max: ......................................................................... 6.6
  median: ...................................................................... 5.1
  p95: ......................................................................... 6.4
  p99: ......................................................................... 6.4


--------------------------------------
Metrics for period to: 20:14:00(-0300) (width: 9.002s)
--------------------------------------

http.codes.200: ................................................................ 10
http.request_rate: ............................................................. 1/sec
http.requests: ................................................................. 10
http.response_time:
  min: ......................................................................... 1
  max: ......................................................................... 3
  median: ...................................................................... 2
  p95: ......................................................................... 3
  p99: ......................................................................... 3
http.responses: ................................................................ 10
vusers.completed: .............................................................. 10
vusers.created: ................................................................ 10
vusers.created_by_name.Root (/): ............................................... 10
vusers.failed: ................................................................. 0
vusers.session_length:
  min: ......................................................................... 1.9
  max: ......................................................................... 6.6
  median: ...................................................................... 4.9
  p95: ......................................................................... 6.5
  p99: ......................................................................... 6.5


--------------------------------------
Metrics for period to: 20:14:10(-0300) (width: 9.002s)
--------------------------------------

http.codes.200: ................................................................ 10
http.request_rate: ............................................................. 1/sec
http.requests: ................................................................. 10
http.response_time:
  min: ......................................................................... 1
  max: ......................................................................... 3
  median: ...................................................................... 2
  p95: ......................................................................... 3
  p99: ......................................................................... 3
http.responses: ................................................................ 10
vusers.completed: .............................................................. 10
vusers.created: ................................................................ 10
vusers.created_by_name.Root (/): ............................................... 10
vusers.failed: ................................................................. 0
vusers.session_length:
  min: ......................................................................... 2.3
  max: ......................................................................... 6.2
  median: ...................................................................... 3.4
  p95: ......................................................................... 5.8
  p99: ......................................................................... 5.8


Phase completed: Reset Line (index: 11, duration: 60s) 20:14:22(-0300)

--------------------------------------
Metrics for period to: 20:14:20(-0300) (width: 9.002s)
--------------------------------------

http.codes.200: ................................................................ 10
http.request_rate: ............................................................. 1/sec
http.requests: ................................................................. 10
http.response_time:
  min: ......................................................................... 1
  max: ......................................................................... 3
  median: ...................................................................... 2
  p95: ......................................................................... 3
  p99: ......................................................................... 3
http.responses: ................................................................ 10
vusers.completed: .............................................................. 10
vusers.created: ................................................................ 10
vusers.created_by_name.Root (/): ............................................... 10
vusers.failed: ................................................................. 0
vusers.session_length:
  min: ......................................................................... 2.1
  max: ......................................................................... 6
  median: ...................................................................... 3.8
  p95: ......................................................................... 5.8
  p99: ......................................................................... 5.8


--------------------------------------
Metrics for period to: 20:14:30(-0300) (width: 3.003s)
--------------------------------------

http.codes.200: ................................................................ 4
http.request_rate: ............................................................. 1/sec
http.requests: ................................................................. 4
http.response_time:
  min: ......................................................................... 1
  max: ......................................................................... 3
  median: ...................................................................... 2
  p95: ......................................................................... 3
  p99: ......................................................................... 3
http.responses: ................................................................ 4
vusers.completed: .............................................................. 4
vusers.created: ................................................................ 4
vusers.created_by_name.Root (/): ............................................... 4
vusers.failed: ................................................................. 0
vusers.session_length:
  min: ......................................................................... 2.7
  max: ......................................................................... 5.5
  median: ...................................................................... 4.2
  p95: ......................................................................... 5.1
  p99: ......................................................................... 5.1


All VUs finished. Total time: 8 minutes, 34 seconds

--------------------------------
Summary report @ 20:14:25(-0300)
--------------------------------

errors.ECONNRESET: ............................................................. 28
errors.ETIMEDOUT: .............................................................. 210
http.codes.200: ................................................................ 24342
http.request_rate: ............................................................. 47/sec
http.requests: ................................................................. 24580
http.response_time:
  min: ......................................................................... 0
  max: ......................................................................... 10011
  median: ...................................................................... 7
  p95: ......................................................................... 6064.7
  p99: ......................................................................... 9416.8
http.responses: ................................................................ 24342
vusers.completed: .............................................................. 24342
vusers.created: ................................................................ 24580
vusers.created_by_name.Root (/): ............................................... 24580
vusers.failed: ................................................................. 238
vusers.session_length:
  min: ......................................................................... 1.2
  max: ......................................................................... 10081.6
  median: ...................................................................... 11.4
  p95: ......................................................................... 6064.7
  p99: ......................................................................... 9416.8
