
> perf@1.0.0 artillery
> NODE_OPTIONS=--max-old-space-size=4096 artillery "run" "./results/single-node/1-breakpoint/cfg-breakpoint.yaml" "-e" "nodeping"

Phase started: Ramp (index: 0, duration: 300s) 21:20:55(-0300)

--------------------------------------
Metrics for period to: 21:21:00(-0300) (width: 4.801s)
--------------------------------------

http.codes.200: ................................................................ 197
http.request_rate: ............................................................. 48/sec
http.requests: ................................................................. 198
http.response_time:
  min: ......................................................................... 1
  max: ......................................................................... 44
  median: ...................................................................... 4
  p95: ......................................................................... 10.9
  p99: ......................................................................... 37
http.responses: ................................................................ 197
vusers.completed: .............................................................. 197
vusers.created: ................................................................ 198
vusers.created_by_name.Root (/): ............................................... 198
vusers.failed: ................................................................. 0
vusers.session_length:
  min: ......................................................................... 2.7
  max: ......................................................................... 104.3
  median: ...................................................................... 10.7
  p95: ......................................................................... 32.1
  p99: ......................................................................... 50.9


--------------------------------------
Metrics for period to: 21:21:10(-0300) (width: 9.994s)
--------------------------------------

http.codes.200: ................................................................ 1193
http.request_rate: ............................................................. 123/sec
http.requests: ................................................................. 1192
http.response_time:
  min: ......................................................................... 0
  max: ......................................................................... 28
  median: ...................................................................... 4
  p95: ......................................................................... 7
  p99: ......................................................................... 10.1
http.responses: ................................................................ 1193
vusers.completed: .............................................................. 1192
vusers.created: ................................................................ 1192
vusers.created_by_name.Root (/): ............................................... 1192
vusers.failed: ................................................................. 0
vusers.session_length:
  min: ......................................................................... 1.9
  max: ......................................................................... 34.3
  median: ...................................................................... 8.2
  p95: ......................................................................... 13.9
  p99: ......................................................................... 21.5


--------------------------------------
Metrics for period to: 21:21:20(-0300) (width: 9.999s)
--------------------------------------

http.codes.200: ................................................................ 2354
http.request_rate: ............................................................. 236/sec
http.requests: ................................................................. 2355
http.response_time:
  min: ......................................................................... 0
  max: ......................................................................... 38
  median: ...................................................................... 2
  p95: ......................................................................... 6
  p99: ......................................................................... 8.9
http.responses: ................................................................ 2354
vusers.completed: .............................................................. 2354
vusers.created: ................................................................ 2357
vusers.created_by_name.Root (/): ............................................... 2357
vusers.failed: ................................................................. 0
vusers.session_length:
  min: ......................................................................... 1.6
  max: ......................................................................... 44
  median: ...................................................................... 5.3
  p95: ......................................................................... 12.3
  p99: ......................................................................... 19.1


--------------------------------------
Metrics for period to: 21:21:30(-0300) (width: 9.999s)
--------------------------------------

http.codes.200: ................................................................ 3534
http.request_rate: ............................................................. 355/sec
http.requests: ................................................................. 3533
http.response_time:
  min: ......................................................................... 0
  max: ......................................................................... 30
  median: ...................................................................... 2
  p95: ......................................................................... 6
  p99: ......................................................................... 8.9
http.responses: ................................................................ 3534
vusers.completed: .............................................................. 3535
vusers.created: ................................................................ 3532
vusers.created_by_name.Root (/): ............................................... 3532
vusers.failed: ................................................................. 0
vusers.session_length:
  min: ......................................................................... 1.3
  max: ......................................................................... 42.8
  median: ...................................................................... 4.3
  p95: ......................................................................... 11.8
  p99: ......................................................................... 16.6


--------------------------------------
Metrics for period to: 21:21:40(-0300) (width: 9.999s)
--------------------------------------

http.codes.200: ................................................................ 4826
http.request_rate: ............................................................. 484/sec
http.requests: ................................................................. 4827
http.response_time:
  min: ......................................................................... 0
  max: ......................................................................... 37
  median: ...................................................................... 1
  p95: ......................................................................... 5
  p99: ......................................................................... 8.9
http.responses: ................................................................ 4826
vusers.completed: .............................................................. 4826
vusers.created: ................................................................ 4826
vusers.created_by_name.Root (/): ............................................... 4826
vusers.failed: ................................................................. 0
vusers.session_length:
  min: ......................................................................... 1.4
  max: ......................................................................... 53.8
  median: ...................................................................... 3.2
  p95: ......................................................................... 10.3
  p99: ......................................................................... 19.9


--------------------------------------
Metrics for period to: 21:21:50(-0300) (width: 9.998s)
--------------------------------------

http.codes.200: ................................................................ 4628
http.request_rate: ............................................................. 467/sec
http.requests: ................................................................. 4638
http.response_time:
  min: ......................................................................... 0
  max: ......................................................................... 564
  median: ...................................................................... 12.1
  p95: ......................................................................... 156
  p99: ......................................................................... 273.2
http.responses: ................................................................ 4628
vusers.completed: .............................................................. 4628
vusers.created: ................................................................ 4638
vusers.created_by_name.Root (/): ............................................... 4638
vusers.failed: ................................................................. 0
vusers.session_length:
  min: ......................................................................... 1.4
  max: ......................................................................... 566.5
  median: ...................................................................... 15.3
  p95: ......................................................................... 159.2
  p99: ......................................................................... 278.7


--------------------------------------
Metrics for period to: 21:22:00(-0300) (width: 9.997s)
--------------------------------------

http.codes.200: ................................................................ 4138
http.request_rate: ............................................................. 419/sec
http.requests: ................................................................. 4176
http.response_time:
  min: ......................................................................... 4
  max: ......................................................................... 1038
  median: ...................................................................... 130.3
  p95: ......................................................................... 550.1
  p99: ......................................................................... 685.5
http.responses: ................................................................ 4138
vusers.completed: .............................................................. 4138
vusers.created: ................................................................ 4176
vusers.created_by_name.Root (/): ............................................... 4176
vusers.failed: ................................................................. 0
vusers.session_length:
  min: ......................................................................... 5.7
  max: ......................................................................... 1039.7
  median: ...................................................................... 133
  p95: ......................................................................... 550.1
  p99: ......................................................................... 685.5


--------------------------------------
Metrics for period to: 21:22:10(-0300) (width: 9.999s)
--------------------------------------

http.codes.200: ................................................................ 4585
http.request_rate: ............................................................. 463/sec
http.requests: ................................................................. 4613
http.response_time:
  min: ......................................................................... 0
  max: ......................................................................... 857
  median: ...................................................................... 138.4
  p95: ......................................................................... 497.8
  p99: ......................................................................... 699.4
http.responses: ................................................................ 4585
vusers.completed: .............................................................. 4585
vusers.created: ................................................................ 4614
vusers.created_by_name.Root (/): ............................................... 4614
vusers.failed: ................................................................. 0
vusers.session_length:
  min: ......................................................................... 1.2
  max: ......................................................................... 858.6
  median: ...................................................................... 141.2
  p95: ......................................................................... 507.8
  p99: ......................................................................... 699.4


--------------------------------------
Metrics for period to: 21:22:20(-0300) (width: 9.999s)
--------------------------------------

http.codes.200: ................................................................ 5519
http.request_rate: ............................................................. 545/sec
http.requests: ................................................................. 5445
http.response_time:
  min: ......................................................................... 0
  max: ......................................................................... 1391
  median: ...................................................................... 228.2
  p95: ......................................................................... 727.9
  p99: ......................................................................... 963.1
http.responses: ................................................................ 5519
vusers.completed: .............................................................. 5519
vusers.created: ................................................................ 5445
vusers.created_by_name.Root (/): ............................................... 5445
vusers.failed: ................................................................. 0
vusers.session_length:
  min: ......................................................................... 1.5
  max: ......................................................................... 1400.8
  median: ...................................................................... 232.8
  p95: ......................................................................... 727.9
  p99: ......................................................................... 963.1


--------------------------------------
Metrics for period to: 21:22:30(-0300) (width: 9.999s)
--------------------------------------

http.codes.200: ................................................................ 6035
http.request_rate: ............................................................. 626/sec
http.requests: ................................................................. 6247
http.response_time:
  min: ......................................................................... 0
  max: ......................................................................... 1031
  median: ...................................................................... 71.5
  p95: ......................................................................... 572.6
  p99: ......................................................................... 727.9
http.responses: ................................................................ 6035
vusers.completed: .............................................................. 6035
vusers.created: ................................................................ 6248
vusers.created_by_name.Root (/): ............................................... 6248
vusers.failed: ................................................................. 0
vusers.session_length:
  min: ......................................................................... 1.4
  max: ......................................................................... 1033.4
  median: ...................................................................... 76
  p95: ......................................................................... 572.6
  p99: ......................................................................... 727.9


--------------------------------------
Metrics for period to: 21:22:40(-0300) (width: 9.999s)
--------------------------------------

errors.ECONNRESET: ............................................................. 264
http.codes.200: ................................................................ 6274
http.request_rate: ............................................................. 683/sec
http.requests: ................................................................. 6820
http.response_time:
  min: ......................................................................... 0
  max: ......................................................................... 1913
  median: ...................................................................... 122.7
  p95: ......................................................................... 1022.7
  p99: ......................................................................... 1249.1
http.responses: ................................................................ 6274
vusers.completed: .............................................................. 6274
vusers.created: ................................................................ 6818
vusers.created_by_name.Root (/): ............................................... 6818
vusers.failed: ................................................................. 264
vusers.session_length:
  min: ......................................................................... 1.5
  max: ......................................................................... 1913.9
  median: ...................................................................... 127.8
  p95: ......................................................................... 1022.7
  p99: ......................................................................... 1249.1


--------------------------------------
Metrics for period to: 21:22:50(-0300) (width: 9.999s)
--------------------------------------

errors.ECONNRESET: ............................................................. 198
http.codes.200: ................................................................ 6056
http.request_rate: ............................................................. 622/sec
http.requests: ................................................................. 6210
http.response_time:
  min: ......................................................................... 0
  max: ......................................................................... 2830
  median: ...................................................................... 699.4
  p95: ......................................................................... 1620
  p99: ......................................................................... 2369
http.responses: ................................................................ 6056
vusers.completed: .............................................................. 6056
vusers.created: ................................................................ 6210
vusers.created_by_name.Root (/): ............................................... 6210
vusers.failed: ................................................................. 198
vusers.session_length:
  min: ......................................................................... 1.3
  max: ......................................................................... 2831.9
  median: ...................................................................... 699.4
  p95: ......................................................................... 1620
  p99: ......................................................................... 2369


--------------------------------------
Metrics for period to: 21:23:00(-0300) (width: 9.997s)
--------------------------------------

http.codes.200: ................................................................ 3643
http.request_rate: ............................................................. 577/sec
http.requests: ................................................................. 5762
http.response_time:
  min: ......................................................................... 572
  max: ......................................................................... 8149
  median: ...................................................................... 2059.5
  p95: ......................................................................... 7260.8
  p99: ......................................................................... 7865.6
http.responses: ................................................................ 3643
vusers.completed: .............................................................. 3643
vusers.created: ................................................................ 5762
vusers.created_by_name.Root (/): ............................................... 5762
vusers.failed: ................................................................. 0
vusers.session_length:
  min: ......................................................................... 573
  max: ......................................................................... 8156.1
  median: ...................................................................... 2059.5
  p95: ......................................................................... 7260.8
  p99: ......................................................................... 7865.6


--------------------------------------
Metrics for period to: 21:23:10(-0300) (width: 9.999s)
--------------------------------------

errors.ETIMEDOUT: .............................................................. 6
http.codes.200: ................................................................ 4824
http.request_rate: ............................................................. 586/sec
http.requests: ................................................................. 5846
http.response_time:
  min: ......................................................................... 2560
  max: ......................................................................... 9996
  median: ...................................................................... 6312.2
  p95: ......................................................................... 8868.4
  p99: ......................................................................... 9801.2
http.responses: ................................................................ 4824
vusers.completed: .............................................................. 4824
vusers.created: ................................................................ 5847
vusers.created_by_name.Root (/): ............................................... 5847
vusers.failed: ................................................................. 6
vusers.session_length:
  min: ......................................................................... 2568.7
  max: ......................................................................... 10001.9
  median: ...................................................................... 6312.2
  p95: ......................................................................... 8868.4
  p99: ......................................................................... 9801.2


--------------------------------------
Metrics for period to: 21:23:20(-0300) (width: 9.999s)
--------------------------------------

errors.ETIMEDOUT: .............................................................. 25
http.codes.200: ................................................................ 4543
http.request_rate: ............................................................. 654/sec
http.requests: ................................................................. 6528
http.response_time:
  min: ......................................................................... 5106
  max: ......................................................................... 9999
  median: ...................................................................... 7709.8
  p95: ......................................................................... 9230.4
  p99: ......................................................................... 9801.2
http.responses: ................................................................ 4543
vusers.completed: .............................................................. 4543
vusers.created: ................................................................ 6528
vusers.created_by_name.Root (/): ............................................... 6528
vusers.failed: ................................................................. 25
vusers.session_length:
  min: ......................................................................... 5113.3
  max: ......................................................................... 10002.6
  median: ...................................................................... 7709.8
  p95: ......................................................................... 9230.4
  p99: ......................................................................... 9801.2


--------------------------------------
Metrics for period to: 21:23:30(-0300) (width: 9.998s)
--------------------------------------

errors.ECONNRESET: ............................................................. 10
errors.ETIMEDOUT: .............................................................. 3597
http.codes.200: ................................................................ 1944
http.request_rate: ............................................................. 704/sec
http.requests: ................................................................. 7020
http.response_time:
  min: ......................................................................... 7961
  max: ......................................................................... 9993
  median: ...................................................................... 9230.4
  p95: ......................................................................... 9999.2
  p99: ......................................................................... 9999.2
http.responses: ................................................................ 1944
vusers.completed: .............................................................. 1944
vusers.created: ................................................................ 7019
vusers.created_by_name.Root (/): ............................................... 7019
vusers.failed: ................................................................. 3607
vusers.session_length:
  min: ......................................................................... 7963.2
  max: ......................................................................... 10030.3
  median: ...................................................................... 9230.4
  p95: ......................................................................... 9999.2
  p99: ......................................................................... 9999.2


--------------------------------------
Metrics for period to: 21:23:40(-0300) (width: 9.999s)
--------------------------------------

errors.ECONNRESET: ............................................................. 18
errors.ETIMEDOUT: .............................................................. 5273
http.codes.200: ................................................................ 1728
http.request_rate: ............................................................. 738/sec
http.requests: ................................................................. 7370
http.response_time:
  min: ......................................................................... 7065
  max: ......................................................................... 10003
  median: ...................................................................... 8868.4
  p95: ......................................................................... 9999.2
  p99: ......................................................................... 9999.2
http.responses: ................................................................ 1728
vusers.completed: .............................................................. 1728
vusers.created: ................................................................ 7371
vusers.created_by_name.Root (/): ............................................... 7371
vusers.failed: ................................................................. 5291
vusers.session_length:
  min: ......................................................................... 7069.4
  max: ......................................................................... 10006
  median: ...................................................................... 9230.4
  p95: ......................................................................... 9999.2
  p99: ......................................................................... 9999.2


--------------------------------------
Metrics for period to: 21:23:50(-0300) (width: 9.998s)
--------------------------------------

errors.ECONNRESET: ............................................................. 10
errors.ETIMEDOUT: .............................................................. 5601
http.codes.200: ................................................................ 1804
http.request_rate: ............................................................. 437/sec
http.requests: ................................................................. 4358
http.response_time:
  min: ......................................................................... 7904
  max: ......................................................................... 10169
  median: ...................................................................... 8868.4
  p95: ......................................................................... 9999.2
  p99: ......................................................................... 9999.2
http.responses: ................................................................ 1804
vusers.completed: .............................................................. 1804
vusers.created: ................................................................ 4361
vusers.created_by_name.Root (/): ............................................... 4361
vusers.failed: ................................................................. 5611
vusers.session_length:
  min: ......................................................................... 7923.9
  max: ......................................................................... 10187.7
  median: ...................................................................... 9230.4
  p95: ......................................................................... 9999.2
  p99: ......................................................................... 9999.2


--------------------------------------
Metrics for period to: 21:24:00(-0300) (width: 9.998s)
--------------------------------------

errors.ECONNRESET: ............................................................. 1
errors.ETIMEDOUT: .............................................................. 4068
http.codes.200: ................................................................ 242
http.request_rate: ............................................................. 415/sec
http.requests: ................................................................. 4141
http.response_time:
  min: ......................................................................... 8253
  max: ......................................................................... 10046
  median: ...................................................................... 8868.4
  p95: ......................................................................... 9801.2
  p99: ......................................................................... 9999.2
http.responses: ................................................................ 242
vusers.completed: .............................................................. 242
vusers.created: ................................................................ 4138
vusers.created_by_name.Root (/): ............................................... 4138
vusers.failed: ................................................................. 4069
vusers.session_length:
  min: ......................................................................... 8255.1
  max: ......................................................................... 10088.6
  median: ...................................................................... 9047.6
  p95: ......................................................................... 9999.2
  p99: ......................................................................... 9999.2


--------------------------------------
Metrics for period to: 21:24:10(-0300) (width: 9.999s)
--------------------------------------

errors.ETIMEDOUT: .............................................................. 4140
http.request_rate: ............................................................. 351/sec
http.requests: ................................................................. 3501
vusers.created: ................................................................ 3503
vusers.created_by_name.Root (/): ............................................... 3503
vusers.failed: ................................................................. 4140


--------------------------------------
Metrics for period to: 21:24:20(-0300) (width: 9.999s)
--------------------------------------

errors.ETIMEDOUT: .............................................................. 3496
http.request_rate: ............................................................. 876/sec
http.requests: ................................................................. 8739
vusers.created: ................................................................ 8740
vusers.created_by_name.Root (/): ............................................... 8740
vusers.failed: ................................................................. 3496


--------------------------------------
Metrics for period to: 21:24:30(-0300) (width: 9.999s)
--------------------------------------

errors.ETIMEDOUT: .............................................................. 8731
http.request_rate: ............................................................. 679/sec
http.requests: ................................................................. 6777
vusers.created: ................................................................ 6775
vusers.created_by_name.Root (/): ............................................... 6775
vusers.failed: ................................................................. 8731


--------------------------------------
Metrics for period to: 21:24:40(-0300) (width: 9.999s)
--------------------------------------

errors.ETIMEDOUT: .............................................................. 5416
http.codes.200: ................................................................ 1928
http.request_rate: ............................................................. 526/sec
http.requests: ................................................................. 5232
http.response_time:
  min: ......................................................................... 6482
  max: ......................................................................... 10034
  median: ...................................................................... 8520.7
  p95: ......................................................................... 9801.2
  p99: ......................................................................... 9999.2
http.responses: ................................................................ 1928
vusers.completed: .............................................................. 1928
vusers.created: ................................................................ 5232
vusers.created_by_name.Root (/): ............................................... 5232
vusers.failed: ................................................................. 5416
vusers.session_length:
  min: ......................................................................... 6489.5
  max: ......................................................................... 10043.5
  median: ...................................................................... 8868.4
  p95: ......................................................................... 9999.2
  p99: ......................................................................... 9999.2


--------------------------------------
Metrics for period to: 21:24:50(-0300) (width: 9.999s)
--------------------------------------

errors.ECONNRESET: ............................................................. 6
errors.ETIMEDOUT: .............................................................. 1631
http.codes.200: ................................................................ 4420
http.request_rate: ............................................................. 486/sec
http.requests: ................................................................. 4866
http.response_time:
  min: ......................................................................... 5263
  max: ......................................................................... 10041
  median: ...................................................................... 7709.8
  p95: ......................................................................... 9416.8
  p99: ......................................................................... 9999.2
http.responses: ................................................................ 4420
vusers.completed: .............................................................. 4420
vusers.created: ................................................................ 4867
vusers.created_by_name.Root (/): ............................................... 4867
vusers.failed: ................................................................. 1637
vusers.session_length:
  min: ......................................................................... 5532.1
  max: ......................................................................... 10049.6
  median: ...................................................................... 8024.5
  p95: ......................................................................... 9801.2
  p99: ......................................................................... 9999.2


--------------------------------------
Metrics for period to: 21:25:00(-0300) (width: 9.999s)
--------------------------------------

errors.ECONNRESET: ............................................................. 219
errors.ETIMEDOUT: .............................................................. 1356
http.codes.200: ................................................................ 1915
http.request_rate: ............................................................. 728/sec
http.requests: ................................................................. 7261
http.response_time:
  min: ......................................................................... 5987
  max: ......................................................................... 9995
  median: ...................................................................... 7865.6
  p95: ......................................................................... 9801.2
  p99: ......................................................................... 9999.2
http.responses: ................................................................ 1915
vusers.completed: .............................................................. 1915
vusers.created: ................................................................ 7262
vusers.created_by_name.Root (/): ............................................... 7262
vusers.failed: ................................................................. 1575
vusers.session_length:
  min: ......................................................................... 5990.2
  max: ......................................................................... 10000.6
  median: ...................................................................... 7865.6
  p95: ......................................................................... 9801.2
  p99: ......................................................................... 9999.2


--------------------------------------
Metrics for period to: 21:25:10(-0300) (width: 9.997s)
--------------------------------------

errors.ECONNRESET: ............................................................. 3
errors.ETIMEDOUT: .............................................................. 7253
http.request_rate: ............................................................. 399/sec
http.requests: ................................................................. 3987
vusers.created: ................................................................ 3984
vusers.created_by_name.Root (/): ............................................... 3984
vusers.failed: ................................................................. 7256


--------------------------------------
Metrics for period to: 21:25:20(-0300) (width: 9.997s)
--------------------------------------

errors.ETIMEDOUT: .............................................................. 3990
http.request_rate: ............................................................. 615/sec
http.requests: ................................................................. 6129
vusers.created: ................................................................ 6130
vusers.created_by_name.Root (/): ............................................... 6130
vusers.failed: ................................................................. 3990


--------------------------------------
Metrics for period to: 21:25:30(-0300) (width: 9.999s)
--------------------------------------

errors.ETIMEDOUT: .............................................................. 6093
http.codes.200: ................................................................ 28
http.request_rate: ............................................................. 769/sec
http.requests: ................................................................. 7685
http.response_time:
  min: ......................................................................... 9705
  max: ......................................................................... 9994
  median: ...................................................................... 9999.2
  p95: ......................................................................... 9999.2
  p99: ......................................................................... 9999.2
http.responses: ................................................................ 28
vusers.completed: .............................................................. 28
vusers.created: ................................................................ 7684
vusers.created_by_name.Root (/): ............................................... 7684
vusers.failed: ................................................................. 6093
vusers.session_length:
  min: ......................................................................... 9742
  max: ......................................................................... 9998.9
  median: ...................................................................... 9999.2
  p95: ......................................................................... 9999.2
  p99: ......................................................................... 9999.2


--------------------------------------
Metrics for period to: 21:25:40(-0300) (width: 9.996s)
--------------------------------------

errors.ETIMEDOUT: .............................................................. 7230
http.codes.200: ................................................................ 502
http.request_rate: ............................................................. 669/sec
http.requests: ................................................................. 6684
http.response_time:
  min: ......................................................................... 7953
  max: ......................................................................... 10240
  median: ...................................................................... 9607.1
  p95: ......................................................................... 9999.2
  p99: ......................................................................... 9999.2
http.responses: ................................................................ 502
vusers.completed: .............................................................. 502
vusers.created: ................................................................ 6684
vusers.created_by_name.Root (/): ............................................... 6684
vusers.failed: ................................................................. 7230
vusers.session_length:
  min: ......................................................................... 7967
  max: ......................................................................... 10241.9
  median: ...................................................................... 9607.1
  p95: ......................................................................... 9999.2
  p99: ......................................................................... 9999.2


