
> perf@1.0.0 artillery
> NODE_OPTIONS=--max-old-space-size=4096 artillery "run" "./results/single-node/spike/cfg-spike-ping.yaml" "-e" "ping"

Phase started: Slow Ramp (index: 0, duration: 10s) 16:01:49(-0300)

Phase completed: Slow Ramp (index: 0, duration: 10s) 16:01:59(-0300)

Phase started: Plain Line (index: 1, duration: 45s) 16:01:59(-0300)

--------------------------------------
Metrics for period to: 16:01:50(-0300) (width: 0.789s)
--------------------------------------

http.codes.200: ................................................................ 8
http.request_rate: ............................................................. 10/sec
http.requests: ................................................................. 10
http.response_time:
  min: ......................................................................... 3
  max: ......................................................................... 10
  median: ...................................................................... 7
  p95: ......................................................................... 10.1
  p99: ......................................................................... 10.1
http.responses: ................................................................ 8
vusers.completed: .............................................................. 8
vusers.created: ................................................................ 10
vusers.created_by_name.Root (/): ............................................... 10
vusers.failed: ................................................................. 0
vusers.session_length:
  min: ......................................................................... 13.7
  max: ......................................................................... 77.9
  median: ...................................................................... 29.1
  p95: ......................................................................... 51.9
  p99: ......................................................................... 51.9


--------------------------------------
Metrics for period to: 16:02:00(-0300) (width: 9.994s)
--------------------------------------

http.codes.200: ................................................................ 1664
http.request_rate: ............................................................. 169/sec
http.requests: ................................................................. 1662
http.response_time:
  min: ......................................................................... 0
  max: ......................................................................... 42
  median: ...................................................................... 5
  p95: ......................................................................... 12.1
  p99: ......................................................................... 22.9
http.responses: ................................................................ 1664
vusers.completed: .............................................................. 1664
vusers.created: ................................................................ 1662
vusers.created_by_name.Root (/): ............................................... 1662
vusers.failed: ................................................................. 0
vusers.session_length:
  min: ......................................................................... 1.8
  max: ......................................................................... 104.4
  median: ...................................................................... 10.1
  p95: ......................................................................... 21.1
  p99: ......................................................................... 40.9


--------------------------------------
Metrics for period to: 16:02:10(-0300) (width: 9.985s)
--------------------------------------

http.codes.200: ................................................................ 2994
http.request_rate: ............................................................. 300/sec
http.requests: ................................................................. 2994
http.response_time:
  min: ......................................................................... 0
  max: ......................................................................... 15
  median: ...................................................................... 2
  p95: ......................................................................... 4
  p99: ......................................................................... 7
http.responses: ................................................................ 2994
vusers.completed: .............................................................. 2994
vusers.created: ................................................................ 2994
vusers.created_by_name.Root (/): ............................................... 2994
vusers.failed: ................................................................. 0
vusers.session_length:
  min: ......................................................................... 1.7
  max: ......................................................................... 47.1
  median: ...................................................................... 3.7
  p95: ......................................................................... 7.9
  p99: ......................................................................... 14.4


--------------------------------------
Metrics for period to: 16:02:20(-0300) (width: 9.984s)
--------------------------------------

http.codes.200: ................................................................ 3000
http.request_rate: ............................................................. 300/sec
http.requests: ................................................................. 3000
http.response_time:
  min: ......................................................................... 0
  max: ......................................................................... 19
  median: ...................................................................... 2
  p95: ......................................................................... 5
  p99: ......................................................................... 10.1
http.responses: ................................................................ 3000
vusers.completed: .............................................................. 3000
vusers.created: ................................................................ 3000
vusers.created_by_name.Root (/): ............................................... 3000
vusers.failed: ................................................................. 0
vusers.session_length:
  min: ......................................................................... 2
  max: ......................................................................... 53.6
  median: ...................................................................... 4.5
  p95: ......................................................................... 9.7
  p99: ......................................................................... 16.6


--------------------------------------
Metrics for period to: 16:02:30(-0300) (width: 9.987s)
--------------------------------------

http.codes.200: ................................................................ 2999
http.request_rate: ............................................................. 300/sec
http.requests: ................................................................. 3000
http.response_time:
  min: ......................................................................... 0
  max: ......................................................................... 26
  median: ...................................................................... 2
  p95: ......................................................................... 5
  p99: ......................................................................... 7
http.responses: ................................................................ 2999
vusers.completed: .............................................................. 2999
vusers.created: ................................................................ 3000
vusers.created_by_name.Root (/): ............................................... 3000
vusers.failed: ................................................................. 0
vusers.session_length:
  min: ......................................................................... 2.2
  max: ......................................................................... 51.3
  median: ...................................................................... 4.3
  p95: ......................................................................... 8.8
  p99: ......................................................................... 18.4


Phase completed: Plain Line (index: 1, duration: 45s) 16:02:44(-0300)

Phase started: Soft Spike (index: 2, duration: 5s) 16:02:44(-0300)

Phase completed: Soft Spike (index: 2, duration: 5s) 16:02:49(-0300)

Phase started: Soft Spike Plateau (index: 3, duration: 25s) 16:02:49(-0300)

--------------------------------------
Metrics for period to: 16:02:40(-0300) (width: 9.998s)
--------------------------------------

http.codes.200: ................................................................ 2999
http.request_rate: ............................................................. 300/sec
http.requests: ................................................................. 2999
http.response_time:
  min: ......................................................................... 0
  max: ......................................................................... 83
  median: ...................................................................... 2
  p95: ......................................................................... 6
  p99: ......................................................................... 12.1
http.responses: ................................................................ 2999
vusers.completed: .............................................................. 2999
vusers.created: ................................................................ 2999
vusers.created_by_name.Root (/): ............................................... 2999
vusers.failed: ................................................................. 0
vusers.session_length:
  min: ......................................................................... 2.1
  max: ......................................................................... 90.5
  median: ...................................................................... 4.9
  p95: ......................................................................... 13.3
  p99: ......................................................................... 24.8


--------------------------------------
Metrics for period to: 16:02:50(-0300) (width: 9.998s)
--------------------------------------

http.codes.200: ................................................................ 3158
http.request_rate: ............................................................. 350/sec
http.requests: ................................................................. 3485
http.response_time:
  min: ......................................................................... 0
  max: ......................................................................... 785
  median: ...................................................................... 37.7
  p95: ......................................................................... 347.3
  p99: ......................................................................... 608
http.responses: ................................................................ 3158
vusers.completed: .............................................................. 3158
vusers.created: ................................................................ 3488
vusers.created_by_name.Root (/): ............................................... 3488
vusers.failed: ................................................................. 0
vusers.session_length:
  min: ......................................................................... 2.5
  max: ......................................................................... 880.2
  median: ...................................................................... 51.9
  p95: ......................................................................... 361.5
  p99: ......................................................................... 608


--------------------------------------
Metrics for period to: 16:03:00(-0300) (width: 9.991s)
--------------------------------------

http.codes.200: ................................................................ 4040
http.request_rate: ............................................................. 499/sec
http.requests: ................................................................. 4974
http.response_time:
  min: ......................................................................... 67
  max: ......................................................................... 5332
  median: ...................................................................... 1652.8
  p95: ......................................................................... 3072.4
  p99: ......................................................................... 4770.6
http.responses: ................................................................ 4040
vusers.completed: .............................................................. 4040
vusers.created: ................................................................ 4978
vusers.created_by_name.Root (/): ............................................... 4978
vusers.failed: ................................................................. 0
vusers.session_length:
  min: ......................................................................... 72.2
  max: ......................................................................... 5339.3
  median: ...................................................................... 1652.8
  p95: ......................................................................... 3072.4
  p99: ......................................................................... 4770.6


Phase completed: Soft Spike Plateau (index: 3, duration: 25s) 16:03:14(-0300)

Phase started: Cooldown 1 (index: 4, duration: 100s) 16:03:14(-0300)

--------------------------------------
Metrics for period to: 16:03:10(-0300) (width: 9.996s)
--------------------------------------

http.codes.200: ................................................................ 6255
http.request_rate: ............................................................. 504/sec
http.requests: ................................................................. 5025
http.response_time:
  min: ......................................................................... 0
  max: ......................................................................... 9938
  median: ...................................................................... 925.4
  p95: ......................................................................... 5487.5
  p99: ......................................................................... 8186.6
http.responses: ................................................................ 6255
vusers.completed: .............................................................. 6255
vusers.created: ................................................................ 5021
vusers.created_by_name.Root (/): ............................................... 5021
vusers.failed: ................................................................. 0
vusers.session_length:
  min: ......................................................................... 1.4
  max: ......................................................................... 9939.4
  median: ...................................................................... 925.4
  p95: ......................................................................... 5598.4
  p99: ......................................................................... 8186.6


--------------------------------------
Metrics for period to: 16:03:20(-0300) (width: 9.998s)
--------------------------------------

http.codes.200: ................................................................ 4048
http.request_rate: ............................................................. 403/sec
http.requests: ................................................................. 4017
http.response_time:
  min: ......................................................................... 0
  max: ......................................................................... 550
  median: ...................................................................... 2
  p95: ......................................................................... 314.2
  p99: ......................................................................... 424.2
http.responses: ................................................................ 4048
vusers.completed: .............................................................. 4048
vusers.created: ................................................................ 4015
vusers.created_by_name.Root (/): ............................................... 4015
vusers.failed: ................................................................. 0
vusers.session_length:
  min: ......................................................................... 1.4
  max: ......................................................................... 563.7
  median: ...................................................................... 3.9
  p95: ......................................................................... 327.1
  p99: ......................................................................... 441.5


--------------------------------------
Metrics for period to: 16:03:30(-0300) (width: 9.999s)
--------------------------------------

http.codes.200: ................................................................ 3000
http.request_rate: ............................................................. 300/sec
http.requests: ................................................................. 3002
http.response_time:
  min: ......................................................................... 0
  max: ......................................................................... 23
  median: ...................................................................... 1
  p95: ......................................................................... 4
  p99: ......................................................................... 8.9
http.responses: ................................................................ 3000
vusers.completed: .............................................................. 3000
vusers.created: ................................................................ 3001
vusers.created_by_name.Root (/): ............................................... 3001
vusers.failed: ................................................................. 0
vusers.session_length:
  min: ......................................................................... 1.8
  max: ......................................................................... 37.3
  median: ...................................................................... 2.6
  p95: ......................................................................... 8.4
  p99: ......................................................................... 16.6


--------------------------------------
Metrics for period to: 16:03:40(-0300) (width: 9.999s)
--------------------------------------

http.codes.200: ................................................................ 3001
http.request_rate: ............................................................. 300/sec
http.requests: ................................................................. 2999
http.response_time:
  min: ......................................................................... 0
  max: ......................................................................... 28
  median: ...................................................................... 1
  p95: ......................................................................... 3
  p99: ......................................................................... 8.9
http.responses: ................................................................ 3001
vusers.completed: .............................................................. 3000
vusers.created: ................................................................ 3000
vusers.created_by_name.Root (/): ............................................... 3000
vusers.failed: ................................................................. 0
vusers.session_length:
  min: ......................................................................... 1.8
  max: ......................................................................... 42.9
  median: ...................................................................... 2.6
  p95: ......................................................................... 7.6
  p99: ......................................................................... 16.6


--------------------------------------
Metrics for period to: 16:03:50(-0300) (width: 9.999s)
--------------------------------------

http.codes.200: ................................................................ 2999
http.request_rate: ............................................................. 300/sec
http.requests: ................................................................. 3001
http.response_time:
  min: ......................................................................... 0
  max: ......................................................................... 18
  median: ...................................................................... 1
  p95: ......................................................................... 3
  p99: ......................................................................... 7
http.responses: ................................................................ 2999
vusers.completed: .............................................................. 3000
vusers.created: ................................................................ 3000
vusers.created_by_name.Root (/): ............................................... 3000
vusers.failed: ................................................................. 0
vusers.session_length:
  min: ......................................................................... 1.8
  max: ......................................................................... 34.1
  median: ...................................................................... 2.6
  p95: ......................................................................... 6.1
  p99: ......................................................................... 12.8


--------------------------------------
Metrics for period to: 16:04:00(-0300) (width: 9.999s)
--------------------------------------

http.codes.200: ................................................................ 2998
http.request_rate: ............................................................. 300/sec
http.requests: ................................................................. 3000
http.response_time:
  min: ......................................................................... 1
  max: ......................................................................... 377
  median: ...................................................................... 43.4
  p95: ......................................................................... 194.4
  p99: ......................................................................... 273.2
http.responses: ................................................................ 2998
vusers.completed: .............................................................. 2998
vusers.created: ................................................................ 3000
vusers.created_by_name.Root (/): ............................................... 3000
vusers.failed: ................................................................. 0
vusers.session_length:
  min: ......................................................................... 2.2
  max: ......................................................................... 378.3
  median: ...................................................................... 49.9
  p95: ......................................................................... 198.4
  p99: ......................................................................... 278.7


--------------------------------------
Metrics for period to: 16:04:10(-0300) (width: 9.998s)
--------------------------------------

http.codes.200: ................................................................ 2999
http.request_rate: ............................................................. 300/sec
http.requests: ................................................................. 3000
http.response_time:
  min: ......................................................................... 0
  max: ......................................................................... 62
  median: ...................................................................... 10.1
  p95: ......................................................................... 26.8
  p99: ......................................................................... 36.2
http.responses: ................................................................ 2999
vusers.completed: .............................................................. 2999
vusers.created: ................................................................ 3000
vusers.created_by_name.Root (/): ............................................... 3000
vusers.failed: ................................................................. 0
vusers.session_length:
  min: ......................................................................... 1.8
  max: ......................................................................... 64.4
  median: ...................................................................... 12.3
  p95: ......................................................................... 29.7
  p99: ......................................................................... 39.3


--------------------------------------
Metrics for period to: 16:04:20(-0300) (width: 9.999s)
--------------------------------------

http.codes.200: ................................................................ 3004
http.request_rate: ............................................................. 300/sec
http.requests: ................................................................. 3000
http.response_time:
  min: ......................................................................... 0
  max: ......................................................................... 62
  median: ...................................................................... 2
  p95: ......................................................................... 22.9
  p99: ......................................................................... 36.2
http.responses: ................................................................ 3004
vusers.completed: .............................................................. 3004
vusers.created: ................................................................ 3000
vusers.created_by_name.Root (/): ............................................... 3000
vusers.failed: ................................................................. 0
vusers.session_length:
  min: ......................................................................... 1.8
  max: ......................................................................... 68.4
  median: ...................................................................... 2.9
  p95: ......................................................................... 26.8
  p99: ......................................................................... 40


--------------------------------------
Metrics for period to: 16:04:30(-0300) (width: 9.999s)
--------------------------------------

http.codes.200: ................................................................ 3001
http.request_rate: ............................................................. 300/sec
http.requests: ................................................................. 3000
http.response_time:
  min: ......................................................................... 0
  max: ......................................................................... 53
  median: ...................................................................... 1
  p95: ......................................................................... 6
  p99: ......................................................................... 18
http.responses: ................................................................ 3001
vusers.completed: .............................................................. 3001
vusers.created: ................................................................ 3001
vusers.created_by_name.Root (/): ............................................... 3001
vusers.failed: ................................................................. 0
vusers.session_length:
  min: ......................................................................... 1.8
  max: ......................................................................... 68.8
  median: ...................................................................... 2.6
  p95: ......................................................................... 10.9
  p99: ......................................................................... 27.4


--------------------------------------
Metrics for period to: 16:04:40(-0300) (width: 9.999s)
--------------------------------------

http.codes.200: ................................................................ 3001
http.request_rate: ............................................................. 300/sec
http.requests: ................................................................. 3000
http.response_time:
  min: ......................................................................... 0
  max: ......................................................................... 23
  median: ...................................................................... 1
  p95: ......................................................................... 4
  p99: ......................................................................... 10.1
http.responses: ................................................................ 3001
vusers.completed: .............................................................. 3001
vusers.created: ................................................................ 3000
vusers.created_by_name.Root (/): ............................................... 3000
vusers.failed: ................................................................. 0
vusers.session_length:
  min: ......................................................................... 1.8
  max: ......................................................................... 31.4
  median: ...................................................................... 2.5
  p95: ......................................................................... 7.9
  p99: ......................................................................... 16.6


Phase completed: Cooldown 1 (index: 4, duration: 100s) 16:04:54(-0300)

Phase started: Strong Spike (index: 5, duration: 5s) 16:04:54(-0300)

Phase completed: Strong Spike (index: 5, duration: 5s) 16:04:59(-0300)

Phase started: Strong Spike Plateau (index: 6, duration: 25s) 16:04:59(-0300)

--------------------------------------
Metrics for period to: 16:04:50(-0300) (width: 9.999s)
--------------------------------------

http.codes.200: ................................................................ 3000
http.request_rate: ............................................................. 300/sec
http.requests: ................................................................. 3001
http.response_time:
  min: ......................................................................... 0
  max: ......................................................................... 51
  median: ...................................................................... 1
  p95: ......................................................................... 10.9
  p99: ......................................................................... 22
http.responses: ................................................................ 3000
vusers.completed: .............................................................. 3000
vusers.created: ................................................................ 3000
vusers.created_by_name.Root (/): ............................................... 3000
vusers.failed: ................................................................. 0
vusers.session_length:
  min: ......................................................................... 1.7
  max: ......................................................................... 52.9
  median: ...................................................................... 2.6
  p95: ......................................................................... 14.4
  p99: ......................................................................... 25.3


--------------------------------------
Metrics for period to: 16:05:00(-0300) (width: 9.998s)
--------------------------------------

http.codes.200: ................................................................ 3321
http.request_rate: ............................................................. 366/sec
http.requests: ................................................................. 3643
http.response_time:
  min: ......................................................................... 0
  max: ......................................................................... 882
  median: ...................................................................... 5
  p95: ......................................................................... 327.1
  p99: ......................................................................... 596
http.responses: ................................................................ 3321
vusers.completed: .............................................................. 3321
vusers.created: ................................................................ 3649
vusers.created_by_name.Root (/): ............................................... 3649
vusers.failed: ................................................................. 0
vusers.session_length:
  min: ......................................................................... 1.5
  max: ......................................................................... 888.3
  median: ...................................................................... 6.4
  p95: ......................................................................... 340.4
  p99: ......................................................................... 608


--------------------------------------
Metrics for period to: 16:05:10(-0300) (width: 9.996s)
--------------------------------------

http.codes.200: ................................................................ 3734
http.request_rate: ............................................................. 658/sec
http.requests: ................................................................. 6548
http.response_time:
  min: ......................................................................... 38
  max: ......................................................................... 6543
  median: ...................................................................... 2725
  p95: ......................................................................... 4316.6
  p99: ......................................................................... 4965.3
http.responses: ................................................................ 3734
vusers.completed: .............................................................. 3734
vusers.created: ................................................................ 6546
vusers.created_by_name.Root (/): ............................................... 6546
vusers.failed: ................................................................. 0
vusers.session_length:
  min: ......................................................................... 156.5
  max: ......................................................................... 6587.9
  median: ...................................................................... 2725
  p95: ......................................................................... 4316.6
  p99: ......................................................................... 4965.3


Phase completed: Strong Spike Plateau (index: 6, duration: 25s) 16:05:24(-0300)

Phase started: Cooldown 2 (index: 7, duration: 70s) 16:05:24(-0300)

--------------------------------------
Metrics for period to: 16:05:20(-0300) (width: 9.999s)
--------------------------------------

http.codes.200: ................................................................ 5825
http.request_rate: ............................................................. 654/sec
http.requests: ................................................................. 6531
http.response_time:
  min: ......................................................................... 2960
  max: ......................................................................... 8342
  median: ...................................................................... 4770.6
  p95: ......................................................................... 6439.7
  p99: ......................................................................... 6976.1
http.responses: ................................................................ 5825
vusers.completed: .............................................................. 5825
vusers.created: ................................................................ 6529
vusers.created_by_name.Root (/): ............................................... 6529
vusers.failed: ................................................................. 0
vusers.session_length:
  min: ......................................................................... 2963.7
  max: ......................................................................... 8357.5
  median: ...................................................................... 4770.6
  p95: ......................................................................... 6439.7
  p99: ......................................................................... 6976.1


--------------------------------------
Metrics for period to: 16:05:30(-0300) (width: 9.993s)
--------------------------------------

errors.ECONNRESET: ............................................................. 78
errors.ETIMEDOUT: .............................................................. 67
http.codes.200: ................................................................ 6503
http.request_rate: ............................................................. 497/sec
http.requests: ................................................................. 4952
http.response_time:
  min: ......................................................................... 3790
  max: ......................................................................... 9990
  median: ...................................................................... 6187.2
  p95: ......................................................................... 7865.6
  p99: ......................................................................... 9607.1
http.responses: ................................................................ 6503
vusers.completed: .............................................................. 6503
vusers.created: ................................................................ 4953
vusers.created_by_name.Root (/): ............................................... 4953
vusers.failed: ................................................................. 145
vusers.session_length:
  min: ......................................................................... 3791.9
  max: ......................................................................... 9992.8
  median: ...................................................................... 6187.2
  p95: ......................................................................... 8024.5
  p99: ......................................................................... 9607.1


--------------------------------------
Metrics for period to: 16:05:40(-0300) (width: 9.997s)
--------------------------------------

http.codes.200: ................................................................ 5158
http.request_rate: ............................................................. 302/sec
http.requests: ................................................................. 3014
http.response_time:
  min: ......................................................................... 0
  max: ......................................................................... 9160
  median: ...................................................................... 1556.5
  p95: ......................................................................... 7407.5
  p99: ......................................................................... 8024.5
http.responses: ................................................................ 5158
vusers.completed: .............................................................. 5158
vusers.created: ................................................................ 3011
vusers.created_by_name.Root (/): ............................................... 3011
vusers.failed: ................................................................. 0
vusers.session_length:
  min: ......................................................................... 1.4
  max: ......................................................................... 9188.7
  median: ...................................................................... 1556.5
  p95: ......................................................................... 7407.5
  p99: ......................................................................... 8024.5


--------------------------------------
Metrics for period to: 16:05:50(-0300) (width: 9.999s)
--------------------------------------

http.codes.200: ................................................................ 3003
http.request_rate: ............................................................. 300/sec
http.requests: ................................................................. 3000
http.response_time:
  min: ......................................................................... 0
  max: ......................................................................... 24
  median: ...................................................................... 1
  p95: ......................................................................... 4
  p99: ......................................................................... 8.9
http.responses: ................................................................ 3003
vusers.completed: .............................................................. 3003
vusers.created: ................................................................ 3001
vusers.created_by_name.Root (/): ............................................... 3001
vusers.failed: ................................................................. 0
vusers.session_length:
  min: ......................................................................... 1.8
  max: ......................................................................... 51.8
  median: ...................................................................... 2.8
  p95: ......................................................................... 8.8
  p99: ......................................................................... 16.3


--------------------------------------
Metrics for period to: 16:06:00(-0300) (width: 9.999s)
--------------------------------------

http.codes.200: ................................................................ 3000
http.request_rate: ............................................................. 300/sec
http.requests: ................................................................. 3000
http.response_time:
  min: ......................................................................... 0
  max: ......................................................................... 68
  median: ...................................................................... 1
  p95: ......................................................................... 7.9
  p99: ......................................................................... 34.1
http.responses: ................................................................ 3000
vusers.completed: .............................................................. 3000
vusers.created: ................................................................ 3000
vusers.created_by_name.Root (/): ............................................... 3000
vusers.failed: ................................................................. 0
vusers.session_length:
  min: ......................................................................... 1.8
  max: ......................................................................... 74.2
  median: ...................................................................... 2.8
  p95: ......................................................................... 13.1
  p99: ......................................................................... 37


--------------------------------------
Metrics for period to: 16:06:10(-0300) (width: 9.999s)
--------------------------------------

http.codes.200: ................................................................ 2990
http.request_rate: ............................................................. 300/sec
http.requests: ................................................................. 2999
http.response_time:
  min: ......................................................................... 0
  max: ......................................................................... 183
  median: ...................................................................... 2
  p95: ......................................................................... 40
  p99: ......................................................................... 80.6
http.responses: ................................................................ 2990
vusers.completed: .............................................................. 2990
vusers.created: ................................................................ 3000
vusers.created_by_name.Root (/): ............................................... 3000
vusers.failed: ................................................................. 0
vusers.session_length:
  min: ......................................................................... 1.8
  max: ......................................................................... 237.1
  median: ...................................................................... 3.1
  p95: ......................................................................... 47
  p99: ......................................................................... 90.9


--------------------------------------
Metrics for period to: 16:06:20(-0300) (width: 9.999s)
--------------------------------------

http.codes.200: ................................................................ 3009
http.request_rate: ............................................................. 300/sec
http.requests: ................................................................. 3001
http.response_time:
  min: ......................................................................... 0
  max: ......................................................................... 145
  median: ...................................................................... 15
  p95: ......................................................................... 49.9
  p99: ......................................................................... 82.3
http.responses: ................................................................ 3009
vusers.completed: .............................................................. 3009
vusers.created: ................................................................ 3000
vusers.created_by_name.Root (/): ............................................... 3000
vusers.failed: ................................................................. 0
vusers.session_length:
  min: ......................................................................... 1.8
  max: ......................................................................... 157
  median: ...................................................................... 16.9
  p95: ......................................................................... 56.3
  p99: ......................................................................... 102.5


Phase completed: Cooldown 2 (index: 7, duration: 70s) 16:06:34(-0300)

Phase started: Strong Long Spike (index: 8, duration: 5s) 16:06:34(-0300)

--------------------------------------
Metrics for period to: 16:06:30(-0300) (width: 9.999s)
--------------------------------------

http.codes.200: ................................................................ 3001
http.request_rate: ............................................................. 300/sec
http.requests: ................................................................. 3001
http.response_time:
  min: ......................................................................... 0
  max: ......................................................................... 58
  median: ...................................................................... 4
  p95: ......................................................................... 27.9
  p99: ......................................................................... 37
http.responses: ................................................................ 3001
vusers.completed: .............................................................. 3001
vusers.created: ................................................................ 3000
vusers.created_by_name.Root (/): ............................................... 3000
vusers.failed: ................................................................. 0
vusers.session_length:
  min: ......................................................................... 1.7
  max: ......................................................................... 62.3
  median: ...................................................................... 6.5
  p95: ......................................................................... 31.5
  p99: ......................................................................... 42.5


Phase completed: Strong Long Spike (index: 8, duration: 5s) 16:06:40(-0300)

Phase started: Strong Long Spike Plateau (index: 9, duration: 60s) 16:06:40(-0300)

--------------------------------------
Metrics for period to: 16:06:40(-0300) (width: 9.999s)
--------------------------------------

http.codes.200: ................................................................ 3639
http.request_rate: ............................................................. 366/sec
http.requests: ................................................................. 3638
http.response_time:
  min: ......................................................................... 0
  max: ......................................................................... 299
  median: ...................................................................... 5
  p95: ......................................................................... 70.1
  p99: ......................................................................... 165.7
http.responses: ................................................................ 3639
vusers.completed: .............................................................. 3639
vusers.created: ................................................................ 3639
vusers.created_by_name.Root (/): ............................................... 3639
vusers.failed: ................................................................. 0
vusers.session_length:
  min: ......................................................................... 1.3
  max: ......................................................................... 304.4
  median: ...................................................................... 6.9
  p95: ......................................................................... 85.6
  p99: ......................................................................... 183.1


--------------------------------------
Metrics for period to: 16:06:50(-0300) (width: 9.998s)
--------------------------------------

http.codes.200: ................................................................ 5450
http.request_rate: ............................................................. 645/sec
http.requests: ................................................................. 6428
http.response_time:
  min: ......................................................................... 0
  max: ......................................................................... 1547
  median: ...................................................................... 459.5
  p95: ......................................................................... 1130.2
  p99: ......................................................................... 1380.5
http.responses: ................................................................ 5450
vusers.completed: .............................................................. 5450
vusers.created: ................................................................ 6432
vusers.created_by_name.Root (/): ............................................... 6432
vusers.failed: ................................................................. 0
vusers.session_length:
  min: ......................................................................... 1.2
  max: ......................................................................... 1618.1
  median: ...................................................................... 468.8
  p95: ......................................................................... 1130.2
  p99: ......................................................................... 1380.5


--------------------------------------
Metrics for period to: 16:07:00(-0300) (width: 9.994s)
--------------------------------------

http.codes.200: ................................................................ 6448
http.request_rate: ............................................................. 651/sec
http.requests: ................................................................. 6476
http.response_time:
  min: ......................................................................... 211
  max: ......................................................................... 3731
  median: ...................................................................... 1380.5
  p95: ......................................................................... 2515.5
  p99: ......................................................................... 3197.8
http.responses: ................................................................ 6448
vusers.completed: .............................................................. 6448
vusers.created: ................................................................ 6478
vusers.created_by_name.Root (/): ............................................... 6478
vusers.failed: ................................................................. 0
vusers.session_length:
  min: ......................................................................... 215.5
  max: ......................................................................... 3760.4
  median: ...................................................................... 1408.4
  p95: ......................................................................... 2515.5
  p99: ......................................................................... 3197.8


--------------------------------------
Metrics for period to: 16:07:10(-0300) (width: 9.999s)
--------------------------------------

http.codes.200: ................................................................ 7252
http.request_rate: ............................................................. 651/sec
http.requests: ................................................................. 6494
http.response_time:
  min: ......................................................................... 0
  max: ......................................................................... 4309
  median: ...................................................................... 757.6
  p95: ......................................................................... 2143.5
  p99: ......................................................................... 3262.4
http.responses: ................................................................ 7252
vusers.completed: .............................................................. 7252
vusers.created: ................................................................ 6494
vusers.created_by_name.Root (/): ............................................... 6494
vusers.failed: ................................................................. 0
vusers.session_length:
  min: ......................................................................... 1.4
  max: ......................................................................... 4312.2
  median: ...................................................................... 757.6
  p95: ......................................................................... 2143.5
  p99: ......................................................................... 3262.4


--------------------------------------
Metrics for period to: 16:07:20(-0300) (width: 9.999s)
--------------------------------------

http.codes.200: ................................................................ 5819
http.request_rate: ............................................................. 654/sec
http.requests: ................................................................. 6522
http.response_time:
  min: ......................................................................... 0
  max: ......................................................................... 3088
  median: ...................................................................... 742.6
  p95: ......................................................................... 2018.7
  p99: ......................................................................... 2566.3
http.responses: ................................................................ 5819
vusers.completed: .............................................................. 5819
vusers.created: ................................................................ 6520
vusers.created_by_name.Root (/): ............................................... 6520
vusers.failed: ................................................................. 0
vusers.session_length:
  min: ......................................................................... 1.9
  max: ......................................................................... 3094.6
  median: ...................................................................... 757.6
  p95: ......................................................................... 2018.7
  p99: ......................................................................... 2566.3


Phase completed: Strong Long Spike Plateau (index: 9, duration: 60s) 16:07:40(-0300)

Phase started: Cooldown 3 (index: 10, duration: 100s) 16:07:40(-0300)

--------------------------------------
Metrics for period to: 16:07:30(-0300) (width: 9.999s)
--------------------------------------

errors.ECONNRESET: ............................................................. 1
http.codes.200: ................................................................ 3933
http.request_rate: ............................................................. 651/sec
http.requests: ................................................................. 6464
http.response_time:
  min: ......................................................................... 366
  max: ......................................................................... 6283
  median: ...................................................................... 2836.2
  p95: ......................................................................... 4492.8
  p99: ......................................................................... 5487.5
http.responses: ................................................................ 3933
vusers.completed: .............................................................. 3933
vusers.created: ................................................................ 6466
vusers.created_by_name.Root (/): ............................................... 6466
vusers.failed: ................................................................. 1
vusers.session_length:
  min: ......................................................................... 412.7
  max: ......................................................................... 6284.2
  median: ...................................................................... 2836.2
  p95: ......................................................................... 4492.8
  p99: ......................................................................... 5487.5


--------------------------------------
Metrics for period to: 16:07:40(-0300) (width: 9.999s)
--------------------------------------

errors.ECONNRESET: ............................................................. 62
errors.ETIMEDOUT: .............................................................. 34
http.codes.200: ................................................................ 3765
http.request_rate: ............................................................. 655/sec
http.requests: ................................................................. 6517
http.response_time:
  min: ......................................................................... 4472
  max: ......................................................................... 9915
  median: ...................................................................... 6312.2
  p95: ......................................................................... 8692.8
  p99: ......................................................................... 9230.4
http.responses: ................................................................ 3765
vusers.completed: .............................................................. 3765
vusers.created: ................................................................ 6517
vusers.created_by_name.Root (/): ............................................... 6517
vusers.failed: ................................................................. 96
vusers.session_length:
  min: ......................................................................... 4472.8
  max: ......................................................................... 9951.9
  median: ...................................................................... 6312.2
  p95: ......................................................................... 8692.8
  p99: ......................................................................... 9416.8


--------------------------------------
Metrics for period to: 16:07:50(-0300) (width: 9.999s)
--------------------------------------

errors.ECONNRESET: ............................................................. 50
errors.ETIMEDOUT: .............................................................. 4531
http.codes.200: ................................................................ 1730
http.request_rate: ............................................................. 341/sec
http.requests: ................................................................. 3397
http.response_time:
  min: ......................................................................... 7170
  max: ......................................................................... 10003
  median: ...................................................................... 9416.8
  p95: ......................................................................... 9999.2
  p99: ......................................................................... 9999.2
http.responses: ................................................................ 1730
vusers.completed: .............................................................. 1730
vusers.created: ................................................................ 3397
vusers.created_by_name.Root (/): ............................................... 3397
vusers.failed: ................................................................. 4581
vusers.session_length:
  min: ......................................................................... 7188.1
  max: ......................................................................... 10016.7
  median: ...................................................................... 9416.8
  p95: ......................................................................... 9999.2
  p99: ......................................................................... 9999.2


--------------------------------------
Metrics for period to: 16:08:00(-0300) (width: 9.995s)
--------------------------------------

errors.ETIMEDOUT: .............................................................. 1338
http.codes.200: ................................................................ 2672
http.request_rate: ............................................................. 305/sec
http.requests: ................................................................. 3033
http.response_time:
  min: ......................................................................... 2096
  max: ......................................................................... 9999
  median: ...................................................................... 7407.5
  p95: ......................................................................... 9607.1
  p99: ......................................................................... 9999.2
http.responses: ................................................................ 2672
vusers.completed: .............................................................. 2672
vusers.created: ................................................................ 3029
vusers.created_by_name.Root (/): ............................................... 3029
vusers.failed: ................................................................. 1338
vusers.session_length:
  min: ......................................................................... 2102.5
  max: ......................................................................... 10000.6
  median: ...................................................................... 7407.5
  p95: ......................................................................... 9801.2
  p99: ......................................................................... 9999.2


--------------------------------------
Metrics for period to: 16:08:10(-0300) (width: 9.995s)
--------------------------------------

errors.ETIMEDOUT: .............................................................. 35
http.codes.200: ................................................................ 5219
http.request_rate: ............................................................. 300/sec
http.requests: ................................................................. 3008
http.response_time:
  min: ......................................................................... 0
  max: ......................................................................... 9959
  median: ...................................................................... 441.5
  p95: ......................................................................... 8024.5
  p99: ......................................................................... 9607.1
http.responses: ................................................................ 5219
vusers.completed: .............................................................. 5219
vusers.created: ................................................................ 3005
vusers.created_by_name.Root (/): ............................................... 3005
vusers.failed: ................................................................. 35
vusers.session_length:
  min: ......................................................................... 1.4
  max: ......................................................................... 9977.9
  median: ...................................................................... 459.5
  p95: ......................................................................... 8024.5
  p99: ......................................................................... 9607.1


--------------------------------------
Metrics for period to: 16:08:20(-0300) (width: 9.996s)
--------------------------------------

http.codes.200: ................................................................ 2984
http.request_rate: ............................................................. 300/sec
http.requests: ................................................................. 3000
http.response_time:
  min: ......................................................................... 0
  max: ......................................................................... 191
  median: ...................................................................... 2
  p95: ......................................................................... 40.9
  p99: ......................................................................... 85.6
http.responses: ................................................................ 2984
vusers.completed: .............................................................. 2984
vusers.created: ................................................................ 3000
vusers.created_by_name.Root (/): ............................................... 3000
vusers.failed: ................................................................. 0
vusers.session_length:
  min: ......................................................................... 1.7
  max: ......................................................................... 221.1
  median: ...................................................................... 3
  p95: ......................................................................... 46.1
  p99: ......................................................................... 94.6


--------------------------------------
Metrics for period to: 16:08:30(-0300) (width: 9.998s)
--------------------------------------

http.codes.200: ................................................................ 3010
http.request_rate: ............................................................. 300/sec
http.requests: ................................................................. 3000
http.response_time:
  min: ......................................................................... 0
  max: ......................................................................... 88
  median: ...................................................................... 10.9
  p95: ......................................................................... 36.2
  p99: ......................................................................... 58.6
http.responses: ................................................................ 3010
vusers.completed: .............................................................. 3010
vusers.created: ................................................................ 3001
vusers.created_by_name.Root (/): ............................................... 3001
vusers.failed: ................................................................. 0
vusers.session_length:
  min: ......................................................................... 1.8
  max: ......................................................................... 105.9
  median: ...................................................................... 13.3
  p95: ......................................................................... 42.5
  p99: ......................................................................... 68.7


--------------------------------------
Metrics for period to: 16:08:40(-0300) (width: 9.999s)
--------------------------------------

http.codes.200: ................................................................ 3006
http.request_rate: ............................................................. 300/sec
http.requests: ................................................................. 3000
http.response_time:
  min: ......................................................................... 0
  max: ......................................................................... 448
  median: ...................................................................... 7.9
  p95: ......................................................................... 214.9
  p99: ......................................................................... 361.5
http.responses: ................................................................ 3006
vusers.completed: .............................................................. 3006
vusers.created: ................................................................ 3000
vusers.created_by_name.Root (/): ............................................... 3000
vusers.failed: ................................................................. 0
vusers.session_length:
  min: ......................................................................... 1.8
  max: ......................................................................... 449
  median: ...................................................................... 11.1
  p95: ......................................................................... 219.2
  p99: ......................................................................... 368.8


--------------------------------------
Metrics for period to: 16:08:50(-0300) (width: 9.999s)
--------------------------------------

http.codes.200: ................................................................ 3000
http.request_rate: ............................................................. 300/sec
http.requests: ................................................................. 3000
http.response_time:
  min: ......................................................................... 0
  max: ......................................................................... 26
  median: ...................................................................... 1
  p95: ......................................................................... 4
  p99: ......................................................................... 10.9
http.responses: ................................................................ 3000
vusers.completed: .............................................................. 3000
vusers.created: ................................................................ 3000
vusers.created_by_name.Root (/): ............................................... 3000
vusers.failed: ................................................................. 0
vusers.session_length:
  min: ......................................................................... 1.8
  max: ......................................................................... 28
  median: ...................................................................... 2.5
  p95: ......................................................................... 7.5
  p99: ......................................................................... 15.3


--------------------------------------
Metrics for period to: 16:09:00(-0300) (width: 9.999s)
--------------------------------------

http.codes.200: ................................................................ 3000
http.request_rate: ............................................................. 300/sec
http.requests: ................................................................. 3001
http.response_time:
  min: ......................................................................... 0
  max: ......................................................................... 48
  median: ...................................................................... 2
  p95: ......................................................................... 22
  p99: ......................................................................... 32.1
http.responses: ................................................................ 3000
vusers.completed: .............................................................. 3000
vusers.created: ................................................................ 3000
vusers.created_by_name.Root (/): ............................................... 3000
vusers.failed: ................................................................. 0
vusers.session_length:
  min: ......................................................................... 1.8
  max: ......................................................................... 49.3
  median: ...................................................................... 3
  p95: ......................................................................... 24.8
  p99: ......................................................................... 35.5


Phase completed: Cooldown 3 (index: 10, duration: 100s) 16:09:20(-0300)

Phase started: Reset Line (index: 11, duration: 60s) 16:09:20(-0300)

--------------------------------------
Metrics for period to: 16:09:10(-0300) (width: 9.998s)
--------------------------------------

http.codes.200: ................................................................ 3000
http.request_rate: ............................................................. 300/sec
http.requests: ................................................................. 3000
http.response_time:
  min: ......................................................................... 0
  max: ......................................................................... 57
  median: ...................................................................... 1
  p95: ......................................................................... 24.8
  p99: ......................................................................... 36.2
http.responses: ................................................................ 3000
vusers.completed: .............................................................. 3000
vusers.created: ................................................................ 3000
vusers.created_by_name.Root (/): ............................................... 3000
vusers.failed: ................................................................. 0
vusers.session_length:
  min: ......................................................................... 1.8
  max: ......................................................................... 64.7
  median: ...................................................................... 2.7
  p95: ......................................................................... 28.5
  p99: ......................................................................... 43.4


--------------------------------------
Metrics for period to: 16:09:20(-0300) (width: 9.997s)
--------------------------------------

http.codes.200: ................................................................ 3000
http.request_rate: ............................................................. 300/sec
http.requests: ................................................................. 3000
http.response_time:
  min: ......................................................................... 0
  max: ......................................................................... 100
  median: ...................................................................... 2
  p95: ......................................................................... 26.8
  p99: ......................................................................... 46.1
http.responses: ................................................................ 3000
vusers.completed: .............................................................. 3000
vusers.created: ................................................................ 3000
vusers.created_by_name.Root (/): ............................................... 3000
vusers.failed: ................................................................. 0
vusers.session_length:
  min: ......................................................................... 1.8
  max: ......................................................................... 102.8
  median: ...................................................................... 2.8
  p95: ......................................................................... 31.5
  p99: ......................................................................... 51.9


--------------------------------------
Metrics for period to: 16:09:30(-0300) (width: 9.093s)
--------------------------------------

http.codes.200: ................................................................ 352
http.request_rate: ............................................................. 246/sec
http.requests: ................................................................. 351
http.response_time:
  min: ......................................................................... 0
  max: ......................................................................... 25
  median: ...................................................................... 1
  p95: ......................................................................... 2
  p99: ......................................................................... 12.1
http.responses: ................................................................ 352
vusers.completed: .............................................................. 352
vusers.created: ................................................................ 351
vusers.created_by_name.Root (/): ............................................... 351
vusers.failed: ................................................................. 0
vusers.session_length:
  min: ......................................................................... 1.6
  max: ......................................................................... 26.4
  median: ...................................................................... 2.4
  p95: ......................................................................... 5.1
  p99: ......................................................................... 13.6


--------------------------------------
Metrics for period to: 16:09:40(-0300) (width: 9.003s)
--------------------------------------

http.codes.200: ................................................................ 10
http.request_rate: ............................................................. 1/sec
http.requests: ................................................................. 10
http.response_time:
  min: ......................................................................... 1
  max: ......................................................................... 4
  median: ...................................................................... 1
  p95: ......................................................................... 4
  p99: ......................................................................... 4
http.responses: ................................................................ 10
vusers.completed: .............................................................. 10
vusers.created: ................................................................ 10
vusers.created_by_name.Root (/): ............................................... 10
vusers.failed: ................................................................. 0
vusers.session_length:
  min: ......................................................................... 2.1
  max: ......................................................................... 6.7
  median: ...................................................................... 2.9
  p95: ......................................................................... 5.6
  p99: ......................................................................... 5.6


--------------------------------------
Metrics for period to: 16:09:50(-0300) (width: 9.002s)
--------------------------------------

http.codes.200: ................................................................ 10
http.request_rate: ............................................................. 1/sec
http.requests: ................................................................. 10
http.response_time:
  min: ......................................................................... 1
  max: ......................................................................... 3
  median: ...................................................................... 2
  p95: ......................................................................... 3
  p99: ......................................................................... 3
http.responses: ................................................................ 10
vusers.completed: .............................................................. 10
vusers.created: ................................................................ 10
vusers.created_by_name.Root (/): ............................................... 10
vusers.failed: ................................................................. 0
vusers.session_length:
  min: ......................................................................... 1.9
  max: ......................................................................... 5.2
  median: ...................................................................... 3
  p95: ......................................................................... 4.8
  p99: ......................................................................... 4.8


--------------------------------------
Metrics for period to: 16:10:00(-0300) (width: 9.002s)
--------------------------------------

http.codes.200: ................................................................ 10
http.request_rate: ............................................................. 1/sec
http.requests: ................................................................. 10
http.response_time:
  min: ......................................................................... 1
  max: ......................................................................... 2
  median: ...................................................................... 1
  p95: ......................................................................... 2
  p99: ......................................................................... 2
http.responses: ................................................................ 10
vusers.completed: .............................................................. 10
vusers.created: ................................................................ 10
vusers.created_by_name.Root (/): ............................................... 10
vusers.failed: ................................................................. 0
vusers.session_length:
  min: ......................................................................... 1.9
  max: ......................................................................... 4.6
  median: ...................................................................... 2.7
  p95: ......................................................................... 3.6
  p99: ......................................................................... 3.6


--------------------------------------
Metrics for period to: 16:10:10(-0300) (width: 9.002s)
--------------------------------------

http.codes.200: ................................................................ 10
http.request_rate: ............................................................. 1/sec
http.requests: ................................................................. 10
http.response_time:
  min: ......................................................................... 1
  max: ......................................................................... 5
  median: ...................................................................... 2
  p95: ......................................................................... 4
  p99: ......................................................................... 4
http.responses: ................................................................ 10
vusers.completed: .............................................................. 10
vusers.created: ................................................................ 10
vusers.created_by_name.Root (/): ............................................... 10
vusers.failed: ................................................................. 0
vusers.session_length:
  min: ......................................................................... 1.9
  max: ......................................................................... 7.5
  median: ...................................................................... 4.7
  p95: ......................................................................... 6.2
  p99: ......................................................................... 6.2


Phase completed: Reset Line (index: 11, duration: 60s) 16:10:20(-0300)

--------------------------------------
Metrics for period to: 16:10:30(-0300) (width: 1.006s)
--------------------------------------

http.codes.200: ................................................................ 2
http.request_rate: ............................................................. 2/sec
http.requests: ................................................................. 2
http.response_time:
  min: ......................................................................... 2
  max: ......................................................................... 3
  median: ...................................................................... 2
  p95: ......................................................................... 2
  p99: ......................................................................... 2
http.responses: ................................................................ 2
vusers.completed: .............................................................. 2
vusers.created: ................................................................ 2
vusers.created_by_name.Root (/): ............................................... 2
vusers.failed: ................................................................. 0
vusers.session_length:
  min: ......................................................................... 4.3
  max: ......................................................................... 5.8
  median: ...................................................................... 4.3
  p95: ......................................................................... 4.3
  p99: ......................................................................... 4.3


--------------------------------------
Metrics for period to: 16:10:20(-0300) (width: 9.002s)
--------------------------------------

http.codes.200: ................................................................ 10
http.request_rate: ............................................................. 1/sec
http.requests: ................................................................. 10
http.response_time:
  min: ......................................................................... 1
  max: ......................................................................... 4
  median: ...................................................................... 2
  p95: ......................................................................... 4
  p99: ......................................................................... 4
http.responses: ................................................................ 10
vusers.completed: .............................................................. 10
vusers.created: ................................................................ 10
vusers.created_by_name.Root (/): ............................................... 10
vusers.failed: ................................................................. 0
vusers.session_length:
  min: ......................................................................... 1.9
  max: ......................................................................... 6.1
  median: ...................................................................... 3.4
  p95: ......................................................................... 6
  p99: ......................................................................... 6


All VUs finished. Total time: 8 minutes, 34 seconds

--------------------------------
Summary report @ 16:10:22(-0300)
--------------------------------

errors.ECONNRESET: ............................................................. 39
errors.ETIMEDOUT: .............................................................. 842
http.codes.200: ................................................................ 23707
http.request_rate: ............................................................. 47/sec
http.requests: ................................................................. 24588
http.response_time:
  min: ......................................................................... 0
  max: ......................................................................... 9990
  median: ...................................................................... 16.9
  p95: ......................................................................... 6702.6
  p99: ......................................................................... 9230.4
http.responses: ................................................................ 23707
vusers.completed: .............................................................. 23707
vusers.created: ................................................................ 24588
vusers.created_by_name.Root (/): ............................................... 24588
vusers.failed: ................................................................. 881
vusers.session_length:
  min: ......................................................................... 1.3
  max: ......................................................................... 9995.3
  median: ...................................................................... 20.7
  p95: ......................................................................... 6702.6
  p99: ......................................................................... 9230.4
