NOTES:
    el throughput maximo se plancha en 6.5-7 rps
    en condiciones normales, da 1.47 de latency
    pasadas las 7 rps, la latencia aumenta
    de forma estable hasta llegar a los 10 segundos,
    donde comienzan los errores
    pasado este punto el sistema no da seniales de
    recuperarse
====

> perf@1.0.0 artillery
> NODE_OPTIONS=--max-old-space-size=4096 artillery "run" "./results/single-node/breakpoint/cfg-breakpoint-sync.yaml" "-e" "sync"

Phase started: Warmup Line (index: 0, duration: 25s) 17:14:21(-0300)

--------------------------------------
Metrics for period to: 17:14:30(-0300) (width: 7.464s)
--------------------------------------

http.codes.200: ................................................................ 7
http.request_rate: ............................................................. 1/sec
http.requests: ................................................................. 8
http.response_time:
  min: ......................................................................... 1455
  max: ......................................................................... 1461
  median: ...................................................................... 1465.9
  p95: ......................................................................... 1465.9
  p99: ......................................................................... 1465.9
http.responses: ................................................................ 7
vusers.completed: .............................................................. 7
vusers.created: ................................................................ 8
vusers.created_by_name.Root (/): ............................................... 8
vusers.failed: ................................................................. 0
vusers.session_length:
  min: ......................................................................... 1458.5
  max: ......................................................................... 1486.9
  median: ...................................................................... 1465.9
  p95: ......................................................................... 1465.9
  p99: ......................................................................... 1465.9


Phase completed: Warmup Line (index: 0, duration: 25s) 17:14:46(-0300)

Phase started: Slow Ramp (index: 1, duration: 300s) 17:14:46(-0300)

--------------------------------------
Metrics for period to: 17:14:40(-0300) (width: 9.463s)
--------------------------------------

http.codes.200: ................................................................ 10
http.request_rate: ............................................................. 1/sec
http.requests: ................................................................. 10
http.response_time:
  min: ......................................................................... 1454
  max: ......................................................................... 1459
  median: ...................................................................... 1465.9
  p95: ......................................................................... 1465.9
  p99: ......................................................................... 1465.9
http.responses: ................................................................ 10
vusers.completed: .............................................................. 10
vusers.created: ................................................................ 10
vusers.created_by_name.Root (/): ............................................... 10
vusers.failed: ................................................................. 0
vusers.session_length:
  min: ......................................................................... 1457.6
  max: ......................................................................... 1465.6
  median: ...................................................................... 1465.9
  p95: ......................................................................... 1465.9
  p99: ......................................................................... 1465.9


--------------------------------------
Metrics for period to: 17:14:50(-0300) (width: 9.404s)
--------------------------------------

http.codes.200: ................................................................ 8
http.request_rate: ............................................................. 1/sec
http.requests: ................................................................. 8
http.response_time:
  min: ......................................................................... 1453
  max: ......................................................................... 1459
  median: ...................................................................... 1465.9
  p95: ......................................................................... 1465.9
  p99: ......................................................................... 1465.9
http.responses: ................................................................ 8
vusers.completed: .............................................................. 8
vusers.created: ................................................................ 8
vusers.created_by_name.Root (/): ............................................... 8
vusers.failed: ................................................................. 0
vusers.session_length:
  min: ......................................................................... 1455
  max: ......................................................................... 1462.9
  median: ...................................................................... 1465.9
  p95: ......................................................................... 1465.9
  p99: ......................................................................... 1465.9


--------------------------------------
Metrics for period to: 17:15:00(-0300) (width: 8.19s)
--------------------------------------

http.codes.200: ................................................................ 12
http.request_rate: ............................................................. 2/sec
http.requests: ................................................................. 12
http.response_time:
  min: ......................................................................... 1455
  max: ......................................................................... 1462
  median: ...................................................................... 1465.9
  p95: ......................................................................... 1465.9
  p99: ......................................................................... 1465.9
http.responses: ................................................................ 12
vusers.completed: .............................................................. 12
vusers.created: ................................................................ 12
vusers.created_by_name.Root (/): ............................................... 12
vusers.failed: ................................................................. 0
vusers.session_length:
  min: ......................................................................... 1457.7
  max: ......................................................................... 1467.4
  median: ...................................................................... 1465.9
  p95: ......................................................................... 1465.9
  p99: ......................................................................... 1465.9


--------------------------------------
Metrics for period to: 17:15:10(-0300) (width: 9.467s)
--------------------------------------

http.codes.200: ................................................................ 10
http.request_rate: ............................................................. 2/sec
http.requests: ................................................................. 13
http.response_time:
  min: ......................................................................... 1456
  max: ......................................................................... 1461
  median: ...................................................................... 1465.9
  p95: ......................................................................... 1465.9
  p99: ......................................................................... 1465.9
http.responses: ................................................................ 10
vusers.completed: .............................................................. 10
vusers.created: ................................................................ 13
vusers.created_by_name.Root (/): ............................................... 13
vusers.failed: ................................................................. 0
vusers.session_length:
  min: ......................................................................... 1458.6
  max: ......................................................................... 1467.9
  median: ...................................................................... 1465.9
  p95: ......................................................................... 1465.9
  p99: ......................................................................... 1465.9


--------------------------------------
Metrics for period to: 17:15:20(-0300) (width: 9.729s)
--------------------------------------

http.codes.200: ................................................................ 19
http.request_rate: ............................................................. 2/sec
http.requests: ................................................................. 16
http.response_time:
  min: ......................................................................... 1456
  max: ......................................................................... 1460
  median: ...................................................................... 1465.9
  p95: ......................................................................... 1465.9
  p99: ......................................................................... 1465.9
http.responses: ................................................................ 19
vusers.completed: .............................................................. 19
vusers.created: ................................................................ 16
vusers.created_by_name.Root (/): ............................................... 16
vusers.failed: ................................................................. 0
vusers.session_length:
  min: ......................................................................... 1458.1
  max: ......................................................................... 1467
  median: ...................................................................... 1465.9
  p95: ......................................................................... 1465.9
  p99: ......................................................................... 1465.9


--------------------------------------
Metrics for period to: 17:15:30(-0300) (width: 9.529s)
--------------------------------------

http.codes.200: ................................................................ 22
http.request_rate: ............................................................. 3/sec
http.requests: ................................................................. 25
http.response_time:
  min: ......................................................................... 1455
  max: ......................................................................... 1460
  median: ...................................................................... 1465.9
  p95: ......................................................................... 1465.9
  p99: ......................................................................... 1465.9
http.responses: ................................................................ 22
vusers.completed: .............................................................. 22
vusers.created: ................................................................ 25
vusers.created_by_name.Root (/): ............................................... 25
vusers.failed: ................................................................. 0
vusers.session_length:
  min: ......................................................................... 1456.7
  max: ......................................................................... 1465.8
  median: ...................................................................... 1465.9
  p95: ......................................................................... 1465.9
  p99: ......................................................................... 1465.9


--------------------------------------
Metrics for period to: 17:15:40(-0300) (width: 9.743s)
--------------------------------------

http.codes.200: ................................................................ 28
http.request_rate: ............................................................. 3/sec
http.requests: ................................................................. 28
http.response_time:
  min: ......................................................................... 1455
  max: ......................................................................... 1460
  median: ...................................................................... 1465.9
  p95: ......................................................................... 1465.9
  p99: ......................................................................... 1465.9
http.responses: ................................................................ 28
vusers.completed: .............................................................. 28
vusers.created: ................................................................ 28
vusers.created_by_name.Root (/): ............................................... 28
vusers.failed: ................................................................. 0
vusers.session_length:
  min: ......................................................................... 1456.9
  max: ......................................................................... 1465.1
  median: ...................................................................... 1465.9
  p95: ......................................................................... 1465.9
  p99: ......................................................................... 1465.9


--------------------------------------
Metrics for period to: 17:15:50(-0300) (width: 9.13s)
--------------------------------------

http.codes.200: ................................................................ 30
http.request_rate: ............................................................. 4/sec
http.requests: ................................................................. 31
http.response_time:
  min: ......................................................................... 1454
  max: ......................................................................... 1460
  median: ...................................................................... 1465.9
  p95: ......................................................................... 1465.9
  p99: ......................................................................... 1465.9
http.responses: ................................................................ 30
vusers.completed: .............................................................. 30
vusers.created: ................................................................ 31
vusers.created_by_name.Root (/): ............................................... 31
vusers.failed: ................................................................. 0
vusers.session_length:
  min: ......................................................................... 1456.6
  max: ......................................................................... 1467.8
  median: ...................................................................... 1465.9
  p95: ......................................................................... 1465.9
  p99: ......................................................................... 1465.9


--------------------------------------
Metrics for period to: 17:16:00(-0300) (width: 9.673s)
--------------------------------------

http.codes.200: ................................................................ 42
http.request_rate: ............................................................. 4/sec
http.requests: ................................................................. 43
http.response_time:
  min: ......................................................................... 1454
  max: ......................................................................... 1509
  median: ...................................................................... 1465.9
  p95: ......................................................................... 1465.9
  p99: ......................................................................... 1495.5
http.responses: ................................................................ 42
vusers.completed: .............................................................. 42
vusers.created: ................................................................ 43
vusers.created_by_name.Root (/): ............................................... 43
vusers.failed: ................................................................. 0
vusers.session_length:
  min: ......................................................................... 1456.4
  max: ......................................................................... 1511.8
  median: ...................................................................... 1465.9
  p95: ......................................................................... 1465.9
  p99: ......................................................................... 1525.7


--------------------------------------
Metrics for period to: 17:16:10(-0300) (width: 9.874s)
--------------------------------------

http.codes.200: ................................................................ 41
http.request_rate: ............................................................. 4/sec
http.requests: ................................................................. 41
http.response_time:
  min: ......................................................................... 1454
  max: ......................................................................... 1461
  median: ...................................................................... 1465.9
  p95: ......................................................................... 1465.9
  p99: ......................................................................... 1465.9
http.responses: ................................................................ 41
vusers.completed: .............................................................. 41
vusers.created: ................................................................ 41
vusers.created_by_name.Root (/): ............................................... 41
vusers.failed: ................................................................. 0
vusers.session_length:
  min: ......................................................................... 1455.4
  max: ......................................................................... 1466.9
  median: ...................................................................... 1465.9
  p95: ......................................................................... 1465.9
  p99: ......................................................................... 1465.9


--------------------------------------
Metrics for period to: 17:16:20(-0300) (width: 9.874s)
--------------------------------------

http.codes.200: ................................................................ 47
http.request_rate: ............................................................. 5/sec
http.requests: ................................................................. 51
http.response_time:
  min: ......................................................................... 1455
  max: ......................................................................... 1463
  median: ...................................................................... 1465.9
  p95: ......................................................................... 1465.9
  p99: ......................................................................... 1465.9
http.responses: ................................................................ 47
vusers.completed: .............................................................. 47
vusers.created: ................................................................ 51
vusers.created_by_name.Root (/): ............................................... 51
vusers.failed: ................................................................. 0
vusers.session_length:
  min: ......................................................................... 1456.9
  max: ......................................................................... 1467.3
  median: ...................................................................... 1465.9
  p95: ......................................................................... 1465.9
  p99: ......................................................................... 1465.9


--------------------------------------
Metrics for period to: 17:16:30(-0300) (width: 9.876s)
--------------------------------------

http.codes.200: ................................................................ 52
http.request_rate: ............................................................. 5/sec
http.requests: ................................................................. 49
http.response_time:
  min: ......................................................................... 1454
  max: ......................................................................... 1828
  median: ...................................................................... 1465.9
  p95: ......................................................................... 1587.9
  p99: ......................................................................... 1720.2
http.responses: ................................................................ 52
vusers.completed: .............................................................. 52
vusers.created: ................................................................ 49
vusers.created_by_name.Root (/): ............................................... 49
vusers.failed: ................................................................. 0
vusers.session_length:
  min: ......................................................................... 1456.6
  max: ......................................................................... 1829.4
  median: ...................................................................... 1465.9
  p95: ......................................................................... 1587.9
  p99: ......................................................................... 1720.2


--------------------------------------
Metrics for period to: 17:16:40(-0300) (width: 9.934s)
--------------------------------------

http.codes.200: ................................................................ 59
http.request_rate: ............................................................. 6/sec
http.requests: ................................................................. 59
http.response_time:
  min: ......................................................................... 1453
  max: ......................................................................... 1903
  median: ...................................................................... 1465.9
  p95: ......................................................................... 1652.8
  p99: ......................................................................... 1720.2
http.responses: ................................................................ 59
vusers.completed: .............................................................. 59
vusers.created: ................................................................ 59
vusers.created_by_name.Root (/): ............................................... 59
vusers.failed: ................................................................. 0
vusers.session_length:
  min: ......................................................................... 1454.9
  max: ......................................................................... 1907.6
  median: ...................................................................... 1465.9
  p95: ......................................................................... 1652.8
  p99: ......................................................................... 1720.2


--------------------------------------
Metrics for period to: 17:16:50(-0300) (width: 9.727s)
--------------------------------------

http.codes.200: ................................................................ 58
http.request_rate: ............................................................. 6/sec
http.requests: ................................................................. 60
http.response_time:
  min: ......................................................................... 1454
  max: ......................................................................... 1954
  median: ...................................................................... 1465.9
  p95: ......................................................................... 1901.1
  p99: ......................................................................... 1901.1
http.responses: ................................................................ 58
vusers.completed: .............................................................. 58
vusers.created: ................................................................ 60
vusers.created_by_name.Root (/): ............................................... 60
vusers.failed: ................................................................. 0
vusers.session_length:
  min: ......................................................................... 1454.9
  max: ......................................................................... 1957.1
  median: ...................................................................... 1465.9
  p95: ......................................................................... 1901.1
  p99: ......................................................................... 1901.1


--------------------------------------
Metrics for period to: 17:17:00(-0300) (width: 9.869s)
--------------------------------------

http.codes.200: ................................................................ 67
http.request_rate: ............................................................. 8/sec
http.requests: ................................................................. 75
http.response_time:
  min: ......................................................................... 1453
  max: ......................................................................... 3187
  median: ...................................................................... 2231
  p95: ......................................................................... 2893.5
  p99: ......................................................................... 3011.6
http.responses: ................................................................ 67
vusers.completed: .............................................................. 67
vusers.created: ................................................................ 75
vusers.created_by_name.Root (/): ............................................... 75
vusers.failed: ................................................................. 0
vusers.session_length:
  min: ......................................................................... 1455.3
  max: ......................................................................... 3191
  median: ...................................................................... 2231
  p95: ......................................................................... 2893.5
  p99: ......................................................................... 3011.6


--------------------------------------
Metrics for period to: 17:17:10(-0300) (width: 9.953s)
--------------------------------------

http.codes.200: ................................................................ 70
http.request_rate: ............................................................. 7/sec
http.requests: ................................................................. 68
http.response_time:
  min: ......................................................................... 2078
  max: ......................................................................... 3413
  median: ...................................................................... 2618.1
  p95: ......................................................................... 3328.3
  p99: ......................................................................... 3395.5
http.responses: ................................................................ 70
vusers.completed: .............................................................. 70
vusers.created: ................................................................ 68
vusers.created_by_name.Root (/): ............................................... 68
vusers.failed: ................................................................. 0
vusers.session_length:
  min: ......................................................................... 2079.9
  max: ......................................................................... 3415.3
  median: ...................................................................... 2618.1
  p95: ......................................................................... 3328.3
  p99: ......................................................................... 3395.5


--------------------------------------
Metrics for period to: 17:17:20(-0300) (width: 9.936s)
--------------------------------------

http.codes.200: ................................................................ 68
http.request_rate: ............................................................. 9/sec
http.requests: ................................................................. 90
http.response_time:
  min: ......................................................................... 2177
  max: ......................................................................... 3594
  median: ...................................................................... 2836.2
  p95: ......................................................................... 3534.1
  p99: ......................................................................... 3534.1
http.responses: ................................................................ 68
vusers.completed: .............................................................. 68
vusers.created: ................................................................ 90
vusers.created_by_name.Root (/): ............................................... 90
vusers.failed: ................................................................. 0
vusers.session_length:
  min: ......................................................................... 2178.6
  max: ......................................................................... 3601.5
  median: ...................................................................... 2836.2
  p95: ......................................................................... 3534.1
  p99: ......................................................................... 3534.1


--------------------------------------
Metrics for period to: 17:17:30(-0300) (width: 9.938s)
--------------------------------------

http.codes.200: ................................................................ 70
http.request_rate: ............................................................. 8/sec
http.requests: ................................................................. 76
http.response_time:
  min: ......................................................................... 3791
  max: ......................................................................... 5729
  median: ...................................................................... 4965.3
  p95: ......................................................................... 5598.4
  p99: ......................................................................... 5711.5
http.responses: ................................................................ 70
vusers.completed: .............................................................. 70
vusers.created: ................................................................ 76
vusers.created_by_name.Root (/): ............................................... 76
vusers.failed: ................................................................. 0
vusers.session_length:
  min: ......................................................................... 3795.3
  max: ......................................................................... 5733.9
  median: ...................................................................... 4965.3
  p95: ......................................................................... 5598.4
  p99: ......................................................................... 5711.5


--------------------------------------
Metrics for period to: 17:17:40(-0300) (width: 9.869s)
--------------------------------------

http.codes.200: ................................................................ 69
http.request_rate: ............................................................. 9/sec
http.requests: ................................................................. 93
http.response_time:
  min: ......................................................................... 5395
  max: ......................................................................... 6603
  median: ...................................................................... 5944.6
  p95: ......................................................................... 6439.7
  p99: ......................................................................... 6569.8
http.responses: ................................................................ 69
vusers.completed: .............................................................. 69
vusers.created: ................................................................ 93
vusers.created_by_name.Root (/): ............................................... 93
vusers.failed: ................................................................. 0
vusers.session_length:
  min: ......................................................................... 5397.1
  max: ......................................................................... 6605.3
  median: ...................................................................... 5944.6
  p95: ......................................................................... 6439.7
  p99: ......................................................................... 6569.8


--------------------------------------
Metrics for period to: 17:17:50(-0300) (width: 9.969s)
--------------------------------------

http.codes.200: ................................................................ 69
http.request_rate: ............................................................. 9/sec
http.requests: ................................................................. 90
http.response_time:
  min: ......................................................................... 6230
  max: ......................................................................... 9902
  median: ...................................................................... 8024.5
  p95: ......................................................................... 9607.1
  p99: ......................................................................... 9801.2
http.responses: ................................................................ 69
vusers.completed: .............................................................. 69
vusers.created: ................................................................ 90
vusers.created_by_name.Root (/): ............................................... 90
vusers.failed: ................................................................. 0
vusers.session_length:
  min: ......................................................................... 6233.1
  max: ......................................................................... 9906.1
  median: ...................................................................... 8024.5
  p95: ......................................................................... 9607.1
  p99: ......................................................................... 9801.2


--------------------------------------
Metrics for period to: 17:18:00(-0300) (width: 9.952s)
--------------------------------------

errors.ETIMEDOUT: .............................................................. 81
http.codes.200: ................................................................ 7
http.request_rate: ............................................................. 10/sec
http.requests: ................................................................. 100
http.response_time:
  min: ......................................................................... 9717
  max: ......................................................................... 9914
  median: ...................................................................... 9801.2
  p95: ......................................................................... 9801.2
  p99: ......................................................................... 9801.2
http.responses: ................................................................ 7
vusers.completed: .............................................................. 7
vusers.created: ................................................................ 100
vusers.created_by_name.Root (/): ............................................... 100
vusers.failed: ................................................................. 81
vusers.session_length:
  min: ......................................................................... 9720.2
  max: ......................................................................... 9917.6
  median: ...................................................................... 9801.2
  p95: ......................................................................... 9801.2
  p99: ......................................................................... 9801.2


--------------------------------------
Metrics for period to: 17:18:10(-0300) (width: 9.937s)
--------------------------------------

errors.ETIMEDOUT: .............................................................. 100
http.request_rate: ............................................................. 10/sec
http.requests: ................................................................. 95
vusers.created: ................................................................ 95
vusers.created_by_name.Root (/): ............................................... 95
vusers.failed: ................................................................. 100


--------------------------------------
Metrics for period to: 17:18:20(-0300) (width: 9.937s)
--------------------------------------

errors.ETIMEDOUT: .............................................................. 95
http.request_rate: ............................................................. 11/sec
http.requests: ................................................................. 109
vusers.created: ................................................................ 109
vusers.created_by_name.Root (/): ............................................... 109
vusers.failed: ................................................................. 95


--------------------------------------
Metrics for period to: 17:18:30(-0300) (width: 9.937s)
--------------------------------------

errors.ETIMEDOUT: .............................................................. 109
http.request_rate: ............................................................. 11/sec
http.requests: ................................................................. 114
vusers.created: ................................................................ 114
vusers.created_by_name.Root (/): ............................................... 114
vusers.failed: ................................................................. 109


--------------------------------------
Metrics for period to: 17:18:40(-0300) (width: 9.938s)
--------------------------------------

errors.ETIMEDOUT: .............................................................. 114
http.request_rate: ............................................................. 12/sec
http.requests: ................................................................. 117
vusers.created: ................................................................ 117
vusers.created_by_name.Root (/): ............................................... 117
vusers.failed: ................................................................. 114


--------------------------------------
Metrics for period to: 17:18:50(-0300) (width: 9.935s)
--------------------------------------

errors.ETIMEDOUT: .............................................................. 117
http.request_rate: ............................................................. 12/sec
http.requests: ................................................................. 122
vusers.created: ................................................................ 122
vusers.created_by_name.Root (/): ............................................... 122
vusers.failed: ................................................................. 117


--------------------------------------
Metrics for period to: 17:19:00(-0300) (width: 9.936s)
--------------------------------------

errors.ETIMEDOUT: .............................................................. 122
http.request_rate: ............................................................. 14/sec
http.requests: ................................................................. 136
vusers.created: ................................................................ 136
vusers.created_by_name.Root (/): ............................................... 136
vusers.failed: ................................................................. 122


--------------------------------------
Metrics for period to: 17:19:10(-0300) (width: 9.936s)
--------------------------------------

errors.ETIMEDOUT: .............................................................. 136
http.request_rate: ............................................................. 13/sec
http.requests: ................................................................. 134
vusers.created: ................................................................ 134
vusers.created_by_name.Root (/): ............................................... 134
vusers.failed: ................................................................. 136


--------------------------------------
Metrics for period to: 17:19:20(-0300) (width: 9.938s)
--------------------------------------

errors.ETIMEDOUT: .............................................................. 134
http.request_rate: ............................................................. 13/sec
http.requests: ................................................................. 133
vusers.created: ................................................................ 133
vusers.created_by_name.Root (/): ............................................... 133
vusers.failed: ................................................................. 134


--------------------------------------
Metrics for period to: 17:19:30(-0300) (width: 9.935s)
--------------------------------------

errors.ETIMEDOUT: .............................................................. 133
http.request_rate: ............................................................. 15/sec
http.requests: ................................................................. 146
vusers.created: ................................................................ 146
vusers.created_by_name.Root (/): ............................................... 146
vusers.failed: ................................................................. 133


Phase completed: Slow Ramp (index: 1, duration: 300s) 17:19:47(-0300)

Phase started: Reset Line (index: 2, duration: 30s) 17:19:47(-0300)

--------------------------------------
Metrics for period to: 17:19:40(-0300) (width: 9.935s)
--------------------------------------

errors.ETIMEDOUT: .............................................................. 146
http.request_rate: ............................................................. 15/sec
http.requests: ................................................................. 150
vusers.created: ................................................................ 150
vusers.created_by_name.Root (/): ............................................... 150
vusers.failed: ................................................................. 146


--------------------------------------
Metrics for period to: 17:19:50(-0300) (width: 9.935s)
--------------------------------------

errors.ETIMEDOUT: .............................................................. 150
http.request_rate: ............................................................. 12/sec
http.requests: ................................................................. 113
vusers.created: ................................................................ 113
vusers.created_by_name.Root (/): ............................................... 113
vusers.failed: ................................................................. 150


--------------------------------------
Metrics for period to: 17:20:00(-0300) (width: 9.404s)
--------------------------------------

errors.ETIMEDOUT: .............................................................. 113
http.request_rate: ............................................................. 1/sec
http.requests: ................................................................. 10
vusers.created: ................................................................ 10
vusers.created_by_name.Root (/): ............................................... 10
vusers.failed: ................................................................. 113


Phase completed: Reset Line (index: 2, duration: 30s) 17:20:17(-0300)

--------------------------------------
Metrics for period to: 17:20:10(-0300) (width: 9.002s)
--------------------------------------

errors.ETIMEDOUT: .............................................................. 10
http.request_rate: ............................................................. 1/sec
http.requests: ................................................................. 10
vusers.created: ................................................................ 10
vusers.created_by_name.Root (/): ............................................... 10
vusers.failed: ................................................................. 10


--------------------------------------
Metrics for period to: 17:20:20(-0300) (width: 9.005s)
--------------------------------------

errors.ETIMEDOUT: .............................................................. 10
http.request_rate: ............................................................. 1/sec
http.requests: ................................................................. 8
vusers.created: ................................................................ 8
vusers.created_by_name.Root (/): ............................................... 8
vusers.failed: ................................................................. 10


--------------------------------------
Metrics for period to: 17:20:30(-0300) (width: 7.001s)
--------------------------------------

errors.ETIMEDOUT: .............................................................. 8
vusers.failed: ................................................................. 8


All VUs finished. Total time: 6 minutes, 6 seconds

--------------------------------
Summary report @ 17:20:27(-0300)
--------------------------------

errors.ETIMEDOUT: .............................................................. 1578
http.codes.200: ................................................................ 865
http.request_rate: ............................................................. 7/sec
http.requests: ................................................................. 2443
http.response_time:
  min: ......................................................................... 1453
  max: ......................................................................... 9914
  median: ...................................................................... 1620
  p95: ......................................................................... 7865.6
  p99: ......................................................................... 9801.2
http.responses: ................................................................ 865
vusers.completed: .............................................................. 865
vusers.created: ................................................................ 2443
vusers.created_by_name.Root (/): ............................................... 2443
vusers.failed: ................................................................. 1578
vusers.session_length:
  min: ......................................................................... 1454.9
  max: ......................................................................... 9917.6
  median: ...................................................................... 1652.8
  p95: ......................................................................... 7865.6
  p99: ......................................................................... 9801.2
