
> perf@1.0.0 artillery /home/guidobotta/dev/arquitectura/tp1/perf
> NODE_OPTIONS=--max-old-space-size=4096 artillery "run" "./results/single-node/load/cfg-load-async.yaml" "-e" "async"

Phase started: Ramp (index: 0, duration: 60s) 19:09:22(-0300)

--------------------------------------
Metrics for period to: 19:09:30(-0300) (width: 6.81s)
--------------------------------------

http.codes.200: ................................................................ 130
http.request_rate: ............................................................. 37/sec
http.requests: ................................................................. 208
http.response_time:
  min: ......................................................................... 1503
  max: ......................................................................... 1620
  median: ...................................................................... 1495.5
  p95: ......................................................................... 1556.5
  p99: ......................................................................... 1556.5
http.responses: ................................................................ 130
vusers.completed: .............................................................. 130
vusers.created: ................................................................ 208
vusers.created_by_name.Root (/): ............................................... 208
vusers.failed: ................................................................. 0
vusers.session_length:
  min: ......................................................................... 1504.9
  max: ......................................................................... 1663
  median: ...................................................................... 1525.7
  p95: ......................................................................... 1556.5
  p99: ......................................................................... 1587.9


--------------------------------------
Metrics for period to: 19:09:40(-0300) (width: 9.984s)
--------------------------------------

http.codes.200: ................................................................ 763
http.request_rate: ............................................................. 87/sec
http.requests: ................................................................. 844
http.response_time:
  min: ......................................................................... 1502
  max: ......................................................................... 1543
  median: ...................................................................... 1495.5
  p95: ......................................................................... 1525.7
  p99: ......................................................................... 1525.7
http.responses: ................................................................ 763
vusers.completed: .............................................................. 763
vusers.created: ................................................................ 844
vusers.created_by_name.Root (/): ............................................... 844
vusers.failed: ................................................................. 0
vusers.session_length:
  min: ......................................................................... 1503.3
  max: ......................................................................... 1555.9
  median: ...................................................................... 1525.7
  p95: ......................................................................... 1525.7
  p99: ......................................................................... 1525.7


--------------------------------------
Metrics for period to: 19:09:50(-0300) (width: 9.984s)
--------------------------------------

http.codes.200: ................................................................ 1402
http.request_rate: ............................................................. 152/sec
http.requests: ................................................................. 1517
http.response_time:
  min: ......................................................................... 1502
  max: ......................................................................... 1545
  median: ...................................................................... 1495.5
  p95: ......................................................................... 1525.7
  p99: ......................................................................... 1525.7
http.responses: ................................................................ 1402
vusers.completed: .............................................................. 1402
vusers.created: ................................................................ 1517
vusers.created_by_name.Root (/): ............................................... 1517
vusers.failed: ................................................................. 0
vusers.session_length:
  min: ......................................................................... 1502.8
  max: ......................................................................... 1548.4
  median: ...................................................................... 1525.7
  p95: ......................................................................... 1525.7
  p99: ......................................................................... 1525.7


--------------------------------------
Metrics for period to: 19:10:00(-0300) (width: 9.986s)
--------------------------------------

http.codes.200: ................................................................ 2110
http.request_rate: ............................................................. 222/sec
http.requests: ................................................................. 2204
http.response_time:
  min: ......................................................................... 1501
  max: ......................................................................... 1543
  median: ...................................................................... 1495.5
  p95: ......................................................................... 1525.7
  p99: ......................................................................... 1525.7
http.responses: ................................................................ 2110
vusers.completed: .............................................................. 2109
vusers.created: ................................................................ 2204
vusers.created_by_name.Root (/): ............................................... 2204
vusers.failed: ................................................................. 0
vusers.session_length:
  min: ......................................................................... 1502.3
  max: ......................................................................... 1549.5
  median: ...................................................................... 1525.7
  p95: ......................................................................... 1525.7
  p99: ......................................................................... 1556.5


--------------------------------------
Metrics for period to: 19:10:10(-0300) (width: 9.988s)
--------------------------------------

http.codes.200: ................................................................ 2702
http.request_rate: ............................................................. 283/sec
http.requests: ................................................................. 2804
http.response_time:
  min: ......................................................................... 1502
  max: ......................................................................... 1564
  median: ...................................................................... 1525.7
  p95: ......................................................................... 1525.7
  p99: ......................................................................... 1556.5
http.responses: ................................................................ 2702
vusers.completed: .............................................................. 2703
vusers.created: ................................................................ 2804
vusers.created_by_name.Root (/): ............................................... 2804
vusers.failed: ................................................................. 0
vusers.session_length:
  min: ......................................................................... 1503.1
  max: ......................................................................... 1578.1
  median: ...................................................................... 1525.7
  p95: ......................................................................... 1556.5
  p99: ......................................................................... 1556.5


Phase completed: Ramp (index: 0, duration: 60s) 19:10:23(-0300)

Phase started: Plain Line (index: 1, duration: 360s) 19:10:23(-0300)

--------------------------------------
Metrics for period to: 19:10:20(-0300) (width: 9.988s)
--------------------------------------

http.codes.200: ................................................................ 3354
http.request_rate: ............................................................. 346/sec
http.requests: ................................................................. 3457
http.response_time:
  min: ......................................................................... 1501
  max: ......................................................................... 1620
  median: ...................................................................... 1525.7
  p95: ......................................................................... 1556.5
  p99: ......................................................................... 1587.9
http.responses: ................................................................ 3354
vusers.completed: .............................................................. 3354
vusers.created: ................................................................ 3457
vusers.created_by_name.Root (/): ............................................... 3457
vusers.failed: ................................................................. 0
vusers.session_length:
  min: ......................................................................... 1502.5
  max: ......................................................................... 1624.5
  median: ...................................................................... 1525.7
  p95: ......................................................................... 1556.5
  p99: ......................................................................... 1587.9


--------------------------------------
Metrics for period to: 19:10:30(-0300) (width: 9.979s)
--------------------------------------

http.codes.200: ................................................................ 3912
http.request_rate: ............................................................. 399/sec
http.requests: ................................................................. 3955
http.response_time:
  min: ......................................................................... 1497
  max: ......................................................................... 1619
  median: ...................................................................... 1525.7
  p95: ......................................................................... 1556.5
  p99: ......................................................................... 1587.9
http.responses: ................................................................ 3912
vusers.completed: .............................................................. 3912
vusers.created: ................................................................ 3955
vusers.created_by_name.Root (/): ............................................... 3955
vusers.failed: ................................................................. 0
vusers.session_length:
  min: ......................................................................... 1502.7
  max: ......................................................................... 1628.8
  median: ...................................................................... 1525.7
  p95: ......................................................................... 1587.9
  p99: ......................................................................... 1587.9


--------------------------------------
Metrics for period to: 19:10:40(-0300) (width: 9.994s)
--------------------------------------

http.codes.200: ................................................................ 4000
http.request_rate: ............................................................. 400/sec
http.requests: ................................................................. 4000
http.response_time:
  min: ......................................................................... 1504
  max: ......................................................................... 1577
  median: ...................................................................... 1525.7
  p95: ......................................................................... 1556.5
  p99: ......................................................................... 1556.5
http.responses: ................................................................ 4000
vusers.completed: .............................................................. 4000
vusers.created: ................................................................ 4000
vusers.created_by_name.Root (/): ............................................... 4000
vusers.failed: ................................................................. 0
vusers.session_length:
  min: ......................................................................... 1505.2
  max: ......................................................................... 1579.7
  median: ...................................................................... 1525.7
  p95: ......................................................................... 1556.5
  p99: ......................................................................... 1556.5


--------------------------------------
Metrics for period to: 19:10:50(-0300) (width: 9.99s)
--------------------------------------

http.codes.200: ................................................................ 4007
http.request_rate: ............................................................. 400/sec
http.requests: ................................................................. 4000
http.response_time:
  min: ......................................................................... 1503
  max: ......................................................................... 1584
  median: ...................................................................... 1525.7
  p95: ......................................................................... 1556.5
  p99: ......................................................................... 1556.5
http.responses: ................................................................ 4007
vusers.completed: .............................................................. 4007
vusers.created: ................................................................ 4000
vusers.created_by_name.Root (/): ............................................... 4000
vusers.failed: ................................................................. 0
vusers.session_length:
  min: ......................................................................... 1505
  max: ......................................................................... 1598.4
  median: ...................................................................... 1525.7
  p95: ......................................................................... 1556.5
  p99: ......................................................................... 1556.5


--------------------------------------
Metrics for period to: 19:11:00(-0300) (width: 9.988s)
--------------------------------------

http.codes.200: ................................................................ 4000
http.request_rate: ............................................................. 400/sec
http.requests: ................................................................. 4000
http.response_time:
  min: ......................................................................... 1502
  max: ......................................................................... 1585
  median: ...................................................................... 1525.7
  p95: ......................................................................... 1556.5
  p99: ......................................................................... 1556.5
http.responses: ................................................................ 4000
vusers.completed: .............................................................. 4000
vusers.created: ................................................................ 4000
vusers.created_by_name.Root (/): ............................................... 4000
vusers.failed: ................................................................. 0
vusers.session_length:
  min: ......................................................................... 1504.5
  max: ......................................................................... 1596
  median: ...................................................................... 1525.7
  p95: ......................................................................... 1556.5
  p99: ......................................................................... 1556.5


--------------------------------------
Metrics for period to: 19:11:10(-0300) (width: 9.987s)
--------------------------------------

http.codes.200: ................................................................ 3994
http.request_rate: ............................................................. 400/sec
http.requests: ................................................................. 4000
http.response_time:
  min: ......................................................................... 1502
  max: ......................................................................... 1591
  median: ...................................................................... 1525.7
  p95: ......................................................................... 1525.7
  p99: ......................................................................... 1556.5
http.responses: ................................................................ 3994
vusers.completed: .............................................................. 3994
vusers.created: ................................................................ 4000
vusers.created_by_name.Root (/): ............................................... 4000
vusers.failed: ................................................................. 0
vusers.session_length:
  min: ......................................................................... 1504.2
  max: ......................................................................... 1592.1
  median: ...................................................................... 1525.7
  p95: ......................................................................... 1525.7
  p99: ......................................................................... 1556.5


--------------------------------------
Metrics for period to: 19:11:20(-0300) (width: 9.998s)
--------------------------------------

http.codes.200: ................................................................ 4003
http.request_rate: ............................................................. 400/sec
http.requests: ................................................................. 4000
http.response_time:
  min: ......................................................................... 1501
  max: ......................................................................... 1571
  median: ...................................................................... 1525.7
  p95: ......................................................................... 1525.7
  p99: ......................................................................... 1525.7
http.responses: ................................................................ 4003
vusers.completed: .............................................................. 4003
vusers.created: ................................................................ 4000
vusers.created_by_name.Root (/): ............................................... 4000
vusers.failed: ................................................................. 0
vusers.session_length:
  min: ......................................................................... 1504.1
  max: ......................................................................... 1574.7
  median: ...................................................................... 1525.7
  p95: ......................................................................... 1525.7
  p99: ......................................................................... 1525.7


--------------------------------------
Metrics for period to: 19:11:30(-0300) (width: 9.994s)
--------------------------------------

http.codes.200: ................................................................ 4010
http.request_rate: ............................................................. 400/sec
http.requests: ................................................................. 4000
http.response_time:
  min: ......................................................................... 1501
  max: ......................................................................... 1540
  median: ...................................................................... 1495.5
  p95: ......................................................................... 1525.7
  p99: ......................................................................... 1525.7
http.responses: ................................................................ 4010
vusers.completed: .............................................................. 4010
vusers.created: ................................................................ 4000
vusers.created_by_name.Root (/): ............................................... 4000
vusers.failed: ................................................................. 0
vusers.session_length:
  min: ......................................................................... 1502.8
  max: ......................................................................... 1541
  median: ...................................................................... 1495.5
  p95: ......................................................................... 1525.7
  p99: ......................................................................... 1525.7


--------------------------------------
Metrics for period to: 19:11:40(-0300) (width: 9.984s)
--------------------------------------

http.codes.200: ................................................................ 3989
http.request_rate: ............................................................. 400/sec
http.requests: ................................................................. 4000
http.response_time:
  min: ......................................................................... 1502
  max: ......................................................................... 1569
  median: ...................................................................... 1525.7
  p95: ......................................................................... 1525.7
  p99: ......................................................................... 1556.5
http.responses: ................................................................ 3989
vusers.completed: .............................................................. 3989
vusers.created: ................................................................ 4000
vusers.created_by_name.Root (/): ............................................... 4000
vusers.failed: ................................................................. 0
vusers.session_length:
  min: ......................................................................... 1502.7
  max: ......................................................................... 1569.5
  median: ...................................................................... 1525.7
  p95: ......................................................................... 1525.7
  p99: ......................................................................... 1556.5


--------------------------------------
Metrics for period to: 19:11:50(-0300) (width: 9.997s)
--------------------------------------

http.codes.200: ................................................................ 3999
http.request_rate: ............................................................. 400/sec
http.requests: ................................................................. 4000
http.response_time:
  min: ......................................................................... 1505
  max: ......................................................................... 1592
  median: ...................................................................... 1525.7
  p95: ......................................................................... 1556.5
  p99: ......................................................................... 1556.5
http.responses: ................................................................ 3999
vusers.completed: .............................................................. 3999
vusers.created: ................................................................ 4000
vusers.created_by_name.Root (/): ............................................... 4000
vusers.failed: ................................................................. 0
vusers.session_length:
  min: ......................................................................... 1506.2
  max: ......................................................................... 1599.4
  median: ...................................................................... 1525.7
  p95: ......................................................................... 1556.5
  p99: ......................................................................... 1556.5


--------------------------------------
Metrics for period to: 19:12:00(-0300) (width: 9.998s)
--------------------------------------

http.codes.200: ................................................................ 4007
http.request_rate: ............................................................. 400/sec
http.requests: ................................................................. 4000
http.response_time:
  min: ......................................................................... 1504
  max: ......................................................................... 1621
  median: ...................................................................... 1525.7
  p95: ......................................................................... 1556.5
  p99: ......................................................................... 1587.9
http.responses: ................................................................ 4007
vusers.completed: .............................................................. 4007
vusers.created: ................................................................ 4000
vusers.created_by_name.Root (/): ............................................... 4000
vusers.failed: ................................................................. 0
vusers.session_length:
  min: ......................................................................... 1505.5
  max: ......................................................................... 1621.4
  median: ...................................................................... 1525.7
  p95: ......................................................................... 1556.5
  p99: ......................................................................... 1587.9


--------------------------------------
Metrics for period to: 19:12:10(-0300) (width: 9.991s)
--------------------------------------

http.codes.200: ................................................................ 3999
http.request_rate: ............................................................. 400/sec
http.requests: ................................................................. 4000
http.response_time:
  min: ......................................................................... 1502
  max: ......................................................................... 1584
  median: ...................................................................... 1525.7
  p95: ......................................................................... 1525.7
  p99: ......................................................................... 1556.5
http.responses: ................................................................ 3999
vusers.completed: .............................................................. 3999
vusers.created: ................................................................ 4000
vusers.created_by_name.Root (/): ............................................... 4000
vusers.failed: ................................................................. 0
vusers.session_length:
  min: ......................................................................... 1504.6
  max: ......................................................................... 1585.3
  median: ...................................................................... 1525.7
  p95: ......................................................................... 1556.5
  p99: ......................................................................... 1556.5


--------------------------------------
Metrics for period to: 19:12:20(-0300) (width: 9.998s)
--------------------------------------

http.codes.200: ................................................................ 4006
http.request_rate: ............................................................. 400/sec
http.requests: ................................................................. 4000
http.response_time:
  min: ......................................................................... 1498
  max: ......................................................................... 1581
  median: ...................................................................... 1525.7
  p95: ......................................................................... 1525.7
  p99: ......................................................................... 1556.5
http.responses: ................................................................ 4006
vusers.completed: .............................................................. 4006
vusers.created: ................................................................ 4000
vusers.created_by_name.Root (/): ............................................... 4000
vusers.failed: ................................................................. 0
vusers.session_length:
  min: ......................................................................... 1503.3
  max: ......................................................................... 1581.5
  median: ...................................................................... 1525.7
  p95: ......................................................................... 1525.7
  p99: ......................................................................... 1556.5


--------------------------------------
Metrics for period to: 19:12:30(-0300) (width: 9.991s)
--------------------------------------

http.codes.200: ................................................................ 4000
http.request_rate: ............................................................. 400/sec
http.requests: ................................................................. 4000
http.response_time:
  min: ......................................................................... 1502
  max: ......................................................................... 1590
  median: ...................................................................... 1495.5
  p95: ......................................................................... 1525.7
  p99: ......................................................................... 1525.7
http.responses: ................................................................ 4000
vusers.completed: .............................................................. 4000
vusers.created: ................................................................ 4000
vusers.created_by_name.Root (/): ............................................... 4000
vusers.failed: ................................................................. 0
vusers.session_length:
  min: ......................................................................... 1503.2
  max: ......................................................................... 1591.2
  median: ...................................................................... 1525.7
  p95: ......................................................................... 1525.7
  p99: ......................................................................... 1525.7


--------------------------------------
Metrics for period to: 19:12:40(-0300) (width: 9.995s)
--------------------------------------

http.codes.200: ................................................................ 3991
http.request_rate: ............................................................. 400/sec
http.requests: ................................................................. 4000
http.response_time:
  min: ......................................................................... 1499
  max: ......................................................................... 1572
  median: ...................................................................... 1495.5
  p95: ......................................................................... 1525.7
  p99: ......................................................................... 1525.7
http.responses: ................................................................ 3991
vusers.completed: .............................................................. 3991
vusers.created: ................................................................ 4000
vusers.created_by_name.Root (/): ............................................... 4000
vusers.failed: ................................................................. 0
vusers.session_length:
  min: ......................................................................... 1502.5
  max: ......................................................................... 1580
  median: ...................................................................... 1525.7
  p95: ......................................................................... 1525.7
  p99: ......................................................................... 1525.7


--------------------------------------
Metrics for period to: 19:12:50(-0300) (width: 9.988s)
--------------------------------------

http.codes.200: ................................................................ 4002
http.request_rate: ............................................................. 400/sec
http.requests: ................................................................. 4000
http.response_time:
  min: ......................................................................... 1502
  max: ......................................................................... 1609
  median: ...................................................................... 1525.7
  p95: ......................................................................... 1556.5
  p99: ......................................................................... 1556.5
http.responses: ................................................................ 4002
vusers.completed: .............................................................. 4002
vusers.created: ................................................................ 4000
vusers.created_by_name.Root (/): ............................................... 4000
vusers.failed: ................................................................. 0
vusers.session_length:
  min: ......................................................................... 1503.2
  max: ......................................................................... 1610
  median: ...................................................................... 1525.7
  p95: ......................................................................... 1556.5
  p99: ......................................................................... 1587.9


--------------------------------------
Metrics for period to: 19:13:00(-0300) (width: 9.993s)
--------------------------------------

http.codes.200: ................................................................ 3997
http.request_rate: ............................................................. 400/sec
http.requests: ................................................................. 4000
http.response_time:
  min: ......................................................................... 1504
  max: ......................................................................... 1596
  median: ...................................................................... 1525.7
  p95: ......................................................................... 1556.5
  p99: ......................................................................... 1556.5
http.responses: ................................................................ 3997
vusers.completed: .............................................................. 3997
vusers.created: ................................................................ 4000
vusers.created_by_name.Root (/): ............................................... 4000
vusers.failed: ................................................................. 0
vusers.session_length:
  min: ......................................................................... 1506.5
  max: ......................................................................... 1597.7
  median: ...................................................................... 1525.7
  p95: ......................................................................... 1556.5
  p99: ......................................................................... 1556.5


--------------------------------------
Metrics for period to: 19:13:10(-0300) (width: 9.988s)
--------------------------------------

http.codes.200: ................................................................ 4003
http.request_rate: ............................................................. 400/sec
http.requests: ................................................................. 4000
http.response_time:
  min: ......................................................................... 1501
  max: ......................................................................... 1596
  median: ...................................................................... 1525.7
  p95: ......................................................................... 1556.5
  p99: ......................................................................... 1556.5
http.responses: ................................................................ 4003
vusers.completed: .............................................................. 4003
vusers.created: ................................................................ 4000
vusers.created_by_name.Root (/): ............................................... 4000
vusers.failed: ................................................................. 0
vusers.session_length:
  min: ......................................................................... 1504.9
  max: ......................................................................... 1600.4
  median: ...................................................................... 1525.7
  p95: ......................................................................... 1556.5
  p99: ......................................................................... 1556.5


--------------------------------------
Metrics for period to: 19:13:20(-0300) (width: 9.993s)
--------------------------------------

http.codes.200: ................................................................ 4007
http.request_rate: ............................................................. 400/sec
http.requests: ................................................................. 4000
http.response_time:
  min: ......................................................................... 1502
  max: ......................................................................... 1642
  median: ...................................................................... 1525.7
  p95: ......................................................................... 1525.7
  p99: ......................................................................... 1556.5
http.responses: ................................................................ 4007
vusers.completed: .............................................................. 4007
vusers.created: ................................................................ 4000
vusers.created_by_name.Root (/): ............................................... 4000
vusers.failed: ................................................................. 0
vusers.session_length:
  min: ......................................................................... 1503.7
  max: ......................................................................... 1643.1
  median: ...................................................................... 1525.7
  p95: ......................................................................... 1525.7
  p99: ......................................................................... 1587.9


--------------------------------------
Metrics for period to: 19:13:30(-0300) (width: 9.983s)
--------------------------------------

http.codes.200: ................................................................ 4000
http.request_rate: ............................................................. 400/sec
http.requests: ................................................................. 4000
http.response_time:
  min: ......................................................................... 1494
  max: ......................................................................... 1550
  median: ...................................................................... 1525.7
  p95: ......................................................................... 1525.7
  p99: ......................................................................... 1525.7
http.responses: ................................................................ 4000
vusers.completed: .............................................................. 4000
vusers.created: ................................................................ 4000
vusers.created_by_name.Root (/): ............................................... 4000
vusers.failed: ................................................................. 0
vusers.session_length:
  min: ......................................................................... 1503.6
  max: ......................................................................... 1551.3
  median: ...................................................................... 1525.7
  p95: ......................................................................... 1525.7
  p99: ......................................................................... 1525.7


--------------------------------------
Metrics for period to: 19:13:40(-0300) (width: 9.987s)
--------------------------------------

http.codes.200: ................................................................ 3996
http.request_rate: ............................................................. 400/sec
http.requests: ................................................................. 4000
http.response_time:
  min: ......................................................................... 1501
  max: ......................................................................... 1554
  median: ...................................................................... 1495.5
  p95: ......................................................................... 1525.7
  p99: ......................................................................... 1525.7
http.responses: ................................................................ 3996
vusers.completed: .............................................................. 3996
vusers.created: ................................................................ 4000
vusers.created_by_name.Root (/): ............................................... 4000
vusers.failed: ................................................................. 0
vusers.session_length:
  min: ......................................................................... 1502.7
  max: ......................................................................... 1554.1
  median: ...................................................................... 1495.5
  p95: ......................................................................... 1525.7
  p99: ......................................................................... 1525.7


--------------------------------------
Metrics for period to: 19:13:50(-0300) (width: 9.995s)
--------------------------------------

http.codes.200: ................................................................ 4004
http.request_rate: ............................................................. 400/sec
http.requests: ................................................................. 4000
http.response_time:
  min: ......................................................................... 1502
  max: ......................................................................... 1567
  median: ...................................................................... 1525.7
  p95: ......................................................................... 1525.7
  p99: ......................................................................... 1556.5
http.responses: ................................................................ 4004
vusers.completed: .............................................................. 4004
vusers.created: ................................................................ 4000
vusers.created_by_name.Root (/): ............................................... 4000
vusers.failed: ................................................................. 0
vusers.session_length:
  min: ......................................................................... 1503.6
  max: ......................................................................... 1568.1
  median: ...................................................................... 1525.7
  p95: ......................................................................... 1525.7
  p99: ......................................................................... 1556.5


--------------------------------------
Metrics for period to: 19:14:00(-0300) (width: 9.984s)
--------------------------------------

http.codes.200: ................................................................ 3992
http.request_rate: ............................................................. 400/sec
http.requests: ................................................................. 4000
http.response_time:
  min: ......................................................................... 1500
  max: ......................................................................... 1592
  median: ...................................................................... 1525.7
  p95: ......................................................................... 1556.5
  p99: ......................................................................... 1556.5
http.responses: ................................................................ 3992
vusers.completed: .............................................................. 3992
vusers.created: ................................................................ 4000
vusers.created_by_name.Root (/): ............................................... 4000
vusers.failed: ................................................................. 0
vusers.session_length:
  min: ......................................................................... 1504.3
  max: ......................................................................... 1592.7
  median: ...................................................................... 1525.7
  p95: ......................................................................... 1556.5
  p99: ......................................................................... 1556.5


--------------------------------------
Metrics for period to: 19:14:10(-0300) (width: 9.992s)
--------------------------------------

http.codes.200: ................................................................ 3998
http.request_rate: ............................................................. 400/sec
http.requests: ................................................................. 4000
http.response_time:
  min: ......................................................................... 1502
  max: ......................................................................... 1624
  median: ...................................................................... 1525.7
  p95: ......................................................................... 1556.5
  p99: ......................................................................... 1556.5
http.responses: ................................................................ 3998
vusers.completed: .............................................................. 3998
vusers.created: ................................................................ 4000
vusers.created_by_name.Root (/): ............................................... 4000
vusers.failed: ................................................................. 0
vusers.session_length:
  min: ......................................................................... 1505
  max: ......................................................................... 1634
  median: ...................................................................... 1525.7
  p95: ......................................................................... 1556.5
  p99: ......................................................................... 1556.5


--------------------------------------
Metrics for period to: 19:14:20(-0300) (width: 9.989s)
--------------------------------------

http.codes.200: ................................................................ 3999
http.request_rate: ............................................................. 400/sec
http.requests: ................................................................. 4000
http.response_time:
  min: ......................................................................... 1502
  max: ......................................................................... 1584
  median: ...................................................................... 1525.7
  p95: ......................................................................... 1525.7
  p99: ......................................................................... 1556.5
http.responses: ................................................................ 3999
vusers.completed: .............................................................. 3999
vusers.created: ................................................................ 4000
vusers.created_by_name.Root (/): ............................................... 4000
vusers.failed: ................................................................. 0
vusers.session_length:
  min: ......................................................................... 1503.7
  max: ......................................................................... 1589.9
  median: ...................................................................... 1525.7
  p95: ......................................................................... 1556.5
  p99: ......................................................................... 1556.5


--------------------------------------
Metrics for period to: 19:14:30(-0300) (width: 9.993s)
--------------------------------------

http.codes.200: ................................................................ 4011
http.request_rate: ............................................................. 400/sec
http.requests: ................................................................. 4000
http.response_time:
  min: ......................................................................... 1500
  max: ......................................................................... 1562
  median: ...................................................................... 1525.7
  p95: ......................................................................... 1525.7
  p99: ......................................................................... 1525.7
http.responses: ................................................................ 4011
vusers.completed: .............................................................. 4011
vusers.created: ................................................................ 4000
vusers.created_by_name.Root (/): ............................................... 4000
vusers.failed: ................................................................. 0
vusers.session_length:
  min: ......................................................................... 1503.3
  max: ......................................................................... 1562.8
  median: ...................................................................... 1525.7
  p95: ......................................................................... 1525.7
  p99: ......................................................................... 1556.5


--------------------------------------
Metrics for period to: 19:14:40(-0300) (width: 9.986s)
--------------------------------------

http.codes.200: ................................................................ 4000
http.request_rate: ............................................................. 400/sec
http.requests: ................................................................. 4000
http.response_time:
  min: ......................................................................... 1498
  max: ......................................................................... 1579
  median: ...................................................................... 1495.5
  p95: ......................................................................... 1525.7
  p99: ......................................................................... 1525.7
http.responses: ................................................................ 4000
vusers.completed: .............................................................. 4000
vusers.created: ................................................................ 4000
vusers.created_by_name.Root (/): ............................................... 4000
vusers.failed: ................................................................. 0
vusers.session_length:
  min: ......................................................................... 1502.8
  max: ......................................................................... 1580.2
  median: ...................................................................... 1525.7
  p95: ......................................................................... 1525.7
  p99: ......................................................................... 1556.5


--------------------------------------
Metrics for period to: 19:14:50(-0300) (width: 9.991s)
--------------------------------------

http.codes.200: ................................................................ 3995
http.request_rate: ............................................................. 400/sec
http.requests: ................................................................. 4000
http.response_time:
  min: ......................................................................... 1502
  max: ......................................................................... 1571
  median: ...................................................................... 1525.7
  p95: ......................................................................... 1525.7
  p99: ......................................................................... 1556.5
http.responses: ................................................................ 3995
vusers.completed: .............................................................. 3995
vusers.created: ................................................................ 4000
vusers.created_by_name.Root (/): ............................................... 4000
vusers.failed: ................................................................. 0
vusers.session_length:
  min: ......................................................................... 1503.2
  max: ......................................................................... 1571.9
  median: ...................................................................... 1525.7
  p95: ......................................................................... 1525.7
  p99: ......................................................................... 1556.5


--------------------------------------
Metrics for period to: 19:15:00(-0300) (width: 9.998s)
--------------------------------------

http.codes.200: ................................................................ 4002
http.request_rate: ............................................................. 400/sec
http.requests: ................................................................. 4000
http.response_time:
  min: ......................................................................... 1502
  max: ......................................................................... 1555
  median: ...................................................................... 1525.7
  p95: ......................................................................... 1525.7
  p99: ......................................................................... 1556.5
http.responses: ................................................................ 4002
vusers.completed: .............................................................. 4001
vusers.created: ................................................................ 4000
vusers.created_by_name.Root (/): ............................................... 4000
vusers.failed: ................................................................. 0
vusers.session_length:
  min: ......................................................................... 1502.9
  max: ......................................................................... 1563
  median: ...................................................................... 1525.7
  p95: ......................................................................... 1525.7
  p99: ......................................................................... 1556.5


--------------------------------------
Metrics for period to: 19:15:10(-0300) (width: 9.998s)
--------------------------------------

http.codes.200: ................................................................ 3997
http.request_rate: ............................................................. 400/sec
http.requests: ................................................................. 4000
http.response_time:
  min: ......................................................................... 1504
  max: ......................................................................... 1598
  median: ...................................................................... 1525.7
  p95: ......................................................................... 1556.5
  p99: ......................................................................... 1556.5
http.responses: ................................................................ 3997
vusers.completed: .............................................................. 3998
vusers.created: ................................................................ 4000
vusers.created_by_name.Root (/): ............................................... 4000
vusers.failed: ................................................................. 0
vusers.session_length:
  min: ......................................................................... 1505.1
  max: ......................................................................... 1598.8
  median: ...................................................................... 1525.7
  p95: ......................................................................... 1556.5
  p99: ......................................................................... 1556.5


--------------------------------------
Metrics for period to: 19:15:20(-0300) (width: 9.994s)
--------------------------------------

http.codes.200: ................................................................ 4004
http.request_rate: ............................................................. 400/sec
http.requests: ................................................................. 4000
http.response_time:
  min: ......................................................................... 1502
  max: ......................................................................... 1572
  median: ...................................................................... 1525.7
  p95: ......................................................................... 1525.7
  p99: ......................................................................... 1556.5
http.responses: ................................................................ 4004
vusers.completed: .............................................................. 4004
vusers.created: ................................................................ 4000
vusers.created_by_name.Root (/): ............................................... 4000
vusers.failed: ................................................................. 0
vusers.session_length:
  min: ......................................................................... 1502.8
  max: ......................................................................... 1577
  median: ...................................................................... 1525.7
  p95: ......................................................................... 1556.5
  p99: ......................................................................... 1556.5


--------------------------------------
Metrics for period to: 19:15:30(-0300) (width: 9.992s)
--------------------------------------

http.codes.200: ................................................................ 3999
http.request_rate: ............................................................. 400/sec
http.requests: ................................................................. 4000
http.response_time:
  min: ......................................................................... 1502
  max: ......................................................................... 1574
  median: ...................................................................... 1525.7
  p95: ......................................................................... 1525.7
  p99: ......................................................................... 1556.5
http.responses: ................................................................ 3999
vusers.completed: .............................................................. 3999
vusers.created: ................................................................ 4000
vusers.created_by_name.Root (/): ............................................... 4000
vusers.failed: ................................................................. 0
vusers.session_length:
  min: ......................................................................... 1503.7
  max: ......................................................................... 1586.8
  median: ...................................................................... 1525.7
  p95: ......................................................................... 1525.7
  p99: ......................................................................... 1556.5


--------------------------------------
Metrics for period to: 19:15:40(-0300) (width: 9.999s)
--------------------------------------

http.codes.200: ................................................................ 4003
http.request_rate: ............................................................. 400/sec
http.requests: ................................................................. 4000
http.response_time:
  min: ......................................................................... 1502
  max: ......................................................................... 1557
  median: ...................................................................... 1525.7
  p95: ......................................................................... 1525.7
  p99: ......................................................................... 1525.7
http.responses: ................................................................ 4003
vusers.completed: .............................................................. 4003
vusers.created: ................................................................ 4000
vusers.created_by_name.Root (/): ............................................... 4000
vusers.failed: ................................................................. 0
vusers.session_length:
  min: ......................................................................... 1503.6
  max: ......................................................................... 1558.7
  median: ...................................................................... 1525.7
  p95: ......................................................................... 1525.7
  p99: ......................................................................... 1525.7


--------------------------------------
Metrics for period to: 19:15:50(-0300) (width: 9.992s)
--------------------------------------

http.codes.200: ................................................................ 3996
http.request_rate: ............................................................. 400/sec
http.requests: ................................................................. 4000
http.response_time:
  min: ......................................................................... 1500
  max: ......................................................................... 1553
  median: ...................................................................... 1525.7
  p95: ......................................................................... 1525.7
  p99: ......................................................................... 1525.7
http.responses: ................................................................ 3996
vusers.completed: .............................................................. 3996
vusers.created: ................................................................ 4000
vusers.created_by_name.Root (/): ............................................... 4000
vusers.failed: ................................................................. 0
vusers.session_length:
  min: ......................................................................... 1502.8
  max: ......................................................................... 1554.6
  median: ...................................................................... 1525.7
  p95: ......................................................................... 1525.7
  p99: ......................................................................... 1525.7


--------------------------------------
Metrics for period to: 19:16:00(-0300) (width: 9.999s)
--------------------------------------

http.codes.200: ................................................................ 4001
http.request_rate: ............................................................. 400/sec
http.requests: ................................................................. 4000
http.response_time:
  min: ......................................................................... 1502
  max: ......................................................................... 1621
  median: ...................................................................... 1525.7
  p95: ......................................................................... 1525.7
  p99: ......................................................................... 1556.5
http.responses: ................................................................ 4001
vusers.completed: .............................................................. 4001
vusers.created: ................................................................ 4000
vusers.created_by_name.Root (/): ............................................... 4000
vusers.failed: ................................................................. 0
vusers.session_length:
  min: ......................................................................... 1502.8
  max: ......................................................................... 1622.1
  median: ...................................................................... 1525.7
  p95: ......................................................................... 1525.7
  p99: ......................................................................... 1556.5


--------------------------------------
Metrics for period to: 19:16:10(-0300) (width: 9.993s)
--------------------------------------

http.codes.200: ................................................................ 4001
http.request_rate: ............................................................. 400/sec
http.requests: ................................................................. 4000
http.response_time:
  min: ......................................................................... 1502
  max: ......................................................................... 1563
  median: ...................................................................... 1525.7
  p95: ......................................................................... 1525.7
  p99: ......................................................................... 1556.5
http.responses: ................................................................ 4001
vusers.completed: .............................................................. 4001
vusers.created: ................................................................ 4000
vusers.created_by_name.Root (/): ............................................... 4000
vusers.failed: ................................................................. 0
vusers.session_length:
  min: ......................................................................... 1503.5
  max: ......................................................................... 1563.2
  median: ...................................................................... 1525.7
  p95: ......................................................................... 1525.7
  p99: ......................................................................... 1556.5


Phase completed: Plain Line (index: 1, duration: 360s) 19:16:23(-0300)

Phase started: Reduce Line 1 (index: 2, duration: 10s) 19:16:23(-0300)

--------------------------------------
Metrics for period to: 19:16:20(-0300) (width: 9.995s)
--------------------------------------

http.codes.200: ................................................................ 4000
http.request_rate: ............................................................. 400/sec
http.requests: ................................................................. 3999
http.response_time:
  min: ......................................................................... 1501
  max: ......................................................................... 1581
  median: ...................................................................... 1525.7
  p95: ......................................................................... 1556.5
  p99: ......................................................................... 1556.5
http.responses: ................................................................ 4000
vusers.completed: .............................................................. 4000
vusers.created: ................................................................ 3999
vusers.created_by_name.Root (/): ............................................... 3999
vusers.failed: ................................................................. 0
vusers.session_length:
  min: ......................................................................... 1503.9
  max: ......................................................................... 1582.4
  median: ...................................................................... 1525.7
  p95: ......................................................................... 1556.5
  p99: ......................................................................... 1556.5


Phase completed: Reduce Line 1 (index: 2, duration: 10s) 19:16:33(-0300)

Phase started: Reduce Line 2 (index: 3, duration: 10s) 19:16:33(-0300)

--------------------------------------
Metrics for period to: 19:16:30(-0300) (width: 9.997s)
--------------------------------------

http.codes.200: ................................................................ 3550
http.request_rate: ............................................................. 344/sec
http.requests: ................................................................. 3401
http.response_time:
  min: ......................................................................... 1502
  max: ......................................................................... 1565
  median: ...................................................................... 1525.7
  p95: ......................................................................... 1525.7
  p99: ......................................................................... 1525.7
http.responses: ................................................................ 3550
vusers.completed: .............................................................. 3550
vusers.created: ................................................................ 3401
vusers.created_by_name.Root (/): ............................................... 3401
vusers.failed: ................................................................. 0
vusers.session_length:
  min: ......................................................................... 1503
  max: ......................................................................... 1570.8
  median: ...................................................................... 1525.7
  p95: ......................................................................... 1525.7
  p99: ......................................................................... 1556.5


Phase completed: Reduce Line 2 (index: 3, duration: 10s) 19:16:43(-0300)

Phase started: Reduce Line 3 (index: 4, duration: 10s) 19:16:43(-0300)

--------------------------------------
Metrics for period to: 19:16:40(-0300) (width: 9.984s)
--------------------------------------

http.codes.200: ................................................................ 2775
http.request_rate: ............................................................. 272/sec
http.requests: ................................................................. 2700
http.response_time:
  min: ......................................................................... 1501
  max: ......................................................................... 1529
  median: ...................................................................... 1495.5
  p95: ......................................................................... 1525.7
  p99: ......................................................................... 1525.7
http.responses: ................................................................ 2775
vusers.completed: .............................................................. 2775
vusers.created: ................................................................ 2700
vusers.created_by_name.Root (/): ............................................... 2700
vusers.failed: ................................................................. 0
vusers.session_length:
  min: ......................................................................... 1501.9
  max: ......................................................................... 1535.2
  median: ...................................................................... 1495.5
  p95: ......................................................................... 1525.7
  p99: ......................................................................... 1525.7


Phase completed: Reduce Line 3 (index: 4, duration: 10s) 19:16:53(-0300)

Phase started: Reduce Line 4 (index: 5, duration: 10s) 19:16:53(-0300)

--------------------------------------
Metrics for period to: 19:16:50(-0300) (width: 9.985s)
--------------------------------------

http.codes.200: ................................................................ 2047
http.request_rate: ............................................................. 194/sec
http.requests: ................................................................. 1900
http.response_time:
  min: ......................................................................... 1501
  max: ......................................................................... 1538
  median: ...................................................................... 1495.5
  p95: ......................................................................... 1525.7
  p99: ......................................................................... 1525.7
http.responses: ................................................................ 2047
vusers.completed: .............................................................. 2047
vusers.created: ................................................................ 1900
vusers.created_by_name.Root (/): ............................................... 1900
vusers.failed: ................................................................. 0
vusers.session_length:
  min: ......................................................................... 1501.9
  max: ......................................................................... 1540.3
  median: ...................................................................... 1495.5
  p95: ......................................................................... 1525.7
  p99: ......................................................................... 1525.7


Phase completed: Reduce Line 4 (index: 5, duration: 10s) 19:17:03(-0300)

Phase started: Reset Line (index: 6, duration: 60s) 19:17:03(-0300)

--------------------------------------
Metrics for period to: 19:17:00(-0300) (width: 9.994s)
--------------------------------------

http.codes.200: ................................................................ 1054
http.request_rate: ............................................................. 94/sec
http.requests: ................................................................. 900
http.response_time:
  min: ......................................................................... 1501
  max: ......................................................................... 1534
  median: ...................................................................... 1495.5
  p95: ......................................................................... 1525.7
  p99: ......................................................................... 1525.7
http.responses: ................................................................ 1054
vusers.completed: .............................................................. 1054
vusers.created: ................................................................ 900
vusers.created_by_name.Root (/): ............................................... 900
vusers.failed: ................................................................. 0
vusers.session_length:
  min: ......................................................................... 1501.8
  max: ......................................................................... 1538.1
  median: ...................................................................... 1495.5
  p95: ......................................................................... 1525.7
  p99: ......................................................................... 1525.7


--------------------------------------
Metrics for period to: 19:17:10(-0300) (width: 9.903s)
--------------------------------------

http.codes.200: ................................................................ 282
http.request_rate: ............................................................. 48/sec
http.requests: ................................................................. 206
http.response_time:
  min: ......................................................................... 1502
  max: ......................................................................... 1521
  median: ...................................................................... 1495.5
  p95: ......................................................................... 1525.7
  p99: ......................................................................... 1525.7
http.responses: ................................................................ 282
vusers.completed: .............................................................. 282
vusers.created: ................................................................ 206
vusers.created_by_name.Root (/): ............................................... 206
vusers.failed: ................................................................. 0
vusers.session_length:
  min: ......................................................................... 1503.2
  max: ......................................................................... 1524.4
  median: ...................................................................... 1495.5
  p95: ......................................................................... 1525.7
  p99: ......................................................................... 1525.7


--------------------------------------
Metrics for period to: 19:17:20(-0300) (width: 9.491s)
--------------------------------------

http.codes.200: ................................................................ 10
http.request_rate: ............................................................. 1/sec
http.requests: ................................................................. 10
http.response_time:
  min: ......................................................................... 1504
  max: ......................................................................... 1508
  median: ...................................................................... 1495.5
  p95: ......................................................................... 1495.5
  p99: ......................................................................... 1495.5
http.responses: ................................................................ 10
vusers.completed: .............................................................. 10
vusers.created: ................................................................ 10
vusers.created_by_name.Root (/): ............................................... 10
vusers.failed: ................................................................. 0
vusers.session_length:
  min: ......................................................................... 1504.4
  max: ......................................................................... 1509.9
  median: ...................................................................... 1495.5
  p95: ......................................................................... 1495.5
  p99: ......................................................................... 1495.5


--------------------------------------
Metrics for period to: 19:17:30(-0300) (width: 9.491s)
--------------------------------------

http.codes.200: ................................................................ 10
http.request_rate: ............................................................. 1/sec
http.requests: ................................................................. 10
http.response_time:
  min: ......................................................................... 1503
  max: ......................................................................... 1508
  median: ...................................................................... 1495.5
  p95: ......................................................................... 1495.5
  p99: ......................................................................... 1495.5
http.responses: ................................................................ 10
vusers.completed: .............................................................. 10
vusers.created: ................................................................ 10
vusers.created_by_name.Root (/): ............................................... 10
vusers.failed: ................................................................. 0
vusers.session_length:
  min: ......................................................................... 1503.2
  max: ......................................................................... 1510
  median: ...................................................................... 1495.5
  p95: ......................................................................... 1495.5
  p99: ......................................................................... 1495.5


--------------------------------------
Metrics for period to: 19:17:40(-0300) (width: 9.495s)
--------------------------------------

http.codes.200: ................................................................ 10
http.request_rate: ............................................................. 1/sec
http.requests: ................................................................. 10
http.response_time:
  min: ......................................................................... 1504
  max: ......................................................................... 1508
  median: ...................................................................... 1495.5
  p95: ......................................................................... 1495.5
  p99: ......................................................................... 1495.5
http.responses: ................................................................ 10
vusers.completed: .............................................................. 10
vusers.created: ................................................................ 10
vusers.created_by_name.Root (/): ............................................... 10
vusers.failed: ................................................................. 0
vusers.session_length:
  min: ......................................................................... 1504.9
  max: ......................................................................... 1510.3
  median: ...................................................................... 1495.5
  p95: ......................................................................... 1495.5
  p99: ......................................................................... 1495.5


--------------------------------------
Metrics for period to: 19:17:50(-0300) (width: 9.497s)
--------------------------------------

http.codes.200: ................................................................ 10
http.request_rate: ............................................................. 1/sec
http.requests: ................................................................. 10
http.response_time:
  min: ......................................................................... 1503
  max: ......................................................................... 1508
  median: ...................................................................... 1495.5
  p95: ......................................................................... 1495.5
  p99: ......................................................................... 1495.5
http.responses: ................................................................ 10
vusers.completed: .............................................................. 10
vusers.created: ................................................................ 10
vusers.created_by_name.Root (/): ............................................... 10
vusers.failed: ................................................................. 0
vusers.session_length:
  min: ......................................................................... 1503.7
  max: ......................................................................... 1509.9
  median: ...................................................................... 1495.5
  p95: ......................................................................... 1495.5
  p99: ......................................................................... 1495.5


Phase completed: Reset Line (index: 6, duration: 60s) 19:18:03(-0300)

--------------------------------------
Metrics for period to: 19:18:00(-0300) (width: 9.492s)
--------------------------------------

http.codes.200: ................................................................ 10
http.request_rate: ............................................................. 1/sec
http.requests: ................................................................. 10
http.response_time:
  min: ......................................................................... 1503
  max: ......................................................................... 1510
  median: ...................................................................... 1495.5
  p95: ......................................................................... 1495.5
  p99: ......................................................................... 1495.5
http.responses: ................................................................ 10
vusers.completed: .............................................................. 10
vusers.created: ................................................................ 10
vusers.created_by_name.Root (/): ............................................... 10
vusers.failed: ................................................................. 0
vusers.session_length:
  min: ......................................................................... 1503.5
  max: ......................................................................... 1511.4
  median: ...................................................................... 1495.5
  p95: ......................................................................... 1495.5
  p99: ......................................................................... 1495.5


--------------------------------------
Metrics for period to: 19:18:10(-0300) (width: 5.002s)
--------------------------------------

http.codes.200: ................................................................ 6
http.request_rate: ............................................................. 1/sec
http.requests: ................................................................. 4
http.response_time:
  min: ......................................................................... 1505
  max: ......................................................................... 1509
  median: ...................................................................... 1495.5
  p95: ......................................................................... 1495.5
  p99: ......................................................................... 1495.5
http.responses: ................................................................ 6
vusers.completed: .............................................................. 6
vusers.created: ................................................................ 4
vusers.created_by_name.Root (/): ............................................... 4
vusers.failed: ................................................................. 0
vusers.session_length:
  min: ......................................................................... 1506.3
  max: ......................................................................... 1512.4
  median: ...................................................................... 1495.5
  p95: ......................................................................... 1495.5
  p99: ......................................................................... 1495.5


All VUs finished. Total time: 8 minutes, 43 seconds

--------------------------------
Summary report @ 19:18:06(-0300)
--------------------------------

http.codes.200: ................................................................ 15233
http.request_rate: ............................................................. 29/sec
http.requests: ................................................................. 15233
http.response_time:
  min: ......................................................................... 1502
  max: ......................................................................... 1613
  median: ...................................................................... 1525.7
  p95: ......................................................................... 1525.7
  p99: ......................................................................... 1556.5
http.responses: ................................................................ 15233
vusers.completed: .............................................................. 15233
vusers.created: ................................................................ 15233
vusers.created_by_name.Root (/): ............................................... 15233
vusers.failed: ................................................................. 0
vusers.session_length:
  min: ......................................................................... 1502.3
  max: ......................................................................... 1616.9
  median: ...................................................................... 1525.7
  p95: ......................................................................... 1556.5
  p99: ......................................................................... 1556.5
