
> perf@1.0.0 artillery /home/julian/Desktop/FIUBA/Arquitectura_De_Software/tp1/perf
> NODE_OPTIONS=--max-old-space-size=4096 artillery "run" "./results/section-two/async/cfg-async.yaml" "-e" "async"

Phase started: Steady (index: 0, duration: 30s) 19:59:49(-0300)

--------------------------------------
Metrics for period to: 20:00:00(-0300) (width: 9s)
--------------------------------------

http.codes.200: ................................................................ 8
http.request_rate: ............................................................. 1/sec
http.requests: ................................................................. 10
http.response_time:
  min: ......................................................................... 1506
  max: ......................................................................... 1638
  median: ...................................................................... 1495.5
  p95: ......................................................................... 1525.7
  p99: ......................................................................... 1525.7
http.responses: ................................................................ 8
vusers.completed: .............................................................. 8
vusers.created: ................................................................ 10
vusers.created_by_name.Root (/): ............................................... 10
vusers.failed: ................................................................. 0
vusers.session_length:
  min: ......................................................................... 1507.9
  max: ......................................................................... 1675.8
  median: ...................................................................... 1525.7
  p95: ......................................................................... 1525.7
  p99: ......................................................................... 1525.7


Phase completed: Steady (index: 0, duration: 30s) 20:00:19(-0300)

Phase started: SlowIncrease (index: 1, duration: 240s) 20:00:19(-0300)

--------------------------------------
Metrics for period to: 20:00:10(-0300) (width: 9.489s)
--------------------------------------

http.codes.200: ................................................................ 10
http.request_rate: ............................................................. 1/sec
http.requests: ................................................................. 10
http.response_time:
  min: ......................................................................... 1506
  max: ......................................................................... 1515
  median: ...................................................................... 1525.7
  p95: ......................................................................... 1525.7
  p99: ......................................................................... 1525.7
http.responses: ................................................................ 10
vusers.completed: .............................................................. 10
vusers.created: ................................................................ 10
vusers.created_by_name.Root (/): ............................................... 10
vusers.failed: ................................................................. 0
vusers.session_length:
  min: ......................................................................... 1507.8
  max: ......................................................................... 1521.5
  median: ...................................................................... 1525.7
  p95: ......................................................................... 1525.7
  p99: ......................................................................... 1525.7


--------------------------------------
Metrics for period to: 20:00:20(-0300) (width: 9.488s)
--------------------------------------

http.codes.200: ................................................................ 10
http.request_rate: ............................................................. 1/sec
http.requests: ................................................................. 10
http.response_time:
  min: ......................................................................... 1507
  max: ......................................................................... 1519
  median: ...................................................................... 1525.7
  p95: ......................................................................... 1525.7
  p99: ......................................................................... 1525.7
http.responses: ................................................................ 10
vusers.completed: .............................................................. 10
vusers.created: ................................................................ 10
vusers.created_by_name.Root (/): ............................................... 10
vusers.failed: ................................................................. 0
vusers.session_length:
  min: ......................................................................... 1509.3
  max: ......................................................................... 1524.2
  median: ...................................................................... 1525.7
  p95: ......................................................................... 1525.7
  p99: ......................................................................... 1525.7


--------------------------------------
Metrics for period to: 20:00:30(-0300) (width: 9.613s)
--------------------------------------

http.codes.200: ................................................................ 28
http.request_rate: ............................................................. 4/sec
http.requests: ................................................................. 37
http.response_time:
  min: ......................................................................... 1507
  max: ......................................................................... 1521
  median: ...................................................................... 1525.7
  p95: ......................................................................... 1525.7
  p99: ......................................................................... 1525.7
http.responses: ................................................................ 28
vusers.completed: .............................................................. 28
vusers.created: ................................................................ 37
vusers.created_by_name.Root (/): ............................................... 37
vusers.failed: ................................................................. 0
vusers.session_length:
  min: ......................................................................... 1509.7
  max: ......................................................................... 1527.3
  median: ...................................................................... 1525.7
  p95: ......................................................................... 1525.7
  p99: ......................................................................... 1525.7


--------------------------------------
Metrics for period to: 20:00:40(-0300) (width: 9.916s)
--------------------------------------

http.codes.200: ................................................................ 86
http.request_rate: ............................................................. 10/sec
http.requests: ................................................................. 100
http.response_time:
  min: ......................................................................... 1508
  max: ......................................................................... 1557
  median: ...................................................................... 1525.7
  p95: ......................................................................... 1525.7
  p99: ......................................................................... 1556.5
http.responses: ................................................................ 86
vusers.completed: .............................................................. 86
vusers.created: ................................................................ 100
vusers.created_by_name.Root (/): ............................................... 100
vusers.failed: ................................................................. 0
vusers.session_length:
  min: ......................................................................... 1510.1
  max: ......................................................................... 1563.3
  median: ...................................................................... 1525.7
  p95: ......................................................................... 1525.7
  p99: ......................................................................... 1556.5


--------------------------------------
Metrics for period to: 20:00:50(-0300) (width: 9.903s)
--------------------------------------

http.codes.200: ................................................................ 158
http.request_rate: ............................................................. 16/sec
http.requests: ................................................................. 154
http.response_time:
  min: ......................................................................... 1505
  max: ......................................................................... 1547
  median: ...................................................................... 1495.5
  p95: ......................................................................... 1525.7
  p99: ......................................................................... 1525.7
http.responses: ................................................................ 158
vusers.completed: .............................................................. 158
vusers.created: ................................................................ 154
vusers.created_by_name.Root (/): ............................................... 154
vusers.failed: ................................................................. 0
vusers.session_length:
  min: ......................................................................... 1506.5
  max: ......................................................................... 1551.3
  median: ...................................................................... 1525.7
  p95: ......................................................................... 1525.7
  p99: ......................................................................... 1525.7


--------------------------------------
Metrics for period to: 20:01:00(-0300) (width: 9.955s)
--------------------------------------

http.codes.200: ................................................................ 198
http.request_rate: ............................................................. 23/sec
http.requests: ................................................................. 223
http.response_time:
  min: ......................................................................... 1505
  max: ......................................................................... 1526
  median: ...................................................................... 1495.5
  p95: ......................................................................... 1525.7
  p99: ......................................................................... 1525.7
http.responses: ................................................................ 198
vusers.completed: .............................................................. 198
vusers.created: ................................................................ 223
vusers.created_by_name.Root (/): ............................................... 223
vusers.failed: ................................................................. 0
vusers.session_length:
  min: ......................................................................... 1505.8
  max: ......................................................................... 1544.4
  median: ...................................................................... 1525.7
  p95: ......................................................................... 1525.7
  p99: ......................................................................... 1525.7


--------------------------------------
Metrics for period to: 20:01:10(-0300) (width: 9.981s)
--------------------------------------

http.codes.200: ................................................................ 285
http.request_rate: ............................................................. 28/sec
http.requests: ................................................................. 281
http.response_time:
  min: ......................................................................... 1503
  max: ......................................................................... 1553
  median: ...................................................................... 1495.5
  p95: ......................................................................... 1525.7
  p99: ......................................................................... 1525.7
http.responses: ................................................................ 285
vusers.completed: .............................................................. 285
vusers.created: ................................................................ 281
vusers.created_by_name.Root (/): ............................................... 281
vusers.failed: ................................................................. 0
vusers.session_length:
  min: ......................................................................... 1504.2
  max: ......................................................................... 1556.5
  median: ...................................................................... 1525.7
  p95: ......................................................................... 1525.7
  p99: ......................................................................... 1525.7


--------------------------------------
Metrics for period to: 20:01:20(-0300) (width: 9.939s)
--------------------------------------

http.codes.200: ................................................................ 326
http.request_rate: ............................................................. 35/sec
http.requests: ................................................................. 344
http.response_time:
  min: ......................................................................... 1503
  max: ......................................................................... 1535
  median: ...................................................................... 1495.5
  p95: ......................................................................... 1525.7
  p99: ......................................................................... 1525.7
http.responses: ................................................................ 326
vusers.completed: .............................................................. 326
vusers.created: ................................................................ 344
vusers.created_by_name.Root (/): ............................................... 344
vusers.failed: ................................................................. 0
vusers.session_length:
  min: ......................................................................... 1504.4
  max: ......................................................................... 1545.2
  median: ...................................................................... 1525.7
  p95: ......................................................................... 1525.7
  p99: ......................................................................... 1525.7


--------------------------------------
Metrics for period to: 20:01:30(-0300) (width: 9.998s)
--------------------------------------

http.codes.200: ................................................................ 387
http.request_rate: ............................................................. 39/sec
http.requests: ................................................................. 389
http.response_time:
  min: ......................................................................... 1503
  max: ......................................................................... 1537
  median: ...................................................................... 1495.5
  p95: ......................................................................... 1525.7
  p99: ......................................................................... 1525.7
http.responses: ................................................................ 387
vusers.completed: .............................................................. 387
vusers.created: ................................................................ 389
vusers.created_by_name.Root (/): ............................................... 389
vusers.failed: ................................................................. 0
vusers.session_length:
  min: ......................................................................... 1504.1
  max: ......................................................................... 1547.1
  median: ...................................................................... 1525.7
  p95: ......................................................................... 1525.7
  p99: ......................................................................... 1525.7


--------------------------------------
Metrics for period to: 20:01:40(-0300) (width: 9.991s)
--------------------------------------

http.codes.200: ................................................................ 420
http.request_rate: ............................................................. 44/sec
http.requests: ................................................................. 437
http.response_time:
  min: ......................................................................... 1504
  max: ......................................................................... 1528
  median: ...................................................................... 1495.5
  p95: ......................................................................... 1525.7
  p99: ......................................................................... 1525.7
http.responses: ................................................................ 420
vusers.completed: .............................................................. 420
vusers.created: ................................................................ 437
vusers.created_by_name.Root (/): ............................................... 437
vusers.failed: ................................................................. 0
vusers.session_length:
  min: ......................................................................... 1506.1
  max: ......................................................................... 1554.7
  median: ...................................................................... 1525.7
  p95: ......................................................................... 1525.7
  p99: ......................................................................... 1525.7


--------------------------------------
Metrics for period to: 20:01:50(-0300) (width: 9.978s)
--------------------------------------

http.codes.200: ................................................................ 496
http.request_rate: ............................................................. 50/sec
http.requests: ................................................................. 502
http.response_time:
  min: ......................................................................... 1504
  max: ......................................................................... 1523
  median: ...................................................................... 1495.5
  p95: ......................................................................... 1525.7
  p99: ......................................................................... 1525.7
http.responses: ................................................................ 496
vusers.completed: .............................................................. 496
vusers.created: ................................................................ 502
vusers.created_by_name.Root (/): ............................................... 502
vusers.failed: ................................................................. 0
vusers.session_length:
  min: ......................................................................... 1505.2
  max: ......................................................................... 1539.7
  median: ...................................................................... 1525.7
  p95: ......................................................................... 1525.7
  p99: ......................................................................... 1525.7


--------------------------------------
Metrics for period to: 20:02:00(-0300) (width: 9.996s)
--------------------------------------

http.codes.200: ................................................................ 584
http.request_rate: ............................................................. 59/sec
http.requests: ................................................................. 593
http.response_time:
  min: ......................................................................... 1502
  max: ......................................................................... 1522
  median: ...................................................................... 1495.5
  p95: ......................................................................... 1495.5
  p99: ......................................................................... 1525.7
http.responses: ................................................................ 584
vusers.completed: .............................................................. 584
vusers.created: ................................................................ 593
vusers.created_by_name.Root (/): ............................................... 593
vusers.failed: ................................................................. 0
vusers.session_length:
  min: ......................................................................... 1503.4
  max: ......................................................................... 1526.1
  median: ...................................................................... 1495.5
  p95: ......................................................................... 1525.7
  p99: ......................................................................... 1525.7


--------------------------------------
Metrics for period to: 20:02:10(-0300) (width: 9.991s)
--------------------------------------

http.codes.200: ................................................................ 639
http.request_rate: ............................................................. 64/sec
http.requests: ................................................................. 640
http.response_time:
  min: ......................................................................... 1502
  max: ......................................................................... 1546
  median: ...................................................................... 1495.5
  p95: ......................................................................... 1525.7
  p99: ......................................................................... 1525.7
http.responses: ................................................................ 639
vusers.completed: .............................................................. 639
vusers.created: ................................................................ 640
vusers.created_by_name.Root (/): ............................................... 640
vusers.failed: ................................................................. 0
vusers.session_length:
  min: ......................................................................... 1503.3
  max: ......................................................................... 1548.6
  median: ...................................................................... 1525.7
  p95: ......................................................................... 1525.7
  p99: ......................................................................... 1525.7


--------------------------------------
Metrics for period to: 20:02:20(-0300) (width: 9.994s)
--------------------------------------

http.codes.200: ................................................................ 706
http.request_rate: ............................................................. 72/sec
http.requests: ................................................................. 716
http.response_time:
  min: ......................................................................... 1503
  max: ......................................................................... 1545
  median: ...................................................................... 1495.5
  p95: ......................................................................... 1525.7
  p99: ......................................................................... 1525.7
http.responses: ................................................................ 706
vusers.completed: .............................................................. 706
vusers.created: ................................................................ 716
vusers.created_by_name.Root (/): ............................................... 716
vusers.failed: ................................................................. 0
vusers.session_length:
  min: ......................................................................... 1505.3
  max: ......................................................................... 1549.6
  median: ...................................................................... 1525.7
  p95: ......................................................................... 1525.7
  p99: ......................................................................... 1525.7


--------------------------------------
Metrics for period to: 20:02:30(-0300) (width: 9.982s)
--------------------------------------

http.codes.200: ................................................................ 716
http.request_rate: ............................................................. 74/sec
http.requests: ................................................................. 737
http.response_time:
  min: ......................................................................... 1504
  max: ......................................................................... 1546
  median: ...................................................................... 1495.5
  p95: ......................................................................... 1525.7
  p99: ......................................................................... 1525.7
http.responses: ................................................................ 716
vusers.completed: .............................................................. 716
vusers.created: ................................................................ 737
vusers.created_by_name.Root (/): ............................................... 737
vusers.failed: ................................................................. 0
vusers.session_length:
  min: ......................................................................... 1505.6
  max: ......................................................................... 1552
  median: ...................................................................... 1525.7
  p95: ......................................................................... 1525.7
  p99: ......................................................................... 1525.7


--------------------------------------
Metrics for period to: 20:02:40(-0300) (width: 9.996s)
--------------------------------------

http.codes.200: ................................................................ 854
http.request_rate: ............................................................. 86/sec
http.requests: ................................................................. 859
http.response_time:
  min: ......................................................................... 1503
  max: ......................................................................... 1534
  median: ...................................................................... 1495.5
  p95: ......................................................................... 1525.7
  p99: ......................................................................... 1525.7
http.responses: ................................................................ 854
vusers.completed: .............................................................. 854
vusers.created: ................................................................ 859
vusers.created_by_name.Root (/): ............................................... 859
vusers.failed: ................................................................. 0
vusers.session_length:
  min: ......................................................................... 1504.7
  max: ......................................................................... 1541.6
  median: ...................................................................... 1525.7
  p95: ......................................................................... 1525.7
  p99: ......................................................................... 1525.7


--------------------------------------
Metrics for period to: 20:02:50(-0300) (width: 9.992s)
--------------------------------------

http.codes.200: ................................................................ 850
http.request_rate: ............................................................. 84/sec
http.requests: ................................................................. 843
http.response_time:
  min: ......................................................................... 1503
  max: ......................................................................... 1549
  median: ...................................................................... 1495.5
  p95: ......................................................................... 1525.7
  p99: ......................................................................... 1525.7
http.responses: ................................................................ 850
vusers.completed: .............................................................. 850
vusers.created: ................................................................ 843
vusers.created_by_name.Root (/): ............................................... 843
vusers.failed: ................................................................. 0
vusers.session_length:
  min: ......................................................................... 1504.8
  max: ......................................................................... 1559.4
  median: ...................................................................... 1525.7
  p95: ......................................................................... 1525.7
  p99: ......................................................................... 1525.7


--------------------------------------
Metrics for period to: 20:03:00(-0300) (width: 9.986s)
--------------------------------------

http.codes.200: ................................................................ 907
http.request_rate: ............................................................. 94/sec
http.requests: ................................................................. 934
http.response_time:
  min: ......................................................................... 1504
  max: ......................................................................... 1545
  median: ...................................................................... 1495.5
  p95: ......................................................................... 1525.7
  p99: ......................................................................... 1525.7
http.responses: ................................................................ 907
vusers.completed: .............................................................. 907
vusers.created: ................................................................ 934
vusers.created_by_name.Root (/): ............................................... 934
vusers.failed: ................................................................. 0
vusers.session_length:
  min: ......................................................................... 1505.4
  max: ......................................................................... 1547.1
  median: ...................................................................... 1525.7
  p95: ......................................................................... 1525.7
  p99: ......................................................................... 1525.7


--------------------------------------
Metrics for period to: 20:03:10(-0300) (width: 9.991s)
--------------------------------------

http.codes.200: ................................................................ 942
http.request_rate: ............................................................. 95/sec
http.requests: ................................................................. 947
http.response_time:
  min: ......................................................................... 1503
  max: ......................................................................... 1534
  median: ...................................................................... 1495.5
  p95: ......................................................................... 1525.7
  p99: ......................................................................... 1525.7
http.responses: ................................................................ 942
vusers.completed: .............................................................. 942
vusers.created: ................................................................ 947
vusers.created_by_name.Root (/): ............................................... 947
vusers.failed: ................................................................. 0
vusers.session_length:
  min: ......................................................................... 1503.5
  max: ......................................................................... 1554.3
  median: ...................................................................... 1495.5
  p95: ......................................................................... 1525.7
  p99: ......................................................................... 1525.7


--------------------------------------
Metrics for period to: 20:03:20(-0300) (width: 9.988s)
--------------------------------------

http.codes.200: ................................................................ 1038
http.request_rate: ............................................................. 105/sec
http.requests: ................................................................. 1046
http.response_time:
  min: ......................................................................... 1502
  max: ......................................................................... 1553
  median: ...................................................................... 1495.5
  p95: ......................................................................... 1495.5
  p99: ......................................................................... 1525.7
http.responses: ................................................................ 1038
vusers.completed: .............................................................. 1038
vusers.created: ................................................................ 1046
vusers.created_by_name.Root (/): ............................................... 1046
vusers.failed: ................................................................. 0
vusers.session_length:
  min: ......................................................................... 1502.9
  max: ......................................................................... 1556.1
  median: ...................................................................... 1495.5
  p95: ......................................................................... 1525.7
  p99: ......................................................................... 1525.7


--------------------------------------
Metrics for period to: 20:03:30(-0300) (width: 9.995s)
--------------------------------------

http.codes.200: ................................................................ 1103
http.request_rate: ............................................................. 112/sec
http.requests: ................................................................. 1118
http.response_time:
  min: ......................................................................... 1502
  max: ......................................................................... 1521
  median: ...................................................................... 1495.5
  p95: ......................................................................... 1495.5
  p99: ......................................................................... 1525.7
http.responses: ................................................................ 1103
vusers.completed: .............................................................. 1103
vusers.created: ................................................................ 1118
vusers.created_by_name.Root (/): ............................................... 1118
vusers.failed: ................................................................. 0
vusers.session_length:
  min: ......................................................................... 1502.7
  max: ......................................................................... 1524.8
  median: ...................................................................... 1495.5
  p95: ......................................................................... 1525.7
  p99: ......................................................................... 1525.7


--------------------------------------
Metrics for period to: 20:03:40(-0300) (width: 9.996s)
--------------------------------------

http.codes.200: ................................................................ 1169
http.request_rate: ............................................................. 117/sec
http.requests: ................................................................. 1173
http.response_time:
  min: ......................................................................... 1502
  max: ......................................................................... 1531
  median: ...................................................................... 1495.5
  p95: ......................................................................... 1495.5
  p99: ......................................................................... 1525.7
http.responses: ................................................................ 1169
vusers.completed: .............................................................. 1169
vusers.created: ................................................................ 1173
vusers.created_by_name.Root (/): ............................................... 1173
vusers.failed: ................................................................. 0
vusers.session_length:
  min: ......................................................................... 1503
  max: ......................................................................... 1534.1
  median: ...................................................................... 1495.5
  p95: ......................................................................... 1525.7
  p99: ......................................................................... 1525.7


--------------------------------------
Metrics for period to: 20:03:50(-0300) (width: 9.992s)
--------------------------------------

http.codes.200: ................................................................ 1229
http.request_rate: ............................................................. 124/sec
http.requests: ................................................................. 1234
http.response_time:
  min: ......................................................................... 1502
  max: ......................................................................... 1550
  median: ...................................................................... 1495.5
  p95: ......................................................................... 1495.5
  p99: ......................................................................... 1525.7
http.responses: ................................................................ 1229
vusers.completed: .............................................................. 1229
vusers.created: ................................................................ 1234
vusers.created_by_name.Root (/): ............................................... 1234
vusers.failed: ................................................................. 0
vusers.session_length:
  min: ......................................................................... 1502.8
  max: ......................................................................... 1552.9
  median: ...................................................................... 1495.5
  p95: ......................................................................... 1525.7
  p99: ......................................................................... 1525.7


--------------------------------------
Metrics for period to: 20:04:00(-0300) (width: 9.997s)
--------------------------------------

http.codes.200: ................................................................ 1289
http.request_rate: ............................................................. 130/sec
http.requests: ................................................................. 1302
http.response_time:
  min: ......................................................................... 1502
  max: ......................................................................... 1537
  median: ...................................................................... 1495.5
  p95: ......................................................................... 1525.7
  p99: ......................................................................... 1525.7
http.responses: ................................................................ 1289
vusers.completed: .............................................................. 1289
vusers.created: ................................................................ 1302
vusers.created_by_name.Root (/): ............................................... 1302
vusers.failed: ................................................................. 0
vusers.session_length:
  min: ......................................................................... 1503.1
  max: ......................................................................... 1539.5
  median: ...................................................................... 1495.5
  p95: ......................................................................... 1525.7
  p99: ......................................................................... 1525.7


Phase completed: SlowIncrease (index: 1, duration: 240s) 20:04:19(-0300)

Phase started: Reset Line (index: 2, duration: 60s) 20:04:19(-0300)

--------------------------------------
Metrics for period to: 20:04:10(-0300) (width: 9.993s)
--------------------------------------

http.codes.200: ................................................................ 1320
http.request_rate: ............................................................. 133/sec
http.requests: ................................................................. 1326
http.response_time:
  min: ......................................................................... 1501
  max: ......................................................................... 1540
  median: ...................................................................... 1495.5
  p95: ......................................................................... 1495.5
  p99: ......................................................................... 1525.7
http.responses: ................................................................ 1320
vusers.completed: .............................................................. 1320
vusers.created: ................................................................ 1326
vusers.created_by_name.Root (/): ............................................... 1326
vusers.failed: ................................................................. 0
vusers.session_length:
  min: ......................................................................... 1503.3
  max: ......................................................................... 1543.8
  median: ...................................................................... 1495.5
  p95: ......................................................................... 1525.7
  p99: ......................................................................... 1525.7


--------------------------------------
Metrics for period to: 20:04:20(-0300) (width: 9.993s)
--------------------------------------

http.codes.200: ................................................................ 1399
http.request_rate: ............................................................. 141/sec
http.requests: ................................................................. 1385
http.response_time:
  min: ......................................................................... 1501
  max: ......................................................................... 1536
  median: ...................................................................... 1495.5
  p95: ......................................................................... 1525.7
  p99: ......................................................................... 1525.7
http.responses: ................................................................ 1399
vusers.completed: .............................................................. 1399
vusers.created: ................................................................ 1385
vusers.created_by_name.Root (/): ............................................... 1385
vusers.failed: ................................................................. 0
vusers.session_length:
  min: ......................................................................... 1503.3
  max: ......................................................................... 1539.6
  median: ...................................................................... 1495.5
  p95: ......................................................................... 1525.7
  p99: ......................................................................... 1525.7


--------------------------------------
Metrics for period to: 20:04:30(-0300) (width: 9.847s)
--------------------------------------

http.codes.200: ................................................................ 201
http.request_rate: ............................................................. 1/sec
http.requests: ................................................................. 10
http.response_time:
  min: ......................................................................... 1502
  max: ......................................................................... 1528
  median: ...................................................................... 1495.5
  p95: ......................................................................... 1495.5
  p99: ......................................................................... 1525.7
http.responses: ................................................................ 201
vusers.completed: .............................................................. 201
vusers.created: ................................................................ 10
vusers.created_by_name.Root (/): ............................................... 10
vusers.failed: ................................................................. 0
vusers.session_length:
  min: ......................................................................... 1504.1
  max: ......................................................................... 1531.3
  median: ...................................................................... 1495.5
  p95: ......................................................................... 1525.7
  p99: ......................................................................... 1525.7


--------------------------------------
Metrics for period to: 20:04:40(-0300) (width: 9.491s)
--------------------------------------

http.codes.200: ................................................................ 10
http.request_rate: ............................................................. 1/sec
http.requests: ................................................................. 10
http.response_time:
  min: ......................................................................... 1505
  max: ......................................................................... 1512
  median: ...................................................................... 1495.5
  p95: ......................................................................... 1495.5
  p99: ......................................................................... 1495.5
http.responses: ................................................................ 10
vusers.completed: .............................................................. 10
vusers.created: ................................................................ 10
vusers.created_by_name.Root (/): ............................................... 10
vusers.failed: ................................................................. 0
vusers.session_length:
  min: ......................................................................... 1506.6
  max: ......................................................................... 1514.9
  median: ...................................................................... 1495.5
  p95: ......................................................................... 1525.7
  p99: ......................................................................... 1525.7


--------------------------------------
Metrics for period to: 20:04:50(-0300) (width: 9.491s)
--------------------------------------

http.codes.200: ................................................................ 10
http.request_rate: ............................................................. 1/sec
http.requests: ................................................................. 10
http.response_time:
  min: ......................................................................... 1506
  max: ......................................................................... 1509
  median: ...................................................................... 1495.5
  p95: ......................................................................... 1495.5
  p99: ......................................................................... 1495.5
http.responses: ................................................................ 10
vusers.completed: .............................................................. 10
vusers.created: ................................................................ 10
vusers.created_by_name.Root (/): ............................................... 10
vusers.failed: ................................................................. 0
vusers.session_length:
  min: ......................................................................... 1507.6
  max: ......................................................................... 1515.4
  median: ...................................................................... 1495.5
  p95: ......................................................................... 1525.7
  p99: ......................................................................... 1525.7


--------------------------------------
Metrics for period to: 20:05:00(-0300) (width: 9.49s)
--------------------------------------

http.codes.200: ................................................................ 10
http.request_rate: ............................................................. 1/sec
http.requests: ................................................................. 10
http.response_time:
  min: ......................................................................... 1505
  max: ......................................................................... 1509
  median: ...................................................................... 1495.5
  p95: ......................................................................... 1495.5
  p99: ......................................................................... 1495.5
http.responses: ................................................................ 10
vusers.completed: .............................................................. 10
vusers.created: ................................................................ 10
vusers.created_by_name.Root (/): ............................................... 10
vusers.failed: ................................................................. 0
vusers.session_length:
  min: ......................................................................... 1506.2
  max: ......................................................................... 1512.7
  median: ...................................................................... 1495.5
  p95: ......................................................................... 1525.7
  p99: ......................................................................... 1525.7


Phase completed: Reset Line (index: 2, duration: 60s) 20:05:19(-0300)

--------------------------------------
Metrics for period to: 20:05:10(-0300) (width: 9.493s)
--------------------------------------

http.codes.200: ................................................................ 10
http.request_rate: ............................................................. 1/sec
http.requests: ................................................................. 10
http.response_time:
  min: ......................................................................... 1505
  max: ......................................................................... 1509
  median: ...................................................................... 1495.5
  p95: ......................................................................... 1495.5
  p99: ......................................................................... 1495.5
http.responses: ................................................................ 10
vusers.completed: .............................................................. 10
vusers.created: ................................................................ 10
vusers.created_by_name.Root (/): ............................................... 10
vusers.failed: ................................................................. 0
vusers.session_length:
  min: ......................................................................... 1507
  max: ......................................................................... 1517.1
  median: ...................................................................... 1495.5
  p95: ......................................................................... 1525.7
  p99: ......................................................................... 1525.7


--------------------------------------
Metrics for period to: 20:05:30(-0300) (width: 1.005s)
--------------------------------------

http.codes.200: ................................................................ 2
http.response_time:
  min: ......................................................................... 1507
  max: ......................................................................... 1509
  median: ...................................................................... 1495.5
  p95: ......................................................................... 1495.5
  p99: ......................................................................... 1495.5
http.responses: ................................................................ 2
vusers.completed: .............................................................. 2
vusers.failed: ................................................................. 0
vusers.session_length:
  min: ......................................................................... 1510.7
  max: ......................................................................... 1515.5
  median: ...................................................................... 1525.7
  p95: ......................................................................... 1525.7
  p99: ......................................................................... 1525.7


--------------------------------------
Metrics for period to: 20:05:20(-0300) (width: 9.493s)
--------------------------------------

http.codes.200: ................................................................ 10
http.request_rate: ............................................................. 1/sec
http.requests: ................................................................. 10
http.response_time:
  min: ......................................................................... 1505
  max: ......................................................................... 1509
  median: ...................................................................... 1495.5
  p95: ......................................................................... 1495.5
  p99: ......................................................................... 1495.5
http.responses: ................................................................ 10
vusers.completed: .............................................................. 10
vusers.created: ................................................................ 10
vusers.created_by_name.Root (/): ............................................... 10
vusers.failed: ................................................................. 0
vusers.session_length:
  min: ......................................................................... 1506.2
  max: ......................................................................... 1513.7
  median: ...................................................................... 1525.7
  p95: ......................................................................... 1525.7
  p99: ......................................................................... 1525.7


All VUs finished. Total time: 5 minutes, 32 seconds

--------------------------------
Summary report @ 20:05:21(-0300)
--------------------------------

http.codes.200: ................................................................ 17410
http.request_rate: ............................................................. 51/sec
http.requests: ................................................................. 17410
http.response_time:
  min: ......................................................................... 1501
  max: ......................................................................... 1638
  median: ...................................................................... 1495.5
  p95: ......................................................................... 1525.7
  p99: ......................................................................... 1525.7
http.responses: ................................................................ 17410
vusers.completed: .............................................................. 17410
vusers.created: ................................................................ 17410
vusers.created_by_name.Root (/): ............................................... 17410
vusers.failed: ................................................................. 0
vusers.session_length:
  min: ......................................................................... 1502.7
  max: ......................................................................... 1675.8
  median: ...................................................................... 1495.5
  p95: ......................................................................... 1525.7
  p99: ......................................................................... 1525.7
