NOTAS:
  primero aumenta levemente la latency pasadas las ~350 rps
  comienza a explotar la latency pasadas las ~550 rps
  ~20 segundos despues comienzan los primeros errores (ETIMEDOUT)
  => el sistema mas o menos soporta ~350 rps,
  pasados los ~550 rps explota
====

> perf@1.0.0 artillery
> NODE_OPTIONS=--max-old-space-size=4096 artillery "run" "./results/single-node/breakpoint/cfg-breakpoint-ping.yaml" "-e" "ping"

Phase started: Ramp (index: 0, duration: 250s) 20:08:30(-0300)

--------------------------------------
Metrics for period to: 20:08:40(-0300) (width: 9.53s)
--------------------------------------

http.codes.200: ................................................................ 259
http.request_rate: ............................................................. 30/sec
http.requests: ................................................................. 260
http.response_time:
  min: ......................................................................... 1
  max: ......................................................................... 44
  median: ...................................................................... 3
  p95: ......................................................................... 6
  p99: ......................................................................... 22
http.responses: ................................................................ 259
vusers.completed: .............................................................. 259
vusers.created: ................................................................ 261
vusers.created_by_name.Root (/): ............................................... 261
vusers.failed: ................................................................. 0
vusers.session_length:
  min: ......................................................................... 2.9
  max: ......................................................................... 86.3
  median: ...................................................................... 8.9
  p95: ......................................................................... 26.8
  p99: ......................................................................... 50.9


--------------------------------------
Metrics for period to: 20:08:50(-0300) (width: 9.99s)
--------------------------------------

http.codes.200: ................................................................ 641
http.request_rate: ............................................................. 65/sec
http.requests: ................................................................. 640
http.response_time:
  min: ......................................................................... 1
  max: ......................................................................... 39
  median: ...................................................................... 3
  p95: ......................................................................... 5
  p99: ......................................................................... 10.1
http.responses: ................................................................ 641
vusers.completed: .............................................................. 641
vusers.created: ................................................................ 639
vusers.created_by_name.Root (/): ............................................... 639
vusers.failed: ................................................................. 0
vusers.session_length:
  min: ......................................................................... 2.1
  max: ......................................................................... 45.2
  median: ...................................................................... 6.9
  p95: ......................................................................... 11.6
  p99: ......................................................................... 18.7


--------------------------------------
Metrics for period to: 20:09:00(-0300) (width: 9.997s)
--------------------------------------

http.codes.200: ................................................................ 1042
http.request_rate: ............................................................. 105/sec
http.requests: ................................................................. 1042
http.response_time:
  min: ......................................................................... 1
  max: ......................................................................... 29
  median: ...................................................................... 3
  p95: ......................................................................... 7
  p99: ......................................................................... 10.9
http.responses: ................................................................ 1042
vusers.completed: .............................................................. 1042
vusers.created: ................................................................ 1042
vusers.created_by_name.Root (/): ............................................... 1042
vusers.failed: ................................................................. 0
vusers.session_length:
  min: ......................................................................... 1.9
  max: ......................................................................... 35.9
  median: ...................................................................... 7.8
  p95: ......................................................................... 13.6
  p99: ......................................................................... 18


--------------------------------------
Metrics for period to: 20:09:10(-0300) (width: 9.993s)
--------------------------------------

http.codes.200: ................................................................ 1509
http.request_rate: ............................................................. 151/sec
http.requests: ................................................................. 1510
http.response_time:
  min: ......................................................................... 0
  max: ......................................................................... 14
  median: ...................................................................... 3
  p95: ......................................................................... 7
  p99: ......................................................................... 8.9
http.responses: ................................................................ 1509
vusers.completed: .............................................................. 1509
vusers.created: ................................................................ 1511
vusers.created_by_name.Root (/): ............................................... 1511
vusers.failed: ................................................................. 0
vusers.session_length:
  min: ......................................................................... 1.8
  max: ......................................................................... 47.5
  median: ...................................................................... 7.8
  p95: ......................................................................... 13.6
  p99: ......................................................................... 19.5


--------------------------------------
Metrics for period to: 20:09:20(-0300) (width: 9.998s)
--------------------------------------

http.codes.200: ................................................................ 1832
http.request_rate: ............................................................. 185/sec
http.requests: ................................................................. 1835
http.response_time:
  min: ......................................................................... 0
  max: ......................................................................... 27
  median: ...................................................................... 3
  p95: ......................................................................... 6
  p99: ......................................................................... 7.9
http.responses: ................................................................ 1832
vusers.completed: .............................................................. 1832
vusers.created: ................................................................ 1836
vusers.created_by_name.Root (/): ............................................... 1836
vusers.failed: ................................................................. 0
vusers.session_length:
  min: ......................................................................... 1.4
  max: ......................................................................... 41.7
  median: ...................................................................... 6.8
  p95: ......................................................................... 12.8
  p99: ......................................................................... 21.5


--------------------------------------
Metrics for period to: 20:09:30(-0300) (width: 9.998s)
--------------------------------------

http.codes.200: ................................................................ 2324
http.request_rate: ............................................................. 233/sec
http.requests: ................................................................. 2321
http.response_time:
  min: ......................................................................... 0
  max: ......................................................................... 22
  median: ...................................................................... 3
  p95: ......................................................................... 6
  p99: ......................................................................... 7.9
http.responses: ................................................................ 2324
vusers.completed: .............................................................. 2324
vusers.created: ................................................................ 2321
vusers.created_by_name.Root (/): ............................................... 2321
vusers.failed: ................................................................. 0
vusers.session_length:
  min: ......................................................................... 1.7
  max: ......................................................................... 48.4
  median: ...................................................................... 6.1
  p95: ......................................................................... 12.3
  p99: ......................................................................... 19.1


--------------------------------------
Metrics for period to: 20:09:40(-0300) (width: 9.998s)
--------------------------------------

http.codes.200: ................................................................ 2672
http.request_rate: ............................................................. 268/sec
http.requests: ................................................................. 2673
http.response_time:
  min: ......................................................................... 0
  max: ......................................................................... 19
  median: ...................................................................... 2
  p95: ......................................................................... 5
  p99: ......................................................................... 7
http.responses: ................................................................ 2672
vusers.completed: .............................................................. 2672
vusers.created: ................................................................ 2671
vusers.created_by_name.Root (/): ............................................... 2671
vusers.failed: ................................................................. 0
vusers.session_length:
  min: ......................................................................... 1.5
  max: ......................................................................... 47
  median: ...................................................................... 4.8
  p95: ......................................................................... 11.4
  p99: ......................................................................... 18.7


--------------------------------------
Metrics for period to: 20:09:50(-0300) (width: 9.998s)
--------------------------------------

http.codes.200: ................................................................ 3032
http.request_rate: ............................................................. 304/sec
http.requests: ................................................................. 3031
http.response_time:
  min: ......................................................................... 0
  max: ......................................................................... 23
  median: ...................................................................... 2
  p95: ......................................................................... 7
  p99: ......................................................................... 10.1
http.responses: ................................................................ 3032
vusers.completed: .............................................................. 3032
vusers.created: ................................................................ 3031
vusers.created_by_name.Root (/): ............................................... 3031
vusers.failed: ................................................................. 0
vusers.session_length:
  min: ......................................................................... 1.5
  max: ......................................................................... 38.9
  median: ...................................................................... 4.6
  p95: ......................................................................... 13.6
  p99: ......................................................................... 21.1


--------------------------------------
Metrics for period to: 20:10:00(-0300) (width: 9.998s)
--------------------------------------

http.codes.200: ................................................................ 3397
http.request_rate: ............................................................. 341/sec
http.requests: ................................................................. 3398
http.response_time:
  min: ......................................................................... 0
  max: ......................................................................... 80
  median: ...................................................................... 3
  p95: ......................................................................... 21.1
  p99: ......................................................................... 43.4
http.responses: ................................................................ 3397
vusers.completed: .............................................................. 3397
vusers.created: ................................................................ 3399
vusers.created_by_name.Root (/): ............................................... 3399
vusers.failed: ................................................................. 0
vusers.session_length:
  min: ......................................................................... 1.4
  max: ......................................................................... 82
  median: ...................................................................... 6.2
  p95: ......................................................................... 25.3
  p99: ......................................................................... 46.1


--------------------------------------
Metrics for period to: 20:10:10(-0300) (width: 9.999s)
--------------------------------------

http.codes.200: ................................................................ 3890
http.request_rate: ............................................................. 392/sec
http.requests: ................................................................. 3912
http.response_time:
  min: ......................................................................... 0
  max: ......................................................................... 619
  median: ...................................................................... 21.1
  p95: ......................................................................... 340.4
  p99: ......................................................................... 468.8
http.responses: ................................................................ 3890
vusers.completed: .............................................................. 3890
vusers.created: ................................................................ 3913
vusers.created_by_name.Root (/): ............................................... 3913
vusers.failed: ................................................................. 0
vusers.session_length:
  min: ......................................................................... 1.6
  max: ......................................................................... 621.1
  median: ...................................................................... 24.3
  p95: ......................................................................... 347.3
  p99: ......................................................................... 478.3


--------------------------------------
Metrics for period to: 20:10:20(-0300) (width: 9.998s)
--------------------------------------

http.codes.200: ................................................................ 4188
http.request_rate: ............................................................. 417/sec
http.requests: ................................................................. 4165
http.response_time:
  min: ......................................................................... 0
  max: ......................................................................... 732
  median: ...................................................................... 34.1
  p95: ......................................................................... 415.8
  p99: ......................................................................... 572.6
http.responses: ................................................................ 4188
vusers.completed: .............................................................. 4188
vusers.created: ................................................................ 4163
vusers.created_by_name.Root (/): ............................................... 4163
vusers.failed: ................................................................. 0
vusers.session_length:
  min: ......................................................................... 1.1
  max: ......................................................................... 734.4
  median: ...................................................................... 37
  p95: ......................................................................... 424.2
  p99: ......................................................................... 584.2


--------------------------------------
Metrics for period to: 20:10:30(-0300) (width: 9.999s)
--------------------------------------

http.codes.200: ................................................................ 4666
http.request_rate: ............................................................. 468/sec
http.requests: ................................................................. 4666
http.response_time:
  min: ......................................................................... 0
  max: ......................................................................... 960
  median: ...................................................................... 77.5
  p95: ......................................................................... 497.8
  p99: ......................................................................... 699.4
http.responses: ................................................................ 4666
vusers.completed: .............................................................. 4666
vusers.created: ................................................................ 4667
vusers.created_by_name.Root (/): ............................................... 4667
vusers.failed: ................................................................. 0
vusers.session_length:
  min: ......................................................................... 1.5
  max: ......................................................................... 962.3
  median: ...................................................................... 83.9
  p95: ......................................................................... 507.8
  p99: ......................................................................... 713.5


--------------------------------------
Metrics for period to: 20:10:40(-0300) (width: 9.999s)
--------------------------------------

http.codes.200: ................................................................ 4992
http.request_rate: ............................................................. 500/sec
http.requests: ................................................................. 4996
http.response_time:
  min: ......................................................................... 0
  max: ......................................................................... 875
  median: ...................................................................... 80.6
  p95: ......................................................................... 518.1
  p99: ......................................................................... 671.9
http.responses: ................................................................ 4992
vusers.completed: .............................................................. 4992
vusers.created: ................................................................ 4995
vusers.created_by_name.Root (/): ............................................... 4995
vusers.failed: ................................................................. 0
vusers.session_length:
  min: ......................................................................... 1.6
  max: ......................................................................... 876.3
  median: ...................................................................... 87.4
  p95: ......................................................................... 518.1
  p99: ......................................................................... 685.5


--------------------------------------
Metrics for period to: 20:10:50(-0300) (width: 9.999s)
--------------------------------------

http.codes.200: ................................................................ 5269
http.request_rate: ............................................................. 551/sec
http.requests: ................................................................. 5478
http.response_time:
  min: ......................................................................... 0
  max: ......................................................................... 925
  median: ...................................................................... 58.6
  p95: ......................................................................... 528.6
  p99: ......................................................................... 658.6
http.responses: ................................................................ 5269
vusers.completed: .............................................................. 5269
vusers.created: ................................................................ 5479
vusers.created_by_name.Root (/): ............................................... 5479
vusers.failed: ................................................................. 0
vusers.session_length:
  min: ......................................................................... 1.3
  max: ......................................................................... 929.5
  median: ...................................................................... 66
  p95: ......................................................................... 539.2
  p99: ......................................................................... 671.9


--------------------------------------
Metrics for period to: 20:11:00(-0300) (width: 9.999s)
--------------------------------------

http.codes.200: ................................................................ 5907
http.request_rate: ............................................................. 579/sec
http.requests: ................................................................. 5792
http.response_time:
  min: ......................................................................... 0
  max: ......................................................................... 920
  median: ...................................................................... 30.3
  p95: ......................................................................... 478.3
  p99: ......................................................................... 658.6
http.responses: ................................................................ 5907
vusers.completed: .............................................................. 5907
vusers.created: ................................................................ 5791
vusers.created_by_name.Root (/): ............................................... 5791
vusers.failed: ................................................................. 0
vusers.session_length:
  min: ......................................................................... 1.5
  max: ......................................................................... 925.6
  median: ...................................................................... 32.8
  p95: ......................................................................... 487.9
  p99: ......................................................................... 671.9


--------------------------------------
Metrics for period to: 20:11:10(-0300) (width: 9.994s)
--------------------------------------

http.codes.200: ................................................................ 4098
http.request_rate: ............................................................. 629/sec
http.requests: ................................................................. 6274
http.response_time:
  min: ......................................................................... 1
  max: ......................................................................... 6461
  median: ...................................................................... 982.6
  p95: ......................................................................... 2951.9
  p99: ......................................................................... 5065.6
http.responses: ................................................................ 4098
vusers.completed: .............................................................. 4098
vusers.created: ................................................................ 6274
vusers.created_by_name.Root (/): ............................................... 6274
vusers.failed: ................................................................. 0
vusers.session_length:
  min: ......................................................................... 1.9
  max: ......................................................................... 6495.7
  median: ...................................................................... 982.6
  p95: ......................................................................... 2951.9
  p99: ......................................................................... 5065.6


--------------------------------------
Metrics for period to: 20:11:20(-0300) (width: 9.999s)
--------------------------------------

errors.ETIMEDOUT: .............................................................. 23
http.codes.200: ................................................................ 4180
http.request_rate: ............................................................. 662/sec
http.requests: ................................................................. 6588
http.response_time:
  min: ......................................................................... 2525
  max: ......................................................................... 9647
  median: ...................................................................... 5944.6
  p95: ......................................................................... 8520.7
  p99: ......................................................................... 9230.4
http.responses: ................................................................ 4180
vusers.completed: .............................................................. 4180
vusers.created: ................................................................ 6595
vusers.created_by_name.Root (/): ............................................... 6595
vusers.failed: ................................................................. 23
vusers.session_length:
  min: ......................................................................... 2540.8
  max: ......................................................................... 9662
  median: ...................................................................... 6064.7
  p95: ......................................................................... 8520.7
  p99: ......................................................................... 9230.4


--------------------------------------
Metrics for period to: 20:11:30(-0300) (width: 9.997s)
--------------------------------------

errors.ETIMEDOUT: .............................................................. 481
http.codes.200: ................................................................ 4358
http.request_rate: ............................................................. 708/sec
http.requests: ................................................................. 7063
http.response_time:
  min: ......................................................................... 5353
  max: ......................................................................... 10000
  median: ...................................................................... 8024.5
  p95: ......................................................................... 9607.1
  p99: ......................................................................... 9999.2
http.responses: ................................................................ 4358
vusers.completed: .............................................................. 4358
vusers.created: ................................................................ 7058
vusers.created_by_name.Root (/): ............................................... 7058
vusers.failed: ................................................................. 481
vusers.session_length:
  min: ......................................................................... 5367.3
  max: ......................................................................... 10006.7
  median: ...................................................................... 8024.5
  p95: ......................................................................... 9607.1
  p99: ......................................................................... 9999.2


--------------------------------------
Metrics for period to: 20:11:40(-0300) (width: 9.997s)
--------------------------------------

errors.ETIMEDOUT: .............................................................. 6302
http.codes.200: ................................................................ 575
http.request_rate: ............................................................. 715/sec
http.requests: ................................................................. 7143
http.response_time:
  min: ......................................................................... 8784
  max: ......................................................................... 10000
  median: ...................................................................... 9801.2
  p95: ......................................................................... 9999.2
  p99: ......................................................................... 9999.2
http.responses: ................................................................ 575
vusers.completed: .............................................................. 575
vusers.created: ................................................................ 7147
vusers.created_by_name.Root (/): ............................................... 7147
vusers.failed: ................................................................. 6302
vusers.session_length:
  min: ......................................................................... 8870.8
  max: ......................................................................... 10013.8
  median: ...................................................................... 9801.2
  p95: ......................................................................... 9999.2
  p99: ......................................................................... 9999.2


--------------------------------------
Metrics for period to: 20:11:50(-0300) (width: 9.999s)
--------------------------------------

errors.ETIMEDOUT: .............................................................. 7136
http.codes.200: ................................................................ 1
http.request_rate: ............................................................. 477/sec
http.requests: ................................................................. 4757
http.response_time:
  min: ......................................................................... 9886
  max: ......................................................................... 9886
  median: ...................................................................... 9801.2
  p95: ......................................................................... 9801.2
  p99: ......................................................................... 9801.2
http.responses: ................................................................ 1
vusers.completed: .............................................................. 1
vusers.created: ................................................................ 4757
vusers.created_by_name.Root (/): ............................................... 4757
vusers.failed: ................................................................. 7136
vusers.session_length:
  min: ......................................................................... 9955.7
  max: ......................................................................... 9955.7
  median: ...................................................................... 9999.2
  p95: ......................................................................... 9999.2
  p99: ......................................................................... 9999.2


--------------------------------------
Metrics for period to: 20:12:00(-0300) (width: 9.998s)
--------------------------------------

errors.ETIMEDOUT: .............................................................. 4636
http.codes.200: ................................................................ 142
http.request_rate: ............................................................. 350/sec
http.requests: ................................................................. 3505
http.response_time:
  min: ......................................................................... 8123
  max: ......................................................................... 10075
  median: ...................................................................... 9607.1
  p95: ......................................................................... 9999.2
  p99: ......................................................................... 9999.2
http.responses: ................................................................ 142
vusers.completed: .............................................................. 142
vusers.created: ................................................................ 3505
vusers.created_by_name.Root (/): ............................................... 3505
vusers.failed: ................................................................. 4636
vusers.session_length:
  min: ......................................................................... 8504.9
  max: ......................................................................... 10082.2
  median: ...................................................................... 9801.2
  p95: ......................................................................... 9999.2
  p99: ......................................................................... 9999.2


--------------------------------------
Metrics for period to: 20:12:10(-0300) (width: 9.999s)
--------------------------------------

errors.ECONNRESET: ............................................................. 4
errors.ETIMEDOUT: .............................................................. 2786
http.codes.200: ................................................................ 685
http.request_rate: ............................................................. 563/sec
http.requests: ................................................................. 5615
http.response_time:
  min: ......................................................................... 8240
  max: ......................................................................... 10080
  median: ...................................................................... 9416.8
  p95: ......................................................................... 9999.2
  p99: ......................................................................... 9999.2
http.responses: ................................................................ 685
vusers.completed: .............................................................. 685
vusers.created: ................................................................ 5615
vusers.created_by_name.Root (/): ............................................... 5615
vusers.failed: ................................................................. 2790
vusers.session_length:
  min: ......................................................................... 8276.6
  max: ......................................................................... 10169.1
  median: ...................................................................... 9607.1
  p95: ......................................................................... 9999.2
  p99: ......................................................................... 9999.2


--------------------------------------
Metrics for period to: 20:12:20(-0300) (width: 9.999s)
--------------------------------------

errors.ETIMEDOUT: .............................................................. 5554
http.request_rate: ............................................................. 867/sec
http.requests: ................................................................. 8624
vusers.created: ................................................................ 8624
vusers.created_by_name.Root (/): ............................................... 8624
vusers.failed: ................................................................. 5554


--------------------------------------
Metrics for period to: 20:12:30(-0300) (width: 9.999s)
--------------------------------------

errors.ETIMEDOUT: .............................................................. 8706
http.request_rate: ............................................................. 1014/sec
http.requests: ................................................................. 10069
vusers.created: ................................................................ 10069
vusers.created_by_name.Root (/): ............................................... 10069
vusers.failed: ................................................................. 8706


--------------------------------------
Metrics for period to: 20:12:40(-0300) (width: 9.998s)
--------------------------------------

errors.ETIMEDOUT: .............................................................. 10001
http.codes.200: ................................................................ 104
http.request_rate: ............................................................. 856/sec
http.requests: ................................................................. 8534
http.response_time:
  min: ......................................................................... 8217
  max: ......................................................................... 9990
  median: ...................................................................... 8868.4
  p95: ......................................................................... 9999.2
  p99: ......................................................................... 9999.2
http.responses: ................................................................ 104
vusers.completed: .............................................................. 104
vusers.created: ................................................................ 8535
vusers.created_by_name.Root (/): ............................................... 8535
vusers.failed: ................................................................. 10001
vusers.session_length:
  min: ......................................................................... 8266.5
  max: ......................................................................... 10020.5
  median: ...................................................................... 9416.8
  p95: ......................................................................... 9999.2
  p99: ......................................................................... 9999.2


Phase completed: Ramp (index: 0, duration: 250s) 20:12:57(-0300)

Phase started: Reset Line (index: 1, duration: 30s) 20:12:57(-0300)

--------------------------------------
Metrics for period to: 20:12:50(-0300) (width: 9.999s)
--------------------------------------

errors.ETIMEDOUT: .............................................................. 8279
http.codes.200: ................................................................ 29
http.request_rate: ............................................................. 814/sec
http.requests: ................................................................. 8105
http.response_time:
  min: ......................................................................... 9160
  max: ......................................................................... 9987
  median: ...................................................................... 9607.1
  p95: ......................................................................... 9999.2
  p99: ......................................................................... 9999.2
http.responses: ................................................................ 29
vusers.completed: .............................................................. 29
vusers.created: ................................................................ 8105
vusers.created_by_name.Root (/): ............................................... 8105
vusers.failed: ................................................................. 8279
vusers.session_length:
  min: ......................................................................... 9253.7
  max: ......................................................................... 10038.2
  median: ...................................................................... 9801.2
  p95: ......................................................................... 9999.2
  p99: ......................................................................... 9999.2


--------------------------------------
Metrics for period to: 20:13:00(-0300) (width: 9.999s)
--------------------------------------

errors.ETIMEDOUT: .............................................................. 7681
http.codes.200: ................................................................ 630
http.request_rate: ............................................................. 502/sec
http.requests: ................................................................. 4754
http.response_time:
  min: ......................................................................... 7965
  max: ......................................................................... 10291
  median: ...................................................................... 9047.6
  p95: ......................................................................... 9999.2
  p99: ......................................................................... 10201.2
http.responses: ................................................................ 630
vusers.completed: .............................................................. 630
vusers.created: ................................................................ 4749
vusers.created_by_name.Root (/): ............................................... 4749
vusers.failed: ................................................................. 7681
vusers.session_length:
  min: ......................................................................... 8054.6
  max: ......................................................................... 10362.9
  median: ...................................................................... 9416.8
  p95: ......................................................................... 9999.2
  p99: ......................................................................... 10201.2


--------------------------------------
Metrics for period to: 20:13:10(-0300) (width: 9.993s)
--------------------------------------

errors.ETIMEDOUT: .............................................................. 4205
http.codes.200: ................................................................ 560
http.request_rate: ............................................................. 397/sec
http.requests: ................................................................. 406
http.response_time:
  min: ......................................................................... 7856
  max: ......................................................................... 9993
  median: ...................................................................... 9607.1
  p95: ......................................................................... 9801.2
  p99: ......................................................................... 9999.2
http.responses: ................................................................ 560
vusers.completed: .............................................................. 560
vusers.created: ................................................................ 404
vusers.created_by_name.Root (/): ............................................... 404
vusers.failed: ................................................................. 4205
vusers.session_length:
  min: ......................................................................... 7930.1
  max: ......................................................................... 10066.2
  median: ...................................................................... 9607.1
  p95: ......................................................................... 9999.2
  p99: ......................................................................... 9999.2


Phase completed: Reset Line (index: 1, duration: 30s) 20:13:27(-0300)

