
> perf@1.0.0 artillery /home/guidobotta/dev/arquitectura/tp1/perf
> NODE_OPTIONS=--max-old-space-size=4096 artillery "run" "./results/multinode/load/cfg-load-async.yaml" "-e" "async"

Phase started: Ramp (index: 0, duration: 60s) 22:27:14(-0300)

--------------------------------------
Metrics for period to: 22:27:20(-0300) (width: 5.543s)
--------------------------------------

http.codes.200: ................................................................ 89
http.request_rate: ............................................................. 28/sec
http.requests: ................................................................. 134
http.response_time:
  min: ......................................................................... 1506
  max: ......................................................................... 1631
  median: ...................................................................... 1525.7
  p95: ......................................................................... 1556.5
  p99: ......................................................................... 1620
http.responses: ................................................................ 89
vusers.completed: .............................................................. 89
vusers.created: ................................................................ 134
vusers.created_by_name.Root (/): ............................................... 134
vusers.failed: ................................................................. 0
vusers.session_length:
  min: ......................................................................... 1508.6
  max: ......................................................................... 1651
  median: ...................................................................... 1525.7
  p95: ......................................................................... 1556.5
  p99: ......................................................................... 1652.8


--------------------------------------
Metrics for period to: 22:27:30(-0300) (width: 9.976s)
--------------------------------------

http.codes.200: ................................................................ 580
http.request_rate: ............................................................. 73/sec
http.requests: ................................................................. 689
http.response_time:
  min: ......................................................................... 1502
  max: ......................................................................... 1554
  median: ...................................................................... 1495.5
  p95: ......................................................................... 1525.7
  p99: ......................................................................... 1525.7
http.responses: ................................................................ 580
vusers.completed: .............................................................. 580
vusers.created: ................................................................ 689
vusers.created_by_name.Root (/): ............................................... 689
vusers.failed: ................................................................. 0
vusers.session_length:
  min: ......................................................................... 1503.5
  max: ......................................................................... 1559.4
  median: ...................................................................... 1525.7
  p95: ......................................................................... 1525.7
  p99: ......................................................................... 1525.7


--------------------------------------
Metrics for period to: 22:27:40(-0300) (width: 9.999s)
--------------------------------------

http.codes.200: ................................................................ 1330
http.request_rate: ............................................................. 145/sec
http.requests: ................................................................. 1443
http.response_time:
  min: ......................................................................... 1502
  max: ......................................................................... 1549
  median: ...................................................................... 1495.5
  p95: ......................................................................... 1525.7
  p99: ......................................................................... 1525.7
http.responses: ................................................................ 1330
vusers.completed: .............................................................. 1330
vusers.created: ................................................................ 1443
vusers.created_by_name.Root (/): ............................................... 1443
vusers.failed: ................................................................. 0
vusers.session_length:
  min: ......................................................................... 1503.4
  max: ......................................................................... 1553.6
  median: ...................................................................... 1495.5
  p95: ......................................................................... 1525.7
  p99: ......................................................................... 1525.7


--------------------------------------
Metrics for period to: 22:27:50(-0300) (width: 9.999s)
--------------------------------------

http.codes.200: ................................................................ 2000
http.request_rate: ............................................................. 212/sec
http.requests: ................................................................. 2102
http.response_time:
  min: ......................................................................... 1501
  max: ......................................................................... 1553
  median: ...................................................................... 1495.5
  p95: ......................................................................... 1525.7
  p99: ......................................................................... 1525.7
http.responses: ................................................................ 2000
vusers.completed: .............................................................. 2000
vusers.created: ................................................................ 2102
vusers.created_by_name.Root (/): ............................................... 2102
vusers.failed: ................................................................. 0
vusers.session_length:
  min: ......................................................................... 1502.6
  max: ......................................................................... 1556.1
  median: ...................................................................... 1525.7
  p95: ......................................................................... 1525.7
  p99: ......................................................................... 1525.7


--------------------------------------
Metrics for period to: 22:28:00(-0300) (width: 9.997s)
--------------------------------------

http.codes.200: ................................................................ 2671
http.request_rate: ............................................................. 278/sec
http.requests: ................................................................. 2767
http.response_time:
  min: ......................................................................... 1502
  max: ......................................................................... 1558
  median: ...................................................................... 1495.5
  p95: ......................................................................... 1525.7
  p99: ......................................................................... 1525.7
http.responses: ................................................................ 2671
vusers.completed: .............................................................. 2671
vusers.created: ................................................................ 2767
vusers.created_by_name.Root (/): ............................................... 2767
vusers.failed: ................................................................. 0
vusers.session_length:
  min: ......................................................................... 1502.7
  max: ......................................................................... 1563.3
  median: ...................................................................... 1525.7
  p95: ......................................................................... 1525.7
  p99: ......................................................................... 1525.7


Phase completed: Ramp (index: 0, duration: 60s) 22:28:15(-0300)

Phase started: Plain Line (index: 1, duration: 360s) 22:28:15(-0300)

--------------------------------------
Metrics for period to: 22:28:10(-0300) (width: 9.997s)
--------------------------------------

http.codes.200: ................................................................ 3303
http.request_rate: ............................................................. 339/sec
http.requests: ................................................................. 3382
http.response_time:
  min: ......................................................................... 1501
  max: ......................................................................... 1551
  median: ...................................................................... 1495.5
  p95: ......................................................................... 1525.7
  p99: ......................................................................... 1525.7
http.responses: ................................................................ 3303
vusers.completed: .............................................................. 3302
vusers.created: ................................................................ 3382
vusers.created_by_name.Root (/): ............................................... 3382
vusers.failed: ................................................................. 0
vusers.session_length:
  min: ......................................................................... 1502.5
  max: ......................................................................... 1567.9
  median: ...................................................................... 1525.7
  p95: ......................................................................... 1525.7
  p99: ......................................................................... 1525.7


--------------------------------------
Metrics for period to: 22:28:20(-0300) (width: 9.999s)
--------------------------------------

http.codes.200: ................................................................ 3852
http.request_rate: ............................................................. 392/sec
http.requests: ................................................................. 3912
http.response_time:
  min: ......................................................................... 1501
  max: ......................................................................... 1561
  median: ...................................................................... 1495.5
  p95: ......................................................................... 1525.7
  p99: ......................................................................... 1525.7
http.responses: ................................................................ 3852
vusers.completed: .............................................................. 3853
vusers.created: ................................................................ 3913
vusers.created_by_name.Root (/): ............................................... 3913
vusers.failed: ................................................................. 0
vusers.session_length:
  min: ......................................................................... 1502.2
  max: ......................................................................... 1566.6
  median: ...................................................................... 1495.5
  p95: ......................................................................... 1525.7
  p99: ......................................................................... 1525.7


--------------------------------------
Metrics for period to: 22:28:30(-0300) (width: 9.999s)
--------------------------------------

http.codes.200: ................................................................ 4000
http.request_rate: ............................................................. 400/sec
http.requests: ................................................................. 4001
http.response_time:
  min: ......................................................................... 1497
  max: ......................................................................... 1549
  median: ...................................................................... 1525.7
  p95: ......................................................................... 1525.7
  p99: ......................................................................... 1525.7
http.responses: ................................................................ 4000
vusers.completed: .............................................................. 4000
vusers.created: ................................................................ 4000
vusers.created_by_name.Root (/): ............................................... 4000
vusers.failed: ................................................................. 0
vusers.session_length:
  min: ......................................................................... 1502.4
  max: ......................................................................... 1553.1
  median: ...................................................................... 1525.7
  p95: ......................................................................... 1525.7
  p99: ......................................................................... 1525.7


--------------------------------------
Metrics for period to: 22:28:40(-0300) (width: 9.997s)
--------------------------------------

http.codes.200: ................................................................ 4001
http.request_rate: ............................................................. 400/sec
http.requests: ................................................................. 4000
http.response_time:
  min: ......................................................................... 1501
  max: ......................................................................... 1549
  median: ...................................................................... 1525.7
  p95: ......................................................................... 1525.7
  p99: ......................................................................... 1525.7
http.responses: ................................................................ 4001
vusers.completed: .............................................................. 4001
vusers.created: ................................................................ 4000
vusers.created_by_name.Root (/): ............................................... 4000
vusers.failed: ................................................................. 0
vusers.session_length:
  min: ......................................................................... 1502.5
  max: ......................................................................... 1550.1
  median: ...................................................................... 1525.7
  p95: ......................................................................... 1525.7
  p99: ......................................................................... 1525.7


--------------------------------------
Metrics for period to: 22:28:50(-0300) (width: 9.998s)
--------------------------------------

http.codes.200: ................................................................ 3999
http.request_rate: ............................................................. 400/sec
http.requests: ................................................................. 4000
http.response_time:
  min: ......................................................................... 1496
  max: ......................................................................... 1537
  median: ...................................................................... 1495.5
  p95: ......................................................................... 1525.7
  p99: ......................................................................... 1525.7
http.responses: ................................................................ 3999
vusers.completed: .............................................................. 3999
vusers.created: ................................................................ 4000
vusers.created_by_name.Root (/): ............................................... 4000
vusers.failed: ................................................................. 0
vusers.session_length:
  min: ......................................................................... 1502.4
  max: ......................................................................... 1539.6
  median: ...................................................................... 1495.5
  p95: ......................................................................... 1525.7
  p99: ......................................................................... 1525.7


--------------------------------------
Metrics for period to: 22:29:00(-0300) (width: 9.997s)
--------------------------------------

http.codes.200: ................................................................ 4000
http.request_rate: ............................................................. 400/sec
http.requests: ................................................................. 4000
http.response_time:
  min: ......................................................................... 1499
  max: ......................................................................... 1588
  median: ...................................................................... 1495.5
  p95: ......................................................................... 1525.7
  p99: ......................................................................... 1556.5
http.responses: ................................................................ 4000
vusers.completed: .............................................................. 4000
vusers.created: ................................................................ 4000
vusers.created_by_name.Root (/): ............................................... 4000
vusers.failed: ................................................................. 0
vusers.session_length:
  min: ......................................................................... 1502.4
  max: ......................................................................... 1601.9
  median: ...................................................................... 1495.5
  p95: ......................................................................... 1525.7
  p99: ......................................................................... 1556.5


--------------------------------------
Metrics for period to: 22:29:10(-0300) (width: 9.997s)
--------------------------------------

http.codes.200: ................................................................ 4000
http.request_rate: ............................................................. 400/sec
http.requests: ................................................................. 4000
http.response_time:
  min: ......................................................................... 1501
  max: ......................................................................... 1557
  median: ...................................................................... 1495.5
  p95: ......................................................................... 1525.7
  p99: ......................................................................... 1525.7
http.responses: ................................................................ 4000
vusers.completed: .............................................................. 4000
vusers.created: ................................................................ 4000
vusers.created_by_name.Root (/): ............................................... 4000
vusers.failed: ................................................................. 0
vusers.session_length:
  min: ......................................................................... 1502.2
  max: ......................................................................... 1557.8
  median: ...................................................................... 1495.5
  p95: ......................................................................... 1525.7
  p99: ......................................................................... 1525.7


--------------------------------------
Metrics for period to: 22:29:20(-0300) (width: 9.999s)
--------------------------------------

http.codes.200: ................................................................ 4001
http.request_rate: ............................................................. 400/sec
http.requests: ................................................................. 4000
http.response_time:
  min: ......................................................................... 1501
  max: ......................................................................... 1540
  median: ...................................................................... 1495.5
  p95: ......................................................................... 1525.7
  p99: ......................................................................... 1525.7
http.responses: ................................................................ 4001
vusers.completed: .............................................................. 4000
vusers.created: ................................................................ 4000
vusers.created_by_name.Root (/): ............................................... 4000
vusers.failed: ................................................................. 0
vusers.session_length:
  min: ......................................................................... 1502.1
  max: ......................................................................... 1541.1
  median: ...................................................................... 1495.5
  p95: ......................................................................... 1525.7
  p99: ......................................................................... 1525.7


--------------------------------------
Metrics for period to: 22:29:30(-0300) (width: 9.998s)
--------------------------------------

http.codes.200: ................................................................ 3999
http.request_rate: ............................................................. 400/sec
http.requests: ................................................................. 4000
http.response_time:
  min: ......................................................................... 1501
  max: ......................................................................... 1543
  median: ...................................................................... 1495.5
  p95: ......................................................................... 1525.7
  p99: ......................................................................... 1525.7
http.responses: ................................................................ 3999
vusers.completed: .............................................................. 4000
vusers.created: ................................................................ 4000
vusers.created_by_name.Root (/): ............................................... 4000
vusers.failed: ................................................................. 0
vusers.session_length:
  min: ......................................................................... 1502.2
  max: ......................................................................... 1545
  median: ...................................................................... 1495.5
  p95: ......................................................................... 1525.7
  p99: ......................................................................... 1525.7


--------------------------------------
Metrics for period to: 22:29:40(-0300) (width: 9.998s)
--------------------------------------

http.codes.200: ................................................................ 4000
http.request_rate: ............................................................. 400/sec
http.requests: ................................................................. 4000
http.response_time:
  min: ......................................................................... 1501
  max: ......................................................................... 1576
  median: ...................................................................... 1525.7
  p95: ......................................................................... 1525.7
  p99: ......................................................................... 1525.7
http.responses: ................................................................ 4000
vusers.completed: .............................................................. 4000
vusers.created: ................................................................ 4000
vusers.created_by_name.Root (/): ............................................... 4000
vusers.failed: ................................................................. 0
vusers.session_length:
  min: ......................................................................... 1502.1
  max: ......................................................................... 1577.2
  median: ...................................................................... 1525.7
  p95: ......................................................................... 1525.7
  p99: ......................................................................... 1525.7


--------------------------------------
Metrics for period to: 22:29:50(-0300) (width: 9.999s)
--------------------------------------

http.codes.200: ................................................................ 4000
http.request_rate: ............................................................. 400/sec
http.requests: ................................................................. 4000
http.response_time:
  min: ......................................................................... 1498
  max: ......................................................................... 1555
  median: ...................................................................... 1525.7
  p95: ......................................................................... 1525.7
  p99: ......................................................................... 1525.7
http.responses: ................................................................ 4000
vusers.completed: .............................................................. 4000
vusers.created: ................................................................ 4000
vusers.created_by_name.Root (/): ............................................... 4000
vusers.failed: ................................................................. 0
vusers.session_length:
  min: ......................................................................... 1502.4
  max: ......................................................................... 1559.3
  median: ...................................................................... 1525.7
  p95: ......................................................................... 1525.7
  p99: ......................................................................... 1525.7


--------------------------------------
Metrics for period to: 22:30:00(-0300) (width: 9.994s)
--------------------------------------

http.codes.200: ................................................................ 4000
http.request_rate: ............................................................. 400/sec
http.requests: ................................................................. 4000
http.response_time:
  min: ......................................................................... 1501
  max: ......................................................................... 1541
  median: ...................................................................... 1495.5
  p95: ......................................................................... 1525.7
  p99: ......................................................................... 1525.7
http.responses: ................................................................ 4000
vusers.completed: .............................................................. 4000
vusers.created: ................................................................ 4000
vusers.created_by_name.Root (/): ............................................... 4000
vusers.failed: ................................................................. 0
vusers.session_length:
  min: ......................................................................... 1502.2
  max: ......................................................................... 1546.6
  median: ...................................................................... 1495.5
  p95: ......................................................................... 1525.7
  p99: ......................................................................... 1525.7


--------------------------------------
Metrics for period to: 22:30:10(-0300) (width: 9.999s)
--------------------------------------

http.codes.200: ................................................................ 4000
http.request_rate: ............................................................. 400/sec
http.requests: ................................................................. 4000
http.response_time:
  min: ......................................................................... 1499
  max: ......................................................................... 1544
  median: ...................................................................... 1495.5
  p95: ......................................................................... 1525.7
  p99: ......................................................................... 1525.7
http.responses: ................................................................ 4000
vusers.completed: .............................................................. 4000
vusers.created: ................................................................ 4001
vusers.created_by_name.Root (/): ............................................... 4001
vusers.failed: ................................................................. 0
vusers.session_length:
  min: ......................................................................... 1502.3
  max: ......................................................................... 1546.4
  median: ...................................................................... 1495.5
  p95: ......................................................................... 1525.7
  p99: ......................................................................... 1525.7


--------------------------------------
Metrics for period to: 22:30:20(-0300) (width: 9.999s)
--------------------------------------

http.codes.200: ................................................................ 4000
http.request_rate: ............................................................. 400/sec
http.requests: ................................................................. 4001
http.response_time:
  min: ......................................................................... 1495
  max: ......................................................................... 1544
  median: ...................................................................... 1495.5
  p95: ......................................................................... 1525.7
  p99: ......................................................................... 1525.7
http.responses: ................................................................ 4000
vusers.completed: .............................................................. 4000
vusers.created: ................................................................ 4000
vusers.created_by_name.Root (/): ............................................... 4000
vusers.failed: ................................................................. 0
vusers.session_length:
  min: ......................................................................... 1502.2
  max: ......................................................................... 1551.2
  median: ...................................................................... 1495.5
  p95: ......................................................................... 1525.7
  p99: ......................................................................... 1525.7


--------------------------------------
Metrics for period to: 22:30:30(-0300) (width: 9.998s)
--------------------------------------

http.codes.200: ................................................................ 4004
http.request_rate: ............................................................. 400/sec
http.requests: ................................................................. 4000
http.response_time:
  min: ......................................................................... 1499
  max: ......................................................................... 1526
  median: ...................................................................... 1495.5
  p95: ......................................................................... 1525.7
  p99: ......................................................................... 1525.7
http.responses: ................................................................ 4004
vusers.completed: .............................................................. 4004
vusers.created: ................................................................ 4000
vusers.created_by_name.Root (/): ............................................... 4000
vusers.failed: ................................................................. 0
vusers.session_length:
  min: ......................................................................... 1502.2
  max: ......................................................................... 1528.1
  median: ...................................................................... 1495.5
  p95: ......................................................................... 1525.7
  p99: ......................................................................... 1525.7


--------------------------------------
Metrics for period to: 22:30:40(-0300) (width: 9.999s)
--------------------------------------

http.codes.200: ................................................................ 3996
http.request_rate: ............................................................. 400/sec
http.requests: ................................................................. 4000
http.response_time:
  min: ......................................................................... 1497
  max: ......................................................................... 1550
  median: ...................................................................... 1495.5
  p95: ......................................................................... 1525.7
  p99: ......................................................................... 1525.7
http.responses: ................................................................ 3996
vusers.completed: .............................................................. 3996
vusers.created: ................................................................ 4000
vusers.created_by_name.Root (/): ............................................... 4000
vusers.failed: ................................................................. 0
vusers.session_length:
  min: ......................................................................... 1502.2
  max: ......................................................................... 1556
  median: ...................................................................... 1495.5
  p95: ......................................................................... 1525.7
  p99: ......................................................................... 1525.7


--------------------------------------
Metrics for period to: 22:30:50(-0300) (width: 9.999s)
--------------------------------------

http.codes.200: ................................................................ 4000
http.request_rate: ............................................................. 400/sec
http.requests: ................................................................. 4000
http.response_time:
  min: ......................................................................... 1501
  max: ......................................................................... 1551
  median: ...................................................................... 1525.7
  p95: ......................................................................... 1525.7
  p99: ......................................................................... 1525.7
http.responses: ................................................................ 4000
vusers.completed: .............................................................. 4000
vusers.created: ................................................................ 4000
vusers.created_by_name.Root (/): ............................................... 4000
vusers.failed: ................................................................. 0
vusers.session_length:
  min: ......................................................................... 1502.4
  max: ......................................................................... 1554
  median: ...................................................................... 1525.7
  p95: ......................................................................... 1525.7
  p99: ......................................................................... 1525.7


--------------------------------------
Metrics for period to: 22:31:00(-0300) (width: 9.998s)
--------------------------------------

http.codes.200: ................................................................ 4000
http.request_rate: ............................................................. 400/sec
http.requests: ................................................................. 4000
http.response_time:
  min: ......................................................................... 1501
  max: ......................................................................... 1538
  median: ...................................................................... 1495.5
  p95: ......................................................................... 1525.7
  p99: ......................................................................... 1525.7
http.responses: ................................................................ 4000
vusers.completed: .............................................................. 4000
vusers.created: ................................................................ 4000
vusers.created_by_name.Root (/): ............................................... 4000
vusers.failed: ................................................................. 0
vusers.session_length:
  min: ......................................................................... 1502.4
  max: ......................................................................... 1545.3
  median: ...................................................................... 1525.7
  p95: ......................................................................... 1525.7
  p99: ......................................................................... 1525.7


--------------------------------------
Metrics for period to: 22:31:10(-0300) (width: 9.999s)
--------------------------------------

http.codes.200: ................................................................ 4003
http.request_rate: ............................................................. 400/sec
http.requests: ................................................................. 3999
http.response_time:
  min: ......................................................................... 1500
  max: ......................................................................... 1555
  median: ...................................................................... 1495.5
  p95: ......................................................................... 1525.7
  p99: ......................................................................... 1525.7
http.responses: ................................................................ 4003
vusers.completed: .............................................................. 4003
vusers.created: ................................................................ 4000
vusers.created_by_name.Root (/): ............................................... 4000
vusers.failed: ................................................................. 0
vusers.session_length:
  min: ......................................................................... 1502.2
  max: ......................................................................... 1555.2
  median: ...................................................................... 1495.5
  p95: ......................................................................... 1525.7
  p99: ......................................................................... 1525.7


--------------------------------------
Metrics for period to: 22:31:20(-0300) (width: 9.999s)
--------------------------------------

http.codes.200: ................................................................ 4000
http.request_rate: ............................................................. 400/sec
http.requests: ................................................................. 4001
http.response_time:
  min: ......................................................................... 1501
  max: ......................................................................... 1552
  median: ...................................................................... 1495.5
  p95: ......................................................................... 1525.7
  p99: ......................................................................... 1525.7
http.responses: ................................................................ 4000
vusers.completed: .............................................................. 4000
vusers.created: ................................................................ 4001
vusers.created_by_name.Root (/): ............................................... 4001
vusers.failed: ................................................................. 0
vusers.session_length:
  min: ......................................................................... 1502.2
  max: ......................................................................... 1553.7
  median: ...................................................................... 1495.5
  p95: ......................................................................... 1525.7
  p99: ......................................................................... 1525.7


--------------------------------------
Metrics for period to: 22:31:30(-0300) (width: 9.999s)
--------------------------------------

http.codes.200: ................................................................ 4001
http.request_rate: ............................................................. 400/sec
http.requests: ................................................................. 4001
http.response_time:
  min: ......................................................................... 1500
  max: ......................................................................... 1542
  median: ...................................................................... 1495.5
  p95: ......................................................................... 1525.7
  p99: ......................................................................... 1525.7
http.responses: ................................................................ 4001
vusers.completed: .............................................................. 4001
vusers.created: ................................................................ 4000
vusers.created_by_name.Root (/): ............................................... 4000
vusers.failed: ................................................................. 0
vusers.session_length:
  min: ......................................................................... 1502.1
  max: ......................................................................... 1545.5
  median: ...................................................................... 1495.5
  p95: ......................................................................... 1525.7
  p99: ......................................................................... 1525.7


--------------------------------------
Metrics for period to: 22:31:40(-0300) (width: 9.999s)
--------------------------------------

http.codes.200: ................................................................ 4000
http.request_rate: ............................................................. 400/sec
http.requests: ................................................................. 4000
http.response_time:
  min: ......................................................................... 1500
  max: ......................................................................... 1546
  median: ...................................................................... 1495.5
  p95: ......................................................................... 1525.7
  p99: ......................................................................... 1525.7
http.responses: ................................................................ 4000
vusers.completed: .............................................................. 4000
vusers.created: ................................................................ 4000
vusers.created_by_name.Root (/): ............................................... 4000
vusers.failed: ................................................................. 0
vusers.session_length:
  min: ......................................................................... 1502.1
  max: ......................................................................... 1546.9
  median: ...................................................................... 1495.5
  p95: ......................................................................... 1525.7
  p99: ......................................................................... 1525.7


--------------------------------------
Metrics for period to: 22:31:50(-0300) (width: 9.998s)
--------------------------------------

http.codes.200: ................................................................ 3995
http.request_rate: ............................................................. 400/sec
http.requests: ................................................................. 4000
http.response_time:
  min: ......................................................................... 1501
  max: ......................................................................... 1565
  median: ...................................................................... 1495.5
  p95: ......................................................................... 1525.7
  p99: ......................................................................... 1525.7
http.responses: ................................................................ 3995
vusers.completed: .............................................................. 3995
vusers.created: ................................................................ 4000
vusers.created_by_name.Root (/): ............................................... 4000
vusers.failed: ................................................................. 0
vusers.session_length:
  min: ......................................................................... 1502
  max: ......................................................................... 1566.2
  median: ...................................................................... 1525.7
  p95: ......................................................................... 1525.7
  p99: ......................................................................... 1525.7


--------------------------------------
Metrics for period to: 22:32:00(-0300) (width: 9.996s)
--------------------------------------

http.codes.200: ................................................................ 4001
http.request_rate: ............................................................. 400/sec
http.requests: ................................................................. 4000
http.response_time:
  min: ......................................................................... 1501
  max: ......................................................................... 1558
  median: ...................................................................... 1525.7
  p95: ......................................................................... 1525.7
  p99: ......................................................................... 1525.7
http.responses: ................................................................ 4001
vusers.completed: .............................................................. 4001
vusers.created: ................................................................ 4000
vusers.created_by_name.Root (/): ............................................... 4000
vusers.failed: ................................................................. 0
vusers.session_length:
  min: ......................................................................... 1502.3
  max: ......................................................................... 1558.9
  median: ...................................................................... 1525.7
  p95: ......................................................................... 1525.7
  p99: ......................................................................... 1525.7


--------------------------------------
Metrics for period to: 22:32:10(-0300) (width: 9.997s)
--------------------------------------

http.codes.200: ................................................................ 3999
http.request_rate: ............................................................. 400/sec
http.requests: ................................................................. 4000
http.response_time:
  min: ......................................................................... 1499
  max: ......................................................................... 1557
  median: ...................................................................... 1495.5
  p95: ......................................................................... 1525.7
  p99: ......................................................................... 1525.7
http.responses: ................................................................ 3999
vusers.completed: .............................................................. 3999
vusers.created: ................................................................ 4000
vusers.created_by_name.Root (/): ............................................... 4000
vusers.failed: ................................................................. 0
vusers.session_length:
  min: ......................................................................... 1502.3
  max: ......................................................................... 1558.6
  median: ...................................................................... 1525.7
  p95: ......................................................................... 1525.7
  p99: ......................................................................... 1525.7


--------------------------------------
Metrics for period to: 22:32:20(-0300) (width: 9.998s)
--------------------------------------

http.codes.200: ................................................................ 4006
http.request_rate: ............................................................. 400/sec
http.requests: ................................................................. 4000
http.response_time:
  min: ......................................................................... 1501
  max: ......................................................................... 1557
  median: ...................................................................... 1495.5
  p95: ......................................................................... 1525.7
  p99: ......................................................................... 1525.7
http.responses: ................................................................ 4006
vusers.completed: .............................................................. 4006
vusers.created: ................................................................ 4000
vusers.created_by_name.Root (/): ............................................... 4000
vusers.failed: ................................................................. 0
vusers.session_length:
  min: ......................................................................... 1502.1
  max: ......................................................................... 1561.3
  median: ...................................................................... 1495.5
  p95: ......................................................................... 1525.7
  p99: ......................................................................... 1525.7


--------------------------------------
Metrics for period to: 22:32:30(-0300) (width: 9.999s)
--------------------------------------

http.codes.200: ................................................................ 4000
http.request_rate: ............................................................. 400/sec
http.requests: ................................................................. 4000
http.response_time:
  min: ......................................................................... 1501
  max: ......................................................................... 1561
  median: ...................................................................... 1495.5
  p95: ......................................................................... 1525.7
  p99: ......................................................................... 1525.7
http.responses: ................................................................ 4000
vusers.completed: .............................................................. 4000
vusers.created: ................................................................ 4000
vusers.created_by_name.Root (/): ............................................... 4000
vusers.failed: ................................................................. 0
vusers.session_length:
  min: ......................................................................... 1502.1
  max: ......................................................................... 1568.2
  median: ...................................................................... 1495.5
  p95: ......................................................................... 1525.7
  p99: ......................................................................... 1525.7


--------------------------------------
Metrics for period to: 22:32:40(-0300) (width: 9.998s)
--------------------------------------

http.codes.200: ................................................................ 3998
http.request_rate: ............................................................. 400/sec
http.requests: ................................................................. 4000
http.response_time:
  min: ......................................................................... 1495
  max: ......................................................................... 1546
  median: ...................................................................... 1495.5
  p95: ......................................................................... 1525.7
  p99: ......................................................................... 1525.7
http.responses: ................................................................ 3998
vusers.completed: .............................................................. 3998
vusers.created: ................................................................ 4000
vusers.created_by_name.Root (/): ............................................... 4000
vusers.failed: ................................................................. 0
vusers.session_length:
  min: ......................................................................... 1502.2
  max: ......................................................................... 1551.9
  median: ...................................................................... 1495.5
  p95: ......................................................................... 1525.7
  p99: ......................................................................... 1525.7


--------------------------------------
Metrics for period to: 22:32:50(-0300) (width: 9.999s)
--------------------------------------

http.codes.200: ................................................................ 4001
http.request_rate: ............................................................. 400/sec
http.requests: ................................................................. 4000
http.response_time:
  min: ......................................................................... 1499
  max: ......................................................................... 1547
  median: ...................................................................... 1495.5
  p95: ......................................................................... 1495.5
  p99: ......................................................................... 1525.7
http.responses: ................................................................ 4001
vusers.completed: .............................................................. 4001
vusers.created: ................................................................ 4000
vusers.created_by_name.Root (/): ............................................... 4000
vusers.failed: ................................................................. 0
vusers.session_length:
  min: ......................................................................... 1502.1
  max: ......................................................................... 1547.3
  median: ...................................................................... 1495.5
  p95: ......................................................................... 1525.7
  p99: ......................................................................... 1525.7


--------------------------------------
Metrics for period to: 22:33:00(-0300) (width: 9.999s)
--------------------------------------

http.codes.200: ................................................................ 4001
http.request_rate: ............................................................. 400/sec
http.requests: ................................................................. 4000
http.response_time:
  min: ......................................................................... 1501
  max: ......................................................................... 1561
  median: ...................................................................... 1525.7
  p95: ......................................................................... 1525.7
  p99: ......................................................................... 1525.7
http.responses: ................................................................ 4001
vusers.completed: .............................................................. 4001
vusers.created: ................................................................ 4000
vusers.created_by_name.Root (/): ............................................... 4000
vusers.failed: ................................................................. 0
vusers.session_length:
  min: ......................................................................... 1502
  max: ......................................................................... 1562.6
  median: ...................................................................... 1525.7
  p95: ......................................................................... 1525.7
  p99: ......................................................................... 1525.7


--------------------------------------
Metrics for period to: 22:33:10(-0300) (width: 9.997s)
--------------------------------------

http.codes.200: ................................................................ 3995
http.request_rate: ............................................................. 400/sec
http.requests: ................................................................. 4000
http.response_time:
  min: ......................................................................... 1501
  max: ......................................................................... 1547
  median: ...................................................................... 1525.7
  p95: ......................................................................... 1525.7
  p99: ......................................................................... 1525.7
http.responses: ................................................................ 3995
vusers.completed: .............................................................. 3995
vusers.created: ................................................................ 4000
vusers.created_by_name.Root (/): ............................................... 4000
vusers.failed: ................................................................. 0
vusers.session_length:
  min: ......................................................................... 1502.2
  max: ......................................................................... 1548.9
  median: ...................................................................... 1525.7
  p95: ......................................................................... 1525.7
  p99: ......................................................................... 1525.7


--------------------------------------
Metrics for period to: 22:33:20(-0300) (width: 9.994s)
--------------------------------------

http.codes.200: ................................................................ 4000
http.request_rate: ............................................................. 400/sec
http.requests: ................................................................. 3999
http.response_time:
  min: ......................................................................... 1497
  max: ......................................................................... 1552
  median: ...................................................................... 1495.5
  p95: ......................................................................... 1525.7
  p99: ......................................................................... 1525.7
http.responses: ................................................................ 4000
vusers.completed: .............................................................. 4000
vusers.created: ................................................................ 3999
vusers.created_by_name.Root (/): ............................................... 3999
vusers.failed: ................................................................. 0
vusers.session_length:
  min: ......................................................................... 1502.2
  max: ......................................................................... 1553.8
  median: ...................................................................... 1525.7
  p95: ......................................................................... 1525.7
  p99: ......................................................................... 1525.7


--------------------------------------
Metrics for period to: 22:33:30(-0300) (width: 9.999s)
--------------------------------------

http.codes.200: ................................................................ 4001
http.request_rate: ............................................................. 400/sec
http.requests: ................................................................. 4002
http.response_time:
  min: ......................................................................... 1501
  max: ......................................................................... 1562
  median: ...................................................................... 1495.5
  p95: ......................................................................... 1525.7
  p99: ......................................................................... 1525.7
http.responses: ................................................................ 4001
vusers.completed: .............................................................. 4001
vusers.created: ................................................................ 4002
vusers.created_by_name.Root (/): ............................................... 4002
vusers.failed: ................................................................. 0
vusers.session_length:
  min: ......................................................................... 1501.9
  max: ......................................................................... 1567.1
  median: ...................................................................... 1495.5
  p95: ......................................................................... 1525.7
  p99: ......................................................................... 1525.7


--------------------------------------
Metrics for period to: 22:33:40(-0300) (width: 9.993s)
--------------------------------------

http.codes.200: ................................................................ 4005
http.request_rate: ............................................................. 400/sec
http.requests: ................................................................. 4000
http.response_time:
  min: ......................................................................... 1501
  max: ......................................................................... 1557
  median: ...................................................................... 1495.5
  p95: ......................................................................... 1525.7
  p99: ......................................................................... 1525.7
http.responses: ................................................................ 4005
vusers.completed: .............................................................. 4005
vusers.created: ................................................................ 4000
vusers.created_by_name.Root (/): ............................................... 4000
vusers.failed: ................................................................. 0
vusers.session_length:
  min: ......................................................................... 1502.2
  max: ......................................................................... 1560.8
  median: ...................................................................... 1495.5
  p95: ......................................................................... 1525.7
  p99: ......................................................................... 1525.7


--------------------------------------
Metrics for period to: 22:33:50(-0300) (width: 9.999s)
--------------------------------------

http.codes.200: ................................................................ 4000
http.request_rate: ............................................................. 400/sec
http.requests: ................................................................. 4000
http.response_time:
  min: ......................................................................... 1500
  max: ......................................................................... 1529
  median: ...................................................................... 1495.5
  p95: ......................................................................... 1525.7
  p99: ......................................................................... 1525.7
http.responses: ................................................................ 4000
vusers.completed: .............................................................. 4000
vusers.created: ................................................................ 4000
vusers.created_by_name.Root (/): ............................................... 4000
vusers.failed: ................................................................. 0
vusers.session_length:
  min: ......................................................................... 1502.1
  max: ......................................................................... 1534.2
  median: ...................................................................... 1495.5
  p95: ......................................................................... 1525.7
  p99: ......................................................................... 1525.7


--------------------------------------
Metrics for period to: 22:34:00(-0300) (width: 9.998s)
--------------------------------------

http.codes.200: ................................................................ 3997
http.request_rate: ............................................................. 400/sec
http.requests: ................................................................. 3999
http.response_time:
  min: ......................................................................... 1498
  max: ......................................................................... 1549
  median: ...................................................................... 1495.5
  p95: ......................................................................... 1525.7
  p99: ......................................................................... 1525.7
http.responses: ................................................................ 3997
vusers.completed: .............................................................. 3997
vusers.created: ................................................................ 4000
vusers.created_by_name.Root (/): ............................................... 4000
vusers.failed: ................................................................. 0
vusers.session_length:
  min: ......................................................................... 1502.1
  max: ......................................................................... 1550.3
  median: ...................................................................... 1495.5
  p95: ......................................................................... 1525.7
  p99: ......................................................................... 1525.7


Phase completed: Plain Line (index: 1, duration: 360s) 22:34:15(-0300)

Phase started: Reduce Line 1 (index: 2, duration: 10s) 22:34:15(-0300)

--------------------------------------
Metrics for period to: 22:34:10(-0300) (width: 9.998s)
--------------------------------------

http.codes.200: ................................................................ 3998
http.request_rate: ............................................................. 400/sec
http.requests: ................................................................. 4001
http.response_time:
  min: ......................................................................... 1500
  max: ......................................................................... 1569
  median: ...................................................................... 1525.7
  p95: ......................................................................... 1525.7
  p99: ......................................................................... 1525.7
http.responses: ................................................................ 3998
vusers.completed: .............................................................. 3998
vusers.created: ................................................................ 4000
vusers.created_by_name.Root (/): ............................................... 4000
vusers.failed: ................................................................. 0
vusers.session_length:
  min: ......................................................................... 1502.5
  max: ......................................................................... 1570.2
  median: ...................................................................... 1525.7
  p95: ......................................................................... 1525.7
  p99: ......................................................................... 1525.7


Phase completed: Reduce Line 1 (index: 2, duration: 10s) 22:34:25(-0300)

Phase started: Reduce Line 2 (index: 3, duration: 10s) 22:34:25(-0300)

--------------------------------------
Metrics for period to: 22:34:20(-0300) (width: 9.998s)
--------------------------------------

http.codes.200: ................................................................ 3693
http.request_rate: ............................................................. 355/sec
http.requests: ................................................................. 3536
http.response_time:
  min: ......................................................................... 1501
  max: ......................................................................... 1571
  median: ...................................................................... 1495.5
  p95: ......................................................................... 1525.7
  p99: ......................................................................... 1525.7
http.responses: ................................................................ 3693
vusers.completed: .............................................................. 3693
vusers.created: ................................................................ 3536
vusers.created_by_name.Root (/): ............................................... 3536
vusers.failed: ................................................................. 0
vusers.session_length:
  min: ......................................................................... 1502.2
  max: ......................................................................... 1572.5
  median: ...................................................................... 1525.7
  p95: ......................................................................... 1525.7
  p99: ......................................................................... 1525.7


Phase completed: Reduce Line 2 (index: 3, duration: 10s) 22:34:35(-0300)

Phase started: Reduce Line 3 (index: 4, duration: 10s) 22:34:35(-0300)

--------------------------------------
Metrics for period to: 22:34:30(-0300) (width: 9.999s)
--------------------------------------

http.codes.200: ................................................................ 2845
http.request_rate: ............................................................. 278/sec
http.requests: ................................................................. 2771
http.response_time:
  min: ......................................................................... 1501
  max: ......................................................................... 1528
  median: ...................................................................... 1495.5
  p95: ......................................................................... 1525.7
  p99: ......................................................................... 1525.7
http.responses: ................................................................ 2845
vusers.completed: .............................................................. 2845
vusers.created: ................................................................ 2771
vusers.created_by_name.Root (/): ............................................... 2771
vusers.failed: ................................................................. 0
vusers.session_length:
  min: ......................................................................... 1502
  max: ......................................................................... 1529.4
  median: ...................................................................... 1495.5
  p95: ......................................................................... 1525.7
  p99: ......................................................................... 1525.7


Phase completed: Reduce Line 3 (index: 4, duration: 10s) 22:34:45(-0300)

Phase started: Reduce Line 4 (index: 5, duration: 10s) 22:34:45(-0300)

--------------------------------------
Metrics for period to: 22:34:40(-0300) (width: 9.993s)
--------------------------------------

http.codes.200: ................................................................ 2189
http.request_rate: ............................................................. 205/sec
http.requests: ................................................................. 2039
http.response_time:
  min: ......................................................................... 1501
  max: ......................................................................... 1519
  median: ...................................................................... 1495.5
  p95: ......................................................................... 1495.5
  p99: ......................................................................... 1525.7
http.responses: ................................................................ 2189
vusers.completed: .............................................................. 2189
vusers.created: ................................................................ 2039
vusers.created_by_name.Root (/): ............................................... 2039
vusers.failed: ................................................................. 0
vusers.session_length:
  min: ......................................................................... 1502
  max: ......................................................................... 1523
  median: ...................................................................... 1495.5
  p95: ......................................................................... 1525.7
  p99: ......................................................................... 1525.7


Phase completed: Reduce Line 4 (index: 5, duration: 10s) 22:34:55(-0300)

Phase started: Reset Line (index: 6, duration: 60s) 22:34:55(-0300)

--------------------------------------
Metrics for period to: 22:34:50(-0300) (width: 9.991s)
--------------------------------------

http.codes.200: ................................................................ 1189
http.request_rate: ............................................................. 106/sec
http.requests: ................................................................. 1040
http.response_time:
  min: ......................................................................... 1501
  max: ......................................................................... 1526
  median: ...................................................................... 1495.5
  p95: ......................................................................... 1525.7
  p99: ......................................................................... 1525.7
http.responses: ................................................................ 1189
vusers.completed: .............................................................. 1189
vusers.created: ................................................................ 1040
vusers.created_by_name.Root (/): ............................................... 1040
vusers.failed: ................................................................. 0
vusers.session_length:
  min: ......................................................................... 1502
  max: ......................................................................... 1530
  median: ...................................................................... 1495.5
  p95: ......................................................................... 1525.7
  p99: ......................................................................... 1525.7


--------------------------------------
Metrics for period to: 22:35:00(-0300) (width: 9.899s)
--------------------------------------

http.codes.200: ................................................................ 353
http.request_rate: ............................................................. 48/sec
http.requests: ................................................................. 277
http.response_time:
  min: ......................................................................... 1501
  max: ......................................................................... 1521
  median: ...................................................................... 1495.5
  p95: ......................................................................... 1525.7
  p99: ......................................................................... 1525.7
http.responses: ................................................................ 353
vusers.completed: .............................................................. 353
vusers.created: ................................................................ 277
vusers.created_by_name.Root (/): ............................................... 277
vusers.failed: ................................................................. 0
vusers.session_length:
  min: ......................................................................... 1502.1
  max: ......................................................................... 1524.1
  median: ...................................................................... 1495.5
  p95: ......................................................................... 1525.7
  p99: ......................................................................... 1525.7


--------------------------------------
Metrics for period to: 22:35:10(-0300) (width: 9.506s)
--------------------------------------

http.codes.200: ................................................................ 10
http.request_rate: ............................................................. 1/sec
http.requests: ................................................................. 10
http.response_time:
  min: ......................................................................... 1504
  max: ......................................................................... 1508
  median: ...................................................................... 1495.5
  p95: ......................................................................... 1495.5
  p99: ......................................................................... 1495.5
http.responses: ................................................................ 10
vusers.completed: .............................................................. 10
vusers.created: ................................................................ 10
vusers.created_by_name.Root (/): ............................................... 10
vusers.failed: ................................................................. 0
vusers.session_length:
  min: ......................................................................... 1505.2
  max: ......................................................................... 1509.6
  median: ...................................................................... 1495.5
  p95: ......................................................................... 1495.5
  p99: ......................................................................... 1495.5


--------------------------------------
Metrics for period to: 22:35:20(-0300) (width: 9.508s)
--------------------------------------

http.codes.200: ................................................................ 10
http.request_rate: ............................................................. 1/sec
http.requests: ................................................................. 10
http.response_time:
  min: ......................................................................... 1505
  max: ......................................................................... 1507
  median: ...................................................................... 1495.5
  p95: ......................................................................... 1495.5
  p99: ......................................................................... 1495.5
http.responses: ................................................................ 10
vusers.completed: .............................................................. 10
vusers.created: ................................................................ 10
vusers.created_by_name.Root (/): ............................................... 10
vusers.failed: ................................................................. 0
vusers.session_length:
  min: ......................................................................... 1505.6
  max: ......................................................................... 1509.3
  median: ...................................................................... 1495.5
  p95: ......................................................................... 1495.5
  p99: ......................................................................... 1495.5


--------------------------------------
Metrics for period to: 22:35:30(-0300) (width: 9.509s)
--------------------------------------

http.codes.200: ................................................................ 10
http.request_rate: ............................................................. 1/sec
http.requests: ................................................................. 10
http.response_time:
  min: ......................................................................... 1505
  max: ......................................................................... 1508
  median: ...................................................................... 1495.5
  p95: ......................................................................... 1495.5
  p99: ......................................................................... 1495.5
http.responses: ................................................................ 10
vusers.completed: .............................................................. 10
vusers.created: ................................................................ 10
vusers.created_by_name.Root (/): ............................................... 10
vusers.failed: ................................................................. 0
vusers.session_length:
  min: ......................................................................... 1506.7
  max: ......................................................................... 1509.9
  median: ...................................................................... 1495.5
  p95: ......................................................................... 1495.5
  p99: ......................................................................... 1495.5


--------------------------------------
Metrics for period to: 22:35:40(-0300) (width: 9.509s)
--------------------------------------

http.codes.200: ................................................................ 10
http.request_rate: ............................................................. 1/sec
http.requests: ................................................................. 10
http.response_time:
  min: ......................................................................... 1505
  max: ......................................................................... 1508
  median: ...................................................................... 1495.5
  p95: ......................................................................... 1495.5
  p99: ......................................................................... 1495.5
http.responses: ................................................................ 10
vusers.completed: .............................................................. 10
vusers.created: ................................................................ 10
vusers.created_by_name.Root (/): ............................................... 10
vusers.failed: ................................................................. 0
vusers.session_length:
  min: ......................................................................... 1505.8
  max: ......................................................................... 1509.7
  median: ...................................................................... 1495.5
  p95: ......................................................................... 1495.5
  p99: ......................................................................... 1495.5


Phase completed: Reset Line (index: 6, duration: 60s) 22:35:55(-0300)

--------------------------------------
Metrics for period to: 22:35:50(-0300) (width: 9.508s)
--------------------------------------

http.codes.200: ................................................................ 10
http.request_rate: ............................................................. 1/sec
http.requests: ................................................................. 10
http.response_time:
  min: ......................................................................... 1504
  max: ......................................................................... 1507
  median: ...................................................................... 1495.5
  p95: ......................................................................... 1495.5
  p99: ......................................................................... 1495.5
http.responses: ................................................................ 10
vusers.completed: .............................................................. 10
vusers.created: ................................................................ 10
vusers.created_by_name.Root (/): ............................................... 10
vusers.failed: ................................................................. 0
vusers.session_length:
  min: ......................................................................... 1504.9
  max: ......................................................................... 1509.2
  median: ...................................................................... 1495.5
  p95: ......................................................................... 1495.5
  p99: ......................................................................... 1495.5


--------------------------------------
Metrics for period to: 22:36:00(-0300) (width: 6.511s)
--------------------------------------

http.codes.200: ................................................................ 7
http.request_rate: ............................................................. 1/sec
http.requests: ................................................................. 6
http.response_time:
  min: ......................................................................... 1504
  max: ......................................................................... 1508
  median: ...................................................................... 1495.5
  p95: ......................................................................... 1495.5
  p99: ......................................................................... 1495.5
http.responses: ................................................................ 7
vusers.completed: .............................................................. 7
vusers.created: ................................................................ 6
vusers.created_by_name.Root (/): ............................................... 6
vusers.failed: ................................................................. 0
vusers.session_length:
  min: ......................................................................... 1504.8
  max: ......................................................................... 1510.9
  median: ...................................................................... 1495.5
  p95: ......................................................................... 1495.5
  p99: ......................................................................... 1495.5


All VUs finished. Total time: 8 minutes, 43 seconds

--------------------------------
Summary report @ 22:35:57(-0300)
--------------------------------

http.codes.200: ................................................................ 15264
http.request_rate: ............................................................. 29/sec
http.requests: ................................................................. 15264
http.response_time:
  min: ......................................................................... 1501
  max: ......................................................................... 1579
  median: ...................................................................... 1495.5
  p95: ......................................................................... 1525.7
  p99: ......................................................................... 1525.7
http.responses: ................................................................ 15264
vusers.completed: .............................................................. 15264
vusers.created: ................................................................ 15264
vusers.created_by_name.Root (/): ............................................... 15264
vusers.failed: ................................................................. 0
vusers.session_length:
  min: ......................................................................... 1502.1
  max: ......................................................................... 1588.6
  median: ...................................................................... 1495.5
  p95: ......................................................................... 1525.7
  p99: ......................................................................... 1525.7
