NOTAS:
  breve pico de 7rps se lo aguanta
  (largo pico de 7rps ya se que pasa del load)
  breve pico de 14rps lanza errores
    pero despues se estabiliza
  largo pico de 14rps lanza errores
    y NO alcanza a estabilizar,
    ni cuando baja a 3rps
    recien cuando baja a 2rps se estabiliza
    capaz dejando mucho mas tiempo
    3rps se llega a estabilizar
====

> perf@1.0.0 artillery
> NODE_OPTIONS=--max-old-space-size=4096 artillery "run" "./results/single-node/spike/cfg-spike-sync.yaml" "-e" "sync"

Phase started: Slow Ramp (index: 0, duration: 10s) 19:41:49(-0300)

Phase completed: Slow Ramp (index: 0, duration: 10s) 19:42:00(-0300)

Phase started: Plain Line (index: 1, duration: 45s) 19:42:00(-0300)

--------------------------------------
Metrics for period to: 19:42:00(-0300) (width: 9.791s)
--------------------------------------

http.codes.200: ................................................................ 60
http.request_rate: ............................................................. 11/sec
http.requests: ................................................................. 93
http.response_time:
  min: ......................................................................... 1463
  max: ......................................................................... 3284
  median: ...................................................................... 1978.7
  p95: ......................................................................... 2951.9
  p99: ......................................................................... 3262.4
http.responses: ................................................................ 60
vusers.completed: .............................................................. 60
vusers.created: ................................................................ 93
vusers.created_by_name.Root (/): ............................................... 93
vusers.failed: ................................................................. 0
vusers.session_length:
  min: ......................................................................... 1468.5
  max: ......................................................................... 3293.7
  median: ...................................................................... 1978.7
  p95: ......................................................................... 2951.9
  p99: ......................................................................... 3262.4


--------------------------------------
Metrics for period to: 19:42:10(-0300) (width: 9.506s)
--------------------------------------

http.codes.200: ................................................................ 58
http.request_rate: ............................................................. 7/sec
http.requests: ................................................................. 31
http.response_time:
  min: ......................................................................... 1458
  max: ......................................................................... 5227
  median: ...................................................................... 3678.4
  p95: ......................................................................... 5065.6
  p99: ......................................................................... 5272.4
http.responses: ................................................................ 58
vusers.completed: .............................................................. 58
vusers.created: ................................................................ 31
vusers.created_by_name.Root (/): ............................................... 31
vusers.failed: ................................................................. 0
vusers.session_length:
  min: ......................................................................... 1459.5
  max: ......................................................................... 5238.9
  median: ...................................................................... 3752.7
  p95: ......................................................................... 5168
  p99: ......................................................................... 5272.4


--------------------------------------
Metrics for period to: 19:42:20(-0300) (width: 9.542s)
--------------------------------------

http.codes.200: ................................................................ 30
http.request_rate: ............................................................. 3/sec
http.requests: ................................................................. 30
http.response_time:
  min: ......................................................................... 1455
  max: ......................................................................... 1468
  median: ...................................................................... 1465.9
  p95: ......................................................................... 1465.9
  p99: ......................................................................... 1465.9
http.responses: ................................................................ 30
vusers.completed: .............................................................. 30
vusers.created: ................................................................ 30
vusers.created_by_name.Root (/): ............................................... 30
vusers.failed: ................................................................. 0
vusers.session_length:
  min: ......................................................................... 1456.4
  max: ......................................................................... 1473.3
  median: ...................................................................... 1465.9
  p95: ......................................................................... 1465.9
  p99: ......................................................................... 1465.9


--------------------------------------
Metrics for period to: 19:42:30(-0300) (width: 9.534s)
--------------------------------------

http.codes.200: ................................................................ 30
http.request_rate: ............................................................. 3/sec
http.requests: ................................................................. 30
http.response_time:
  min: ......................................................................... 1454
  max: ......................................................................... 1466
  median: ...................................................................... 1465.9
  p95: ......................................................................... 1465.9
  p99: ......................................................................... 1465.9
http.responses: ................................................................ 30
vusers.completed: .............................................................. 30
vusers.created: ................................................................ 30
vusers.created_by_name.Root (/): ............................................... 30
vusers.failed: ................................................................. 0
vusers.session_length:
  min: ......................................................................... 1456.6
  max: ......................................................................... 1471.1
  median: ...................................................................... 1465.9
  p95: ......................................................................... 1465.9
  p99: ......................................................................... 1465.9


Phase completed: Plain Line (index: 1, duration: 45s) 19:42:45(-0300)

Phase started: Soft Spike (index: 2, duration: 5s) 19:42:45(-0300)

--------------------------------------
Metrics for period to: 19:42:40(-0300) (width: 9.536s)
--------------------------------------

http.codes.200: ................................................................ 30
http.request_rate: ............................................................. 3/sec
http.requests: ................................................................. 30
http.response_time:
  min: ......................................................................... 1456
  max: ......................................................................... 1465
  median: ...................................................................... 1465.9
  p95: ......................................................................... 1465.9
  p99: ......................................................................... 1465.9
http.responses: ................................................................ 30
vusers.completed: .............................................................. 30
vusers.created: ................................................................ 30
vusers.created_by_name.Root (/): ............................................... 30
vusers.failed: ................................................................. 0
vusers.session_length:
  min: ......................................................................... 1458.9
  max: ......................................................................... 1468.5
  median: ...................................................................... 1465.9
  p95: ......................................................................... 1465.9
  p99: ......................................................................... 1465.9


Phase completed: Soft Spike (index: 2, duration: 5s) 19:42:51(-0300)

Phase started: Soft Spike Plateau (index: 3, duration: 25s) 19:42:51(-0300)

--------------------------------------
Metrics for period to: 19:42:50(-0300) (width: 9.547s)
--------------------------------------

http.codes.200: ................................................................ 38
http.request_rate: ............................................................. 7/sec
http.requests: ................................................................. 46
http.response_time:
  min: ......................................................................... 1454
  max: ......................................................................... 1932
  median: ...................................................................... 1465.9
  p95: ......................................................................... 1939.5
  p99: ......................................................................... 1939.5
http.responses: ................................................................ 38
vusers.completed: .............................................................. 38
vusers.created: ................................................................ 46
vusers.created_by_name.Root (/): ............................................... 46
vusers.failed: ................................................................. 0
vusers.session_length:
  min: ......................................................................... 1456.3
  max: ......................................................................... 1938.4
  median: ...................................................................... 1465.9
  p95: ......................................................................... 1939.5
  p99: ......................................................................... 1939.5


--------------------------------------
Metrics for period to: 19:43:00(-0300) (width: 9.806s)
--------------------------------------

http.codes.200: ................................................................ 62
http.request_rate: ............................................................. 7/sec
http.requests: ................................................................. 63
http.response_time:
  min: ......................................................................... 1457
  max: ......................................................................... 2382
  median: ...................................................................... 1826.6
  p95: ......................................................................... 2369
  p99: ......................................................................... 2369
http.responses: ................................................................ 62
vusers.completed: .............................................................. 62
vusers.created: ................................................................ 63
vusers.created_by_name.Root (/): ............................................... 63
vusers.failed: ................................................................. 0
vusers.session_length:
  min: ......................................................................... 1460.2
  max: ......................................................................... 2385.6
  median: ...................................................................... 1826.6
  p95: ......................................................................... 2369
  p99: ......................................................................... 2369


Phase completed: Soft Spike Plateau (index: 3, duration: 25s) 19:43:16(-0300)

Phase started: Cooldown 1 (index: 4, duration: 100s) 19:43:16(-0300)

--------------------------------------
Metrics for period to: 19:43:10(-0300) (width: 9.795s)
--------------------------------------

http.codes.200: ................................................................ 69
http.request_rate: ............................................................. 7/sec
http.requests: ................................................................. 70
http.response_time:
  min: ......................................................................... 1455
  max: ......................................................................... 2511
  median: ...................................................................... 1901.1
  p95: ......................................................................... 2369
  p99: ......................................................................... 2515.5
http.responses: ................................................................ 69
vusers.completed: .............................................................. 69
vusers.created: ................................................................ 70
vusers.created_by_name.Root (/): ............................................... 70
vusers.failed: ................................................................. 0
vusers.session_length:
  min: ......................................................................... 1456.4
  max: ......................................................................... 2512.7
  median: ...................................................................... 1901.1
  p95: ......................................................................... 2369
  p99: ......................................................................... 2515.5


--------------------------------------
Metrics for period to: 19:43:20(-0300) (width: 9.7s)
--------------------------------------

http.codes.200: ................................................................ 68
http.request_rate: ............................................................. 7/sec
http.requests: ................................................................. 58
http.response_time:
  min: ......................................................................... 1610
  max: ......................................................................... 2662
  median: ...................................................................... 2101.1
  p95: ......................................................................... 2515.5
  p99: ......................................................................... 2671
http.responses: ................................................................ 68
vusers.completed: .............................................................. 68
vusers.created: ................................................................ 58
vusers.created_by_name.Root (/): ............................................... 58
vusers.failed: ................................................................. 0
vusers.session_length:
  min: ......................................................................... 1612.3
  max: ......................................................................... 2665.2
  median: ...................................................................... 2101.1
  p95: ......................................................................... 2515.5
  p99: ......................................................................... 2671


--------------------------------------
Metrics for period to: 19:43:30(-0300) (width: 9.537s)
--------------------------------------

http.codes.200: ................................................................ 30
http.request_rate: ............................................................. 3/sec
http.requests: ................................................................. 30
http.response_time:
  min: ......................................................................... 1454
  max: ......................................................................... 1564
  median: ...................................................................... 1465.9
  p95: ......................................................................... 1465.9
  p99: ......................................................................... 1465.9
http.responses: ................................................................ 30
vusers.completed: .............................................................. 30
vusers.created: ................................................................ 30
vusers.created_by_name.Root (/): ............................................... 30
vusers.failed: ................................................................. 0
vusers.session_length:
  min: ......................................................................... 1455.1
  max: ......................................................................... 1569.2
  median: ...................................................................... 1465.9
  p95: ......................................................................... 1465.9
  p99: ......................................................................... 1465.9


--------------------------------------
Metrics for period to: 19:43:40(-0300) (width: 9.544s)
--------------------------------------

http.codes.200: ................................................................ 30
http.request_rate: ............................................................. 3/sec
http.requests: ................................................................. 30
http.response_time:
  min: ......................................................................... 1454
  max: ......................................................................... 1460
  median: ...................................................................... 1465.9
  p95: ......................................................................... 1465.9
  p99: ......................................................................... 1465.9
http.responses: ................................................................ 30
vusers.completed: .............................................................. 30
vusers.created: ................................................................ 30
vusers.created_by_name.Root (/): ............................................... 30
vusers.failed: ................................................................. 0
vusers.session_length:
  min: ......................................................................... 1456.6
  max: ......................................................................... 1462.9
  median: ...................................................................... 1465.9
  p95: ......................................................................... 1465.9
  p99: ......................................................................... 1465.9


--------------------------------------
Metrics for period to: 19:43:50(-0300) (width: 9.543s)
--------------------------------------

http.codes.200: ................................................................ 30
http.request_rate: ............................................................. 3/sec
http.requests: ................................................................. 30
http.response_time:
  min: ......................................................................... 1454
  max: ......................................................................... 1465
  median: ...................................................................... 1465.9
  p95: ......................................................................... 1465.9
  p99: ......................................................................... 1465.9
http.responses: ................................................................ 30
vusers.completed: .............................................................. 30
vusers.created: ................................................................ 30
vusers.created_by_name.Root (/): ............................................... 30
vusers.failed: ................................................................. 0
vusers.session_length:
  min: ......................................................................... 1456.1
  max: ......................................................................... 1469.5
  median: ...................................................................... 1465.9
  p95: ......................................................................... 1465.9
  p99: ......................................................................... 1465.9


--------------------------------------
Metrics for period to: 19:44:00(-0300) (width: 9.543s)
--------------------------------------

http.codes.200: ................................................................ 30
http.request_rate: ............................................................. 3/sec
http.requests: ................................................................. 30
http.response_time:
  min: ......................................................................... 1455
  max: ......................................................................... 1463
  median: ...................................................................... 1465.9
  p95: ......................................................................... 1465.9
  p99: ......................................................................... 1465.9
http.responses: ................................................................ 30
vusers.completed: .............................................................. 30
vusers.created: ................................................................ 30
vusers.created_by_name.Root (/): ............................................... 30
vusers.failed: ................................................................. 0
vusers.session_length:
  min: ......................................................................... 1457
  max: ......................................................................... 1465
  median: ...................................................................... 1465.9
  p95: ......................................................................... 1465.9
  p99: ......................................................................... 1465.9


--------------------------------------
Metrics for period to: 19:44:10(-0300) (width: 9.544s)
--------------------------------------

http.codes.200: ................................................................ 30
http.request_rate: ............................................................. 3/sec
http.requests: ................................................................. 30
http.response_time:
  min: ......................................................................... 1454
  max: ......................................................................... 1464
  median: ...................................................................... 1465.9
  p95: ......................................................................... 1465.9
  p99: ......................................................................... 1465.9
http.responses: ................................................................ 30
vusers.completed: .............................................................. 30
vusers.created: ................................................................ 30
vusers.created_by_name.Root (/): ............................................... 30
vusers.failed: ................................................................. 0
vusers.session_length:
  min: ......................................................................... 1455.5
  max: ......................................................................... 1467.7
  median: ...................................................................... 1465.9
  p95: ......................................................................... 1465.9
  p99: ......................................................................... 1465.9


--------------------------------------
Metrics for period to: 19:44:20(-0300) (width: 9.544s)
--------------------------------------

http.codes.200: ................................................................ 30
http.request_rate: ............................................................. 3/sec
http.requests: ................................................................. 30
http.response_time:
  min: ......................................................................... 1454
  max: ......................................................................... 1464
  median: ...................................................................... 1465.9
  p95: ......................................................................... 1465.9
  p99: ......................................................................... 1465.9
http.responses: ................................................................ 30
vusers.completed: .............................................................. 30
vusers.created: ................................................................ 30
vusers.created_by_name.Root (/): ............................................... 30
vusers.failed: ................................................................. 0
vusers.session_length:
  min: ......................................................................... 1455.5
  max: ......................................................................... 1465.5
  median: ...................................................................... 1465.9
  p95: ......................................................................... 1465.9
  p99: ......................................................................... 1465.9


--------------------------------------
Metrics for period to: 19:44:30(-0300) (width: 9.542s)
--------------------------------------

http.codes.200: ................................................................ 30
http.request_rate: ............................................................. 3/sec
http.requests: ................................................................. 30
http.response_time:
  min: ......................................................................... 1455
  max: ......................................................................... 1463
  median: ...................................................................... 1465.9
  p95: ......................................................................... 1465.9
  p99: ......................................................................... 1465.9
http.responses: ................................................................ 30
vusers.completed: .............................................................. 30
vusers.created: ................................................................ 30
vusers.created_by_name.Root (/): ............................................... 30
vusers.failed: ................................................................. 0
vusers.session_length:
  min: ......................................................................... 1457
  max: ......................................................................... 1466.5
  median: ...................................................................... 1465.9
  p95: ......................................................................... 1465.9
  p99: ......................................................................... 1465.9


--------------------------------------
Metrics for period to: 19:44:40(-0300) (width: 9.543s)
--------------------------------------

http.codes.200: ................................................................ 30
http.request_rate: ............................................................. 3/sec
http.requests: ................................................................. 30
http.response_time:
  min: ......................................................................... 1454
  max: ......................................................................... 1460
  median: ...................................................................... 1465.9
  p95: ......................................................................... 1465.9
  p99: ......................................................................... 1465.9
http.responses: ................................................................ 30
vusers.completed: .............................................................. 30
vusers.created: ................................................................ 30
vusers.created_by_name.Root (/): ............................................... 30
vusers.failed: ................................................................. 0
vusers.session_length:
  min: ......................................................................... 1456
  max: ......................................................................... 1465
  median: ...................................................................... 1465.9
  p95: ......................................................................... 1465.9
  p99: ......................................................................... 1465.9


Phase completed: Cooldown 1 (index: 4, duration: 100s) 19:44:56(-0300)

Phase started: Strong Spike (index: 5, duration: 5s) 19:44:56(-0300)

--------------------------------------
Metrics for period to: 19:44:50(-0300) (width: 9.545s)
--------------------------------------

http.codes.200: ................................................................ 30
http.request_rate: ............................................................. 3/sec
http.requests: ................................................................. 30
http.response_time:
  min: ......................................................................... 1454
  max: ......................................................................... 1466
  median: ...................................................................... 1465.9
  p95: ......................................................................... 1465.9
  p99: ......................................................................... 1465.9
http.responses: ................................................................ 30
vusers.completed: .............................................................. 30
vusers.created: ................................................................ 30
vusers.created_by_name.Root (/): ............................................... 30
vusers.failed: ................................................................. 0
vusers.session_length:
  min: ......................................................................... 1455.9
  max: ......................................................................... 1469.5
  median: ...................................................................... 1465.9
  p95: ......................................................................... 1465.9
  p99: ......................................................................... 1465.9


Phase completed: Strong Spike (index: 5, duration: 5s) 19:45:02(-0300)

Phase started: Strong Spike Plateau (index: 6, duration: 25s) 19:45:02(-0300)

--------------------------------------
Metrics for period to: 19:45:00(-0300) (width: 9.554s)
--------------------------------------

http.codes.200: ................................................................ 34
http.request_rate: ............................................................. 11/sec
http.requests: ................................................................. 42
http.response_time:
  min: ......................................................................... 1454
  max: ......................................................................... 1461
  median: ...................................................................... 1465.9
  p95: ......................................................................... 1465.9
  p99: ......................................................................... 1465.9
http.responses: ................................................................ 34
vusers.completed: .............................................................. 34
vusers.created: ................................................................ 42
vusers.created_by_name.Root (/): ............................................... 42
vusers.failed: ................................................................. 0
vusers.session_length:
  min: ......................................................................... 1455.1
  max: ......................................................................... 1464.4
  median: ...................................................................... 1465.9
  p95: ......................................................................... 1465.9
  p99: ......................................................................... 1465.9


--------------------------------------
Metrics for period to: 19:45:10(-0300) (width: 9.706s)
--------------------------------------

http.codes.200: ................................................................ 70
http.request_rate: ............................................................. 14/sec
http.requests: ................................................................. 133
http.response_time:
  min: ......................................................................... 1457
  max: ......................................................................... 5656
  median: ...................................................................... 3328.3
  p95: ......................................................................... 5168
  p99: ......................................................................... 5598.4
http.responses: ................................................................ 70
vusers.completed: .............................................................. 70
vusers.created: ................................................................ 133
vusers.created_by_name.Root (/): ............................................... 133
vusers.failed: ................................................................. 0
vusers.session_length:
  min: ......................................................................... 1460.3
  max: ......................................................................... 5663
  median: ...................................................................... 3328.3
  p95: ......................................................................... 5168
  p99: ......................................................................... 5598.4


Phase completed: Strong Spike Plateau (index: 6, duration: 25s) 19:45:27(-0300)

Phase started: Cooldown 2 (index: 7, duration: 140s) 19:45:27(-0300)

--------------------------------------
Metrics for period to: 19:45:20(-0300) (width: 9.516s)
--------------------------------------

errors.ETIMEDOUT: .............................................................. 17
http.codes.200: ................................................................ 60
http.request_rate: ............................................................. 14/sec
http.requests: ................................................................. 140
http.response_time:
  min: ......................................................................... 5612
  max: ......................................................................... 9864
  median: ...................................................................... 8024.5
  p95: ......................................................................... 9801.2
  p99: ......................................................................... 9801.2
http.responses: ................................................................ 60
vusers.completed: .............................................................. 60
vusers.created: ................................................................ 140
vusers.created_by_name.Root (/): ............................................... 140
vusers.failed: ................................................................. 17
vusers.session_length:
  min: ......................................................................... 5616.6
  max: ......................................................................... 9867.7
  median: ...................................................................... 8024.5
  p95: ......................................................................... 9801.2
  p99: ......................................................................... 9801.2


--------------------------------------
Metrics for period to: 19:45:30(-0300) (width: 9.516s)
--------------------------------------

errors.ETIMEDOUT: .............................................................. 140
http.request_rate: ............................................................. 14/sec
http.requests: ................................................................. 118
vusers.created: ................................................................ 118
vusers.created_by_name.Root (/): ............................................... 118
vusers.failed: ................................................................. 140


--------------------------------------
Metrics for period to: 19:45:40(-0300) (width: 9.5s)
--------------------------------------

errors.ETIMEDOUT: .............................................................. 118
http.request_rate: ............................................................. 3/sec
http.requests: ................................................................. 30
vusers.created: ................................................................ 30
vusers.created_by_name.Root (/): ............................................... 30
vusers.failed: ................................................................. 118


--------------------------------------
Metrics for period to: 19:45:50(-0300) (width: 9.01s)
--------------------------------------

errors.ETIMEDOUT: .............................................................. 30
http.request_rate: ............................................................. 3/sec
http.requests: ................................................................. 30
vusers.created: ................................................................ 30
vusers.created_by_name.Root (/): ............................................... 30
vusers.failed: ................................................................. 30


--------------------------------------
Metrics for period to: 19:46:00(-0300) (width: 9.01s)
--------------------------------------

errors.ETIMEDOUT: .............................................................. 30
http.request_rate: ............................................................. 3/sec
http.requests: ................................................................. 30
vusers.created: ................................................................ 30
vusers.created_by_name.Root (/): ............................................... 30
vusers.failed: ................................................................. 30


--------------------------------------
Metrics for period to: 19:46:10(-0300) (width: 9.006s)
--------------------------------------

errors.ETIMEDOUT: .............................................................. 30
http.request_rate: ............................................................. 3/sec
http.requests: ................................................................. 30
vusers.created: ................................................................ 30
vusers.created_by_name.Root (/): ............................................... 30
vusers.failed: ................................................................. 30


--------------------------------------
Metrics for period to: 19:46:20(-0300) (width: 9.001s)
--------------------------------------

errors.ETIMEDOUT: .............................................................. 7
http.codes.200: ................................................................ 47
http.request_rate: ............................................................. 3/sec
http.requests: ................................................................. 30
http.response_time:
  min: ......................................................................... 1460
  max: ......................................................................... 9987
  median: ...................................................................... 5826.9
  p95: ......................................................................... 9416.8
  p99: ......................................................................... 9999.2
http.responses: ................................................................ 47
vusers.completed: .............................................................. 47
vusers.created: ................................................................ 30
vusers.created_by_name.Root (/): ............................................... 30
vusers.failed: ................................................................. 7
vusers.session_length:
  min: ......................................................................... 1463.7
  max: ......................................................................... 9990.4
  median: ...................................................................... 5826.9
  p95: ......................................................................... 9416.8
  p99: ......................................................................... 9999.2


--------------------------------------
Metrics for period to: 19:46:30(-0300) (width: 9.543s)
--------------------------------------

http.codes.200: ................................................................ 30
http.request_rate: ............................................................. 3/sec
http.requests: ................................................................. 30
http.response_time:
  min: ......................................................................... 1453
  max: ......................................................................... 1464
  median: ...................................................................... 1465.9
  p95: ......................................................................... 1465.9
  p99: ......................................................................... 1465.9
http.responses: ................................................................ 30
vusers.completed: .............................................................. 30
vusers.created: ................................................................ 30
vusers.created_by_name.Root (/): ............................................... 30
vusers.failed: ................................................................. 0
vusers.session_length:
  min: ......................................................................... 1455.1
  max: ......................................................................... 1467
  median: ...................................................................... 1465.9
  p95: ......................................................................... 1465.9
  p99: ......................................................................... 1465.9


--------------------------------------
Metrics for period to: 19:46:40(-0300) (width: 9.54s)
--------------------------------------

http.codes.200: ................................................................ 30
http.request_rate: ............................................................. 3/sec
http.requests: ................................................................. 30
http.response_time:
  min: ......................................................................... 1455
  max: ......................................................................... 1466
  median: ...................................................................... 1465.9
  p95: ......................................................................... 1465.9
  p99: ......................................................................... 1465.9
http.responses: ................................................................ 30
vusers.completed: .............................................................. 30
vusers.created: ................................................................ 30
vusers.created_by_name.Root (/): ............................................... 30
vusers.failed: ................................................................. 0
vusers.session_length:
  min: ......................................................................... 1457.8
  max: ......................................................................... 1470.1
  median: ...................................................................... 1465.9
  p95: ......................................................................... 1465.9
  p99: ......................................................................... 1465.9


--------------------------------------
Metrics for period to: 19:46:50(-0300) (width: 9.546s)
--------------------------------------

http.codes.200: ................................................................ 30
http.request_rate: ............................................................. 3/sec
http.requests: ................................................................. 30
http.response_time:
  min: ......................................................................... 1455
  max: ......................................................................... 1471
  median: ...................................................................... 1465.9
  p95: ......................................................................... 1465.9
  p99: ......................................................................... 1465.9
http.responses: ................................................................ 30
vusers.completed: .............................................................. 30
vusers.created: ................................................................ 30
vusers.created_by_name.Root (/): ............................................... 30
vusers.failed: ................................................................. 0
vusers.session_length:
  min: ......................................................................... 1457.4
  max: ......................................................................... 1477.8
  median: ...................................................................... 1465.9
  p95: ......................................................................... 1465.9
  p99: ......................................................................... 1465.9


--------------------------------------
Metrics for period to: 19:47:00(-0300) (width: 9.544s)
--------------------------------------

http.codes.200: ................................................................ 30
http.request_rate: ............................................................. 3/sec
http.requests: ................................................................. 30
http.response_time:
  min: ......................................................................... 1456
  max: ......................................................................... 1470
  median: ...................................................................... 1465.9
  p95: ......................................................................... 1465.9
  p99: ......................................................................... 1465.9
http.responses: ................................................................ 30
vusers.completed: .............................................................. 30
vusers.created: ................................................................ 30
vusers.created_by_name.Root (/): ............................................... 30
vusers.failed: ................................................................. 0
vusers.session_length:
  min: ......................................................................... 1458.5
  max: ......................................................................... 1474.3
  median: ...................................................................... 1465.9
  p95: ......................................................................... 1465.9
  p99: ......................................................................... 1465.9


--------------------------------------
Metrics for period to: 19:47:10(-0300) (width: 9.544s)
--------------------------------------

http.codes.200: ................................................................ 30
http.request_rate: ............................................................. 3/sec
http.requests: ................................................................. 30
http.response_time:
  min: ......................................................................... 1454
  max: ......................................................................... 1477
  median: ...................................................................... 1465.9
  p95: ......................................................................... 1465.9
  p99: ......................................................................... 1465.9
http.responses: ................................................................ 30
vusers.completed: .............................................................. 30
vusers.created: ................................................................ 30
vusers.created_by_name.Root (/): ............................................... 30
vusers.failed: ................................................................. 0
vusers.session_length:
  min: ......................................................................... 1457.2
  max: ......................................................................... 1482.8
  median: ...................................................................... 1465.9
  p95: ......................................................................... 1465.9
  p99: ......................................................................... 1495.5


--------------------------------------
Metrics for period to: 19:47:20(-0300) (width: 9.541s)
--------------------------------------

http.codes.200: ................................................................ 30
http.request_rate: ............................................................. 3/sec
http.requests: ................................................................. 30
http.response_time:
  min: ......................................................................... 1455
  max: ......................................................................... 1463
  median: ...................................................................... 1465.9
  p95: ......................................................................... 1465.9
  p99: ......................................................................... 1465.9
http.responses: ................................................................ 30
vusers.completed: .............................................................. 30
vusers.created: ................................................................ 30
vusers.created_by_name.Root (/): ............................................... 30
vusers.failed: ................................................................. 0
vusers.session_length:
  min: ......................................................................... 1457.1
  max: ......................................................................... 1467.4
  median: ...................................................................... 1465.9
  p95: ......................................................................... 1465.9
  p99: ......................................................................... 1465.9


--------------------------------------
Metrics for period to: 19:47:30(-0300) (width: 9.542s)
--------------------------------------

http.codes.200: ................................................................ 30
http.request_rate: ............................................................. 3/sec
http.requests: ................................................................. 30
http.response_time:
  min: ......................................................................... 1454
  max: ......................................................................... 1463
  median: ...................................................................... 1465.9
  p95: ......................................................................... 1465.9
  p99: ......................................................................... 1465.9
http.responses: ................................................................ 30
vusers.completed: .............................................................. 30
vusers.created: ................................................................ 30
vusers.created_by_name.Root (/): ............................................... 30
vusers.failed: ................................................................. 0
vusers.session_length:
  min: ......................................................................... 1455.6
  max: ......................................................................... 1466.6
  median: ...................................................................... 1465.9
  p95: ......................................................................... 1465.9
  p99: ......................................................................... 1465.9


Phase completed: Cooldown 2 (index: 7, duration: 140s) 19:47:47(-0300)

Phase started: Strong Long Spike (index: 8, duration: 5s) 19:47:47(-0300)

--------------------------------------
Metrics for period to: 19:47:40(-0300) (width: 9.544s)
--------------------------------------

http.codes.200: ................................................................ 30
http.request_rate: ............................................................. 3/sec
http.requests: ................................................................. 30
http.response_time:
  min: ......................................................................... 1454
  max: ......................................................................... 1463
  median: ...................................................................... 1465.9
  p95: ......................................................................... 1465.9
  p99: ......................................................................... 1465.9
http.responses: ................................................................ 30
vusers.completed: .............................................................. 30
vusers.created: ................................................................ 30
vusers.created_by_name.Root (/): ............................................... 30
vusers.failed: ................................................................. 0
vusers.session_length:
  min: ......................................................................... 1455.6
  max: ......................................................................... 1465.8
  median: ...................................................................... 1465.9
  p95: ......................................................................... 1465.9
  p99: ......................................................................... 1465.9


Phase completed: Strong Long Spike (index: 8, duration: 5s) 19:47:53(-0300)

Phase started: Strong Long Spike Plateau (index: 9, duration: 60s) 19:47:53(-0300)

--------------------------------------
Metrics for period to: 19:47:50(-0300) (width: 9.515s)
--------------------------------------

http.codes.200: ................................................................ 34
http.request_rate: ............................................................. 9/sec
http.requests: ................................................................. 34
http.response_time:
  min: ......................................................................... 1453
  max: ......................................................................... 1461
  median: ...................................................................... 1465.9
  p95: ......................................................................... 1465.9
  p99: ......................................................................... 1465.9
http.responses: ................................................................ 34
vusers.completed: .............................................................. 34
vusers.created: ................................................................ 34
vusers.created_by_name.Root (/): ............................................... 34
vusers.failed: ................................................................. 0
vusers.session_length:
  min: ......................................................................... 1454.4
  max: ......................................................................... 1467.5
  median: ...................................................................... 1465.9
  p95: ......................................................................... 1465.9
  p99: ......................................................................... 1465.9


--------------------------------------
Metrics for period to: 19:48:00(-0300) (width: 9.556s)
--------------------------------------

http.codes.200: ................................................................ 66
http.request_rate: ............................................................. 14/sec
http.requests: ................................................................. 130
http.response_time:
  min: ......................................................................... 1455
  max: ......................................................................... 4747
  median: ...................................................................... 2893.5
  p95: ......................................................................... 4676.2
  p99: ......................................................................... 4770.6
http.responses: ................................................................ 66
vusers.completed: .............................................................. 66
vusers.created: ................................................................ 130
vusers.created_by_name.Root (/): ............................................... 130
vusers.failed: ................................................................. 0
vusers.session_length:
  min: ......................................................................... 1457.8
  max: ......................................................................... 4753.3
  median: ...................................................................... 2893.5
  p95: ......................................................................... 4676.2
  p99: ......................................................................... 4770.6


--------------------------------------
Metrics for period to: 19:48:10(-0300) (width: 9.517s)
--------------------------------------

http.codes.200: ................................................................ 70
http.request_rate: ............................................................. 14/sec
http.requests: ................................................................. 140
http.response_time:
  min: ......................................................................... 5161
  max: ......................................................................... 9867
  median: ...................................................................... 7557.1
  p95: ......................................................................... 9801.2
  p99: ......................................................................... 9801.2
http.responses: ................................................................ 70
vusers.completed: .............................................................. 70
vusers.created: ................................................................ 140
vusers.created_by_name.Root (/): ............................................... 140
vusers.failed: ................................................................. 0
vusers.session_length:
  min: ......................................................................... 5163
  max: ......................................................................... 9868.8
  median: ...................................................................... 7557.1
  p95: ......................................................................... 9801.2
  p99: ......................................................................... 9801.2


--------------------------------------
Metrics for period to: 19:48:20(-0300) (width: 9.517s)
--------------------------------------

errors.ETIMEDOUT: .............................................................. 140
http.request_rate: ............................................................. 14/sec
http.requests: ................................................................. 140
vusers.created: ................................................................ 140
vusers.created_by_name.Root (/): ............................................... 140
vusers.failed: ................................................................. 140


--------------------------------------
Metrics for period to: 19:48:30(-0300) (width: 9.517s)
--------------------------------------

errors.ETIMEDOUT: .............................................................. 140
http.request_rate: ............................................................. 14/sec
http.requests: ................................................................. 140
vusers.created: ................................................................ 140
vusers.created_by_name.Root (/): ............................................... 140
vusers.failed: ................................................................. 140


--------------------------------------
Metrics for period to: 19:48:40(-0300) (width: 9.517s)
--------------------------------------

errors.ETIMEDOUT: .............................................................. 140
http.request_rate: ............................................................. 14/sec
http.requests: ................................................................. 140
vusers.created: ................................................................ 140
vusers.created_by_name.Root (/): ............................................... 140
vusers.failed: ................................................................. 140


Phase completed: Strong Long Spike Plateau (index: 9, duration: 60s) 19:48:53(-0300)

Phase started: Cooldown 3 (index: 10, duration: 100s) 19:48:53(-0300)

--------------------------------------
Metrics for period to: 19:48:50(-0300) (width: 9.517s)
--------------------------------------

errors.ETIMEDOUT: .............................................................. 140
http.request_rate: ............................................................. 14/sec
http.requests: ................................................................. 140
vusers.created: ................................................................ 140
vusers.created_by_name.Root (/): ............................................... 140
vusers.failed: ................................................................. 140


--------------------------------------
Metrics for period to: 19:49:00(-0300) (width: 9.519s)
--------------------------------------

errors.ETIMEDOUT: .............................................................. 140
http.request_rate: ............................................................. 11/sec
http.requests: ................................................................. 74
vusers.created: ................................................................ 74
vusers.created_by_name.Root (/): ............................................... 74
vusers.failed: ................................................................. 140


--------------------------------------
Metrics for period to: 19:49:10(-0300) (width: 9.501s)
--------------------------------------

errors.ETIMEDOUT: .............................................................. 74
http.request_rate: ............................................................. 3/sec
http.requests: ................................................................. 30
vusers.created: ................................................................ 30
vusers.created_by_name.Root (/): ............................................... 30
vusers.failed: ................................................................. 74


--------------------------------------
Metrics for period to: 19:49:20(-0300) (width: 9.003s)
--------------------------------------

errors.ETIMEDOUT: .............................................................. 30
http.request_rate: ............................................................. 3/sec
http.requests: ................................................................. 30
vusers.created: ................................................................ 30
vusers.created_by_name.Root (/): ............................................... 30
vusers.failed: ................................................................. 30


--------------------------------------
Metrics for period to: 19:49:30(-0300) (width: 9.004s)
--------------------------------------

errors.ETIMEDOUT: .............................................................. 30
http.request_rate: ............................................................. 3/sec
http.requests: ................................................................. 30
vusers.created: ................................................................ 30
vusers.created_by_name.Root (/): ............................................... 30
vusers.failed: ................................................................. 30


--------------------------------------
Metrics for period to: 19:49:40(-0300) (width: 9.004s)
--------------------------------------

errors.ETIMEDOUT: .............................................................. 30
http.request_rate: ............................................................. 3/sec
http.requests: ................................................................. 30
vusers.created: ................................................................ 30
vusers.created_by_name.Root (/): ............................................... 30
vusers.failed: ................................................................. 30


--------------------------------------
Metrics for period to: 19:49:50(-0300) (width: 9.003s)
--------------------------------------

errors.ETIMEDOUT: .............................................................. 30
http.request_rate: ............................................................. 3/sec
http.requests: ................................................................. 30
vusers.created: ................................................................ 30
vusers.created_by_name.Root (/): ............................................... 30
vusers.failed: ................................................................. 30


--------------------------------------
Metrics for period to: 19:50:00(-0300) (width: 9.001s)
--------------------------------------

errors.ETIMEDOUT: .............................................................. 30
http.request_rate: ............................................................. 3/sec
http.requests: ................................................................. 30
vusers.created: ................................................................ 30
vusers.created_by_name.Root (/): ............................................... 30
vusers.failed: ................................................................. 30


--------------------------------------
Metrics for period to: 19:50:10(-0300) (width: 9.002s)
--------------------------------------

errors.ETIMEDOUT: .............................................................. 30
http.request_rate: ............................................................. 3/sec
http.requests: ................................................................. 30
vusers.created: ................................................................ 30
vusers.created_by_name.Root (/): ............................................... 30
vusers.failed: ................................................................. 30


--------------------------------------
Metrics for period to: 19:50:20(-0300) (width: 9.001s)
--------------------------------------

errors.ETIMEDOUT: .............................................................. 30
http.request_rate: ............................................................. 3/sec
http.requests: ................................................................. 30
vusers.created: ................................................................ 30
vusers.created_by_name.Root (/): ............................................... 30
vusers.failed: ................................................................. 30


Phase completed: Cooldown 3 (index: 10, duration: 100s) 19:50:33(-0300)

Phase started: Cooldown 4 (index: 11, duration: 60s) 19:50:33(-0300)

--------------------------------------
Metrics for period to: 19:50:30(-0300) (width: 9.001s)
--------------------------------------

errors.ETIMEDOUT: .............................................................. 30
http.request_rate: ............................................................. 3/sec
http.requests: ................................................................. 30
vusers.created: ................................................................ 30
vusers.created_by_name.Root (/): ............................................... 30
vusers.failed: ................................................................. 30


--------------------------------------
Metrics for period to: 19:50:40(-0300) (width: 9.003s)
--------------------------------------

errors.ETIMEDOUT: .............................................................. 30
http.request_rate: ............................................................. 3/sec
http.requests: ................................................................. 24
vusers.created: ................................................................ 24
vusers.created_by_name.Root (/): ............................................... 24
vusers.failed: ................................................................. 30


--------------------------------------
Metrics for period to: 19:50:50(-0300) (width: 9.001s)
--------------------------------------

errors.ETIMEDOUT: .............................................................. 9
http.codes.200: ................................................................ 31
http.request_rate: ............................................................. 2/sec
http.requests: ................................................................. 20
http.response_time:
  min: ......................................................................... 1456
  max: ......................................................................... 9597
  median: ...................................................................... 4065.2
  p95: ......................................................................... 9047.6
  p99: ......................................................................... 9607.1
http.responses: ................................................................ 31
vusers.completed: .............................................................. 31
vusers.created: ................................................................ 20
vusers.created_by_name.Root (/): ............................................... 20
vusers.failed: ................................................................. 9
vusers.session_length:
  min: ......................................................................... 1458.1
  max: ......................................................................... 9599.8
  median: ...................................................................... 4065.2
  p95: ......................................................................... 9047.6
  p99: ......................................................................... 9607.1


--------------------------------------
Metrics for period to: 19:51:00(-0300) (width: 9.545s)
--------------------------------------

http.codes.200: ................................................................ 20
http.request_rate: ............................................................. 2/sec
http.requests: ................................................................. 20
http.response_time:
  min: ......................................................................... 1453
  max: ......................................................................... 1460
  median: ...................................................................... 1465.9
  p95: ......................................................................... 1465.9
  p99: ......................................................................... 1465.9
http.responses: ................................................................ 20
vusers.completed: .............................................................. 20
vusers.created: ................................................................ 20
vusers.created_by_name.Root (/): ............................................... 20
vusers.failed: ................................................................. 0
vusers.session_length:
  min: ......................................................................... 1454.7
  max: ......................................................................... 1463.6
  median: ...................................................................... 1465.9
  p95: ......................................................................... 1465.9
  p99: ......................................................................... 1465.9


--------------------------------------
Metrics for period to: 19:51:10(-0300) (width: 9.544s)
--------------------------------------

http.codes.200: ................................................................ 20
http.request_rate: ............................................................. 2/sec
http.requests: ................................................................. 20
http.response_time:
  min: ......................................................................... 1454
  max: ......................................................................... 1461
  median: ...................................................................... 1465.9
  p95: ......................................................................... 1465.9
  p99: ......................................................................... 1465.9
http.responses: ................................................................ 20
vusers.completed: .............................................................. 20
vusers.created: ................................................................ 20
vusers.created_by_name.Root (/): ............................................... 20
vusers.failed: ................................................................. 0
vusers.session_length:
  min: ......................................................................... 1455.5
  max: ......................................................................... 1464.4
  median: ...................................................................... 1465.9
  p95: ......................................................................... 1465.9
  p99: ......................................................................... 1465.9


--------------------------------------
Metrics for period to: 19:51:20(-0300) (width: 9.546s)
--------------------------------------

http.codes.200: ................................................................ 20
http.request_rate: ............................................................. 2/sec
http.requests: ................................................................. 20
http.response_time:
  min: ......................................................................... 1454
  max: ......................................................................... 1459
  median: ...................................................................... 1465.9
  p95: ......................................................................... 1465.9
  p99: ......................................................................... 1465.9
http.responses: ................................................................ 20
vusers.completed: .............................................................. 20
vusers.created: ................................................................ 20
vusers.created_by_name.Root (/): ............................................... 20
vusers.failed: ................................................................. 0
vusers.session_length:
  min: ......................................................................... 1455.4
  max: ......................................................................... 1461
  median: ...................................................................... 1465.9
  p95: ......................................................................... 1465.9
  p99: ......................................................................... 1465.9


Phase completed: Cooldown 4 (index: 11, duration: 60s) 19:51:33(-0300)

Phase started: Reset Line (index: 12, duration: 60s) 19:51:33(-0300)

--------------------------------------
Metrics for period to: 19:51:30(-0300) (width: 9.545s)
--------------------------------------

http.codes.200: ................................................................ 20
http.request_rate: ............................................................. 2/sec
http.requests: ................................................................. 20
http.response_time:
  min: ......................................................................... 1455
  max: ......................................................................... 1460
  median: ...................................................................... 1465.9
  p95: ......................................................................... 1465.9
  p99: ......................................................................... 1465.9
http.responses: ................................................................ 20
vusers.completed: .............................................................. 20
vusers.created: ................................................................ 20
vusers.created_by_name.Root (/): ............................................... 20
vusers.failed: ................................................................. 0
vusers.session_length:
  min: ......................................................................... 1456.1
  max: ......................................................................... 1463.4
  median: ...................................................................... 1465.9
  p95: ......................................................................... 1465.9
  p99: ......................................................................... 1465.9


--------------------------------------
Metrics for period to: 19:51:40(-0300) (width: 9.545s)
--------------------------------------

http.codes.200: ................................................................ 16
http.request_rate: ............................................................. 2/sec
http.requests: ................................................................. 14
http.response_time:
  min: ......................................................................... 1453
  max: ......................................................................... 1461
  median: ...................................................................... 1465.9
  p95: ......................................................................... 1465.9
  p99: ......................................................................... 1465.9
http.responses: ................................................................ 16
vusers.completed: .............................................................. 16
vusers.created: ................................................................ 14
vusers.created_by_name.Root (/): ............................................... 14
vusers.failed: ................................................................. 0
vusers.session_length:
  min: ......................................................................... 1455
  max: ......................................................................... 1464.4
  median: ...................................................................... 1465.9
  p95: ......................................................................... 1465.9
  p99: ......................................................................... 1465.9


--------------------------------------
Metrics for period to: 19:51:50(-0300) (width: 9.544s)
--------------------------------------

http.codes.200: ................................................................ 10
http.request_rate: ............................................................. 1/sec
http.requests: ................................................................. 10
http.response_time:
  min: ......................................................................... 1454
  max: ......................................................................... 1458
  median: ...................................................................... 1465.9
  p95: ......................................................................... 1465.9
  p99: ......................................................................... 1465.9
http.responses: ................................................................ 10
vusers.completed: .............................................................. 10
vusers.created: ................................................................ 10
vusers.created_by_name.Root (/): ............................................... 10
vusers.failed: ................................................................. 0
vusers.session_length:
  min: ......................................................................... 1456.4
  max: ......................................................................... 1461.3
  median: ...................................................................... 1465.9
  p95: ......................................................................... 1465.9
  p99: ......................................................................... 1465.9


--------------------------------------
Metrics for period to: 19:52:00(-0300) (width: 9.54s)
--------------------------------------

http.codes.200: ................................................................ 10
http.request_rate: ............................................................. 1/sec
http.requests: ................................................................. 10
http.response_time:
  min: ......................................................................... 1453
  max: ......................................................................... 1458
  median: ...................................................................... 1465.9
  p95: ......................................................................... 1465.9
  p99: ......................................................................... 1465.9
http.responses: ................................................................ 10
vusers.completed: .............................................................. 10
vusers.created: ................................................................ 10
vusers.created_by_name.Root (/): ............................................... 10
vusers.failed: ................................................................. 0
vusers.session_length:
  min: ......................................................................... 1454.6
  max: ......................................................................... 1460.9
  median: ...................................................................... 1465.9
  p95: ......................................................................... 1465.9
  p99: ......................................................................... 1465.9


--------------------------------------
Metrics for period to: 19:52:10(-0300) (width: 9.543s)
--------------------------------------

http.codes.200: ................................................................ 10
http.request_rate: ............................................................. 1/sec
http.requests: ................................................................. 10
http.response_time:
  min: ......................................................................... 1453
  max: ......................................................................... 1458
  median: ...................................................................... 1465.9
  p95: ......................................................................... 1465.9
  p99: ......................................................................... 1465.9
http.responses: ................................................................ 10
vusers.completed: .............................................................. 10
vusers.created: ................................................................ 10
vusers.created_by_name.Root (/): ............................................... 10
vusers.failed: ................................................................. 0
vusers.session_length:
  min: ......................................................................... 1455.1
  max: ......................................................................... 1462.5
  median: ...................................................................... 1465.9
  p95: ......................................................................... 1465.9
  p99: ......................................................................... 1465.9


--------------------------------------
Metrics for period to: 19:52:20(-0300) (width: 9.548s)
--------------------------------------

http.codes.200: ................................................................ 10
http.request_rate: ............................................................. 1/sec
http.requests: ................................................................. 10
http.response_time:
  min: ......................................................................... 1453
  max: ......................................................................... 1458
  median: ...................................................................... 1465.9
  p95: ......................................................................... 1465.9
  p99: ......................................................................... 1465.9
http.responses: ................................................................ 10
vusers.completed: .............................................................. 10
vusers.created: ................................................................ 10
vusers.created_by_name.Root (/): ............................................... 10
vusers.failed: ................................................................. 0
vusers.session_length:
  min: ......................................................................... 1454.6
  max: ......................................................................... 1460.5
  median: ...................................................................... 1465.9
  p95: ......................................................................... 1465.9
  p99: ......................................................................... 1465.9


Phase completed: Reset Line (index: 12, duration: 60s) 19:52:33(-0300)

--------------------------------------
Metrics for period to: 19:52:30(-0300) (width: 9.543s)
--------------------------------------

http.codes.200: ................................................................ 10
http.request_rate: ............................................................. 1/sec
http.requests: ................................................................. 10
http.response_time:
  min: ......................................................................... 1453
  max: ......................................................................... 1458
  median: ...................................................................... 1465.9
  p95: ......................................................................... 1465.9
  p99: ......................................................................... 1465.9
http.responses: ................................................................ 10
vusers.completed: .............................................................. 10
vusers.created: ................................................................ 10
vusers.created_by_name.Root (/): ............................................... 10
vusers.failed: ................................................................. 0
vusers.session_length:
  min: ......................................................................... 1454.1
  max: ......................................................................... 1461.2
  median: ...................................................................... 1465.9
  p95: ......................................................................... 1465.9
  p99: ......................................................................... 1465.9


--------------------------------------
Metrics for period to: 19:52:40(-0300) (width: 4.997s)
--------------------------------------

http.codes.200: ................................................................ 6
http.request_rate: ............................................................. 1/sec
http.requests: ................................................................. 4
http.response_time:
  min: ......................................................................... 1454
  max: ......................................................................... 1458
  median: ...................................................................... 1465.9
  p95: ......................................................................... 1465.9
  p99: ......................................................................... 1465.9
http.responses: ................................................................ 6
vusers.completed: .............................................................. 6
vusers.created: ................................................................ 4
vusers.created_by_name.Root (/): ............................................... 4
vusers.failed: ................................................................. 0
vusers.session_length:
  min: ......................................................................... 1455.4
  max: ......................................................................... 1461
  median: ...................................................................... 1465.9
  p95: ......................................................................... 1465.9
  p99: ......................................................................... 1465.9


All VUs finished. Total time: 10 minutes, 46 seconds

--------------------------------
Summary report @ 19:52:35(-0300)
--------------------------------

errors.ETIMEDOUT: .............................................................. 279
http.codes.200: ................................................................ 451
http.request_rate: ............................................................. 1/sec
http.requests: ................................................................. 730
http.response_time:
  min: ......................................................................... 1453
  max: ......................................................................... 9987
  median: ...................................................................... 1465.9
  p95: ......................................................................... 6569.8
  p99: ......................................................................... 9416.8
http.responses: ................................................................ 451
vusers.completed: .............................................................. 451
vusers.created: ................................................................ 730
vusers.created_by_name.Root (/): ............................................... 730
vusers.failed: ................................................................. 279
vusers.session_length:
  min: ......................................................................... 1454.1
  max: ......................................................................... 9990.4
  median: ...................................................................... 1465.9
  p95: ......................................................................... 6569.8
  p99: ......................................................................... 9416.8
