
> perf@1.0.0 artillery /home/guidobotta/dev/arquitectura/tp1/perf
> NODE_OPTIONS=--max-old-space-size=4096 artillery "run" "./results/single-node/breakpoint/cfg-breakpoint-heavy.yaml" "-e" "heavy"

Phase started: Slow Ramp (index: 0, duration: 300s) 19:14:50(-0300)

--------------------------------------
Metrics for period to: 19:15:00(-0300) (width: 7.498s)
--------------------------------------

http.codes.200: ................................................................ 1
http.request_rate: ............................................................. 1/sec
http.requests: ................................................................. 4
http.response_time:
  min: ......................................................................... 5329
  max: ......................................................................... 5329
  median: ...................................................................... 5378.9
  p95: ......................................................................... 5378.9
  p99: ......................................................................... 5378.9
http.responses: ................................................................ 1
vusers.completed: .............................................................. 1
vusers.created: ................................................................ 4
vusers.created_by_name.Root (/): ............................................... 4
vusers.failed: ................................................................. 0
vusers.session_length:
  min: ......................................................................... 5367.5
  max: ......................................................................... 5367.5
  median: ...................................................................... 5378.9
  p95: ......................................................................... 5378.9
  p99: ......................................................................... 5378.9


--------------------------------------
Metrics for period to: 19:15:10(-0300) (width: 9.502s)
--------------------------------------

errors.ETIMEDOUT: .............................................................. 2
http.codes.200: ................................................................ 1
http.request_rate: ............................................................. 1/sec
http.requests: ................................................................. 11
http.response_time:
  min: ......................................................................... 9872
  max: ......................................................................... 9872
  median: ...................................................................... 9801.2
  p95: ......................................................................... 9801.2
  p99: ......................................................................... 9801.2
http.responses: ................................................................ 1
vusers.completed: .............................................................. 1
vusers.created: ................................................................ 11
vusers.created_by_name.Root (/): ............................................... 11
vusers.failed: ................................................................. 2
vusers.session_length:
  min: ......................................................................... 9873.9
  max: ......................................................................... 9873.9
  median: ...................................................................... 9801.2
  p95: ......................................................................... 9801.2
  p99: ......................................................................... 9801.2


--------------------------------------
Metrics for period to: 19:15:20(-0300) (width: 9.501s)
--------------------------------------

errors.ETIMEDOUT: .............................................................. 9
http.codes.200: ................................................................ 4
http.request_rate: ............................................................. 1/sec
http.requests: ................................................................. 11
http.response_time:
  min: ......................................................................... 5005
  max: ......................................................................... 7509
  median: ...................................................................... 4965.3
  p95: ......................................................................... 7557.1
  p99: ......................................................................... 7557.1
http.responses: ................................................................ 4
vusers.completed: .............................................................. 4
vusers.created: ................................................................ 11
vusers.created_by_name.Root (/): ............................................... 11
vusers.failed: ................................................................. 9
vusers.session_length:
  min: ......................................................................... 5007.1
  max: ......................................................................... 7510.5
  median: ...................................................................... 4965.3
  p95: ......................................................................... 7557.1
  p99: ......................................................................... 7557.1


--------------------------------------
Metrics for period to: 19:15:30(-0300) (width: 9.002s)
--------------------------------------

errors.ETIMEDOUT: .............................................................. 9
http.request_rate: ............................................................. 1/sec
http.requests: ................................................................. 11
vusers.created: ................................................................ 11
vusers.created_by_name.Root (/): ............................................... 11
vusers.failed: ................................................................. 9


--------------------------------------
Metrics for period to: 19:15:40(-0300) (width: 9.002s)
--------------------------------------

errors.ETIMEDOUT: .............................................................. 11
http.request_rate: ............................................................. 1/sec
http.requests: ................................................................. 10
vusers.created: ................................................................ 10
vusers.created_by_name.Root (/): ............................................... 10
vusers.failed: ................................................................. 11


--------------------------------------
Metrics for period to: 19:15:50(-0300) (width: 8.002s)
--------------------------------------

errors.ETIMEDOUT: .............................................................. 10
http.request_rate: ............................................................. 1/sec
http.requests: ................................................................. 11
vusers.created: ................................................................ 11
vusers.created_by_name.Root (/): ............................................... 11
vusers.failed: ................................................................. 10


--------------------------------------
Metrics for period to: 19:16:00(-0300) (width: 9.001s)
--------------------------------------

errors.ETIMEDOUT: .............................................................. 11
http.request_rate: ............................................................. 1/sec
http.requests: ................................................................. 12
vusers.created: ................................................................ 12
vusers.created_by_name.Root (/): ............................................... 12
vusers.failed: ................................................................. 11


--------------------------------------
Metrics for period to: 19:16:10(-0300) (width: 9.001s)
--------------------------------------

errors.ETIMEDOUT: .............................................................. 12
http.request_rate: ............................................................. 1/sec
http.requests: ................................................................. 9
vusers.created: ................................................................ 9
vusers.created_by_name.Root (/): ............................................... 9
vusers.failed: ................................................................. 12


--------------------------------------
Metrics for period to: 19:16:20(-0300) (width: 8.999s)
--------------------------------------

errors.ETIMEDOUT: .............................................................. 9
http.request_rate: ............................................................. 1/sec
http.requests: ................................................................. 10
vusers.created: ................................................................ 10
vusers.created_by_name.Root (/): ............................................... 10
vusers.failed: ................................................................. 9


--------------------------------------
Metrics for period to: 19:16:30(-0300) (width: 8.501s)
--------------------------------------

errors.ETIMEDOUT: .............................................................. 10
http.request_rate: ............................................................. 1/sec
http.requests: ................................................................. 12
vusers.created: ................................................................ 12
vusers.created_by_name.Root (/): ............................................... 12
vusers.failed: ................................................................. 10


--------------------------------------
Metrics for period to: 19:16:40(-0300) (width: 9.503s)
--------------------------------------

errors.ETIMEDOUT: .............................................................. 12
http.request_rate: ............................................................. 1/sec
http.requests: ................................................................. 14
vusers.created: ................................................................ 14
vusers.created_by_name.Root (/): ............................................... 14
vusers.failed: ................................................................. 12


--------------------------------------
Metrics for period to: 19:16:50(-0300) (width: 9.501s)
--------------------------------------

errors.ETIMEDOUT: .............................................................. 14
http.request_rate: ............................................................. 1/sec
http.requests: ................................................................. 11
vusers.created: ................................................................ 11
vusers.created_by_name.Root (/): ............................................... 11
vusers.failed: ................................................................. 14


--------------------------------------
Metrics for period to: 19:17:00(-0300) (width: 8.999s)
--------------------------------------

errors.ETIMEDOUT: .............................................................. 11
http.request_rate: ............................................................. 1/sec
http.requests: ................................................................. 9
vusers.created: ................................................................ 9
vusers.created_by_name.Root (/): ............................................... 9
vusers.failed: ................................................................. 11


--------------------------------------
Metrics for period to: 19:17:10(-0300) (width: 9.001s)
--------------------------------------

errors.ETIMEDOUT: .............................................................. 9
http.request_rate: ............................................................. 1/sec
http.requests: ................................................................. 11
vusers.created: ................................................................ 11
vusers.created_by_name.Root (/): ............................................... 11
vusers.failed: ................................................................. 9


--------------------------------------
Metrics for period to: 19:17:20(-0300) (width: 8.999s)
--------------------------------------

errors.ETIMEDOUT: .............................................................. 11
http.request_rate: ............................................................. 2/sec
http.requests: ................................................................. 11
vusers.created: ................................................................ 11
vusers.created_by_name.Root (/): ............................................... 11
vusers.failed: ................................................................. 11


--------------------------------------
Metrics for period to: 19:17:30(-0300) (width: 9.001s)
--------------------------------------

errors.ETIMEDOUT: .............................................................. 11
http.request_rate: ............................................................. 2/sec
http.requests: ................................................................. 19
vusers.created: ................................................................ 19
vusers.created_by_name.Root (/): ............................................... 19
vusers.failed: ................................................................. 11


--------------------------------------
Metrics for period to: 19:17:40(-0300) (width: 9.501s)
--------------------------------------

errors.ETIMEDOUT: .............................................................. 19
http.request_rate: ............................................................. 2/sec
http.requests: ................................................................. 20
vusers.created: ................................................................ 20
vusers.created_by_name.Root (/): ............................................... 20
vusers.failed: ................................................................. 19


--------------------------------------
Metrics for period to: 19:17:50(-0300) (width: 9.502s)
--------------------------------------

errors.ETIMEDOUT: .............................................................. 20
http.request_rate: ............................................................. 2/sec
http.requests: ................................................................. 20
vusers.created: ................................................................ 20
vusers.created_by_name.Root (/): ............................................... 20
vusers.failed: ................................................................. 20


--------------------------------------
Metrics for period to: 19:18:00(-0300) (width: 9.501s)
--------------------------------------

errors.ETIMEDOUT: .............................................................. 20
http.request_rate: ............................................................. 2/sec
http.requests: ................................................................. 20
vusers.created: ................................................................ 20
vusers.created_by_name.Root (/): ............................................... 20
vusers.failed: ................................................................. 20


--------------------------------------
Metrics for period to: 19:18:10(-0300) (width: 9.502s)
--------------------------------------

errors.ETIMEDOUT: .............................................................. 20
http.request_rate: ............................................................. 2/sec
http.requests: ................................................................. 20
vusers.created: ................................................................ 20
vusers.created_by_name.Root (/): ............................................... 20
vusers.failed: ................................................................. 20


--------------------------------------
Metrics for period to: 19:18:20(-0300) (width: 9.502s)
--------------------------------------

errors.ETIMEDOUT: .............................................................. 20
http.request_rate: ............................................................. 2/sec
http.requests: ................................................................. 20
vusers.created: ................................................................ 20
vusers.created_by_name.Root (/): ............................................... 20
vusers.failed: ................................................................. 20


--------------------------------------
Metrics for period to: 19:18:30(-0300) (width: 9.501s)
--------------------------------------

errors.ETIMEDOUT: .............................................................. 20
http.request_rate: ............................................................. 2/sec
http.requests: ................................................................. 20
vusers.created: ................................................................ 20
vusers.created_by_name.Root (/): ............................................... 20
vusers.failed: ................................................................. 20


--------------------------------------
Metrics for period to: 19:18:40(-0300) (width: 9.501s)
--------------------------------------

errors.ETIMEDOUT: .............................................................. 20
http.request_rate: ............................................................. 2/sec
http.requests: ................................................................. 20
vusers.created: ................................................................ 20
vusers.created_by_name.Root (/): ............................................... 20
vusers.failed: ................................................................. 20


--------------------------------------
Metrics for period to: 19:18:50(-0300) (width: 9.501s)
--------------------------------------

errors.ETIMEDOUT: .............................................................. 20
http.request_rate: ............................................................. 2/sec
http.requests: ................................................................. 20
vusers.created: ................................................................ 20
vusers.created_by_name.Root (/): ............................................... 20
vusers.failed: ................................................................. 20


--------------------------------------
Metrics for period to: 19:19:00(-0300) (width: 9.501s)
--------------------------------------

errors.ETIMEDOUT: .............................................................. 20
http.request_rate: ............................................................. 2/sec
http.requests: ................................................................. 20
vusers.created: ................................................................ 20
vusers.created_by_name.Root (/): ............................................... 20
vusers.failed: ................................................................. 20


--------------------------------------
Metrics for period to: 19:19:10(-0300) (width: 9.501s)
--------------------------------------

errors.ETIMEDOUT: .............................................................. 20
http.request_rate: ............................................................. 2/sec
http.requests: ................................................................. 20
vusers.created: ................................................................ 20
vusers.created_by_name.Root (/): ............................................... 20
vusers.failed: ................................................................. 20


--------------------------------------
Metrics for period to: 19:19:20(-0300) (width: 9.501s)
--------------------------------------

errors.ETIMEDOUT: .............................................................. 20
http.request_rate: ............................................................. 2/sec
http.requests: ................................................................. 20
vusers.created: ................................................................ 20
vusers.created_by_name.Root (/): ............................................... 20
vusers.failed: ................................................................. 20


--------------------------------------
Metrics for period to: 19:19:30(-0300) (width: 9.503s)
--------------------------------------

errors.ETIMEDOUT: .............................................................. 20
http.request_rate: ............................................................. 2/sec
http.requests: ................................................................. 20
vusers.created: ................................................................ 20
vusers.created_by_name.Root (/): ............................................... 20
vusers.failed: ................................................................. 20


--------------------------------------
Metrics for period to: 19:19:40(-0300) (width: 9.501s)
--------------------------------------

errors.ETIMEDOUT: .............................................................. 20
http.request_rate: ............................................................. 2/sec
http.requests: ................................................................. 20
vusers.created: ................................................................ 20
vusers.created_by_name.Root (/): ............................................... 20
vusers.failed: ................................................................. 20


Phase completed: Slow Ramp (index: 0, duration: 300s) 19:19:51(-0300)

Phase started: Reset Line (index: 1, duration: 30s) 19:19:51(-0300)

--------------------------------------
Metrics for period to: 19:19:50(-0300) (width: 9.501s)
--------------------------------------

errors.ETIMEDOUT: .............................................................. 20
http.request_rate: ............................................................. 2/sec
http.requests: ................................................................. 20
vusers.created: ................................................................ 20
vusers.created_by_name.Root (/): ............................................... 20
vusers.failed: ................................................................. 20


--------------------------------------
Metrics for period to: 19:20:00(-0300) (width: 9.502s)
--------------------------------------

errors.ETIMEDOUT: .............................................................. 20
http.request_rate: ............................................................. 1/sec
http.requests: ................................................................. 10
vusers.created: ................................................................ 10
vusers.created_by_name.Root (/): ............................................... 10
vusers.failed: ................................................................. 20


--------------------------------------
Metrics for period to: 19:20:10(-0300) (width: 9s)
--------------------------------------

errors.ETIMEDOUT: .............................................................. 10
http.request_rate: ............................................................. 1/sec
http.requests: ................................................................. 10
vusers.created: ................................................................ 10
vusers.created_by_name.Root (/): ............................................... 10
vusers.failed: ................................................................. 10


Phase completed: Reset Line (index: 1, duration: 30s) 19:20:21(-0300)

--------------------------------------
Metrics for period to: 19:20:20(-0300) (width: 9.001s)
--------------------------------------

errors.ETIMEDOUT: .............................................................. 10
http.request_rate: ............................................................. 1/sec
http.requests: ................................................................. 10
vusers.created: ................................................................ 10
vusers.created_by_name.Root (/): ............................................... 10
vusers.failed: ................................................................. 10


--------------------------------------
Metrics for period to: 19:20:40(-0300) (width: 1.001s)
--------------------------------------

errors.ETIMEDOUT: .............................................................. 2
vusers.failed: ................................................................. 2


--------------------------------------
Metrics for period to: 19:20:30(-0300) (width: 9.001s)
--------------------------------------

errors.ETIMEDOUT: .............................................................. 10
http.request_rate: ............................................................. 2/sec
http.requests: ................................................................. 2
vusers.created: ................................................................ 2
vusers.created_by_name.Root (/): ............................................... 2
vusers.failed: ................................................................. 10


All VUs finished. Total time: 5 minutes, 41 seconds

--------------------------------
Summary report @ 19:20:31(-0300)
--------------------------------

errors.ETIMEDOUT: .............................................................. 482
http.codes.200: ................................................................ 6
http.request_rate: ............................................................. 1/sec
http.requests: ................................................................. 488
http.response_time:
  min: ......................................................................... 5005
  max: ......................................................................... 9872
  median: ...................................................................... 5378.9
  p95: ......................................................................... 7557.1
  p99: ......................................................................... 7557.1
http.responses: ................................................................ 6
vusers.completed: .............................................................. 6
vusers.created: ................................................................ 488
vusers.created_by_name.Root (/): ............................................... 488
vusers.failed: ................................................................. 482
vusers.session_length:
  min: ......................................................................... 5007.1
  max: ......................................................................... 9873.9
  median: ...................................................................... 5378.9
  p95: ......................................................................... 7557.1
  p99: ......................................................................... 7557.1
