
> perf@1.0.0 artillery
> NODE_OPTIONS=--max-old-space-size=4096 artillery "run" "./results/single-node/1-breakpoint/cfg-breakpoint.yaml" "-e" "nodeasync"

Phase started: Slow Ramp (index: 0, duration: 300s) 22:17:08(-0300)

--------------------------------------
Metrics for period to: 22:17:10(-0300) (width: 1.025s)
--------------------------------------

http.request_rate: ............................................................. 5/sec
http.requests: ................................................................. 5
vusers.created: ................................................................ 5
vusers.created_by_name.Root (/): ............................................... 5


--------------------------------------
Metrics for period to: 22:17:20(-0300) (width: 9.857s)
--------------------------------------

http.codes.200: ................................................................ 120
http.request_rate: ............................................................. 15/sec
http.requests: ................................................................. 146
http.response_time:
  min: ......................................................................... 1504
  max: ......................................................................... 1518
  median: ...................................................................... 1495.5
  p95: ......................................................................... 1525.7
  p99: ......................................................................... 1525.7
http.responses: ................................................................ 120
vusers.completed: .............................................................. 120
vusers.created: ................................................................ 146
vusers.created_by_name.Root (/): ............................................... 146
vusers.failed: ................................................................. 0
vusers.session_length:
  min: ......................................................................... 1504.9
  max: ......................................................................... 1562.9
  median: ...................................................................... 1525.7
  p95: ......................................................................... 1525.7
  p99: ......................................................................... 1525.7


--------------------------------------
Metrics for period to: 22:17:30(-0300) (width: 9.973s)
--------------------------------------

http.codes.200: ................................................................ 297
http.request_rate: ............................................................. 33/sec
http.requests: ................................................................. 330
http.response_time:
  min: ......................................................................... 1503
  max: ......................................................................... 1518
  median: ...................................................................... 1495.5
  p95: ......................................................................... 1525.7
  p99: ......................................................................... 1525.7
http.responses: ................................................................ 297
vusers.completed: .............................................................. 297
vusers.created: ................................................................ 331
vusers.created_by_name.Root (/): ............................................... 331
vusers.failed: ................................................................. 0
vusers.session_length:
  min: ......................................................................... 1504.7
  max: ......................................................................... 1547.5
  median: ...................................................................... 1525.7
  p95: ......................................................................... 1525.7
  p99: ......................................................................... 1525.7


--------------------------------------
Metrics for period to: 22:17:40(-0300) (width: 9.996s)
--------------------------------------

http.codes.200: ................................................................ 478
http.request_rate: ............................................................. 50/sec
http.requests: ................................................................. 499
http.response_time:
  min: ......................................................................... 1503
  max: ......................................................................... 1520
  median: ...................................................................... 1495.5
  p95: ......................................................................... 1525.7
  p99: ......................................................................... 1525.7
http.responses: ................................................................ 478
vusers.completed: .............................................................. 478
vusers.created: ................................................................ 498
vusers.created_by_name.Root (/): ............................................... 498
vusers.failed: ................................................................. 0
vusers.session_length:
  min: ......................................................................... 1504
  max: ......................................................................... 1527
  median: ...................................................................... 1525.7
  p95: ......................................................................... 1525.7
  p99: ......................................................................... 1525.7


--------------------------------------
Metrics for period to: 22:17:50(-0300) (width: 9.998s)
--------------------------------------

http.codes.200: ................................................................ 673
http.request_rate: ............................................................. 70/sec
http.requests: ................................................................. 704
http.response_time:
  min: ......................................................................... 1502
  max: ......................................................................... 1557
  median: ...................................................................... 1495.5
  p95: ......................................................................... 1525.7
  p99: ......................................................................... 1525.7
http.responses: ................................................................ 673
vusers.completed: .............................................................. 673
vusers.created: ................................................................ 704
vusers.created_by_name.Root (/): ............................................... 704
vusers.failed: ................................................................. 0
vusers.session_length:
  min: ......................................................................... 1503.3
  max: ......................................................................... 1560.7
  median: ...................................................................... 1495.5
  p95: ......................................................................... 1525.7
  p99: ......................................................................... 1525.7


--------------------------------------
Metrics for period to: 22:18:00(-0300) (width: 9.998s)
--------------------------------------

http.codes.200: ................................................................ 808
http.request_rate: ............................................................. 82/sec
http.requests: ................................................................. 822
http.response_time:
  min: ......................................................................... 1502
  max: ......................................................................... 1533
  median: ...................................................................... 1495.5
  p95: ......................................................................... 1525.7
  p99: ......................................................................... 1525.7
http.responses: ................................................................ 808
vusers.completed: .............................................................. 807
vusers.created: ................................................................ 822
vusers.created_by_name.Root (/): ............................................... 822
vusers.failed: ................................................................. 0
vusers.session_length:
  min: ......................................................................... 1503.2
  max: ......................................................................... 1536.6
  median: ...................................................................... 1495.5
  p95: ......................................................................... 1525.7
  p99: ......................................................................... 1525.7


--------------------------------------
Metrics for period to: 22:18:10(-0300) (width: 9.994s)
--------------------------------------

http.codes.200: ................................................................ 981
http.request_rate: ............................................................. 102/sec
http.requests: ................................................................. 1023
http.response_time:
  min: ......................................................................... 1503
  max: ......................................................................... 1543
  median: ...................................................................... 1495.5
  p95: ......................................................................... 1525.7
  p99: ......................................................................... 1525.7
http.responses: ................................................................ 981
vusers.completed: .............................................................. 982
vusers.created: ................................................................ 1023
vusers.created_by_name.Root (/): ............................................... 1023
vusers.failed: ................................................................. 0
vusers.session_length:
  min: ......................................................................... 1504.5
  max: ......................................................................... 1553.1
  median: ...................................................................... 1525.7
  p95: ......................................................................... 1525.7
  p99: ......................................................................... 1525.7


--------------------------------------
Metrics for period to: 22:18:20(-0300) (width: 9.992s)
--------------------------------------

http.codes.200: ................................................................ 1178
http.request_rate: ............................................................. 119/sec
http.requests: ................................................................. 1182
http.response_time:
  min: ......................................................................... 1503
  max: ......................................................................... 1567
  median: ...................................................................... 1495.5
  p95: ......................................................................... 1525.7
  p99: ......................................................................... 1525.7
http.responses: ................................................................ 1178
vusers.completed: .............................................................. 1178
vusers.created: ................................................................ 1182
vusers.created_by_name.Root (/): ............................................... 1182
vusers.failed: ................................................................. 0
vusers.session_length:
  min: ......................................................................... 1504
  max: ......................................................................... 1575.7
  median: ...................................................................... 1525.7
  p95: ......................................................................... 1525.7
  p99: ......................................................................... 1525.7


--------------------------------------
Metrics for period to: 22:18:30(-0300) (width: 9.988s)
--------------------------------------

http.codes.200: ................................................................ 1348
http.request_rate: ............................................................. 138/sec
http.requests: ................................................................. 1375
http.response_time:
  min: ......................................................................... 1502
  max: ......................................................................... 1544
  median: ...................................................................... 1495.5
  p95: ......................................................................... 1525.7
  p99: ......................................................................... 1525.7
http.responses: ................................................................ 1348
vusers.completed: .............................................................. 1348
vusers.created: ................................................................ 1375
vusers.created_by_name.Root (/): ............................................... 1375
vusers.failed: ................................................................. 0
vusers.session_length:
  min: ......................................................................... 1503.2
  max: ......................................................................... 1546.9
  median: ...................................................................... 1495.5
  p95: ......................................................................... 1525.7
  p99: ......................................................................... 1525.7


--------------------------------------
Metrics for period to: 22:18:40(-0300) (width: 9.997s)
--------------------------------------

http.codes.200: ................................................................ 1494
http.request_rate: ............................................................. 153/sec
http.requests: ................................................................. 1531
http.response_time:
  min: ......................................................................... 1502
  max: ......................................................................... 1574
  median: ...................................................................... 1495.5
  p95: ......................................................................... 1525.7
  p99: ......................................................................... 1525.7
http.responses: ................................................................ 1494
vusers.completed: .............................................................. 1493
vusers.created: ................................................................ 1531
vusers.created_by_name.Root (/): ............................................... 1531
vusers.failed: ................................................................. 0
vusers.session_length:
  min: ......................................................................... 1503.1
  max: ......................................................................... 1577
  median: ...................................................................... 1525.7
  p95: ......................................................................... 1525.7
  p99: ......................................................................... 1556.5


--------------------------------------
Metrics for period to: 22:18:50(-0300) (width: 9.996s)
--------------------------------------

http.codes.200: ................................................................ 1613
http.request_rate: ............................................................. 162/sec
http.requests: ................................................................. 1619
http.response_time:
  min: ......................................................................... 1502
  max: ......................................................................... 1559
  median: ...................................................................... 1495.5
  p95: ......................................................................... 1525.7
  p99: ......................................................................... 1525.7
http.responses: ................................................................ 1613
vusers.completed: .............................................................. 1614
vusers.created: ................................................................ 1619
vusers.created_by_name.Root (/): ............................................... 1619
vusers.failed: ................................................................. 0
vusers.session_length:
  min: ......................................................................... 1502.7
  max: ......................................................................... 1564.4
  median: ...................................................................... 1525.7
  p95: ......................................................................... 1525.7
  p99: ......................................................................... 1525.7


--------------------------------------
Metrics for period to: 22:19:00(-0300) (width: 9.995s)
--------------------------------------

http.codes.200: ................................................................ 1803
http.request_rate: ............................................................. 185/sec
http.requests: ................................................................. 1844
http.response_time:
  min: ......................................................................... 1502
  max: ......................................................................... 1556
  median: ...................................................................... 1495.5
  p95: ......................................................................... 1525.7
  p99: ......................................................................... 1525.7
http.responses: ................................................................ 1803
vusers.completed: .............................................................. 1803
vusers.created: ................................................................ 1845
vusers.created_by_name.Root (/): ............................................... 1845
vusers.failed: ................................................................. 0
vusers.session_length:
  min: ......................................................................... 1503.2
  max: ......................................................................... 1557.9
  median: ...................................................................... 1525.7
  p95: ......................................................................... 1525.7
  p99: ......................................................................... 1525.7


--------------------------------------
Metrics for period to: 22:19:10(-0300) (width: 9.999s)
--------------------------------------

http.codes.200: ................................................................ 1955
http.request_rate: ............................................................. 198/sec
http.requests: ................................................................. 1978
http.response_time:
  min: ......................................................................... 1502
  max: ......................................................................... 1568
  median: ...................................................................... 1495.5
  p95: ......................................................................... 1525.7
  p99: ......................................................................... 1525.7
http.responses: ................................................................ 1955
vusers.completed: .............................................................. 1955
vusers.created: ................................................................ 1978
vusers.created_by_name.Root (/): ............................................... 1978
vusers.failed: ................................................................. 0
vusers.session_length:
  min: ......................................................................... 1503.1
  max: ......................................................................... 1588.3
  median: ...................................................................... 1525.7
  p95: ......................................................................... 1525.7
  p99: ......................................................................... 1556.5


--------------------------------------
Metrics for period to: 22:19:20(-0300) (width: 9.999s)
--------------------------------------

http.codes.200: ................................................................ 2165
http.request_rate: ............................................................. 218/sec
http.requests: ................................................................. 2183
http.response_time:
  min: ......................................................................... 1502
  max: ......................................................................... 1563
  median: ...................................................................... 1495.5
  p95: ......................................................................... 1525.7
  p99: ......................................................................... 1525.7
http.responses: ................................................................ 2165
vusers.completed: .............................................................. 2165
vusers.created: ................................................................ 2182
vusers.created_by_name.Root (/): ............................................... 2182
vusers.failed: ................................................................. 0
vusers.session_length:
  min: ......................................................................... 1503.2
  max: ......................................................................... 1575.5
  median: ...................................................................... 1495.5
  p95: ......................................................................... 1525.7
  p99: ......................................................................... 1556.5


--------------------------------------
Metrics for period to: 22:19:30(-0300) (width: 9.998s)
--------------------------------------

http.codes.200: ................................................................ 2345
http.request_rate: ............................................................. 243/sec
http.requests: ................................................................. 2426
http.response_time:
  min: ......................................................................... 1502
  max: ......................................................................... 1566
  median: ...................................................................... 1495.5
  p95: ......................................................................... 1525.7
  p99: ......................................................................... 1525.7
http.responses: ................................................................ 2345
vusers.completed: .............................................................. 2345
vusers.created: ................................................................ 2426
vusers.created_by_name.Root (/): ............................................... 2426
vusers.failed: ................................................................. 0
vusers.session_length:
  min: ......................................................................... 1502.7
  max: ......................................................................... 1572.2
  median: ...................................................................... 1495.5
  p95: ......................................................................... 1525.7
  p99: ......................................................................... 1556.5


--------------------------------------
Metrics for period to: 22:19:40(-0300) (width: 9.994s)
--------------------------------------

http.codes.200: ................................................................ 2500
http.request_rate: ............................................................. 249/sec
http.requests: ................................................................. 2493
http.response_time:
  min: ......................................................................... 1502
  max: ......................................................................... 1575
  median: ...................................................................... 1495.5
  p95: ......................................................................... 1525.7
  p99: ......................................................................... 1556.5
http.responses: ................................................................ 2500
vusers.completed: .............................................................. 2500
vusers.created: ................................................................ 2493
vusers.created_by_name.Root (/): ............................................... 2493
vusers.failed: ................................................................. 0
vusers.session_length:
  min: ......................................................................... 1502.9
  max: ......................................................................... 1579.6
  median: ...................................................................... 1495.5
  p95: ......................................................................... 1525.7
  p99: ......................................................................... 1556.5


--------------------------------------
Metrics for period to: 22:19:50(-0300) (width: 9.998s)
--------------------------------------

http.codes.200: ................................................................ 2819
http.request_rate: ............................................................. 288/sec
http.requests: ................................................................. 2879
http.response_time:
  min: ......................................................................... 1502
  max: ......................................................................... 1571
  median: ...................................................................... 1495.5
  p95: ......................................................................... 1525.7
  p99: ......................................................................... 1556.5
http.responses: ................................................................ 2819
vusers.completed: .............................................................. 2819
vusers.created: ................................................................ 2879
vusers.created_by_name.Root (/): ............................................... 2879
vusers.failed: ................................................................. 0
vusers.session_length:
  min: ......................................................................... 1503.3
  max: ......................................................................... 1587
  median: ...................................................................... 1525.7
  p95: ......................................................................... 1525.7
  p99: ......................................................................... 1556.5


--------------------------------------
Metrics for period to: 22:20:00(-0300) (width: 9.998s)
--------------------------------------

http.codes.200: ................................................................ 3060
http.request_rate: ............................................................. 308/sec
http.requests: ................................................................. 3080
http.response_time:
  min: ......................................................................... 1502
  max: ......................................................................... 1669
  median: ...................................................................... 1525.7
  p95: ......................................................................... 1556.5
  p99: ......................................................................... 1620
http.responses: ................................................................ 3060
vusers.completed: .............................................................. 3060
vusers.created: ................................................................ 3080
vusers.created_by_name.Root (/): ............................................... 3080
vusers.failed: ................................................................. 0
vusers.session_length:
  min: ......................................................................... 1502.8
  max: ......................................................................... 1672
  median: ...................................................................... 1525.7
  p95: ......................................................................... 1556.5
  p99: ......................................................................... 1620


--------------------------------------
Metrics for period to: 22:20:10(-0300) (width: 9.999s)
--------------------------------------

http.codes.200: ................................................................ 3193
http.request_rate: ............................................................. 326/sec
http.requests: ................................................................. 3263
http.response_time:
  min: ......................................................................... 1502
  max: ......................................................................... 1627
  median: ...................................................................... 1525.7
  p95: ......................................................................... 1556.5
  p99: ......................................................................... 1587.9
http.responses: ................................................................ 3193
vusers.completed: .............................................................. 3193
vusers.created: ................................................................ 3264
vusers.created_by_name.Root (/): ............................................... 3264
vusers.failed: ................................................................. 0
vusers.session_length:
  min: ......................................................................... 1502.7
  max: ......................................................................... 1629.2
  median: ...................................................................... 1525.7
  p95: ......................................................................... 1556.5
  p99: ......................................................................... 1587.9


--------------------------------------
Metrics for period to: 22:20:20(-0300) (width: 9.999s)
--------------------------------------

http.codes.200: ................................................................ 3435
http.request_rate: ............................................................. 344/sec
http.requests: ................................................................. 3441
http.response_time:
  min: ......................................................................... 1501
  max: ......................................................................... 2090
  median: ...................................................................... 1525.7
  p95: ......................................................................... 1720.2
  p99: ......................................................................... 1939.5
http.responses: ................................................................ 3435
vusers.completed: .............................................................. 3435
vusers.created: ................................................................ 3440
vusers.created_by_name.Root (/): ............................................... 3440
vusers.failed: ................................................................. 0
vusers.session_length:
  min: ......................................................................... 1502.7
  max: ......................................................................... 2093
  median: ...................................................................... 1525.7
  p95: ......................................................................... 1720.2
  p99: ......................................................................... 1939.5


--------------------------------------
Metrics for period to: 22:20:30(-0300) (width: 9.999s)
--------------------------------------

http.codes.200: ................................................................ 3549
http.request_rate: ............................................................. 356/sec
http.requests: ................................................................. 3563
http.response_time:
  min: ......................................................................... 1501
  max: ......................................................................... 1781
  median: ...................................................................... 1525.7
  p95: ......................................................................... 1620
  p99: ......................................................................... 1652.8
http.responses: ................................................................ 3549
vusers.completed: .............................................................. 3549
vusers.created: ................................................................ 3563
vusers.created_by_name.Root (/): ............................................... 3563
vusers.failed: ................................................................. 0
vusers.session_length:
  min: ......................................................................... 1502.7
  max: ......................................................................... 1782.6
  median: ...................................................................... 1525.7
  p95: ......................................................................... 1620
  p99: ......................................................................... 1652.8


--------------------------------------
Metrics for period to: 22:20:40(-0300) (width: 9.999s)
--------------------------------------

http.codes.200: ................................................................ 3708
http.request_rate: ............................................................. 374/sec
http.requests: ................................................................. 3744
http.response_time:
  min: ......................................................................... 1502
  max: ......................................................................... 1813
  median: ...................................................................... 1525.7
  p95: ......................................................................... 1652.8
  p99: ......................................................................... 1720.2
http.responses: ................................................................ 3708
vusers.completed: .............................................................. 3708
vusers.created: ................................................................ 3745
vusers.created_by_name.Root (/): ............................................... 3745
vusers.failed: ................................................................. 0
vusers.session_length:
  min: ......................................................................... 1502.6
  max: ......................................................................... 1815.2
  median: ...................................................................... 1525.7
  p95: ......................................................................... 1652.8
  p99: ......................................................................... 1720.2


--------------------------------------
Metrics for period to: 22:20:50(-0300) (width: 9.996s)
--------------------------------------

http.codes.200: ................................................................ 3831
http.request_rate: ............................................................. 383/sec
http.requests: ................................................................. 3825
http.response_time:
  min: ......................................................................... 1502
  max: ......................................................................... 1992
  median: ...................................................................... 1525.7
  p95: ......................................................................... 1720.2
  p99: ......................................................................... 1863.5
http.responses: ................................................................ 3831
vusers.completed: .............................................................. 3831
vusers.created: ................................................................ 3824
vusers.created_by_name.Root (/): ............................................... 3824
vusers.failed: ................................................................. 0
vusers.session_length:
  min: ......................................................................... 1502.5
  max: ......................................................................... 2008.2
  median: ...................................................................... 1525.7
  p95: ......................................................................... 1720.2
  p99: ......................................................................... 1863.5


--------------------------------------
Metrics for period to: 22:21:00(-0300) (width: 9.999s)
--------------------------------------

http.codes.200: ................................................................ 3894
http.request_rate: ............................................................. 390/sec
http.requests: ................................................................. 3901
http.response_time:
  min: ......................................................................... 1501
  max: ......................................................................... 2223
  median: ...................................................................... 1556.5
  p95: ......................................................................... 1863.5
  p99: ......................................................................... 2018.7
http.responses: ................................................................ 3894
vusers.completed: .............................................................. 3894
vusers.created: ................................................................ 3902
vusers.created_by_name.Root (/): ............................................... 3902
vusers.failed: ................................................................. 0
vusers.session_length:
  min: ......................................................................... 1502.8
  max: ......................................................................... 2226.7
  median: ...................................................................... 1556.5
  p95: ......................................................................... 1863.5
  p99: ......................................................................... 2018.7


--------------------------------------
Metrics for period to: 22:21:10(-0300) (width: 9.997s)
--------------------------------------

http.codes.200: ................................................................ 3777
http.request_rate: ............................................................. 409/sec
http.requests: ................................................................. 4084
http.response_time:
  min: ......................................................................... 1502
  max: ......................................................................... 2795
  median: ...................................................................... 1720.2
  p95: ......................................................................... 2322.1
  p99: ......................................................................... 2515.5
http.responses: ................................................................ 3777
vusers.completed: .............................................................. 3777
vusers.created: ................................................................ 4083
vusers.created_by_name.Root (/): ............................................... 4083
vusers.failed: ................................................................. 0
vusers.session_length:
  min: ......................................................................... 1502.9
  max: ......................................................................... 2796.7
  median: ...................................................................... 1720.2
  p95: ......................................................................... 2322.1
  p99: ......................................................................... 2515.5


--------------------------------------
Metrics for period to: 22:21:20(-0300) (width: 9.999s)
--------------------------------------

http.codes.200: ................................................................ 4223
http.request_rate: ............................................................. 434/sec
http.requests: ................................................................. 4339
http.response_time:
  min: ......................................................................... 1502
  max: ......................................................................... 2725
  median: ...................................................................... 1720.2
  p95: ......................................................................... 2276.1
  p99: ......................................................................... 2465.6
http.responses: ................................................................ 4223
vusers.completed: .............................................................. 4223
vusers.created: ................................................................ 4340
vusers.created_by_name.Root (/): ............................................... 4340
vusers.failed: ................................................................. 0
vusers.session_length:
  min: ......................................................................... 1502.6
  max: ......................................................................... 2727.7
  median: ...................................................................... 1720.2
  p95: ......................................................................... 2276.1
  p99: ......................................................................... 2465.6


--------------------------------------
Metrics for period to: 22:21:30(-0300) (width: 9.999s)
--------------------------------------

http.codes.200: ................................................................ 4582
http.request_rate: ............................................................. 456/sec
http.requests: ................................................................. 4557
http.response_time:
  min: ......................................................................... 1520
  max: ......................................................................... 3219
  median: ...................................................................... 1978.7
  p95: ......................................................................... 2780
  p99: ......................................................................... 2951.9
http.responses: ................................................................ 4582
vusers.completed: .............................................................. 4582
vusers.created: ................................................................ 4557
vusers.created_by_name.Root (/): ............................................... 4557
vusers.failed: ................................................................. 0
vusers.session_length:
  min: ......................................................................... 1523.6
  max: ......................................................................... 3221.1
  median: ...................................................................... 1978.7
  p95: ......................................................................... 2780
  p99: ......................................................................... 2951.9


--------------------------------------
Metrics for period to: 22:21:40(-0300) (width: 9.998s)
--------------------------------------

http.codes.200: ................................................................ 4818
http.request_rate: ............................................................. 472/sec
http.requests: ................................................................. 4718
http.response_time:
  min: ......................................................................... 1504
  max: ......................................................................... 3200
  median: ...................................................................... 2018.7
  p95: ......................................................................... 2725
  p99: ......................................................................... 2893.5
http.responses: ................................................................ 4818
vusers.completed: .............................................................. 4818
vusers.created: ................................................................ 4718
vusers.created_by_name.Root (/): ............................................... 4718
vusers.failed: ................................................................. 0
vusers.session_length:
  min: ......................................................................... 1508.2
  max: ......................................................................... 3202
  median: ...................................................................... 2018.7
  p95: ......................................................................... 2725
  p99: ......................................................................... 2893.5


--------------------------------------
Metrics for period to: 22:21:50(-0300) (width: 9.999s)
--------------------------------------

http.codes.200: ................................................................ 4959
http.request_rate: ............................................................. 480/sec
http.requests: ................................................................. 4800
http.response_time:
  min: ......................................................................... 1502
  max: ......................................................................... 3111
  median: ...................................................................... 1939.5
  p95: ......................................................................... 2618.1
  p99: ......................................................................... 2836.2
http.responses: ................................................................ 4959
vusers.completed: .............................................................. 4959
vusers.created: ................................................................ 4799
vusers.created_by_name.Root (/): ............................................... 4799
vusers.failed: ................................................................. 0
vusers.session_length:
  min: ......................................................................... 1502.7
  max: ......................................................................... 3112.2
  median: ...................................................................... 1939.5
  p95: ......................................................................... 2618.1
  p99: ......................................................................... 2836.2


--------------------------------------
Metrics for period to: 22:22:00(-0300) (width: 9.999s)
--------------------------------------

http.codes.200: ................................................................ 4365
http.request_rate: ............................................................. 490/sec
http.requests: ................................................................. 4896
http.response_time:
  min: ......................................................................... 1508
  max: ......................................................................... 3860
  median: ...................................................................... 2186.8
  p95: ......................................................................... 3197.8
  p99: ......................................................................... 3534.1
http.responses: ................................................................ 4365
vusers.completed: .............................................................. 4365
vusers.created: ................................................................ 4897
vusers.created_by_name.Root (/): ............................................... 4897
vusers.failed: ................................................................. 0
vusers.session_length:
  min: ......................................................................... 1510.7
  max: ......................................................................... 3862.1
  median: ...................................................................... 2186.8
  p95: ......................................................................... 3197.8
  p99: ......................................................................... 3534.1


--------------------------------------
Metrics for period to: 22:22:10(-0300) (width: 9.998s)
--------------------------------------

http.codes.200: ................................................................ 4873
http.request_rate: ............................................................. 476/sec
http.requests: ................................................................. 4762
http.response_time:
  min: ......................................................................... 1735
  max: ......................................................................... 4526
  median: ...................................................................... 2369
  p95: ......................................................................... 3262.4
  p99: ......................................................................... 3678.4
http.responses: ................................................................ 4873
vusers.completed: .............................................................. 4873
vusers.created: ................................................................ 4761
vusers.created_by_name.Root (/): ............................................... 4761
vusers.failed: ................................................................. 0
vusers.session_length:
  min: ......................................................................... 1738.3
  max: ......................................................................... 4528.1
  median: ...................................................................... 2369
  p95: ......................................................................... 3262.4
  p99: ......................................................................... 3678.4


--------------------------------------
Metrics for period to: 22:22:20(-0300) (width: 9.998s)
--------------------------------------

errors.ECONNRESET: ............................................................. 5
http.codes.200: ................................................................ 4564
http.request_rate: ............................................................. 471/sec
http.requests: ................................................................. 4709
http.response_time:
  min: ......................................................................... 1673
  max: ......................................................................... 5735
  median: ...................................................................... 3534.1
  p95: ......................................................................... 4867
  p99: ......................................................................... 5065.6
http.responses: ................................................................ 4564
vusers.completed: .............................................................. 4564
vusers.created: ................................................................ 4710
vusers.created_by_name.Root (/): ............................................... 4710
vusers.failed: ................................................................. 5
vusers.session_length:
  min: ......................................................................... 1674.4
  max: ......................................................................... 5736.2
  median: ...................................................................... 3534.1
  p95: ......................................................................... 4867
  p99: ......................................................................... 5065.6


--------------------------------------
Metrics for period to: 22:22:30(-0300) (width: 9.999s)
--------------------------------------

http.codes.200: ................................................................ 4386
http.request_rate: ............................................................. 481/sec
http.requests: ................................................................. 4810
http.response_time:
  min: ......................................................................... 2113
  max: ......................................................................... 6175
  median: ...................................................................... 3134.5
  p95: ......................................................................... 4403.8
  p99: ......................................................................... 4770.6
http.responses: ................................................................ 4386
vusers.completed: .............................................................. 4386
vusers.created: ................................................................ 4810
vusers.created_by_name.Root (/): ............................................... 4810
vusers.failed: ................................................................. 0
vusers.session_length:
  min: ......................................................................... 2114.7
  max: ......................................................................... 6177.3
  median: ...................................................................... 3134.5
  p95: ......................................................................... 4403.8
  p99: ......................................................................... 4770.6


--------------------------------------
Metrics for period to: 22:22:40(-0300) (width: 9.999s)
--------------------------------------

http.codes.200: ................................................................ 4778
http.request_rate: ............................................................. 511/sec
http.requests: ................................................................. 5109
http.response_time:
  min: ......................................................................... 2081
  max: ......................................................................... 4995
  median: ...................................................................... 3328.3
  p95: ......................................................................... 4231.1
  p99: ......................................................................... 4676.2
http.responses: ................................................................ 4778
vusers.completed: .............................................................. 4778
vusers.created: ................................................................ 5109
vusers.created_by_name.Root (/): ............................................... 5109
vusers.failed: ................................................................. 0
vusers.session_length:
  min: ......................................................................... 2084.3
  max: ......................................................................... 5003.2
  median: ...................................................................... 3328.3
  p95: ......................................................................... 4231.1
  p99: ......................................................................... 4770.6


--------------------------------------
Metrics for period to: 22:22:50(-0300) (width: 9.999s)
--------------------------------------

http.codes.200: ................................................................ 5236
http.request_rate: ............................................................. 506/sec
http.requests: ................................................................. 5056
http.response_time:
  min: ......................................................................... 1847
  max: ......................................................................... 4896
  median: ...................................................................... 3262.4
  p95: ......................................................................... 3905.8
  p99: ......................................................................... 4316.6
http.responses: ................................................................ 5236
vusers.completed: .............................................................. 5236
vusers.created: ................................................................ 5056
vusers.created_by_name.Root (/): ............................................... 5056
vusers.failed: ................................................................. 0
vusers.session_length:
  min: ......................................................................... 1848.3
  max: ......................................................................... 4992.2
  median: ...................................................................... 3328.3
  p95: ......................................................................... 3905.8
  p99: ......................................................................... 4316.6


--------------------------------------
Metrics for period to: 22:23:00(-0300) (width: 9.997s)
--------------------------------------

http.codes.200: ................................................................ 5051
http.request_rate: ............................................................. 515/sec
http.requests: ................................................................. 5146
http.response_time:
  min: ......................................................................... 2484
  max: ......................................................................... 5783
  median: ...................................................................... 3905.8
  p95: ......................................................................... 5065.6
  p99: ......................................................................... 5378.9
http.responses: ................................................................ 5051
vusers.completed: .............................................................. 5051
vusers.created: ................................................................ 5145
vusers.created_by_name.Root (/): ............................................... 5145
vusers.failed: ................................................................. 0
vusers.session_length:
  min: ......................................................................... 2487.2
  max: ......................................................................... 5784.3
  median: ...................................................................... 3905.8
  p95: ......................................................................... 5065.6
  p99: ......................................................................... 5378.9


--------------------------------------
Metrics for period to: 22:23:10(-0300) (width: 9.999s)
--------------------------------------

http.codes.200: ................................................................ 5101
http.request_rate: ............................................................. 499/sec
http.requests: ................................................................. 4993
http.response_time:
  min: ......................................................................... 2416
  max: ......................................................................... 6740
  median: ...................................................................... 3605.5
  p95: ......................................................................... 5378.9
  p99: ......................................................................... 5711.5
http.responses: ................................................................ 5101
vusers.completed: .............................................................. 5101
vusers.created: ................................................................ 4994
vusers.created_by_name.Root (/): ............................................... 4994
vusers.failed: ................................................................. 0
vusers.session_length:
  min: ......................................................................... 2419.3
  max: ......................................................................... 6741.7
  median: ...................................................................... 3605.5
  p95: ......................................................................... 5378.9
  p99: ......................................................................... 5711.5


--------------------------------------
Metrics for period to: 22:23:20(-0300) (width: 9.994s)
--------------------------------------

errors.ECONNRESET: ............................................................. 1
http.codes.200: ................................................................ 4012
http.request_rate: ............................................................. 532/sec
http.requests: ................................................................. 5319
http.response_time:
  min: ......................................................................... 2274
  max: ......................................................................... 8899
  median: ...................................................................... 4867
  p95: ......................................................................... 6702.6
  p99: ......................................................................... 7557.1
http.responses: ................................................................ 4012
vusers.completed: .............................................................. 4012
vusers.created: ................................................................ 5319
vusers.created_by_name.Root (/): ............................................... 5319
vusers.failed: ................................................................. 1
vusers.session_length:
  min: ......................................................................... 2276.6
  max: ......................................................................... 8900.6
  median: ...................................................................... 4867
  p95: ......................................................................... 6702.6
  p99: ......................................................................... 7557.1


--------------------------------------
Metrics for period to: 22:23:30(-0300) (width: 9.987s)
--------------------------------------

errors.ECONNRESET: ............................................................. 69
errors.ETIMEDOUT: .............................................................. 289
http.codes.200: ................................................................ 3929
http.request_rate: ............................................................. 518/sec
http.requests: ................................................................. 5169
http.response_time:
  min: ......................................................................... 4753
  max: ......................................................................... 10002
  median: ...................................................................... 7557.1
  p95: ......................................................................... 9607.1
  p99: ......................................................................... 9999.2
http.responses: ................................................................ 3929
vusers.completed: .............................................................. 3929
vusers.created: ................................................................ 5168
vusers.created_by_name.Root (/): ............................................... 5168
vusers.failed: ................................................................. 358
vusers.session_length:
  min: ......................................................................... 4755.6
  max: ......................................................................... 10004.7
  median: ...................................................................... 7557.1
  p95: ......................................................................... 9607.1
  p99: ......................................................................... 9999.2


--------------------------------------
Metrics for period to: 22:23:40(-0300) (width: 9.999s)
--------------------------------------

errors.ECONNRESET: ............................................................. 12
errors.ETIMEDOUT: .............................................................. 258
http.codes.200: ................................................................ 4813
http.request_rate: ............................................................. 535/sec
http.requests: ................................................................. 5346
http.response_time:
  min: ......................................................................... 5045
  max: ......................................................................... 10024
  median: ...................................................................... 8186.6
  p95: ......................................................................... 9607.1
  p99: ......................................................................... 9801.2
http.responses: ................................................................ 4813
vusers.completed: .............................................................. 4813
vusers.created: ................................................................ 5346
vusers.created_by_name.Root (/): ............................................... 5346
vusers.failed: ................................................................. 270
vusers.session_length:
  min: ......................................................................... 5049.1
  max: ......................................................................... 10027.9
  median: ...................................................................... 8186.6
  p95: ......................................................................... 9607.1
  p99: ......................................................................... 9999.2


--------------------------------------
Metrics for period to: 22:23:50(-0300) (width: 9.999s)
--------------------------------------

errors.ECONNRESET: ............................................................. 747
errors.ETIMEDOUT: .............................................................. 2230
http.codes.200: ................................................................ 2232
http.request_rate: ............................................................. 478/sec
http.requests: ................................................................. 4776
http.response_time:
  min: ......................................................................... 6459
  max: ......................................................................... 10019
  median: ...................................................................... 9230.4
  p95: ......................................................................... 9999.2
  p99: ......................................................................... 9999.2
http.responses: ................................................................ 2232
vusers.completed: .............................................................. 2232
vusers.created: ................................................................ 4777
vusers.created_by_name.Root (/): ............................................... 4777
vusers.failed: ................................................................. 2977
vusers.session_length:
  min: ......................................................................... 6462.5
  max: ......................................................................... 10020.8
  median: ...................................................................... 9230.4
  p95: ......................................................................... 9999.2
  p99: ......................................................................... 9999.2


--------------------------------------
Metrics for period to: 22:24:00(-0300) (width: 9.995s)
--------------------------------------

errors.ECONNRESET: ............................................................. 78
errors.ETIMEDOUT: .............................................................. 222
http.codes.200: ................................................................ 5947
http.request_rate: ............................................................. 517/sec
http.requests: ................................................................. 5170
http.response_time:
  min: ......................................................................... 3321
  max: ......................................................................... 10007
  median: ...................................................................... 6838
  p95: ......................................................................... 9416.8
  p99: ......................................................................... 9801.2
http.responses: ................................................................ 5947
vusers.completed: .............................................................. 5947
vusers.created: ................................................................ 5170
vusers.created_by_name.Root (/): ............................................... 5170
vusers.failed: ................................................................. 300
vusers.session_length:
  min: ......................................................................... 3324
  max: ......................................................................... 10009.1
  median: ...................................................................... 6838
  p95: ......................................................................... 9416.8
  p99: ......................................................................... 9801.2


--------------------------------------
Metrics for period to: 22:24:10(-0300) (width: 9.999s)
--------------------------------------

errors.ECONNRESET: ............................................................. 903
errors.ETIMEDOUT: .............................................................. 76
http.codes.200: ................................................................ 4758
http.request_rate: ............................................................. 577/sec
http.requests: ................................................................. 5770
http.response_time:
  min: ......................................................................... 2167
  max: ......................................................................... 10024
  median: ...................................................................... 5378.9
  p95: ......................................................................... 7117
  p99: ......................................................................... 8186.6
http.responses: ................................................................ 4758
vusers.completed: .............................................................. 4758
vusers.created: ................................................................ 5770
vusers.created_by_name.Root (/): ............................................... 5770
vusers.failed: ................................................................. 979
vusers.session_length:
  min: ......................................................................... 2169.5
  max: ......................................................................... 10027.9
  median: ...................................................................... 5378.9
  p95: ......................................................................... 7117
  p99: ......................................................................... 8186.6


--------------------------------------
Metrics for period to: 22:24:20(-0300) (width: 9.999s)
--------------------------------------

errors.ETIMEDOUT: .............................................................. 2
http.codes.200: ................................................................ 4079
http.request_rate: ............................................................. 581/sec
http.requests: ................................................................. 5809
http.response_time:
  min: ......................................................................... 3555
  max: ......................................................................... 9393
  median: ...................................................................... 5378.9
  p95: ......................................................................... 7709.8
  p99: ......................................................................... 8692.8
http.responses: ................................................................ 4079
vusers.completed: .............................................................. 4079
vusers.created: ................................................................ 5809
vusers.created_by_name.Root (/): ............................................... 5809
vusers.failed: ................................................................. 2
vusers.session_length:
  min: ......................................................................... 3558.1
  max: ......................................................................... 9395.6
  median: ...................................................................... 5378.9
  p95: ......................................................................... 7709.8
  p99: ......................................................................... 8692.8


--------------------------------------
Metrics for period to: 22:24:30(-0300) (width: 9.999s)
--------------------------------------

errors.ECONNRESET: ............................................................. 584
errors.ETIMEDOUT: .............................................................. 3784
http.codes.200: ................................................................ 427
http.request_rate: ............................................................. 549/sec
http.requests: ................................................................. 5486
http.response_time:
  min: ......................................................................... 6157
  max: ......................................................................... 9988
  median: ...................................................................... 7865.6
  p95: ......................................................................... 9801.2
  p99: ......................................................................... 9999.2
http.responses: ................................................................ 427
vusers.completed: .............................................................. 427
vusers.created: ................................................................ 5486
vusers.created_by_name.Root (/): ............................................... 5486
vusers.failed: ................................................................. 4368
vusers.session_length:
  min: ......................................................................... 6159.6
  max: ......................................................................... 9990.5
  median: ...................................................................... 7865.6
  p95: ......................................................................... 9801.2
  p99: ......................................................................... 9999.2


--------------------------------------
Metrics for period to: 22:24:40(-0300) (width: 9.999s)
--------------------------------------

errors.ECONNRESET: ............................................................. 35
errors.ETIMEDOUT: .............................................................. 4243
http.codes.200: ................................................................ 971
http.request_rate: ............................................................. 496/sec
http.requests: ................................................................. 4950
http.response_time:
  min: ......................................................................... 6760
  max: ......................................................................... 10004
  median: ...................................................................... 9047.6
  p95: ......................................................................... 9801.2
  p99: ......................................................................... 9999.2
http.responses: ................................................................ 971
vusers.completed: .............................................................. 971
vusers.created: ................................................................ 4950
vusers.created_by_name.Root (/): ............................................... 4950
vusers.failed: ................................................................. 4278
vusers.session_length:
  min: ......................................................................... 6761.5
  max: ......................................................................... 10007.9
  median: ...................................................................... 9047.6
  p95: ......................................................................... 9801.2
  p99: ......................................................................... 9999.2


--------------------------------------
Metrics for period to: 22:24:50(-0300) (width: 9.999s)
--------------------------------------

errors.ECONNRESET: ............................................................. 14
errors.ETIMEDOUT: .............................................................. 4950
http.request_rate: ............................................................. 534/sec
http.requests: ................................................................. 5344
vusers.created: ................................................................ 5344
vusers.created_by_name.Root (/): ............................................... 5344
vusers.failed: ................................................................. 4964


Phase completed: Slow Ramp (index: 0, duration: 300s) 22:25:08(-0300)

--------------------------------------
Metrics for period to: 22:25:00(-0300) (width: 9.999s)
--------------------------------------

errors.ECONNRESET: ............................................................. 26
errors.ETIMEDOUT: .............................................................. 5314
http.request_rate: ............................................................. 550/sec
http.requests: ................................................................. 5495
vusers.created: ................................................................ 5495
vusers.created_by_name.Root (/): ............................................... 5495
vusers.failed: ................................................................. 5340


--------------------------------------
Metrics for period to: 22:25:10(-0300) (width: 9.995s)
--------------------------------------

errors.ETIMEDOUT: .............................................................. 5498
http.request_rate: ............................................................. 509/sec
http.requests: ................................................................. 4178
vusers.created: ................................................................ 4177
vusers.created_by_name.Root (/): ............................................... 4177
vusers.failed: ................................................................. 5498


--------------------------------------
Metrics for period to: 22:25:20(-0300) (width: 7.442s)
--------------------------------------

errors.ETIMEDOUT: .............................................................. 2955
http.codes.200: ................................................................ 1224
http.response_time:
  min: ......................................................................... 6063
  max: ......................................................................... 9996
  median: ...................................................................... 8692.8
  p95: ......................................................................... 9801.2
  p99: ......................................................................... 9999.2
http.responses: ................................................................ 1224
vusers.completed: .............................................................. 1224
vusers.failed: ................................................................. 2955
vusers.session_length:
  min: ......................................................................... 6066
  max: ......................................................................... 10001.2
  median: ...................................................................... 8692.8
  p95: ......................................................................... 9801.2
  p99: ......................................................................... 9999.2


All VUs finished. Total time: 8 minutes, 10 seconds

--------------------------------
Summary report @ 22:25:18(-0300)
--------------------------------

errors.ECONNRESET: ............................................................. 2474
errors.ETIMEDOUT: .............................................................. 29821
http.codes.200: ................................................................ 140352
http.request_rate: ............................................................. 347/sec
http.requests: ................................................................. 172647
http.response_time:
  min: ......................................................................... 1501
  max: ......................................................................... 10024
  median: ...................................................................... 2276.1
  p95: ......................................................................... 8692.8
  p99: ......................................................................... 9607.1
http.responses: ................................................................ 140352
vusers.completed: .............................................................. 140352
vusers.created: ................................................................ 172647
vusers.created_by_name.Root (/): ............................................... 172647
vusers.failed: ................................................................. 32295
vusers.session_length:
  min: ......................................................................... 1502.5
  max: ......................................................................... 10027.9
  median: ...................................................................... 2276.1
  p95: ......................................................................... 8692.8
  p99: ......................................................................... 9607.1
