
> perf@1.0.0 artillery /home/guidobotta/dev/arquitectura/tp1/perf
> NODE_OPTIONS=--max-old-space-size=4096 artillery "run" "./results/single-node/breakpoint/cfg-breakpoint-async.yaml" "-e" "async"

Phase started: Ramp (index: 0, duration: 400s) 17:40:36(-0300)

--------------------------------------
Metrics for period to: 17:40:40(-0300) (width: 3.015s)
--------------------------------------

http.codes.200: ................................................................ 34
http.request_rate: ............................................................. 27/sec
http.requests: ................................................................. 48
http.response_time:
  min: ......................................................................... 1506
  max: ......................................................................... 1549
  median: ...................................................................... 1525.7
  p95: ......................................................................... 1525.7
  p99: ......................................................................... 1556.5
http.responses: ................................................................ 34
vusers.completed: .............................................................. 34
vusers.created: ................................................................ 48
vusers.created_by_name.Root (/): ............................................... 48
vusers.failed: ................................................................. 0
vusers.session_length:
  min: ......................................................................... 1509.2
  max: ......................................................................... 1589.9
  median: ...................................................................... 1525.7
  p95: ......................................................................... 1587.9
  p99: ......................................................................... 1587.9


--------------------------------------
Metrics for period to: 17:40:50(-0300) (width: 9.884s)
--------------------------------------

http.codes.200: ................................................................ 255
http.request_rate: ............................................................. 33/sec
http.requests: ................................................................. 305
http.response_time:
  min: ......................................................................... 1504
  max: ......................................................................... 1551
  median: ...................................................................... 1495.5
  p95: ......................................................................... 1525.7
  p99: ......................................................................... 1556.5
http.responses: ................................................................ 255
vusers.completed: .............................................................. 255
vusers.created: ................................................................ 305
vusers.created_by_name.Root (/): ............................................... 305
vusers.failed: ................................................................. 0
vusers.session_length:
  min: ......................................................................... 1504.9
  max: ......................................................................... 1561.6
  median: ...................................................................... 1525.7
  p95: ......................................................................... 1525.7
  p99: ......................................................................... 1556.5


--------------------------------------
Metrics for period to: 17:41:00(-0300) (width: 9.974s)
--------------------------------------

http.codes.200: ................................................................ 492
http.request_rate: ............................................................. 54/sec
http.requests: ................................................................. 512
http.response_time:
  min: ......................................................................... 1502
  max: ......................................................................... 1530
  median: ...................................................................... 1495.5
  p95: ......................................................................... 1525.7
  p99: ......................................................................... 1525.7
http.responses: ................................................................ 492
vusers.completed: .............................................................. 492
vusers.created: ................................................................ 512
vusers.created_by_name.Root (/): ............................................... 512
vusers.failed: ................................................................. 0
vusers.session_length:
  min: ......................................................................... 1503.2
  max: ......................................................................... 1536.5
  median: ...................................................................... 1525.7
  p95: ......................................................................... 1525.7
  p99: ......................................................................... 1525.7


--------------------------------------
Metrics for period to: 17:41:10(-0300) (width: 9.982s)
--------------------------------------

http.codes.200: ................................................................ 708
http.request_rate: ............................................................. 80/sec
http.requests: ................................................................. 773
http.response_time:
  min: ......................................................................... 1501
  max: ......................................................................... 1538
  median: ...................................................................... 1495.5
  p95: ......................................................................... 1525.7
  p99: ......................................................................... 1525.7
http.responses: ................................................................ 708
vusers.completed: .............................................................. 708
vusers.created: ................................................................ 773
vusers.created_by_name.Root (/): ............................................... 773
vusers.failed: ................................................................. 0
vusers.session_length:
  min: ......................................................................... 1502.8
  max: ......................................................................... 1539.5
  median: ...................................................................... 1495.5
  p95: ......................................................................... 1525.7
  p99: ......................................................................... 1525.7


--------------------------------------
Metrics for period to: 17:41:20(-0300) (width: 9.996s)
--------------------------------------

http.codes.200: ................................................................ 953
http.request_rate: ............................................................. 100/sec
http.requests: ................................................................. 963
http.response_time:
  min: ......................................................................... 1501
  max: ......................................................................... 1517
  median: ...................................................................... 1495.5
  p95: ......................................................................... 1495.5
  p99: ......................................................................... 1525.7
http.responses: ................................................................ 953
vusers.completed: .............................................................. 953
vusers.created: ................................................................ 963
vusers.created_by_name.Root (/): ............................................... 963
vusers.failed: ................................................................. 0
vusers.session_length:
  min: ......................................................................... 1502.3
  max: ......................................................................... 1533.2
  median: ...................................................................... 1495.5
  p95: ......................................................................... 1525.7
  p99: ......................................................................... 1525.7


--------------------------------------
Metrics for period to: 17:41:30(-0300) (width: 9.99s)
--------------------------------------

http.codes.200: ................................................................ 1238
http.request_rate: ............................................................. 131/sec
http.requests: ................................................................. 1297
http.response_time:
  min: ......................................................................... 1501
  max: ......................................................................... 1545
  median: ...................................................................... 1495.5
  p95: ......................................................................... 1495.5
  p99: ......................................................................... 1525.7
http.responses: ................................................................ 1238
vusers.completed: .............................................................. 1238
vusers.created: ................................................................ 1297
vusers.created_by_name.Root (/): ............................................... 1297
vusers.failed: ................................................................. 0
vusers.session_length:
  min: ......................................................................... 1502.4
  max: ......................................................................... 1546.3
  median: ...................................................................... 1495.5
  p95: ......................................................................... 1525.7
  p99: ......................................................................... 1525.7


--------------------------------------
Metrics for period to: 17:41:40(-0300) (width: 9.994s)
--------------------------------------

http.codes.200: ................................................................ 1486
http.request_rate: ............................................................. 152/sec
http.requests: ................................................................. 1510
http.response_time:
  min: ......................................................................... 1501
  max: ......................................................................... 1563
  median: ...................................................................... 1495.5
  p95: ......................................................................... 1525.7
  p99: ......................................................................... 1525.7
http.responses: ................................................................ 1486
vusers.completed: .............................................................. 1486
vusers.created: ................................................................ 1511
vusers.created_by_name.Root (/): ............................................... 1511
vusers.failed: ................................................................. 0
vusers.session_length:
  min: ......................................................................... 1502.4
  max: ......................................................................... 1565.2
  median: ...................................................................... 1495.5
  p95: ......................................................................... 1525.7
  p99: ......................................................................... 1525.7


--------------------------------------
Metrics for period to: 17:41:50(-0300) (width: 9.997s)
--------------------------------------

http.codes.200: ................................................................ 1731
http.request_rate: ............................................................. 179/sec
http.requests: ................................................................. 1773
http.response_time:
  min: ......................................................................... 1501
  max: ......................................................................... 1526
  median: ...................................................................... 1495.5
  p95: ......................................................................... 1525.7
  p99: ......................................................................... 1525.7
http.responses: ................................................................ 1731
vusers.completed: .............................................................. 1731
vusers.created: ................................................................ 1772
vusers.created_by_name.Root (/): ............................................... 1772
vusers.failed: ................................................................. 0
vusers.session_length:
  min: ......................................................................... 1502.1
  max: ......................................................................... 1537.9
  median: ...................................................................... 1495.5
  p95: ......................................................................... 1525.7
  p99: ......................................................................... 1525.7


--------------------------------------
Metrics for period to: 17:42:00(-0300) (width: 9.992s)
--------------------------------------

http.codes.200: ................................................................ 1972
http.request_rate: ............................................................. 203/sec
http.requests: ................................................................. 2009
http.response_time:
  min: ......................................................................... 1501
  max: ......................................................................... 1538
  median: ...................................................................... 1495.5
  p95: ......................................................................... 1525.7
  p99: ......................................................................... 1525.7
http.responses: ................................................................ 1972
vusers.completed: .............................................................. 1972
vusers.created: ................................................................ 2009
vusers.created_by_name.Root (/): ............................................... 2009
vusers.failed: ................................................................. 0
vusers.session_length:
  min: ......................................................................... 1502.2
  max: ......................................................................... 1542.9
  median: ...................................................................... 1495.5
  p95: ......................................................................... 1525.7
  p99: ......................................................................... 1525.7


--------------------------------------
Metrics for period to: 17:42:10(-0300) (width: 9.999s)
--------------------------------------

http.codes.200: ................................................................ 2207
http.request_rate: ............................................................. 224/sec
http.requests: ................................................................. 2231
http.response_time:
  min: ......................................................................... 1501
  max: ......................................................................... 1544
  median: ...................................................................... 1495.5
  p95: ......................................................................... 1525.7
  p99: ......................................................................... 1525.7
http.responses: ................................................................ 2207
vusers.completed: .............................................................. 2207
vusers.created: ................................................................ 2231
vusers.created_by_name.Root (/): ............................................... 2231
vusers.failed: ................................................................. 0
vusers.session_length:
  min: ......................................................................... 1502.4
  max: ......................................................................... 1552.4
  median: ...................................................................... 1495.5
  p95: ......................................................................... 1525.7
  p99: ......................................................................... 1525.7


--------------------------------------
Metrics for period to: 17:42:20(-0300) (width: 9.997s)
--------------------------------------

http.codes.200: ................................................................ 2437
http.request_rate: ............................................................. 251/sec
http.requests: ................................................................. 2493
http.response_time:
  min: ......................................................................... 1501
  max: ......................................................................... 1566
  median: ...................................................................... 1495.5
  p95: ......................................................................... 1525.7
  p99: ......................................................................... 1525.7
http.responses: ................................................................ 2437
vusers.completed: .............................................................. 2437
vusers.created: ................................................................ 2493
vusers.created_by_name.Root (/): ............................................... 2493
vusers.failed: ................................................................. 0
vusers.session_length:
  min: ......................................................................... 1502.6
  max: ......................................................................... 1568.1
  median: ...................................................................... 1495.5
  p95: ......................................................................... 1525.7
  p99: ......................................................................... 1525.7


--------------------------------------
Metrics for period to: 17:42:30(-0300) (width: 9.999s)
--------------------------------------

http.codes.200: ................................................................ 2702
http.request_rate: ............................................................. 276/sec
http.requests: ................................................................. 2743
http.response_time:
  min: ......................................................................... 1501
  max: ......................................................................... 1556
  median: ...................................................................... 1495.5
  p95: ......................................................................... 1525.7
  p99: ......................................................................... 1525.7
http.responses: ................................................................ 2702
vusers.completed: .............................................................. 2702
vusers.created: ................................................................ 2744
vusers.created_by_name.Root (/): ............................................... 2744
vusers.failed: ................................................................. 0
vusers.session_length:
  min: ......................................................................... 1502.3
  max: ......................................................................... 1559
  median: ...................................................................... 1495.5
  p95: ......................................................................... 1525.7
  p99: ......................................................................... 1525.7


--------------------------------------
Metrics for period to: 17:42:40(-0300) (width: 9.999s)
--------------------------------------

http.codes.200: ................................................................ 3018
http.request_rate: ............................................................. 307/sec
http.requests: ................................................................. 3059
http.response_time:
  min: ......................................................................... 1501
  max: ......................................................................... 1593
  median: ...................................................................... 1525.7
  p95: ......................................................................... 1556.5
  p99: ......................................................................... 1556.5
http.responses: ................................................................ 3018
vusers.completed: .............................................................. 3018
vusers.created: ................................................................ 3058
vusers.created_by_name.Root (/): ............................................... 3058
vusers.failed: ................................................................. 0
vusers.session_length:
  min: ......................................................................... 1502.3
  max: ......................................................................... 1596.4
  median: ...................................................................... 1525.7
  p95: ......................................................................... 1556.5
  p99: ......................................................................... 1556.5


--------------------------------------
Metrics for period to: 17:42:50(-0300) (width: 9.994s)
--------------------------------------

http.codes.200: ................................................................ 3287
http.request_rate: ............................................................. 332/sec
http.requests: ................................................................. 3311
http.response_time:
  min: ......................................................................... 1503
  max: ......................................................................... 1586
  median: ...................................................................... 1525.7
  p95: ......................................................................... 1525.7
  p99: ......................................................................... 1556.5
http.responses: ................................................................ 3287
vusers.completed: .............................................................. 3287
vusers.created: ................................................................ 3311
vusers.created_by_name.Root (/): ............................................... 3311
vusers.failed: ................................................................. 0
vusers.session_length:
  min: ......................................................................... 1503.8
  max: ......................................................................... 1588.9
  median: ...................................................................... 1525.7
  p95: ......................................................................... 1556.5
  p99: ......................................................................... 1556.5


--------------------------------------
Metrics for period to: 17:43:00(-0300) (width: 9.999s)
--------------------------------------

http.codes.200: ................................................................ 3427
http.request_rate: ............................................................. 345/sec
http.requests: ................................................................. 3447
http.response_time:
  min: ......................................................................... 1502
  max: ......................................................................... 1618
  median: ...................................................................... 1525.7
  p95: ......................................................................... 1556.5
  p99: ......................................................................... 1587.9
http.responses: ................................................................ 3427
vusers.completed: .............................................................. 3427
vusers.created: ................................................................ 3447
vusers.created_by_name.Root (/): ............................................... 3447
vusers.failed: ................................................................. 0
vusers.session_length:
  min: ......................................................................... 1503.6
  max: ......................................................................... 1621.1
  median: ...................................................................... 1525.7
  p95: ......................................................................... 1556.5
  p99: ......................................................................... 1587.9


--------------------------------------
Metrics for period to: 17:43:10(-0300) (width: 9.999s)
--------------------------------------

http.codes.200: ................................................................ 3668
http.request_rate: ............................................................. 372/sec
http.requests: ................................................................. 3710
http.response_time:
  min: ......................................................................... 1502
  max: ......................................................................... 1631
  median: ...................................................................... 1525.7
  p95: ......................................................................... 1556.5
  p99: ......................................................................... 1587.9
http.responses: ................................................................ 3668
vusers.completed: .............................................................. 3668
vusers.created: ................................................................ 3710
vusers.created_by_name.Root (/): ............................................... 3710
vusers.failed: ................................................................. 0
vusers.session_length:
  min: ......................................................................... 1503
  max: ......................................................................... 1634.1
  median: ...................................................................... 1525.7
  p95: ......................................................................... 1556.5
  p99: ......................................................................... 1587.9


--------------------------------------
Metrics for period to: 17:43:20(-0300) (width: 9.999s)
--------------------------------------

http.codes.200: ................................................................ 3957
http.request_rate: ............................................................. 404/sec
http.requests: ................................................................. 4025
http.response_time:
  min: ......................................................................... 1502
  max: ......................................................................... 1619
  median: ...................................................................... 1525.7
  p95: ......................................................................... 1556.5
  p99: ......................................................................... 1587.9
http.responses: ................................................................ 3957
vusers.completed: .............................................................. 3957
vusers.created: ................................................................ 4028
vusers.created_by_name.Root (/): ............................................... 4028
vusers.failed: ................................................................. 0
vusers.session_length:
  min: ......................................................................... 1503.5
  max: ......................................................................... 1622.8
  median: ...................................................................... 1525.7
  p95: ......................................................................... 1556.5
  p99: ......................................................................... 1587.9


--------------------------------------
Metrics for period to: 17:43:30(-0300) (width: 9.994s)
--------------------------------------

http.codes.200: ................................................................ 4240
http.request_rate: ............................................................. 428/sec
http.requests: ................................................................. 4264
http.response_time:
  min: ......................................................................... 1501
  max: ......................................................................... 1595
  median: ...................................................................... 1525.7
  p95: ......................................................................... 1556.5
  p99: ......................................................................... 1587.9
http.responses: ................................................................ 4240
vusers.completed: .............................................................. 4240
vusers.created: ................................................................ 4261
vusers.created_by_name.Root (/): ............................................... 4261
vusers.failed: ................................................................. 0
vusers.session_length:
  min: ......................................................................... 1502.2
  max: ......................................................................... 1601.2
  median: ...................................................................... 1525.7
  p95: ......................................................................... 1556.5
  p99: ......................................................................... 1587.9


--------------------------------------
Metrics for period to: 17:43:40(-0300) (width: 9.999s)
--------------------------------------

http.codes.200: ................................................................ 4556
http.request_rate: ............................................................. 467/sec
http.requests: ................................................................. 4644
http.response_time:
  min: ......................................................................... 1501
  max: ......................................................................... 1625
  median: ...................................................................... 1525.7
  p95: ......................................................................... 1587.9
  p99: ......................................................................... 1587.9
http.responses: ................................................................ 4556
vusers.completed: .............................................................. 4556
vusers.created: ................................................................ 4645
vusers.created_by_name.Root (/): ............................................... 4645
vusers.failed: ................................................................. 0
vusers.session_length:
  min: ......................................................................... 1502.1
  max: ......................................................................... 1627.4
  median: ...................................................................... 1525.7
  p95: ......................................................................... 1587.9
  p99: ......................................................................... 1587.9


--------------------------------------
Metrics for period to: 17:43:50(-0300) (width: 9.999s)
--------------------------------------

http.codes.200: ................................................................ 4734
http.request_rate: ............................................................. 473/sec
http.requests: ................................................................. 4725
http.response_time:
  min: ......................................................................... 1502
  max: ......................................................................... 1619
  median: ...................................................................... 1525.7
  p95: ......................................................................... 1556.5
  p99: ......................................................................... 1587.9
http.responses: ................................................................ 4734
vusers.completed: .............................................................. 4733
vusers.created: ................................................................ 4724
vusers.created_by_name.Root (/): ............................................... 4724
vusers.failed: ................................................................. 0
vusers.session_length:
  min: ......................................................................... 1502.9
  max: ......................................................................... 1621.6
  median: ...................................................................... 1525.7
  p95: ......................................................................... 1556.5
  p99: ......................................................................... 1587.9


--------------------------------------
Metrics for period to: 17:44:00(-0300) (width: 9.999s)
--------------------------------------

errors.ECONNRESET: ............................................................. 543
http.codes.200: ................................................................ 4697
http.request_rate: ............................................................. 510/sec
http.requests: ................................................................. 5083
http.response_time:
  min: ......................................................................... 1503
  max: ......................................................................... 2098
  median: ...................................................................... 1525.7
  p95: ......................................................................... 1652.8
  p99: ......................................................................... 1863.5
http.responses: ................................................................ 4697
vusers.completed: .............................................................. 4698
vusers.created: ................................................................ 5084
vusers.created_by_name.Root (/): ............................................... 5084
vusers.failed: ................................................................. 543
vusers.session_length:
  min: ......................................................................... 1503.6
  max: ......................................................................... 2100.1
  median: ...................................................................... 1525.7
  p95: ......................................................................... 1652.8
  p99: ......................................................................... 1863.5


--------------------------------------
Metrics for period to: 17:44:10(-0300) (width: 9.996s)
--------------------------------------

errors.ECONNRESET: ............................................................. 1808
http.codes.200: ................................................................ 3435
http.request_rate: ............................................................. 532/sec
http.requests: ................................................................. 5299
http.response_time:
  min: ......................................................................... 1506
  max: ......................................................................... 2467
  median: ...................................................................... 1620
  p95: ......................................................................... 2101.1
  p99: ......................................................................... 2276.1
http.responses: ................................................................ 3435
vusers.completed: .............................................................. 3435
vusers.created: ................................................................ 5298
vusers.created_by_name.Root (/): ............................................... 5298
vusers.failed: ................................................................. 1808
vusers.session_length:
  min: ......................................................................... 1507.1
  max: ......................................................................... 2473.3
  median: ...................................................................... 1620
  p95: ......................................................................... 2101.1
  p99: ......................................................................... 2276.1


--------------------------------------
Metrics for period to: 17:44:20(-0300) (width: 9.998s)
--------------------------------------

errors.ECONNRESET: ............................................................. 1693
http.codes.200: ................................................................ 3530
http.request_rate: ............................................................. 555/sec
http.requests: ................................................................. 5528
http.response_time:
  min: ......................................................................... 1506
  max: ......................................................................... 2329
  median: ...................................................................... 1587.9
  p95: ......................................................................... 2018.7
  p99: ......................................................................... 2143.5
http.responses: ................................................................ 3530
vusers.completed: .............................................................. 3530
vusers.created: ................................................................ 5528
vusers.created_by_name.Root (/): ............................................... 5528
vusers.failed: ................................................................. 1693
vusers.session_length:
  min: ......................................................................... 1506.7
  max: ......................................................................... 2542.9
  median: ...................................................................... 1587.9
  p95: ......................................................................... 2018.7
  p99: ......................................................................... 2186.8


--------------------------------------
Metrics for period to: 17:44:30(-0300) (width: 9.999s)
--------------------------------------

errors.ECONNRESET: ............................................................. 1602
http.codes.200: ................................................................ 4144
http.request_rate: ............................................................. 576/sec
http.requests: ................................................................. 5732
http.response_time:
  min: ......................................................................... 1506
  max: ......................................................................... 2289
  median: ...................................................................... 1587.9
  p95: ......................................................................... 2018.7
  p99: ......................................................................... 2143.5
http.responses: ................................................................ 4144
vusers.completed: .............................................................. 4144
vusers.created: ................................................................ 5732
vusers.created_by_name.Root (/): ............................................... 5732
vusers.failed: ................................................................. 1602
vusers.session_length:
  min: ......................................................................... 1506.5
  max: ......................................................................... 2290.7
  median: ...................................................................... 1587.9
  p95: ......................................................................... 2018.7
  p99: ......................................................................... 2143.5


--------------------------------------
Metrics for period to: 17:44:40(-0300) (width: 9.999s)
--------------------------------------

errors.ECONNRESET: ............................................................. 1505
http.codes.200: ................................................................ 4423
http.request_rate: ............................................................. 596/sec
http.requests: ................................................................. 5947
http.response_time:
  min: ......................................................................... 1503
  max: ......................................................................... 2461
  median: ...................................................................... 1587.9
  p95: ......................................................................... 2059.5
  p99: ......................................................................... 2231
http.responses: ................................................................ 4423
vusers.completed: .............................................................. 4423
vusers.created: ................................................................ 5947
vusers.created_by_name.Root (/): ............................................... 5947
vusers.failed: ................................................................. 1505
vusers.session_length:
  min: ......................................................................... 1503.5
  max: ......................................................................... 2462.6
  median: ...................................................................... 1587.9
  p95: ......................................................................... 2059.5
  p99: ......................................................................... 2231


--------------------------------------
Metrics for period to: 17:44:50(-0300) (width: 9.999s)
--------------------------------------

errors.ECONNRESET: ............................................................. 1540
http.codes.200: ................................................................ 4791
http.request_rate: ............................................................. 624/sec
http.requests: ................................................................. 6230
http.response_time:
  min: ......................................................................... 1506
  max: ......................................................................... 2659
  median: ...................................................................... 1686.1
  p95: ......................................................................... 2276.1
  p99: ......................................................................... 2465.6
http.responses: ................................................................ 4791
vusers.completed: .............................................................. 4791
vusers.created: ................................................................ 6231
vusers.created_by_name.Root (/): ............................................... 6231
vusers.failed: ................................................................. 1540
vusers.session_length:
  min: ......................................................................... 1506.9
  max: ......................................................................... 2660.3
  median: ...................................................................... 1686.1
  p95: ......................................................................... 2276.1
  p99: ......................................................................... 2465.6


--------------------------------------
Metrics for period to: 17:45:00(-0300) (width: 9.999s)
--------------------------------------

errors.ECONNRESET: ............................................................. 1708
http.codes.200: ................................................................ 4870
http.request_rate: ............................................................. 656/sec
http.requests: ................................................................. 6540
http.response_time:
  min: ......................................................................... 1511
  max: ......................................................................... 2842
  median: ...................................................................... 1826.6
  p95: ......................................................................... 2416.8
  p99: ......................................................................... 2566.3
http.responses: ................................................................ 4870
vusers.completed: .............................................................. 4870
vusers.created: ................................................................ 6540
vusers.created_by_name.Root (/): ............................................... 6540
vusers.failed: ................................................................. 1708
vusers.session_length:
  min: ......................................................................... 1511.6
  max: ......................................................................... 2847.3
  median: ...................................................................... 1863.5
  p95: ......................................................................... 2416.8
  p99: ......................................................................... 2618.1


--------------------------------------
Metrics for period to: 17:45:10(-0300) (width: 9.996s)
--------------------------------------

errors.ECONNRESET: ............................................................. 2274
http.codes.200: ................................................................ 3898
http.request_rate: ............................................................. 678/sec
http.requests: ................................................................. 6759
http.response_time:
  min: ......................................................................... 1560
  max: ......................................................................... 3590
  median: ...................................................................... 2186.8
  p95: ......................................................................... 3011.6
  p99: ......................................................................... 3262.4
http.responses: ................................................................ 3898
vusers.completed: .............................................................. 3898
vusers.created: ................................................................ 6758
vusers.created_by_name.Root (/): ............................................... 6758
vusers.failed: ................................................................. 2274
vusers.session_length:
  min: ......................................................................... 1561.3
  max: ......................................................................... 3593.6
  median: ...................................................................... 2186.8
  p95: ......................................................................... 3011.6
  p99: ......................................................................... 3262.4


--------------------------------------
Metrics for period to: 17:45:20(-0300) (width: 9.999s)
--------------------------------------

errors.ECONNRESET: ............................................................. 1595
http.codes.200: ................................................................ 2922
http.request_rate: ............................................................. 700/sec
http.requests: ................................................................. 6994
http.response_time:
  min: ......................................................................... 1949
  max: ......................................................................... 8536
  median: ...................................................................... 4583.6
  p95: ......................................................................... 6702.6
  p99: ......................................................................... 7260.8
http.responses: ................................................................ 2922
vusers.completed: .............................................................. 2922
vusers.created: ................................................................ 6994
vusers.created_by_name.Root (/): ............................................... 6994
vusers.failed: ................................................................. 1595
vusers.session_length:
  min: ......................................................................... 1950.2
  max: ......................................................................... 8536.6
  median: ...................................................................... 4583.6
  p95: ......................................................................... 6702.6
  p99: ......................................................................... 7407.5


--------------------------------------
Metrics for period to: 17:45:30(-0300) (width: 9.993s)
--------------------------------------

errors.ECONNRESET: ............................................................. 2076
http.codes.200: ................................................................ 3733
http.request_rate: ............................................................. 725/sec
http.requests: ................................................................. 7232
http.response_time:
  min: ......................................................................... 4454
  max: ......................................................................... 9772
  median: ...................................................................... 6439.7
  p95: ......................................................................... 8186.6
  p99: ......................................................................... 8692.8
http.responses: ................................................................ 3733
vusers.completed: .............................................................. 3733
vusers.created: ................................................................ 7232
vusers.created_by_name.Root (/): ............................................... 7232
vusers.failed: ................................................................. 2076
vusers.session_length:
  min: ......................................................................... 4460.2
  max: ......................................................................... 9776.6
  median: ...................................................................... 6439.7
  p95: ......................................................................... 8352
  p99: ......................................................................... 9230.4


--------------------------------------
Metrics for period to: 17:45:40(-0300) (width: 9.996s)
--------------------------------------

errors.ECONNRESET: ............................................................. 2087
errors.ETIMEDOUT: .............................................................. 139
http.codes.200: ................................................................ 4329
http.request_rate: ............................................................. 754/sec
http.requests: ................................................................. 7520
http.response_time:
  min: ......................................................................... 5415
  max: ......................................................................... 9998
  median: ...................................................................... 8024.5
  p95: ......................................................................... 9416.8
  p99: ......................................................................... 9801.2
http.responses: ................................................................ 4329
vusers.completed: .............................................................. 4329
vusers.created: ................................................................ 7520
vusers.created_by_name.Root (/): ............................................... 7520
vusers.failed: ................................................................. 2226
vusers.session_length:
  min: ......................................................................... 5422.1
  max: ......................................................................... 10000.2
  median: ...................................................................... 8024.5
  p95: ......................................................................... 9607.1
  p99: ......................................................................... 9801.2


--------------------------------------
Metrics for period to: 17:45:50(-0300) (width: 9.999s)
--------------------------------------

errors.ECONNRESET: ............................................................. 964
errors.ETIMEDOUT: .............................................................. 2722
http.codes.200: ................................................................ 2630
http.request_rate: ............................................................. 774/sec
http.requests: ................................................................. 7726
http.response_time:
  min: ......................................................................... 7528
  max: ......................................................................... 9997
  median: ...................................................................... 9230.4
  p95: ......................................................................... 9801.2
  p99: ......................................................................... 9999.2
http.responses: ................................................................ 2630
vusers.completed: .............................................................. 2630
vusers.created: ................................................................ 7726
vusers.created_by_name.Root (/): ............................................... 7726
vusers.failed: ................................................................. 3686
vusers.session_length:
  min: ......................................................................... 7532
  max: ......................................................................... 10004.2
  median: ...................................................................... 9230.4
  p95: ......................................................................... 9999.2
  p99: ......................................................................... 9999.2


--------------------------------------
Metrics for period to: 17:46:00(-0300) (width: 9.999s)
--------------------------------------

errors.ECONNRESET: ............................................................. 358
errors.ETIMEDOUT: .............................................................. 7293
http.codes.200: ................................................................ 21
http.request_rate: ............................................................. 808/sec
http.requests: ................................................................. 8070
http.response_time:
  min: ......................................................................... 9141
  max: ......................................................................... 9995
  median: ...................................................................... 9801.2
  p95: ......................................................................... 9999.2
  p99: ......................................................................... 9999.2
http.responses: ................................................................ 21
vusers.completed: .............................................................. 21
vusers.created: ................................................................ 8070
vusers.created_by_name.Root (/): ............................................... 8070
vusers.failed: ................................................................. 7651
vusers.session_length:
  min: ......................................................................... 9141.3
  max: ......................................................................... 9997.6
  median: ...................................................................... 9801.2
  p95: ......................................................................... 9999.2
  p99: ......................................................................... 9999.2


--------------------------------------
Metrics for period to: 17:46:10(-0300) (width: 9.999s)
--------------------------------------

errors.ECONNRESET: ............................................................. 368
errors.ETIMEDOUT: .............................................................. 7321
http.codes.200: ................................................................ 385
http.codes.502: ................................................................ 1
http.request_rate: ............................................................. 827/sec
http.requests: ................................................................. 8239
http.response_time:
  min: ......................................................................... 7960
  max: ......................................................................... 9998
  median: ...................................................................... 9801.2
  p95: ......................................................................... 9999.2
  p99: ......................................................................... 9999.2
http.responses: ................................................................ 386
vusers.completed: .............................................................. 386
vusers.created: ................................................................ 8241
vusers.created_by_name.Root (/): ............................................... 8241
vusers.failed: ................................................................. 7689
vusers.session_length:
  min: ......................................................................... 7969.6
  max: ......................................................................... 9999.5
  median: ...................................................................... 9801.2
  p95: ......................................................................... 9999.2
  p99: ......................................................................... 9999.2


--------------------------------------
Metrics for period to: 17:46:20(-0300) (width: 9.999s)
--------------------------------------

errors.ECONNRESET: ............................................................. 549
errors.ETIMEDOUT: .............................................................. 7554
http.codes.200: ................................................................ 135
http.request_rate: ............................................................. 847/sec
http.requests: ................................................................. 8446
http.response_time:
  min: ......................................................................... 8649
  max: ......................................................................... 9975
  median: ...................................................................... 9607.1
  p95: ......................................................................... 9999.2
  p99: ......................................................................... 9999.2
http.responses: ................................................................ 135
vusers.completed: .............................................................. 135
vusers.created: ................................................................ 8444
vusers.created_by_name.Root (/): ............................................... 8444
vusers.failed: ................................................................. 8103
vusers.session_length:
  min: ......................................................................... 8650.1
  max: ......................................................................... 10001.8
  median: ...................................................................... 9607.1
  p95: ......................................................................... 9999.2
  p99: ......................................................................... 9999.2


--------------------------------------
Metrics for period to: 17:46:30(-0300) (width: 9.999s)
--------------------------------------

errors.ECONNRESET: ............................................................. 189
errors.ETIMEDOUT: .............................................................. 8275
http.request_rate: ............................................................. 882/sec
http.requests: ................................................................. 8805
vusers.created: ................................................................ 8805
vusers.created_by_name.Root (/): ............................................... 8805
vusers.failed: ................................................................. 8464


--------------------------------------
Metrics for period to: 17:46:40(-0300) (width: 9.999s)
--------------------------------------

errors.ECONNRESET: ............................................................. 374
errors.ETIMEDOUT: .............................................................. 8339
http.codes.200: ................................................................ 107
http.codes.502: ................................................................ 1
http.request_rate: ............................................................. 902/sec
http.requests: ................................................................. 9022
http.response_time:
  min: ......................................................................... 8046
  max: ......................................................................... 9999
  median: ...................................................................... 9801.2
  p95: ......................................................................... 9999.2
  p99: ......................................................................... 9999.2
http.responses: ................................................................ 108
vusers.completed: .............................................................. 108
vusers.created: ................................................................ 9023
vusers.created_by_name.Root (/): ............................................... 9023
vusers.failed: ................................................................. 8713
vusers.session_length:
  min: ......................................................................... 8047.3
  max: ......................................................................... 10003.8
  median: ...................................................................... 9801.2
  p95: ......................................................................... 9999.2
  p99: ......................................................................... 9999.2


--------------------------------------
Metrics for period to: 17:46:50(-0300) (width: 9.999s)
--------------------------------------

errors.ECONNRESET: ............................................................. 476
errors.ETIMEDOUT: .............................................................. 8190
http.codes.200: ................................................................ 320
http.request_rate: ............................................................. 923/sec
http.requests: ................................................................. 9214
http.response_time:
  min: ......................................................................... 7865
  max: ......................................................................... 9998
  median: ...................................................................... 9416.8
  p95: ......................................................................... 9999.2
  p99: ......................................................................... 9999.2
http.responses: ................................................................ 320
vusers.completed: .............................................................. 320
vusers.created: ................................................................ 9214
vusers.created_by_name.Root (/): ............................................... 9214
vusers.failed: ................................................................. 8666
vusers.session_length:
  min: ......................................................................... 8392.2
  max: ......................................................................... 9999.1
  median: ...................................................................... 9607.1
  p95: ......................................................................... 9999.2
  p99: ......................................................................... 9999.2


--------------------------------------
Metrics for period to: 17:47:00(-0300) (width: 9.999s)
--------------------------------------

errors.ECONNRESET: ............................................................. 275
errors.ETIMEDOUT: .............................................................. 8510
http.codes.200: ................................................................ 746
http.request_rate: ............................................................. 953/sec
http.requests: ................................................................. 9528
http.response_time:
  min: ......................................................................... 6116
  max: ......................................................................... 10000
  median: ...................................................................... 8186.6
  p95: ......................................................................... 9801.2
  p99: ......................................................................... 9999.2
http.responses: ................................................................ 746
vusers.completed: .............................................................. 746
vusers.created: ................................................................ 9528
vusers.created_by_name.Root (/): ............................................... 9528
vusers.failed: ................................................................. 8785
vusers.session_length:
  min: ......................................................................... 6125.4
  max: ......................................................................... 10001
  median: ...................................................................... 9047.6
  p95: ......................................................................... 9999.2
  p99: ......................................................................... 9999.2


Phase completed: Ramp (index: 0, duration: 400s) 17:47:17(-0300)

Phase started: Reset Line (index: 1, duration: 30s) 17:47:17(-0300)

--------------------------------------
Metrics for period to: 17:47:10(-0300) (width: 9.999s)
--------------------------------------

errors.ECONNRESET: ............................................................. 215
errors.ETIMEDOUT: .............................................................. 8410
http.codes.200: ................................................................ 583
http.request_rate: ............................................................. 976/sec
http.requests: ................................................................. 9753
http.response_time:
  min: ......................................................................... 7485
  max: ......................................................................... 9999
  median: ...................................................................... 8868.4
  p95: ......................................................................... 9801.2
  p99: ......................................................................... 9999.2
http.responses: ................................................................ 583
vusers.completed: .............................................................. 583
vusers.created: ................................................................ 9753
vusers.created_by_name.Root (/): ............................................... 9753
vusers.failed: ................................................................. 8625
vusers.session_length:
  min: ......................................................................... 7714.1
  max: ......................................................................... 10000
  median: ...................................................................... 9607.1
  p95: ......................................................................... 9999.2
  p99: ......................................................................... 9999.2


--------------------------------------
Metrics for period to: 17:47:20(-0300) (width: 9.999s)
--------------------------------------

errors.ECONNRESET: ............................................................. 212
errors.ETIMEDOUT: .............................................................. 9500
http.codes.200: ................................................................ 85
http.request_rate: ............................................................. 980/sec
http.requests: ................................................................. 7910
http.response_time:
  min: ......................................................................... 8326
  max: ......................................................................... 9958
  median: ...................................................................... 9416.8
  p95: ......................................................................... 9801.2
  p99: ......................................................................... 9999.2
http.responses: ................................................................ 85
vusers.completed: .............................................................. 85
vusers.created: ................................................................ 7909
vusers.created_by_name.Root (/): ............................................... 7909
vusers.failed: ................................................................. 9712
vusers.session_length:
  min: ......................................................................... 8331.6
  max: ......................................................................... 9959.6
  median: ...................................................................... 9416.8
  p95: ......................................................................... 9999.2
  p99: ......................................................................... 9999.2


--------------------------------------
Metrics for period to: 17:47:30(-0300) (width: 9.946s)
--------------------------------------

errors.ECONNRESET: ............................................................. 521
errors.ETIMEDOUT: .............................................................. 7262
http.codes.200: ................................................................ 84
http.request_rate: ............................................................. 1/sec
http.requests: ................................................................. 10
http.response_time:
  min: ......................................................................... 8127
  max: ......................................................................... 9992
  median: ...................................................................... 9230.4
  p95: ......................................................................... 9801.2
  p99: ......................................................................... 9999.2
http.responses: ................................................................ 84
vusers.completed: .............................................................. 84
vusers.created: ................................................................ 10
vusers.created_by_name.Root (/): ............................................... 10
vusers.failed: ................................................................. 7783
vusers.session_length:
  min: ......................................................................... 8127.4
  max: ......................................................................... 9993.9
  median: ...................................................................... 9230.4
  p95: ......................................................................... 9999.2
  p99: ......................................................................... 9999.2


Phase completed: Reset Line (index: 1, duration: 30s) 17:47:47(-0300)

--------------------------------------
Metrics for period to: 17:47:40(-0300) (width: 9.566s)
--------------------------------------

errors.ECONNRESET: ............................................................. 3
http.codes.200: ................................................................ 15
http.request_rate: ............................................................. 1/sec
http.requests: ................................................................. 10
http.response_time:
  min: ......................................................................... 1503
  max: ......................................................................... 8642
  median: ...................................................................... 1652.8
  p95: ......................................................................... 8692.8
  p99: ......................................................................... 8692.8
http.responses: ................................................................ 15
vusers.completed: .............................................................. 15
vusers.created: ................................................................ 10
vusers.created_by_name.Root (/): ............................................... 10
vusers.failed: ................................................................. 3
vusers.session_length:
  min: ......................................................................... 1503.4
  max: ......................................................................... 9638.3
  median: ...................................................................... 1652.8
  p95: ......................................................................... 8692.8
  p99: ......................................................................... 8692.8


--------------------------------------
Metrics for period to: 17:47:50(-0300) (width: 9.008s)
--------------------------------------

http.codes.200: ................................................................ 10
http.request_rate: ............................................................. 1/sec
http.requests: ................................................................. 8
http.response_time:
  min: ......................................................................... 1504
  max: ......................................................................... 1511
  median: ...................................................................... 1495.5
  p95: ......................................................................... 1495.5
  p99: ......................................................................... 1495.5
http.responses: ................................................................ 10
vusers.completed: .............................................................. 10
vusers.created: ................................................................ 8
vusers.created_by_name.Root (/): ............................................... 8
vusers.failed: ................................................................. 0
vusers.session_length:
  min: ......................................................................... 1504.9
  max: ......................................................................... 1513.1
  median: ...................................................................... 1495.5
  p95: ......................................................................... 1525.7
  p99: ......................................................................... 1525.7


All VUs finished. Total time: 7 minutes, 13 seconds

--------------------------------
Summary report @ 17:47:49(-0300)
--------------------------------

errors.ECONNRESET: ............................................................. 2280
errors.ETIMEDOUT: .............................................................. 8374
http.codes.200: ................................................................ 9735
http.request_rate: ............................................................. 47/sec
http.requests: ................................................................. 20389
http.response_time:
  min: ......................................................................... 1501
  max: ......................................................................... 9998
  median: ...................................................................... 1525.7
  p95: ......................................................................... 8692.8
  p99: ......................................................................... 9607.1
http.responses: ................................................................ 9735
vusers.completed: .............................................................. 9735
vusers.created: ................................................................ 20389
vusers.created_by_name.Root (/): ............................................... 20389
vusers.failed: ................................................................. 10654
vusers.session_length:
  min: ......................................................................... 1502.2
  max: ......................................................................... 10001.8
  median: ...................................................................... 1525.7
  p95: ......................................................................... 8868.4
  p99: ......................................................................... 9801.2
