
> perf@1.0.0 artillery
> NODE_OPTIONS=--max-old-space-size=4096 artillery "run" "./results/multinode/breakpoint/cfg-breakpoint-sync.yaml" "-e" "sync"

Phase started: Warmup Line (index: 0, duration: 25s) 20:22:09(-0300)

--------------------------------------
Metrics for period to: 20:22:20(-0300) (width: 9.002s)
--------------------------------------

http.codes.200: ................................................................ 8
http.request_rate: ............................................................. 1/sec
http.requests: ................................................................. 10
http.response_time:
  min: ......................................................................... 1467
  max: ......................................................................... 1595
  median: ...................................................................... 1465.9
  p95: ......................................................................... 1495.5
  p99: ......................................................................... 1495.5
http.responses: ................................................................ 8
vusers.completed: .............................................................. 8
vusers.created: ................................................................ 10
vusers.created_by_name.Root (/): ............................................... 10
vusers.failed: ................................................................. 0
vusers.session_length:
  min: ......................................................................... 1470.7
  max: ......................................................................... 1627
  median: ...................................................................... 1465.9
  p95: ......................................................................... 1495.5
  p99: ......................................................................... 1495.5


Phase completed: Warmup Line (index: 0, duration: 25s) 20:22:34(-0300)

Phase started: Slow Ramp (index: 1, duration: 300s) 20:22:34(-0300)

--------------------------------------
Metrics for period to: 20:22:30(-0300) (width: 9.49s)
--------------------------------------

http.codes.200: ................................................................ 10
http.request_rate: ............................................................. 1/sec
http.requests: ................................................................. 10
http.response_time:
  min: ......................................................................... 1457
  max: ......................................................................... 1513
  median: ...................................................................... 1465.9
  p95: ......................................................................... 1495.5
  p99: ......................................................................... 1495.5
http.responses: ................................................................ 10
vusers.completed: .............................................................. 10
vusers.created: ................................................................ 10
vusers.created_by_name.Root (/): ............................................... 10
vusers.failed: ................................................................. 0
vusers.session_length:
  min: ......................................................................... 1461.5
  max: ......................................................................... 1522.5
  median: ...................................................................... 1465.9
  p95: ......................................................................... 1525.7
  p99: ......................................................................... 1525.7


--------------------------------------
Metrics for period to: 20:22:40(-0300) (width: 9.737s)
--------------------------------------

http.codes.200: ................................................................ 11
http.request_rate: ............................................................. 1/sec
http.requests: ................................................................. 10
http.response_time:
  min: ......................................................................... 1455
  max: ......................................................................... 1465
  median: ...................................................................... 1465.9
  p95: ......................................................................... 1465.9
  p99: ......................................................................... 1465.9
http.responses: ................................................................ 11
vusers.completed: .............................................................. 11
vusers.created: ................................................................ 10
vusers.created_by_name.Root (/): ............................................... 10
vusers.failed: ................................................................. 0
vusers.session_length:
  min: ......................................................................... 1456.7
  max: ......................................................................... 1470.7
  median: ...................................................................... 1465.9
  p95: ......................................................................... 1465.9
  p99: ......................................................................... 1465.9


--------------------------------------
Metrics for period to: 20:22:50(-0300) (width: 8.731s)
--------------------------------------

http.codes.200: ................................................................ 11
http.request_rate: ............................................................. 1/sec
http.requests: ................................................................. 10
http.response_time:
  min: ......................................................................... 1460
  max: ......................................................................... 1465
  median: ...................................................................... 1465.9
  p95: ......................................................................... 1465.9
  p99: ......................................................................... 1465.9
http.responses: ................................................................ 11
vusers.completed: .............................................................. 11
vusers.created: ................................................................ 10
vusers.created_by_name.Root (/): ............................................... 10
vusers.failed: ................................................................. 0
vusers.session_length:
  min: ......................................................................... 1464.5
  max: ......................................................................... 1472.7
  median: ...................................................................... 1465.9
  p95: ......................................................................... 1465.9
  p99: ......................................................................... 1465.9


--------------------------------------
Metrics for period to: 20:23:00(-0300) (width: 9.469s)
--------------------------------------

http.codes.200: ................................................................ 13
http.request_rate: ............................................................. 2/sec
http.requests: ................................................................. 19
http.response_time:
  min: ......................................................................... 1457
  max: ......................................................................... 1463
  median: ...................................................................... 1465.9
  p95: ......................................................................... 1465.9
  p99: ......................................................................... 1465.9
http.responses: ................................................................ 13
vusers.completed: .............................................................. 13
vusers.created: ................................................................ 19
vusers.created_by_name.Root (/): ............................................... 19
vusers.failed: ................................................................. 0
vusers.session_length:
  min: ......................................................................... 1459
  max: ......................................................................... 1470
  median: ...................................................................... 1465.9
  p95: ......................................................................... 1465.9
  p99: ......................................................................... 1465.9


--------------------------------------
Metrics for period to: 20:23:10(-0300) (width: 9.935s)
--------------------------------------

http.codes.200: ................................................................ 23
http.request_rate: ............................................................. 2/sec
http.requests: ................................................................. 20
http.response_time:
  min: ......................................................................... 1460
  max: ......................................................................... 1464
  median: ...................................................................... 1465.9
  p95: ......................................................................... 1465.9
  p99: ......................................................................... 1465.9
http.responses: ................................................................ 23
vusers.completed: .............................................................. 23
vusers.created: ................................................................ 20
vusers.created_by_name.Root (/): ............................................... 20
vusers.failed: ................................................................. 0
vusers.session_length:
  min: ......................................................................... 1463.2
  max: ......................................................................... 1469.2
  median: ...................................................................... 1465.9
  p95: ......................................................................... 1465.9
  p99: ......................................................................... 1465.9


--------------------------------------
Metrics for period to: 20:23:20(-0300) (width: 9.54s)
--------------------------------------

http.codes.200: ................................................................ 26
http.request_rate: ............................................................. 3/sec
http.requests: ................................................................. 25
http.response_time:
  min: ......................................................................... 1454
  max: ......................................................................... 1462
  median: ...................................................................... 1465.9
  p95: ......................................................................... 1465.9
  p99: ......................................................................... 1465.9
http.responses: ................................................................ 26
vusers.completed: .............................................................. 26
vusers.created: ................................................................ 25
vusers.created_by_name.Root (/): ............................................... 25
vusers.failed: ................................................................. 0
vusers.session_length:
  min: ......................................................................... 1456.7
  max: ......................................................................... 1470.2
  median: ...................................................................... 1465.9
  p95: ......................................................................... 1465.9
  p99: ......................................................................... 1465.9


--------------------------------------
Metrics for period to: 20:23:30(-0300) (width: 9.737s)
--------------------------------------

http.codes.200: ................................................................ 33
http.request_rate: ............................................................. 4/sec
http.requests: ................................................................. 36
http.response_time:
  min: ......................................................................... 1458
  max: ......................................................................... 1498
  median: ...................................................................... 1465.9
  p95: ......................................................................... 1465.9
  p99: ......................................................................... 1465.9
http.responses: ................................................................ 33
vusers.completed: .............................................................. 33
vusers.created: ................................................................ 36
vusers.created_by_name.Root (/): ............................................... 36
vusers.failed: ................................................................. 0
vusers.session_length:
  min: ......................................................................... 1461.7
  max: ......................................................................... 1500.4
  median: ...................................................................... 1465.9
  p95: ......................................................................... 1465.9
  p99: ......................................................................... 1465.9


--------------------------------------
Metrics for period to: 20:23:40(-0300) (width: 9.403s)
--------------------------------------

http.codes.200: ................................................................ 34
http.request_rate: ............................................................. 3/sec
http.requests: ................................................................. 30
http.response_time:
  min: ......................................................................... 1455
  max: ......................................................................... 1467
  median: ...................................................................... 1465.9
  p95: ......................................................................... 1465.9
  p99: ......................................................................... 1465.9
http.responses: ................................................................ 34
vusers.completed: .............................................................. 34
vusers.created: ................................................................ 30
vusers.created_by_name.Root (/): ............................................... 30
vusers.failed: ................................................................. 0
vusers.session_length:
  min: ......................................................................... 1457.6
  max: ......................................................................... 1474.9
  median: ...................................................................... 1465.9
  p95: ......................................................................... 1465.9
  p99: ......................................................................... 1465.9


--------------------------------------
Metrics for period to: 20:23:50(-0300) (width: 9.939s)
--------------------------------------

http.codes.200: ................................................................ 37
http.request_rate: ............................................................. 4/sec
http.requests: ................................................................. 40
http.response_time:
  min: ......................................................................... 1457
  max: ......................................................................... 1463
  median: ...................................................................... 1465.9
  p95: ......................................................................... 1465.9
  p99: ......................................................................... 1465.9
http.responses: ................................................................ 37
vusers.completed: .............................................................. 37
vusers.created: ................................................................ 40
vusers.created_by_name.Root (/): ............................................... 40
vusers.failed: ................................................................. 0
vusers.session_length:
  min: ......................................................................... 1462.7
  max: ......................................................................... 1468.4
  median: ...................................................................... 1465.9
  p95: ......................................................................... 1465.9
  p99: ......................................................................... 1465.9


--------------------------------------
Metrics for period to: 20:24:00(-0300) (width: 9.604s)
--------------------------------------

http.codes.200: ................................................................ 36
http.request_rate: ............................................................. 4/sec
http.requests: ................................................................. 41
http.response_time:
  min: ......................................................................... 1456
  max: ......................................................................... 1464
  median: ...................................................................... 1465.9
  p95: ......................................................................... 1465.9
  p99: ......................................................................... 1465.9
http.responses: ................................................................ 36
vusers.completed: .............................................................. 36
vusers.created: ................................................................ 41
vusers.created_by_name.Root (/): ............................................... 41
vusers.failed: ................................................................. 0
vusers.session_length:
  min: ......................................................................... 1458.2
  max: ......................................................................... 1471.5
  median: ...................................................................... 1465.9
  p95: ......................................................................... 1465.9
  p99: ......................................................................... 1465.9


--------------------------------------
Metrics for period to: 20:24:10(-0300) (width: 9.829s)
--------------------------------------

http.codes.200: ................................................................ 59
http.request_rate: ............................................................. 6/sec
http.requests: ................................................................. 63
http.response_time:
  min: ......................................................................... 1457
  max: ......................................................................... 1960
  median: ...................................................................... 1465.9
  p95: ......................................................................... 1790.4
  p99: ......................................................................... 1826.6
http.responses: ................................................................ 59
vusers.completed: .............................................................. 59
vusers.created: ................................................................ 63
vusers.created_by_name.Root (/): ............................................... 63
vusers.failed: ................................................................. 0
vusers.session_length:
  min: ......................................................................... 1460.1
  max: ......................................................................... 1964.3
  median: ...................................................................... 1465.9
  p95: ......................................................................... 1790.4
  p99: ......................................................................... 1826.6


--------------------------------------
Metrics for period to: 20:24:20(-0300) (width: 9.971s)
--------------------------------------

http.codes.200: ................................................................ 57
http.request_rate: ............................................................. 6/sec
http.requests: ................................................................. 57
http.response_time:
  min: ......................................................................... 1454
  max: ......................................................................... 2077
  median: ...................................................................... 1465.9
  p95: ......................................................................... 1939.5
  p99: ......................................................................... 2018.7
http.responses: ................................................................ 57
vusers.completed: .............................................................. 57
vusers.created: ................................................................ 57
vusers.created_by_name.Root (/): ............................................... 57
vusers.failed: ................................................................. 0
vusers.session_length:
  min: ......................................................................... 1455.6
  max: ......................................................................... 2080.9
  median: ...................................................................... 1465.9
  p95: ......................................................................... 1939.5
  p99: ......................................................................... 2018.7


--------------------------------------
Metrics for period to: 20:24:30(-0300) (width: 9.937s)
--------------------------------------

http.codes.200: ................................................................ 60
http.request_rate: ............................................................. 6/sec
http.requests: ................................................................. 62
http.response_time:
  min: ......................................................................... 1455
  max: ......................................................................... 1965
  median: ...................................................................... 1465.9
  p95: ......................................................................... 1901.1
  p99: ......................................................................... 1901.1
http.responses: ................................................................ 60
vusers.completed: .............................................................. 60
vusers.created: ................................................................ 62
vusers.created_by_name.Root (/): ............................................... 62
vusers.failed: ................................................................. 0
vusers.session_length:
  min: ......................................................................... 1457.5
  max: ......................................................................... 1968.6
  median: ...................................................................... 1465.9
  p95: ......................................................................... 1901.1
  p99: ......................................................................... 1901.1


--------------------------------------
Metrics for period to: 20:24:40(-0300) (width: 9.755s)
--------------------------------------

http.codes.200: ................................................................ 69
http.request_rate: ............................................................. 7/sec
http.requests: ................................................................. 68
http.response_time:
  min: ......................................................................... 1458
  max: ......................................................................... 2213
  median: ...................................................................... 1863.5
  p95: ......................................................................... 2231
  p99: ......................................................................... 2231
http.responses: ................................................................ 69
vusers.completed: .............................................................. 69
vusers.created: ................................................................ 68
vusers.created_by_name.Root (/): ............................................... 68
vusers.failed: ................................................................. 0
vusers.session_length:
  min: ......................................................................... 1461.5
  max: ......................................................................... 2216.2
  median: ...................................................................... 1863.5
  p95: ......................................................................... 2231
  p99: ......................................................................... 2231


--------------------------------------
Metrics for period to: 20:24:50(-0300) (width: 9.868s)
--------------------------------------

http.codes.200: ................................................................ 65
http.request_rate: ............................................................. 6/sec
http.requests: ................................................................. 59
http.response_time:
  min: ......................................................................... 1457
  max: ......................................................................... 2529
  median: ...................................................................... 1978.7
  p95: ......................................................................... 2322.1
  p99: ......................................................................... 2465.6
http.responses: ................................................................ 65
vusers.completed: .............................................................. 65
vusers.created: ................................................................ 59
vusers.created_by_name.Root (/): ............................................... 59
vusers.failed: ................................................................. 0
vusers.session_length:
  min: ......................................................................... 1459.6
  max: ......................................................................... 2532.5
  median: ...................................................................... 2018.7
  p95: ......................................................................... 2322.1
  p99: ......................................................................... 2465.6


--------------------------------------
Metrics for period to: 20:25:00(-0300) (width: 9.949s)
--------------------------------------

http.codes.200: ................................................................ 62
http.request_rate: ............................................................. 7/sec
http.requests: ................................................................. 72
http.response_time:
  min: ......................................................................... 1455
  max: ......................................................................... 2023
  median: ...................................................................... 1465.9
  p95: ......................................................................... 1939.5
  p99: ......................................................................... 2018.7
http.responses: ................................................................ 62
vusers.completed: .............................................................. 62
vusers.created: ................................................................ 72
vusers.created_by_name.Root (/): ............................................... 72
vusers.failed: ................................................................. 0
vusers.session_length:
  min: ......................................................................... 1456.5
  max: ......................................................................... 2027.7
  median: ...................................................................... 1465.9
  p95: ......................................................................... 1978.7
  p99: ......................................................................... 2018.7


--------------------------------------
Metrics for period to: 20:25:10(-0300) (width: 9.855s)
--------------------------------------

http.codes.200: ................................................................ 69
http.request_rate: ............................................................. 9/sec
http.requests: ................................................................. 88
http.response_time:
  min: ......................................................................... 1808
  max: ......................................................................... 3962
  median: ...................................................................... 2893.5
  p95: ......................................................................... 3678.4
  p99: ......................................................................... 3752.7
http.responses: ................................................................ 69
vusers.completed: .............................................................. 69
vusers.created: ................................................................ 88
vusers.created_by_name.Root (/): ............................................... 88
vusers.failed: ................................................................. 0
vusers.session_length:
  min: ......................................................................... 1812
  max: ......................................................................... 3964.4
  median: ...................................................................... 2893.5
  p95: ......................................................................... 3678.4
  p99: ......................................................................... 3752.7


--------------------------------------
Metrics for period to: 20:25:20(-0300) (width: 9.705s)
--------------------------------------

http.codes.200: ................................................................ 69
http.request_rate: ............................................................. 8/sec
http.requests: ................................................................. 79
http.response_time:
  min: ......................................................................... 3899
  max: ......................................................................... 5663
  median: ...................................................................... 5065.6
  p95: ......................................................................... 5598.4
  p99: ......................................................................... 5598.4
http.responses: ................................................................ 69
vusers.completed: .............................................................. 69
vusers.created: ................................................................ 79
vusers.created_by_name.Root (/): ............................................... 79
vusers.failed: ................................................................. 0
vusers.session_length:
  min: ......................................................................... 3902.6
  max: ......................................................................... 5668.6
  median: ...................................................................... 5065.6
  p95: ......................................................................... 5598.4
  p99: ......................................................................... 5598.4


--------------------------------------
Metrics for period to: 20:25:30(-0300) (width: 9.952s)
--------------------------------------

http.codes.200: ................................................................ 70
http.request_rate: ............................................................. 9/sec
http.requests: ................................................................. 87
http.response_time:
  min: ......................................................................... 5505
  max: ......................................................................... 7083
  median: ...................................................................... 6702.6
  p95: ......................................................................... 6976.1
  p99: ......................................................................... 6976.1
http.responses: ................................................................ 70
vusers.completed: .............................................................. 70
vusers.created: ................................................................ 87
vusers.created_by_name.Root (/): ............................................... 87
vusers.failed: ................................................................. 0
vusers.session_length:
  min: ......................................................................... 5517.4
  max: ......................................................................... 7086.1
  median: ...................................................................... 6702.6
  p95: ......................................................................... 6976.1
  p99: ......................................................................... 6976.1


--------------------------------------
Metrics for period to: 20:25:40(-0300) (width: 9.868s)
--------------------------------------

http.codes.200: ................................................................ 69
http.request_rate: ............................................................. 10/sec
http.requests: ................................................................. 98
http.response_time:
  min: ......................................................................... 7199
  max: ......................................................................... 9437
  median: ...................................................................... 8520.7
  p95: ......................................................................... 9416.8
  p99: ......................................................................... 9416.8
http.responses: ................................................................ 69
vusers.completed: .............................................................. 69
vusers.created: ................................................................ 98
vusers.created_by_name.Root (/): ............................................... 98
vusers.failed: ................................................................. 0
vusers.session_length:
  min: ......................................................................... 7202.7
  max: ......................................................................... 9441.4
  median: ...................................................................... 8520.7
  p95: ......................................................................... 9416.8
  p99: ......................................................................... 9416.8


--------------------------------------
Metrics for period to: 20:25:50(-0300) (width: 9.912s)
--------------------------------------

errors.ETIMEDOUT: .............................................................. 75
http.codes.200: ................................................................ 18
http.request_rate: ............................................................. 10/sec
http.requests: ................................................................. 97
http.response_time:
  min: ......................................................................... 9291
  max: ......................................................................... 9990
  median: ...................................................................... 9607.1
  p95: ......................................................................... 9999.2
  p99: ......................................................................... 9999.2
http.responses: ................................................................ 18
vusers.completed: .............................................................. 18
vusers.created: ................................................................ 97
vusers.created_by_name.Root (/): ............................................... 97
vusers.failed: ................................................................. 75
vusers.session_length:
  min: ......................................................................... 9294.7
  max: ......................................................................... 9994.3
  median: ...................................................................... 9607.1
  p95: ......................................................................... 9999.2
  p99: ......................................................................... 9999.2


--------------------------------------
Metrics for period to: 20:26:00(-0300) (width: 9.938s)
--------------------------------------

errors.ETIMEDOUT: .............................................................. 97
http.request_rate: ............................................................. 12/sec
http.requests: ................................................................. 116
vusers.created: ................................................................ 116
vusers.created_by_name.Root (/): ............................................... 116
vusers.failed: ................................................................. 97


--------------------------------------
Metrics for period to: 20:26:10(-0300) (width: 9.937s)
--------------------------------------

errors.ETIMEDOUT: .............................................................. 116
http.request_rate: ............................................................. 12/sec
http.requests: ................................................................. 115
vusers.created: ................................................................ 115
vusers.created_by_name.Root (/): ............................................... 115
vusers.failed: ................................................................. 116


--------------------------------------
Metrics for period to: 20:26:20(-0300) (width: 9.939s)
--------------------------------------

errors.ETIMEDOUT: .............................................................. 115
http.request_rate: ............................................................. 11/sec
http.requests: ................................................................. 107
vusers.created: ................................................................ 107
vusers.created_by_name.Root (/): ............................................... 107
vusers.failed: ................................................................. 115


--------------------------------------
Metrics for period to: 20:26:30(-0300) (width: 9.937s)
--------------------------------------

errors.ETIMEDOUT: .............................................................. 107
http.request_rate: ............................................................. 13/sec
http.requests: ................................................................. 126
vusers.created: ................................................................ 126
vusers.created_by_name.Root (/): ............................................... 126
vusers.failed: ................................................................. 107


--------------------------------------
Metrics for period to: 20:26:40(-0300) (width: 9.93s)
--------------------------------------

errors.ETIMEDOUT: .............................................................. 126
http.request_rate: ............................................................. 13/sec
http.requests: ................................................................. 131
vusers.created: ................................................................ 131
vusers.created_by_name.Root (/): ............................................... 131
vusers.failed: ................................................................. 126


--------------------------------------
Metrics for period to: 20:26:50(-0300) (width: 9.937s)
--------------------------------------

errors.ETIMEDOUT: .............................................................. 131
http.request_rate: ............................................................. 13/sec
http.requests: ................................................................. 127
vusers.created: ................................................................ 127
vusers.created_by_name.Root (/): ............................................... 127
vusers.failed: ................................................................. 131


--------------------------------------
Metrics for period to: 20:27:00(-0300) (width: 9.937s)
--------------------------------------

errors.ETIMEDOUT: .............................................................. 127
http.request_rate: ............................................................. 13/sec
http.requests: ................................................................. 134
vusers.created: ................................................................ 134
vusers.created_by_name.Root (/): ............................................... 134
vusers.failed: ................................................................. 127


--------------------------------------
Metrics for period to: 20:27:10(-0300) (width: 9.931s)
--------------------------------------

errors.ETIMEDOUT: .............................................................. 134
http.request_rate: ............................................................. 14/sec
http.requests: ................................................................. 140
vusers.created: ................................................................ 140
vusers.created_by_name.Root (/): ............................................... 140
vusers.failed: ................................................................. 134


